
   OpenMP run-time library returned nthreads =  8

 rirpa (c-19-291) : TURBOMOLE rev. 21185 compiled 19 Apr 2018 at 16:41:44
 Copyright (C) 2018 TURBOMOLE GmbH, Karlsruhe


    2018-11-30 23:50:08.507 

 
 
    *************************************************************************
    *************************** PROGRAM RIRPA *******************************
    ******                                                             ******
    ******              H. Eshuis, J. E. Bates and F. Furche           ******
    ******                                                             ******
    ****** Nov 2011                                                    ******
    ****** Copyright TURBOMOLE GmbH                                    ******
    *************************************************************************
    
    
                                References:                                  
    
                   RIRPA:                                                    
                     H. Eshuis, J. Yarkony and F. Furche                     
                     Fast computation of molecular random phase              
                     approximation correlation energies using resolution     
                     of the identity imaginary frequency integration         
                     J. Chem. Phys. 132: 234114 (2010)                       
    
                     H. Eshuis, J. E. Bates and F. Furche                    
                     Electron correlation methods based on                   
                     the random phase approximation                          
                     Theor. Chem. Acc.  131: 1084 (2012)                     
    
                   TWO-COMPONENT RIRPA:                                      
                     M. Kuehn                                                
                     Correlation energies from the                           
                     two-component random-phase approximation                
                     J. Chem. Theory Comput. 10: 623 (2014)                  
    
                   RIRPA GRADIENTS:                                          
                     Asbjoern M. Burow, Jefferson E. Bates, Filipp Furche*,  
                     and Henk Eshuis                                         
                     Analytical First-Order Molecular Properties and Forces  
                     within the Adiabatic Connection Random Phase            
                     Approximation                                           
                     J. Chem. Theory Comput. 10: 180 (2014)                  
    
    
    
      ... OpenMP parallelization enabled, threads:    8

   *-----------------------------------------------------------------------*
   |                     program will use  8 thread(s)                     |
   *-----------------------------------------------------------------------*
 
                FOUND RI-J FLAG
 
 
  The HXX energy will NOT be computed due to nohxx option. 
 


              +--------------------------------------------------+
              | Atomic coordinate, charge and isotop information |
              +--------------------------------------------------+

                    atomic coordinates            atom    charge  isotop
         -3.02021322   -5.57287040    6.14160993    c      6.000     0
         -7.55992498   -5.49254003    6.14160993    c      6.000     0
         -7.57917751   -2.96661681    6.14160993    c      6.000     0
         -5.13872849   -1.73612541    6.14160993    c      6.000     0
         -5.34962382   -6.77813772    6.14160993    n      7.000     0
         -3.01397334   -3.02330859    6.14160993    n      7.000     0
         -5.01381949    0.76047871    6.14160993    n      7.000     0
         -1.13019040   -6.85880446    6.14160993    o      8.000     0
         -5.30378284   -8.65690911    6.14160993    h      1.000     0
         -9.25454067   -6.60873133    6.14160993    h      1.000     0
         -9.30421779   -1.90668642    6.14160993    h      1.000     0
         -6.57529074    1.79538156    6.14160993    h      1.000     0
         -3.32233507    1.63396871    6.14160993    h      1.000     0
          2.02057455    2.09509212    6.14160993    c      6.000     0
          4.31882924   -1.93152310    6.14160993    c      6.000     0
          6.52909072    1.59570364    6.14160993    c      6.000     0
          4.48320895    3.19202901    6.14160993    c      6.000     0
          7.66977287    5.57318976    6.14160993    c      6.000     0
          2.15879290   -0.53650459    6.14160993    n      7.000     0
          6.57508098   -0.94499535    6.14160993    n      7.000     0
          5.26063662    5.68364992    6.14160993    n      7.000     0
          8.57326795    3.13252153    6.14160993    n      7.000     0
          4.03373759   -4.43966966    6.14160993    n      7.000     0
         -0.02458345    3.12065405    6.14160993    o      8.000     0
          0.48192174   -1.43893196    6.14160993    h      1.000     0
          8.92516519    7.16093010    6.14160993    h      1.000     0
         10.36302946    2.57112358    6.14160993    h      1.000     0
          5.59543373   -5.47388087    6.14160993    h      1.000     0
          2.33979087   -5.28069984    6.14160993    h      1.000     0
 
       center of nuclear mass  :    0.69155294   -0.85881381    6.14160993
       center of nuclear charge:    0.64423729   -0.88671593    6.14160993
              +-------------------------------------------------+
              |        Rotational Constants Section             |
              +-------------------------------------------------+
                                   Center of Mass [a.u]:
               0.69155294419378        -0.85881380594649         6.14160993187834
                     Principal Moments of Inertia [a.u.]
            1999.59383808523944      9236.23284616407000     11235.82668424931035
                       Rotational constants A,B,C [a.u.]
               0.00025005078055         0.00005413462483         0.00004450050842
                     Rotational constants A,B,C [cm**-1]
               0.03010595719484         0.00651777488713         0.00535783331198
                        Rotational constants A,B,C [MHz]
             902.55389078825851       195.39797541046107       160.62380181513439

   * BASIS SET information:

              +--------------------------------------------------+
              |               basis set information              |
              +--------------------------------------------------+

              we will work with the 1s 3p 5d 7f 9g ... basis set
              ...i.e. with spherical basis functions...

   type   atoms  prim   cont   basis
   ---------------------------------------------------------------------------
    c        9     50     30   cc-pVTZ   [4s3p2d1f|18s5p2d1f]
    n        8     50     30   cc-pVTZ   [4s3p2d1f|18s5p2d1f]
    o        2     50     30   cc-pVTZ   [4s3p2d1f|18s5p2d1f]
    h       10     16     14   cc-pVTZ   [3s2p1d|5s2p1d]
   ---------------------------------------------------------------------------
   total:   29   1110    710
   ---------------------------------------------------------------------------

   total number of primitive shells          :   86
   total number of contracted shells         :  250
   total number of cartesian basis functions :  815
   total number of SCF-basis functions       :  710


   * AUXILIARY BASIS SET information:

              +--------------------------------------------------+
              |               basis set information              |
              +--------------------------------------------------+

              we will work with the 1s 3p 5d 7f 9g ... basis set
              ...i.e. with spherical basis functions...

   type   atoms  prim   cont   basis
   ---------------------------------------------------------------------------
    c        9     81     81   cc-pVTZ   [8s6p5d3f1g|8s6p5d3f1g]
    n        8     81     81   cc-pVTZ   [8s6p5d3f1g|8s6p5d3f1g]
    o        2     81     81   cc-pVTZ   [8s6p5d3f1g|8s6p5d3f1g]
    h       10     30     30   cc-pVTZ   [4s3p2d1f|4s3p2d1f]
   ---------------------------------------------------------------------------
   total:   29   1839   1839
   ---------------------------------------------------------------------------

   total number of primitive shells          :   79
   total number of contracted shells         :  537
   total number of cartesian basis functions : 2269
   total number of SCF-basis functions       : 1839


 reading orbital data $scfmo  from file mos
 orbital characterization : scfconv=9

 integral neglect threshold       :  0.32E+02

 scfconv                     9

 MAXIMUM CORE MEMORY WHICH CAN BE ALLOCATED DYNAMICALLY = 120000 MiB
              ( or 15728640000 double words per process)


 there are 1 real representations :   a   

 maximum number of shells which are related by symmetry :  1

 entered riccmos at 2018-11-30 23:50:11.328
  MOs are in ASCII format !


 reading orbital data $scfmo  from file mos
 orbital characterization : scfconv=9
 time elapsed for calculating density matrices :   0.056 sec



              +--------------------------------------------+
              | list of orbitals that will be kept frozen: |
              +--------------------------------------------+
              |   irrep   index      energy     occ/vir    |
              +--------------------------------------------+
              |   a         1      -18.7213     occupied   |
              |   a         2      -18.7037     occupied   |
              |   a         3      -14.0530     occupied   |
              |   a         4      -14.0275     occupied   |
              |   a         5      -14.0109     occupied   |
              |   a         6      -14.0081     occupied   |
              |   a         7      -13.9864     occupied   |
              |   a         8      -13.9801     occupied   |
              |   a         9      -13.9584     occupied   |
              |   a        10      -13.9567     occupied   |
              |   a        11      -10.0034     occupied   |
              |   a        12       -9.9843     occupied   |
              |   a        13       -9.9801     occupied   |
              |   a        14       -9.9632     occupied   |
              |   a        15       -9.9621     occupied   |
              |   a        16       -9.9334     occupied   |
              |   a        17       -9.9238     occupied   |
              |   a        18       -9.9091     occupied   |
              |   a        19       -9.8810     occupied   |
              +--------------------------------------------+



   Molecular Orbital Statistic:
   ============================

   -----------------------------
   orbitals in total:
   -----------------------------
    frozen occupied :     19
    active occupied :     49
    active virtual  :    642
    frozen virtual  :      0
    all together    :    710
   -----------------------------


     time in riccmoinp     cpu:  3.28 sec    wall:  2.68 sec    ratio:  1.2
     time in rir12loc      cpu:  0.00 sec    wall:  0.00 sec    ratio:  0.0
     time in riccmos       cpu:  3.91 sec    wall:  2.81 sec    ratio:  1.4
 leave riccmos at 2018-11-30 23:50:14.139

     total memory allocated for calculation of (Q|P)**(-1/2) : 39 MiB


     calculation of (P|Q) ...
     time in lp2sym        cpu:  0.86 sec    wall:  0.11 sec    ratio:  8.0


     calculation of the Cholesky decomposition of (P|Q)**(-1) ...
     time in invmetri      cpu:  1.96 sec    wall:  0.25 sec    ratio:  7.9

   threshold for RMS(d[D]) in SCF was     :  0.10E-06
   integral neglect threshold             :  0.15E-13
   derivative integral neglect threshold  :  0.10E-06


 setting up bound for integral derivative estimation

 increment for numerical differentiation : 0.00050000
 mxlocc_axk                    49
 maxlen_occblk                    49
 mxlocci                    49
 number of passes for ispin    1
 =    1
 Total available memory for RIRPA is    119999.6     MiB.
 Allocated    26.67363     MiB for scratch arrays so far
 
 Number of eigenvalues < 6e-3:                      0
 
 
            -----------------------------
            Complex frequency integration
            -----------------------------
 
 Number of Clenshaw-Curtis nodes:                     60
 Optimized scaling parameter    :    1.37988514207040     
 Sensitivity measure            :  -4.250816365569676E-011
 
 Frequency quadrature (j, node, weight):
                     1  8.449359612137534E-017  3.612530854271732E-002
                     2  3.613356410474186E-002  7.230015951336058E-002
                     3  7.231671596157371E-002  7.244905884785399E-002
                     4  0.108599315902872       7.269813442061239E-002
                     5  0.145031772611779       7.304876244687995E-002
                     6  0.181665325337307       7.350289224473618E-002
                     7  0.218552335938964       7.406306940060435E-002
                     8  0.255746594346543       7.473246635654152E-002
                     9  0.293303641298035       7.551492105595867E-002
                    10  0.331281112581352       7.641498446595267E-002
                    11  0.369739109465470       7.743797800276998E-002
                    12  0.408740600578920       7.859006212969330E-002
                    13  0.448351861197816       7.987831768313348E-002
                    14  0.488642956766290       8.131084182438331E-002
                    15  0.529688278520563       8.289686092565193E-002
                    16  0.571567140362686       8.464686319764475E-002
                    17  0.614364447680788       8.657275447491375E-002
                    18  0.658171450701307       8.868804132363516E-002
                    19  0.703086597264106       9.100804656186087E-002
                    20  0.749216502733519       9.355016343314386E-002
                    21  0.796677058225112       9.633415611391297E-002
                    22  0.845594702603325       9.938251604584346E-002
                    23  0.896107889000945       0.102720885875924     
                    24  0.948368783202270       0.106378565703968     
                    25   1.00254523947687       0.110389120073929     
                    26   1.05882310982180       0.114791108962846     
                    27   1.11740895569164       0.119628972274490     
                    28   1.17853324800034       0.124954105519367     
                    29   1.24245416258669       0.130826175129408     
                    30   1.30946210596114       0.137314736148301     
                    31   1.37988514207040       0.144501234170869     
                    32   1.45409553788429       0.152481499243116     
                    33   1.53251770781025       0.161368874658113     
                    34   1.61563791987827       0.171298172083051     
                    35   1.70401623828771       0.182430711949346     
                    36   1.79830132875274       0.194960803048234     
                    37   1.89924896187250       0.209124150658605     
                    38   2.00774534024339       0.225208877998640     
                    39   2.12483678436252       0.243570132023731     
                    40   2.25176789713153       0.264649670201600     
                    41   2.39003117467533       0.289002468341739     
                    42   2.54143228073541       0.317333380070551     
                    43   2.70817707621784       0.350548433733855     
                    44   2.89298936208458       0.389827847774323     
                    45   3.09927277285417       0.436731946042717     
                    46   3.33133742450349       0.493358073485833     
                    47   3.59472369414106       0.562578637706799     
                    48   3.89667543334170       0.648412005973000     
                    49   4.24684978494281       0.756618284951289     
                    50   4.65841416930396       0.895690465965234     
                    51   5.14980145881614        1.07857189536419     
                    52   5.74763526501703        1.32577875046947     
                    53   6.49184918700638        1.67141286311491     
                    54   7.44519398262867        2.17558208447066     
                    55   8.71225190582460        2.95241007040456     
                    56   10.4812682429696        4.24078468921203     
                    57   13.1287301466246        6.61260269001280     
                    58   17.5331031275521        11.7369421471977     
                    59   26.3297770092108        26.3779617012035     
                    60   52.6956875825267        105.439546645302     
 ifreq =                     1
 omega =  8.449359612137534E-017  weight =  3.612530854271732E-002
 Numerical rank of Q is                  1839
 Not Weighted ec  -3.28816597381043     
 Weighted ec -0.118786010343567     
 nrank                  1839
 ifreq:                     1 ispin:                     1
 ecaxk contribution (not weighted)   1.80272657330660     
 ecaxk contribution  6.512405367885654E-002
 Done with rirpa frequency point #                     1
 ifreq =                     2
 omega =  3.613356410474186E-002  weight =  7.230015951336058E-002
 Numerical rank of Q is                  1839
 Not Weighted ec  -3.24943161474021     
 Weighted ec -0.234934424073474     
 nrank                  1839
 ifreq:                     2 ispin:                     1
 ecaxk contribution (not weighted)   1.77969010397011     
 ecaxk contribution  0.128671878401388     
 Done with rirpa frequency point #                     2
 ifreq =                     3
 omega =  7.231671596157371E-002  weight =  7.244905884785399E-002
 Numerical rank of Q is                  1839
 Not Weighted ec  -3.14596090560473     
 Weighted ec -0.227921906783205     
 nrank                  1839
 ifreq:                     3 ispin:                     1
 ecaxk contribution (not weighted)   1.71871093597265     
 ecaxk contribution  0.124518989742733     
 Done with rirpa frequency point #                     3
 ifreq =                     4
 omega =  0.108599315902872       weight =  7.269813442061239E-002
 Numerical rank of Q is                  1839
 Not Weighted ec  -3.00411059772260     
 Weighted ec -0.218393236047624     
 nrank                  1839
 ifreq:                     4 ispin:                     1
 ecaxk contribution (not weighted)   1.63630221699165     
 ecaxk contribution  0.118956118523605     
 Done with rirpa frequency point #                     4
 ifreq =                     5
 omega =  0.145031772611779       weight =  7.304876244687995E-002
 Numerical rank of Q is                  1839
 Not Weighted ec  -2.84635827233393     
 Weighted ec -0.207922949274433     
 nrank                  1839
 ifreq:                     5 ispin:                     1
 ecaxk contribution (not weighted)   1.54601788929234     
 ecaxk contribution  0.112934693533543     
 Done with rirpa frequency point #                     5
 ifreq =                     6
 omega =  0.181665325337307       weight =  7.350289224473618E-002
 Numerical rank of Q is                  1839
 Not Weighted ec  -2.68595140878951     
 Weighted ec -0.197425196974853     
 nrank                  1839
 ifreq:                     6 ispin:                     1
 ecaxk contribution (not weighted)   1.45539506640603     
 ecaxk contribution  0.106975746739563     
 Done with rirpa frequency point #                     6
 ifreq =                     7
 omega =  0.218552335938964       weight =  7.406306940060435E-002
 Numerical rank of Q is                  1839
 Not Weighted ec  -2.52930161243385     
 Weighted ec -0.187327840856749     
 nrank                  1839
 ifreq:                     7 ispin:                     1
 ecaxk contribution (not weighted)   1.36779255105748     
 ecaxk contribution  0.101302914634600     
 Done with rirpa frequency point #                     7
 ifreq =                     8
 omega =  0.255746594346543       weight =  7.473246635654152E-002
 Numerical rank of Q is                  1839
 Not Weighted ec  -2.37911762083519     
 Weighted ec -0.177797327557321     
 nrank                  1839
 ifreq:                     8 ispin:                     1
 ecaxk contribution (not weighted)   1.28445577301331     
 ecaxk contribution  9.599054784318276E-002
 Done with rirpa frequency point #                     8
 ifreq =                     9
 omega =  0.293303641298035       weight =  7.551492105595867E-002
 Numerical rank of Q is                  1839
 Not Weighted ec  -2.23634321334552     
 Weighted ec -0.168877281209816     
 nrank                  1839
 ifreq:                     9 ispin:                     1
 ecaxk contribution (not weighted)   1.20570070500935     
 ecaxk contribution  9.104839355589507E-002
 Done with rirpa frequency point #                     9
 ifreq =                    10
 omega =  0.331281112581352       weight =  7.641498446595267E-002
 Numerical rank of Q is                  1839
 Not Weighted ec  -2.10113102911564     
 Weighted ec -0.160557894950803     
 nrank                  1839
 ifreq:                    10 ispin:                     1
 ecaxk contribution (not weighted)   1.13146662004723     
 ecaxk contribution  8.646100419465327E-002
 Done with rirpa frequency point #                    10
 ifreq =                    11
 omega =  0.369739109465470       weight =  7.743797800276998E-002
 Numerical rank of Q is                  1839
 Not Weighted ec  -1.97329605974610     
 Weighted ec -0.152808056867571     
 nrank                  1839
 ifreq:                    11 ispin:                     1
 ecaxk contribution (not weighted)   1.06155359884014     
 ecaxk contribution  8.220456423574393E-002
 Done with rirpa frequency point #                    11
 ifreq =                    12
 omega =  0.408740600578920       weight =  7.859006212969330E-002
 Numerical rank of Q is                  1839
 Not Weighted ec  -1.85252026732198     
 Weighted ec -0.145589682905350     
 nrank                  1839
 ifreq:                    12 ispin:                     1
 ecaxk contribution (not weighted)  0.995720076373075     
 ecaxk contribution  7.825370266594289E-002
 Done with rirpa frequency point #                    12
 ifreq =                    13
 omega =  0.448351861197816       weight =  7.987831768313348E-002
 Numerical rank of Q is                  1839
 Not Weighted ec  -1.73844290337970     
 Weighted ec -0.138863894510152     
 nrank                  1839
 ifreq:                    13 ispin:                     1
 ecaxk contribution (not weighted)  0.933721030139091     
 ecaxk contribution  7.458406507287300E-002
 Done with rirpa frequency point #                    13
 ifreq =                    14
 omega =  0.488642956766290       weight =  8.131084182438331E-002
 Numerical rank of Q is                  1839
 Not Weighted ec  -1.63069912838861     
 Weighted ec -0.132593518891566     
 nrank                  1839
 ifreq:                    14 ispin:                     1
 ecaxk contribution (not weighted)  0.875321649545009     
 ecaxk contribution  7.117314019161250E-002
 Done with rirpa frequency point #                    14
 ifreq =                    15
 omega =  0.529688278520563       weight =  8.289686092565193E-002
 Numerical rank of Q is                  1839
 Not Weighted ec  -1.52893554152754     
 Weighted ec -0.126743956950294     
 nrank                  1839
 ifreq:                    15 ispin:                     1
 ecaxk contribution (not weighted)  0.820301217735677     
 ecaxk contribution  6.800039596377735E-002
 Done with rirpa frequency point #                    15
 ifreq =                    16
 omega =  0.571567140362686       weight =  8.464686319764475E-002
 Numerical rank of Q is                  1839
 Not Weighted ec  -1.43281563201369     
 Weighted ec -0.121283348790510     
 nrank                  1839
 ifreq:                    16 ispin:                     1
 ecaxk contribution (not weighted)  0.768453344674205     
 ecaxk contribution  6.504716514040998E-002
 Done with rirpa frequency point #                    16
 ifreq =                    17
 omega =  0.614364447680788       weight =  8.657275447491375E-002
 Numerical rank of Q is                  1839
 Not Weighted ec  -1.34202102573559     
 Weighted ec -0.116182456761179     
 nrank                  1839
 ifreq:                    17 ispin:                     1
 ecaxk contribution (not weighted)  0.719585043133203     
 ecaxk contribution  6.229645926299104E-002
 Done with rirpa frequency point #                    17
 ifreq =                    18
 omega =  0.658171450701307       weight =  8.868804132363516E-002
 Numerical rank of Q is                  1839
 Not Weighted ec  -1.25625112845956     
 Weighted ec -0.111414451993685     
 nrank                  1839
 ifreq:                    18 ispin:                     1
 ecaxk contribution (not weighted)  0.673515600749540     
 ecaxk contribution  5.973277943138815E-002
 Done with rirpa frequency point #                    18
 ifreq =                    19
 omega =  0.703086597264106       weight =  9.100804656186087E-002
 Numerical rank of Q is                  1839
 Not Weighted ec  -1.17522227148944     
 Weighted ec -0.106954683204247     
 nrank                  1839
 ifreq:                    19 ispin:                     1
 ecaxk contribution (not weighted)  0.630075565048308     
 ecaxk contribution  5.734194636140722E-002
 Done with rirpa frequency point #                    19
 ifreq =                    20
 omega =  0.749216502733519       weight =  9.355016343314386E-002
 Numerical rank of Q is                  1839
 Not Weighted ec  -1.09866679288605     
 Weighted ec -0.102780458033058     
 nrank                  1839
 ifreq:                    20 ispin:                     1
 ecaxk contribution (not weighted)  0.589105908125389     
 ecaxk contribution  5.511095398456079E-002
 Done with rirpa frequency point #                    20
 ifreq =                    21
 omega =  0.796677058225112       weight =  9.633415611391297E-002
 Numerical rank of Q is                  1839
 Not Weighted ec  -1.02633219535304     
 Weighted ec -9.887084593187480E-002
 nrank                  1839
 ifreq:                    21 ispin:                     1
 ecaxk contribution (not weighted)  0.550457350338358     
 ecaxk contribution  5.302784432154626E-002
 Done with rirpa frequency point #                    21
 ifreq =                    22
 omega =  0.845594702603325       weight =  9.938251604584346E-002
 Numerical rank of Q is                  1839
 Not Weighted ec -0.957980404095176     
 Weighted ec -9.520650288159239E-002
 nrank                  1839
 ifreq:                    22 ispin:                     1
 ecaxk contribution (not weighted)  0.513989800995890     
 ecaxk contribution  5.108159964487397E-002
 Done with rirpa frequency point #                    22
 ifreq =                    23
 omega =  0.896107889000945       weight =  0.102720885875924     
 Numerical rank of Q is                  1839
 Not Weighted ec -0.893387107521507     
 Weighted ec -9.176951511473838E-002
 nrank                  1839
 ifreq:                    23 ispin:                     1
 ecaxk contribution (not weighted)  0.479571876955090     
 ecaxk contribution  4.926204804200635E-002
 Done with rirpa frequency point #                    23
 ifreq =                    24
 omega =  0.948368783202270       weight =  0.106378565703968     
 Numerical rank of Q is                  1839
 Not Weighted ec -0.832341155582370     
 Weighted ec -8.854325830723601E-002
 nrank                  1839
 ifreq:                    24 ispin:                     1
 ecaxk contribution (not weighted)  0.447080469850741     
 ecaxk contribution  4.755977913697813E-002
 Done with rirpa frequency point #                    24
 ifreq =                    25
 omega =   1.00254523947687       weight =  0.110389120073929     
 Numerical rank of Q is                  1839
 Not Weighted ec -0.774643994349290     
 Weighted ec -8.551226890677163E-002
 nrank                  1839
 ifreq:                    25 ispin:                     1
 ecaxk contribution (not weighted)  0.416400342669359     
 ecaxk contribution  4.596606742575301E-002
 Done with rirpa frequency point #                    25
 ifreq =                    26
 omega =   1.05882310982180       weight =  0.114791108962846     
 Numerical rank of Q is                  1839
 Not Weighted ec -0.720109122322699     
 Weighted ec -8.266212472568450E-002
 nrank                  1839
 ifreq:                    26 ispin:                     1
 ecaxk contribution (not weighted)  0.387423744386859     
 ecaxk contribution  4.447280125670578E-002
 Done with rirpa frequency point #                    26
 ifreq =                    27
 omega =   1.11740895569164       weight =  0.119628972274490     
 Numerical rank of Q is                  1839
 Not Weighted ec -0.668561560412457     
 Weighted ec -7.997933237437128E-002
 nrank                  1839
 ifreq:                    27 ispin:                     1
 ecaxk contribution (not weighted)  0.360050037098188     
 ecaxk contribution  4.307241590544810E-002
 Done with rirpa frequency point #                    27
 ifreq =                    28
 omega =   1.17853324800034       weight =  0.124954105519367     
 Numerical rank of Q is                  1839
 Not Weighted ec -0.619837332503449     
 Weighted ec -7.745121945047878E-002
 nrank                  1839
 ifreq:                    28 ispin:                     1
 ecaxk contribution (not weighted)  0.334185333819222     
 ecaxk contribution  4.175782946507182E-002
 Done with rirpa frequency point #                    28
 ifreq =                    29
 omega =   1.24245416258669       weight =  0.130826175129408     
 Numerical rank of Q is                  1839
 Not Weighted ec -0.573782956923564     
 Weighted ec -7.506582960875149E-002
 nrank                  1839
 ifreq:                    29 ispin:                     1
 ecaxk contribution (not weighted)  0.309742147427514     
 ecaxk contribution  4.052238042431077E-002
 Done with rirpa frequency point #                    29
 ifreq =                    30
 omega =   1.30946210596114       weight =  0.137314736148301     
 Numerical rank of Q is                  1839
 Not Weighted ec -0.530254951248094     
 Weighted ec -7.281181872196196E-002
 nrank                  1839
 ifreq:                    30 ispin:                     1
 ecaxk contribution (not weighted)  0.286639052484148     
 ecaxk contribution  3.935976586165960E-002
 Done with rirpa frequency point #                    30
 ifreq =                    31
 omega =   1.37988514207040       weight =  0.144501234170869     
 Numerical rank of Q is                  1839
 Not Weighted ec -0.489119354060224     
 Weighted ec -7.067835031856080E-002
 nrank                  1839
 ifreq:                    31 ispin:                     1
 ecaxk contribution (not weighted)  0.264800362305205     
 ecaxk contribution  3.826397916199547E-002
 Done with rirpa frequency point #                    31
 ifreq =                    32
 omega =   1.45409553788429       weight =  0.152481499243116     
 Numerical rank of Q is                  1839
 Not Weighted ec -0.450251267860146     
 Weighted ec -6.865498835942867E-002
 nrank                  1839
 ifreq:                    32 ispin:                     1
 ecaxk contribution (not weighted)  0.244155823893652     
 ecaxk contribution  3.722924607624218E-002
 Done with rirpa frequency point #                    32
 ifreq =                    33
 omega =   1.53251770781025       weight =  0.161368874658113     
 Numerical rank of Q is                  1839
 Not Weighted ec -0.413534427524097     
 Weighted ec -6.673158520195034E-002
 nrank                  1839
 ifreq:                    33 ispin:                     1
 ecaxk contribution (not weighted)  0.224640333384640     
 ecaxk contribution  3.624995780110266E-002
 Done with rirpa frequency point #                    33
 ifreq =                    34
 omega =   1.61563791987827       weight =  0.171298172083051     
 Numerical rank of Q is                  1839
 Not Weighted ec -0.378860798742859     
 Weighted ec -6.489816229857637E-002
 nrank                  1839
 ifreq:                    34 ispin:                     1
 ecaxk contribution (not weighted)  0.206193674621370     
 ecaxk contribution  3.532059955772814E-002
 Done with rirpa frequency point #                    34
 ifreq =                    35
 omega =   1.70401623828771       weight =  0.182430711949346     
 Numerical rank of Q is                  1839
 Not Weighted ec -0.346130210837680     
 Weighted ec -6.314478079029495E-002
 nrank                  1839
 ifreq:                    35 ispin:                     1
 ecaxk contribution (not weighted)  0.188760283439988     
 ecaxk contribution  3.443567289571718E-002
 Done with rirpa frequency point #                    35
 ifreq =                    36
 omega =   1.79830132875274       weight =  0.194960803048234     
 Numerical rank of Q is                  1839
 Not Weighted ec -0.315250028328017     
 Weighted ec -6.146139868380879E-002
 nrank                  1839
 ifreq:                    36 ispin:                     1
 ecaxk contribution (not weighted)  0.172289040241076     
 ecaxk contribution  3.358960964180960E-002
 Done with rirpa frequency point #                    36
 ifreq =                    37
 omega =   1.89924896187250       weight =  0.209124150658605     
 Numerical rank of Q is                  1839
 Not Weighted ec -0.286134865638422     
 Weighted ec -5.983771075044914E-002
 nrank                  1839
 ifreq:                    37 ispin:                     1
 ecaxk contribution (not weighted)  0.156733093474498     
 ecaxk contribution  3.277667505295032E-002
 Done with rirpa frequency point #                    37
 ifreq =                    38
 omega =   2.00774534024339       weight =  0.225208877998640     
 Numerical rank of Q is                  1839
 Not Weighted ec -0.258706349363399     
 Weighted ec -5.826296667125518E-002
 nrank                  1839
 ifreq:                    38 ispin:                     1
 ecaxk contribution (not weighted)  0.142049716749782     
 ecaxk contribution  3.199085732924305E-002
 Done with rirpa frequency point #                    38
 ifreq =                    39
 omega =   2.12483678436252       weight =  0.243570132023731     
 Numerical rank of Q is                  1839
 Not Weighted ec -0.232892932490322     
 Weighted ec -5.672576231406161E-002
 nrank                  1839
 ifreq:                    39 ispin:                     1
 ecaxk contribution (not weighted)  0.128200202362373     
 ecaxk contribution  3.122574021487237E-002
 Done with rirpa frequency point #                    39
 ifreq =                    40
 omega =   2.25176789713153       weight =  0.264649670201600     
 Numerical rank of Q is                  1839
 Not Weighted ec -0.208629764785466     
 Weighted ec -5.521379844471094E-002
 nrank                  1839
 ifreq:                    40 ispin:                     1
 ecaxk contribution (not weighted)  0.115149794014745     
 ecaxk contribution  3.047435500978456E-002
 Done with rirpa frequency point #                    40
 ifreq =                    41
 omega =   2.39003117467533       weight =  0.289002468341739     
 Numerical rank of Q is                  1839
 Not Weighted ec -0.185858622950948     
 Weighted ec -5.371360079542058E-002
 nrank                  1839
 ifreq:                    41 ispin:                     1
 ecaxk contribution (not weighted)  0.102867661272654     
 ecaxk contribution  2.972900802033893E-002
 Done with rirpa frequency point #                    41
 ifreq =                    42
 omega =   2.54143228073541       weight =  0.317333380070551     
 Numerical rank of Q is                  1839
 Not Weighted ec -0.164527902811196     
 Weighted ec -5.221019551499615E-002
 nrank                  1839
 ifreq:                    42 ispin:                     1
 ecaxk contribution (not weighted)  9.132691761084173E-002
 ecaxk contribution  2.898107945687318E-002
 Done with rirpa frequency point #                    42
 ifreq =                    43
 omega =   2.70817707621784       weight =  0.350548433733855     
 Numerical rank of Q is                  1839
 Not Weighted ec -0.144592673134935     
 Weighted ec -5.068673509684258E-002
 nrank                  1839
 ifreq:                    43 ispin:                     1
 ecaxk contribution (not weighted)  8.050468242632032E-002
 ecaxk contribution  2.822079033278795E-002
 Done with rirpa frequency point #                    43
 ifreq =                    44
 omega =   2.89298936208458       weight =  0.389827847774323     
 Numerical rank of Q is                  1839
 Not Weighted ec -0.126014785901050     
 Weighted ec -4.912407277554860E-002
 nrank                  1839
 ifreq:                    44 ispin:                     1
 ecaxk contribution (not weighted)  7.038218460476907E-002
 ecaxk contribution  2.743693554613222E-002
 Done with rirpa frequency point #                    44
 ifreq =                    45
 omega =   3.09927277285417       weight =  0.436731946042717     
 Numerical rank of Q is                  1839
 Not Weighted ec -0.108763029596594     
 Weighted ec -4.750028957322212E-002
 nrank                  1839
 ifreq:                    45 ispin:                     1
 ecaxk contribution (not weighted)  6.094490031819549E-002
 ecaxk contribution  2.661658491734491E-002
 Done with rirpa frequency point #                    45
 ifreq =                    46
 omega =   3.33133742450349       weight =  0.493358073485833     
 Numerical rank of Q is                  1839
 Not Weighted ec -9.281329857698405E-002
 Weighted ec -4.579019017980630E-002
 nrank                  1839
 ifreq:                    46 ispin:                     1
 ecaxk contribution (not weighted)  5.218270950961251E-002
 ecaxk contribution  2.574476103293331E-002
 Done with rirpa frequency point #                    46
 ifreq =                    47
 omega =   3.59472369414106       weight =  0.562578637706799     
 Numerical rank of Q is                  1839
 Not Weighted ec -7.814872975986904E-002
 Weighted ec -4.396480592682390E-002
 nrank                  1839
 ifreq:                    47 ispin:                     1
 ecaxk contribution (not weighted)  4.409004219485116E-002
 ecaxk contribution  2.480411587441465E-002
 Done with rirpa frequency point #                    47
 ifreq =                    48
 omega =   3.89667543334170       weight =  0.648412005973000     
 Numerical rank of Q is                  1839
 Not Weighted ec -6.475972373900450E-002
 Weighted ec -4.199098237586519E-002
 nrank                  1839
 ifreq:                    48 ispin:                     1
 ecaxk contribution (not weighted)  3.666596464865095E-002
 ecaxk contribution  2.377465168876685E-002
 Done with rirpa frequency point #                    48
 ifreq =                    49
 omega =   4.24684978494281       weight =  0.756618284951289     
 Numerical rank of Q is                  1839
 Not Weighted ec -5.264371467969951E-002
 Weighted ec -3.983119711441924E-002
 nrank                  1839
 ifreq:                    49 ispin:                     1
 ecaxk contribution (not weighted)  2.991412294149948E-002
 ecaxk contribution  2.263357239581934E-002
 Done with rirpa frequency point #                    49
 ifreq =                    50
 omega =   4.65841416930396       weight =  0.895690465965234     
 Numerical rank of Q is                  1839
 Not Weighted ec -4.180447363168451E-002
 Weighted ec -3.744386846659484E-002
 nrank                  1839
 ifreq:                    50 ispin:                     1
 ecaxk contribution (not weighted)  2.384241191383747E-002
 ecaxk contribution  2.135542103684013E-002
 Done with rirpa frequency point #                    50
 ifreq =                    51
 omega =   5.14980145881614       weight =   1.07857189536419     
 Numerical rank of Q is                  1839
 Not Weighted ec -3.225061270949758E-002
 Weighted ec -3.478460447673919E-002
 nrank                  1839
 ifreq:                    51 ispin:                     1
 ecaxk contribution (not weighted)  1.846216502981220E-002
 ecaxk contribution  1.991277232873098E-002
 Done with rirpa frequency point #                    51
 ifreq =                    52
 omega =   5.74763526501703       weight =   1.32577875046947     
 Numerical rank of Q is                  1839
 Not Weighted ec -2.399279377619052E-002
 Weighted ec -3.180913615286949E-002
 nrank                  1839
 ifreq:                    52 ispin:                     1
 ecaxk contribution (not weighted)  1.378655889246563E-002
 ecaxk contribution  1.827792682172681E-002
 Done with rirpa frequency point #                    52
 ifreq =                    53
 omega =   6.49184918700638       weight =   1.67141286311491     
 Numerical rank of Q is                  1839
 Not Weighted ec -1.703893892350374E-002
 Weighted ec -2.847910169057351E-002
 nrank                  1839
 ifreq:                    53 ispin:                     1
 ecaxk contribution (not weighted)  9.827797720068606E-003
 ecaxk contribution  1.642630752541408E-002
 Done with rirpa frequency point #                    53
 ifreq =                    54
 omega =   7.44519398262867       weight =   2.17558208447066     
 Numerical rank of Q is                  1839
 Not Weighted ec -1.138654199402121E-002
 Weighted ec -2.477235676626534E-002
 nrank                  1839
 ifreq:                    54 ispin:                     1
 ecaxk contribution (not weighted)  6.592518202121298E-003
 ecaxk contribution  1.434256449208181E-002
 Done with rirpa frequency point #                    54
 ifreq =                    55
 omega =   8.71225190582460       weight =   2.95241007040456     
 Numerical rank of Q is                  1839
 Not Weighted ec -7.011165935799694E-003
 Weighted ec -2.069983691413243E-002
 nrank                  1839
 ifreq:                    55 ispin:                     1
 ecaxk contribution (not weighted)  4.074839902848843E-003
 ecaxk contribution  1.203059836445727E-002
 Done with rirpa frequency point #                    55
 ifreq =                    56
 omega =   10.4812682429696       weight =   4.24078468921203     
 Numerical rank of Q is                  1839
 Not Weighted ec -3.850820704026853E-003
 Weighted ec -1.633050148253776E-002
 nrank                  1839
 ifreq:                    56 ispin:                     1
 ecaxk contribution (not weighted)  2.246848605608362E-003
 ecaxk contribution  9.528401165641335E-003
 Done with rirpa frequency point #                    56
 ifreq =                    57
 omega =   13.1287301466246       weight =   6.61260269001280     
 Numerical rank of Q is                  1839
 Not Weighted ec -1.787988810045884E-003
 Weighted ec -1.182325961502219E-002
 nrank                  1839
 ifreq:                    57 ispin:                     1
 ecaxk contribution (not weighted)  1.047549046264593E-003
 ecaxk contribution  6.927025641249586E-003
 Done with rirpa frequency point #                    57
 ifreq =                    58
 omega =   17.5331031275521       weight =   11.7369421471977     
 Numerical rank of Q is                  1839
 Not Weighted ec -6.355265129325238E-004
 Weighted ec -7.459137915299311E-003
 nrank                  1839
 ifreq:                    58 ispin:                     1
 ecaxk contribution (not weighted)  3.740121348640642E-004
 ecaxk contribution  4.389758789249418E-003
 Done with rirpa frequency point #                    58
 ifreq =                    59
 omega =   26.3297770092108       weight =   26.3779617012035     
 Numerical rank of Q is                  1839
 Not Weighted ec -1.387948260546287E-004
 Weighted ec -3.661124605994205E-003
 nrank                  1839
 ifreq:                    59 ispin:                     1
 ecaxk contribution (not weighted)  8.207406668685244E-005
 ecaxk contribution  2.164946587727820E-003
 Done with rirpa frequency point #                    59
 ifreq =                    60
 omega =   52.6956875825267       weight =   105.439546645302     
 Numerical rank of Q is                  1839
 Not Weighted ec -9.325884088323051E-006
 Weighted ec -9.833169903394198E-004
 nrank                  1839
 ifreq:                    60 ispin:                     1
 ecaxk contribution (not weighted)  5.538385364681237E-006
 ecaxk contribution  5.839648419989663E-004
 Done with rirpa frequency point #                    60
 
 CPU time:   14087.5095177516     
 wall time:   2156.92600011826     
 
 Freq nodes so far:                    60
 ecrpa:  -5.27169911126533     
 ecaxk:   1.82534799409385     
 


 RI-RPA correlation energy: -0.5271699111265328E+01
 


 AXK second-order RPA-renormalized correlation energy:  0.1825347994093852E+01
 
 total memory allocated for calculation of (Q|P)**(-1/2) : 39 MiB
 
 HXX Energy calculation skipped due to nohxx option
 

                  ----------------------------------------------------- 
                 |  HXX+RIRPA+RIAXK total energy =     -3.44635111717  |
                  ------------------------------------------------------ 
                 :  RIRPA correlation energy     =     -5.27169911127  :
                 :  RIAXK correction             =      1.82534799409  :
                 :  HXX total energy             =      0.00000000000  :
                 :  Hartree energy               =      0.00000000000  :
                 :  Exact Exchange energy        =      0.00000000000  :
                  ...................................................... 


    ------------------------------------------------------------------------
    Rirpa profiling                cpu                    wall         ratio
    ------------------------------------------------------------------------
    module                         sec     %               sec     %
    ------------------------------------------------------------------------
    RIRPA                     14087.6  100.00         2156.9  100.00   6.5
    STARTUP                       3.5    0.02            2.8    0.13   1.2
    riccmos                       3.9    0.03            2.8    0.13   1.4
    ccmkbaoi                     25.1    0.18            3.2    0.15   7.9
    cc3idxnrm                    30.6    0.22            4.4    0.20   7.0
    ecrpa                     14018.4   99.51         2141.6   99.29   6.5
    rpa3idxget                  146.6    1.04          209.2    9.70   0.7
    qbuild                      420.4    2.98           57.2    2.65   7.4
    rparenrm                    176.1    1.25           22.4    1.04   7.9
    riaxkn5                   13272.6   94.21         1852.2   85.87   7.2
    ------------------------------------------------------------------------
    sum                       42190.7  299.49         6454.8  299.26   6.5
    ------------------------------------------------------------------------


    ------------------------------------------------------------------------
         total  cpu-time :  3 hours 54 minutes and 48 seconds
         total wall-time : 35 minutes and 57 seconds
    ------------------------------------------------------------------------

   ****  rirpa : all done  ****


    2018-12-01 00:26:05.450 

