 hostname is c-8-18.local

   OpenMP run-time library returned nthreads =  8

 rirpa (c-8-18.local) : TURBOMOLE rev. 20309 compiled 9 May 2016 at 12:17:07
 Copyright (C) 2016 TURBOMOLE GmbH, Karlsruhe


    2018-02-04 15:10:02.811 

 
 
    *************************************************************************
    *************************** PROGRAM RIRPA *******************************
    ******                                                             ******
    ******              H. Eshuis, J. E. Bates and F. Furche           ******
    ******                                                             ******
    ****** Nov 2011                                                    ******
    ****** Copyright TURBOMOLE GmbH                                    ******
    *************************************************************************
    
    
                                References:                                  
    
                   RIRPA:                                                    
                     H. Eshuis, J. Yarkony and F. Furche                     
                     Fast computation of molecular random phase              
                     approximation correlation energies using resolution     
                     of the identity imaginary frequency integration         
                     J. Chem. Phys. 132: 234114 (2010)                       
    
                     H. Eshuis, J. E. Bates and F. Furche                    
                     Electron correlation methods based on                   
                     the random phase approximation                          
                     Theor. Chem. Acc.  131: 1084 (2012)                     
    
                   TWO-COMPONENT RIRPA:                                      
                     M. Kuehn                                                
                     Correlation energies from the                           
                     two-component random-phase approximation                
                     J. Chem. Theory Comput. 10: 623 (2014)                  
    
                   RIRPA GRADIENTS:                                          
                     Asbjoern M. Burow, Jefferson E. Bates, Filipp Furche*,  
                     and Henk Eshuis                                         
                     Analytical First-Order Molecular Properties and Forces  
                     within the Adiabatic Connection Random Phase            
                     Approximation                                           
                     J. Chem. Theory Comput. 10: 180 (2014)                  
    
    
    
      ... OpenMP parallelization enabled, threads:    8
 number of mkl threads =                     8
 
                FOUND RI-J FLAG
 
  HF exact exchange energy will be computed using RI-J.
 
  The HXX energy will NOT be computed due to nohxx option. 
 


              +--------------------------------------------------+
              | Atomic coordinate, charge and isotop information |
              +--------------------------------------------------+

                    atomic coordinates            atom    charge  isotop
         12.59502468   16.72974545   76.63406387    n      7.000     0
         14.42805902   15.56756388   75.36038845    c      6.000     0
         14.75309192   13.19406786   76.02746178    n      7.000     0
         12.97296990   12.78588702   77.90018038    c      6.000     0
         12.41739042   10.60514306   79.29857771    c      6.000     0
         13.42272472    8.47542171   79.17385579    o      8.000     0
         10.43506771   11.07190541   81.03523603    n      7.000     0
          9.27288613   13.39437883   81.39995317    c      6.000     0
          7.68551618   13.56067473   83.24810533    n      7.000     0
          9.73397931   15.39748853   80.03746063    n      7.000     0
         11.63882325   14.95340289   78.33103793    c      6.000     0
         11.89015683   18.48530103   76.36383303    h      1.000     0
          9.94940809    9.57902177   82.19363815    h      1.000     0
         15.49953374   16.50297832   73.89207125    h      1.000     0
          7.29812233   12.11881369   84.47264787    h      1.000     0
          6.75766065   15.21418510   83.45219575    h      1.000     0
         12.86336579   15.26142825   86.55512606    n      7.000     0
         14.55278095   15.34268647   84.64272322    c      6.000     0
         15.43906251   13.15249388   84.13438689    n      7.000     0
         14.35624943   11.53299859   85.85214794    c      6.000     0
         14.70395904    8.81557241   86.24332125    c      6.000     0
         16.07401049    7.31324013   84.91673351    o      8.000     0
         13.30745143    7.93684976   88.31257137    n      7.000     0
         11.72197120    9.45429984   89.73175569    c      6.000     0
         10.56923826    8.28266964   91.65927635    n      7.000     0
         11.37615132   11.91094382   89.28200087    n      7.000     0
         12.76321030   12.79344592   87.35448022    c      6.000     0
         11.85047258   16.70328929   87.29589871    h      1.000     0
         13.35469458    6.00365992   88.64516317    h      1.000     0
         14.97607960   17.06989616   83.63360946    h      1.000     0
         10.68451156    6.37026679   91.96163253    h      1.000     0
          9.28989367    9.30690120   92.63437503    h      1.000     0
 
       center of nuclear mass  :   12.55604553   12.09944768   83.11397282
       center of nuclear charge:   12.51153754   12.11938303   83.15664743
              +-------------------------------------------------+
              |        Rotational Constants Section             |
              +-------------------------------------------------+
                                   Center of Mass [a.u]:
              12.55604552974812        12.09944767985402        83.11397282236892
                     Principal Moments of Inertia [a.u.]
            3109.33185786273816      8743.18539496493577      9594.16466506910729
                       Rotational constants A,B,C [a.u.]
               0.00016080625126         0.00005718739537         0.00005211501131
                     Rotational constants A,B,C [cm**-1]
               0.01936097182558         0.00688532654599         0.00627461468486
                        Rotational constants A,B,C [MHz]
             580.42733328586712       206.41689693545584       188.10821593784479

   * BASIS SET information:

              +--------------------------------------------------+
              |               basis set information              |
              +--------------------------------------------------+

              we will work with the 1s 3p 5d 7f 9g ... basis set
              ...i.e. with spherical basis functions...

   type   atoms  prim   cont   basis
   ---------------------------------------------------------------------------
    n       10     77     55   cc-pVQZ   [5s4p3d2f1g|21s6p3d2f1g]
    c       10     77     55   cc-pVQZ   [5s4p3d2f1g|21s6p3d2f1g]
    o        2     77     55   cc-pVQZ   [5s4p3d2f1g|21s6p3d2f1g]
    h       10     32     30   cc-pVQZ   [4s3p2d1f|6s3p2d1f]
   ---------------------------------------------------------------------------
   total:   32   2014   1510
   ---------------------------------------------------------------------------

   total number of primitive shells          :  111
   total number of contracted shells         :  430
   total number of cartesian basis functions : 1890
   total number of SCF-basis functions       : 1510


   * AUXILIARY BASIS SET information:

              +--------------------------------------------------+
              |               basis set information              |
              +--------------------------------------------------+

              we will work with the 1s 3p 5d 7f 9g ... basis set
              ...i.e. with spherical basis functions...

   type   atoms  prim   cont   basis
   ---------------------------------------------------------------------------
    n       10    132    132   cc-pVQZ   [8s7p6d5f3g1h|8s7p6d5f3g1h]
    c       10    132    132   cc-pVQZ   [8s7p6d5f3g1h|8s7p6d5f3g1h]
    o        2    132    132   cc-pVQZ   [8s7p6d5f3g1h|8s7p6d5f3g1h]
    h       10     55     55   cc-pVQZ   [5s4p3d2f1g|5s4p3d2f1g]
   ---------------------------------------------------------------------------
   total:   32   3454   3454
   ---------------------------------------------------------------------------

   total number of primitive shells          :  105
   total number of contracted shells         :  810
   total number of cartesian basis functions : 4682
   total number of SCF-basis functions       : 3454


   * RIJ AUXILIARY BASIS SET information:

              +--------------------------------------------------+
              |               basis set information              |
              +--------------------------------------------------+

              we will work with the 1s 3p 5d 7f 9g ... basis set
              ...i.e. with spherical basis functions...

   type   atoms  prim   cont   basis
   ---------------------------------------------------------------------------
    n       10     70     49   cc-pVQZ   [6s4p3d1f1g|12s5p4d2f1g]
    c       10     70     49   cc-pVQZ   [6s4p3d1f1g|12s5p4d2f1g]
    o        2     70     49   cc-pVQZ   [6s4p3d1f1g|12s5p4d2f1g]
    h       10     16     11   cc-pVQZ   [3s1p1d|5s2p1d]
   ---------------------------------------------------------------------------
   total:   32   1700   1188
   ---------------------------------------------------------------------------

   total number of primitive shells          :   80
   total number of contracted shells         :  380
   total number of cartesian basis functions : 1462
   total number of SCF-basis functions       : 1188


 reading orbital data $scfmo  from file mos
 orbital characterization : scfconv=9

 integral neglect threshold       :  0.33E+02

 scfconv                     9

 MAXIMUM CORE MEMORY WHICH CAN BE ALLOCATED DYNAMICALLY = 15000 MiB
              ( or 1966080000 double words )


 there are 1 real representations :   a   

 maximum number of shells which are related by symmetry :  1

 time elapsed for calculating density matrices :   0.210 sec

     total memory allocated for calculation of (Q|P)**(-1/2) : 137 MiB


     calculation of (P|Q) ...
     time in lp2sym        cpu:  0.88 sec    wall:  0.39 sec    ratio:  2.2


     calculation of the Cholesky decomposition of (P|Q)**(-1) ...
     time in invmetri      cpu: 16.03 sec    wall:  2.34 sec    ratio:  6.9

   threshold for RMS(d[D]) in SCF was     :  0.10E-06
   integral neglect threshold             :  0.71E-14
   derivative integral neglect threshold  :  0.10E-06


 setting up bound for integral derivative estimation

 increment for numerical differentiation : 0.00050000
 total memory allocated for calculation of (Q|P)**(-1/2) : 137 MiB
 Dividing biap into                    197  block chunks,
 using                    37 MiB per block
 Reserved                   7433 MiB for BLAS routines
 Estimated total memory usage:                  14960 MiB
 number of passes for ispin    1
 =    1
 
 Number of eigenvalues < 6e-3:                      0
 
 
            -----------------------------
            Complex frequency integration
            -----------------------------
 
 Number of Clenshaw-Curtis nodes:                    100
 Optimized scaling parameter    :    2.11408316097389     
 Sensitivity measure            :  -5.098536870473680E-011
 
 


 RI-RPA correlation energy: -0.6472128156421134E+01
 
 RIRPA correlation energy:   -6.47212815642113       Hartree
 
 HXX Energy calculation skipped due to nohxx option
 

                  -------------------------------------------- 
                 |  HXX+RIRPA total energy     =     -6.47212815642  |
                  --------------------------------------------- 
                 :  RIRPA correlation energy   =     -6.47212815642  :
                 :  HXX total energy           =      0.00000000000  :
                 :  Hartree energy             =      0.00000000000  :
                 :  Exact Exchange energy      =      0.00000000000  :
                  ............................................. 


    ------------------------------------------------------------------------
    Rirpa profiling                cpu                    wall         ratio
    ------------------------------------------------------------------------
    module                         sec     %               sec     %
    ------------------------------------------------------------------------
    RIRPA                     11266.2  100.00         1578.3  100.00   7.1
    STARTUP                       4.4    0.04            1.7    0.11   2.6
    riccmos                       7.0    0.06            2.1    0.14   3.3
    riccaux                      17.7    0.16            2.8    0.18   6.3
    riccbound                    21.9    0.19           19.5    1.24   1.1
    ccmkbaoi                    428.2    3.80           53.9    3.41   8.0
    ecrpa                     10780.1   95.69         1497.4   94.88   7.2
    tread                       272.3    2.42           76.2    4.83   3.6
    tqbuild                    9999.3   88.76         1306.6   82.79   7.7
    trpaln                      426.2    3.78           54.3    3.44   7.9
    ------------------------------------------------------------------------
    sum                       33229.8  294.95         4593.7  291.05   7.2
    ------------------------------------------------------------------------


    ------------------------------------------------------------------------
         total  cpu-time :  3 hours  7 minutes and 48 seconds
         total wall-time : 26 minutes and 19 seconds
    ------------------------------------------------------------------------

   ****  rirpa : all done  ****


    2018-02-04 15:36:21.542 

