 hostname is c-13-18.gp.local

 rirpa (c-13-18.gp.local) : TURBOMOLE rev. 20309 compiled 9 May 2016 at 12:17:07
 Copyright (C) 2016 TURBOMOLE GmbH, Karlsruhe


    2018-04-28 10:16:01.446 

 
 
    *************************************************************************
    *************************** PROGRAM RIRPA *******************************
    ******                                                             ******
    ******              H. Eshuis, J. E. Bates and F. Furche           ******
    ******                                                             ******
    ****** Nov 2011                                                    ******
    ****** Copyright TURBOMOLE GmbH                                    ******
    *************************************************************************
    
    
                                References:                                  
    
                   RIRPA:                                                    
                     H. Eshuis, J. Yarkony and F. Furche                     
                     Fast computation of molecular random phase              
                     approximation correlation energies using resolution     
                     of the identity imaginary frequency integration         
                     J. Chem. Phys. 132: 234114 (2010)                       
    
                     H. Eshuis, J. E. Bates and F. Furche                    
                     Electron correlation methods based on                   
                     the random phase approximation                          
                     Theor. Chem. Acc.  131: 1084 (2012)                     
    
                   TWO-COMPONENT RIRPA:                                      
                     M. Kuehn                                                
                     Correlation energies from the                           
                     two-component random-phase approximation                
                     J. Chem. Theory Comput. 10: 623 (2014)                  
    
                   RIRPA GRADIENTS:                                          
                     Asbjoern M. Burow, Jefferson E. Bates, Filipp Furche*,  
                     and Henk Eshuis                                         
                     Analytical First-Order Molecular Properties and Forces  
                     within the Adiabatic Connection Random Phase            
                     Approximation                                           
                     J. Chem. Theory Comput. 10: 180 (2014)                  
    
    
    
 number of mkl threads =                     1
 
                FOUND RI-J FLAG
 
  HF exact exchange energy will be computed using RI-J.
 
  The HXX energy will NOT be computed due to nohxx option. 
 


              +--------------------------------------------------+
              | Atomic coordinate, charge and isotop information |
              +--------------------------------------------------+

                    atomic coordinates            atom    charge  isotop
          2.60196602    1.58689273    1.38823995    n      7.000     0
          1.98763739    2.61958343    2.87872494    h      1.000     0
          2.47361884    2.75433218   -0.98389535    c      6.000     0
          1.73960886    4.93422189   -1.18292459    o      8.000     0
          3.80103848   -2.29263143   -0.18532888    n      7.000     0
          3.26409657    1.87242132   -4.93595627    h      1.000     0
          3.82808790   -1.31746269   -2.57833742    c      6.000     0
          4.34167788   -2.62872251   -4.05468202    h      1.000     0
          3.23995879    1.11860033   -3.04715924    c      6.000     0
          4.02408528   -4.16027159    0.10739148    h      1.000     0
          3.11038534   -0.91690641    1.92509860    c      6.000     0
          2.95008174   -1.83646680    4.02475582    o      8.000     0
         -2.56144987   -1.57989785    1.38823995    n      7.000     0
         -1.94712124   -2.61258855    2.87872494    h      1.000     0
         -2.43310269   -2.74733730   -0.98389535    c      6.000     0
         -1.69909272   -4.92722701   -1.18292459    o      8.000     0
         -3.76052233    2.29962631   -0.18532888    n      7.000     0
         -3.22358042   -1.86542644   -4.93595627    h      1.000     0
         -3.78757176    1.32445757   -2.57833742    c      6.000     0
         -4.30116174    2.63571739   -4.05468202    h      1.000     0
         -3.19944265   -1.11160545   -3.04715924    c      6.000     0
         -3.98356913    4.16726647    0.10739148    h      1.000     0
         -3.06986919    0.92390129    1.92509860    c      6.000     0
         -2.90956559    1.84346168    4.02475582    o      8.000     0
 
       center of nuclear mass  :    0.02025807    0.00349744    0.00000250
       center of nuclear charge:    0.02025807    0.00349744   -0.05095267
              +-------------------------------------------------+
              |        Rotational Constants Section             |
              +-------------------------------------------------+
                                   Center of Mass [a.u]:
               0.02025807295927         0.00349743993119         0.00000249938646
                     Principal Moments of Inertia [a.u.]
            2659.93052445964940      3238.82714242558313      3474.59601131509316
                       Rotational constants A,B,C [a.u.]
               0.00018797483446         0.00015437687101         0.00014390162148
                     Rotational constants A,B,C [cm**-1]
               0.02263205220696         0.01858687847458         0.01732566499829
                        Rotational constants A,B,C [MHz]
             678.49185607082097       557.22059844431055       519.41036963229192

   * BASIS SET information:

              +--------------------------------------------------+
              |               basis set information              |
              +--------------------------------------------------+

              we will work with the 1s 3p 5d 7f 9g ... basis set
              ...i.e. with spherical basis functions...

   type   atoms  prim   cont   basis
   ---------------------------------------------------------------------------
    n        4     50     30   cc-pVTZ   [4s3p2d1f|18s5p2d1f]
    h        8     16     14   cc-pVTZ   [3s2p1d|5s2p1d]
    c        8     50     30   cc-pVTZ   [4s3p2d1f|18s5p2d1f]
    o        4     50     30   cc-pVTZ   [4s3p2d1f|18s5p2d1f]
   ---------------------------------------------------------------------------
   total:   24    928    592
   ---------------------------------------------------------------------------

   total number of primitive shells          :   86
   total number of contracted shells         :  208
   total number of cartesian basis functions :  680
   total number of SCF-basis functions       :  592


   * AUXILIARY BASIS SET information:

              +--------------------------------------------------+
              |               basis set information              |
              +--------------------------------------------------+

              we will work with the 1s 3p 5d 7f 9g ... basis set
              ...i.e. with spherical basis functions...

   type   atoms  prim   cont   basis
   ---------------------------------------------------------------------------
    n        4     81     81   cc-pVTZ   [8s6p5d3f1g|8s6p5d3f1g]
    h        8     30     30   cc-pVTZ   [4s3p2d1f|4s3p2d1f]
    c        8     81     81   cc-pVTZ   [8s6p5d3f1g|8s6p5d3f1g]
    o        4     81     81   cc-pVTZ   [8s6p5d3f1g|8s6p5d3f1g]
   ---------------------------------------------------------------------------
   total:   24   1536   1536
   ---------------------------------------------------------------------------

   total number of primitive shells          :   79
   total number of contracted shells         :  448
   total number of cartesian basis functions : 1896
   total number of SCF-basis functions       : 1536


   * RIJ AUXILIARY BASIS SET information:

              +--------------------------------------------------+
              |               basis set information              |
              +--------------------------------------------------+

              we will work with the 1s 3p 5d 7f 9g ... basis set
              ...i.e. with spherical basis functions...

   type   atoms  prim   cont   basis
   ---------------------------------------------------------------------------
    n        4     70     49   cc-pVTZ   [6s4p3d1f1g|12s5p4d2f1g]
    h        8     16     11   cc-pVTZ   [3s1p1d|5s2p1d]
    c        8     70     49   cc-pVTZ   [6s4p3d1f1g|12s5p4d2f1g]
    o        4     70     49   cc-pVTZ   [6s4p3d1f1g|12s5p4d2f1g]
   ---------------------------------------------------------------------------
   total:   24   1248    872
   ---------------------------------------------------------------------------

   total number of primitive shells          :   80
   total number of contracted shells         :  280
   total number of cartesian basis functions : 1072
   total number of SCF-basis functions       :  872


 reading orbital data $scfmo  from file mos
 orbital characterization : scfconv=9

 integral neglect threshold       :  0.32E+02

 scfconv                     9

 MAXIMUM CORE MEMORY WHICH CAN BE ALLOCATED DYNAMICALLY = 3000 MiB
              ( or 393216000 double words )


 there are 1 real representations :   a   

 maximum number of shells which are related by symmetry :  1

 time elapsed for calculating density matrices :   0.021 sec

     total memory allocated for calculation of (Q|P)**(-1/2) : 28 MiB


     calculation of (P|Q) ...
     time in lp2sym        cpu:  0.06 sec    wall:  0.06 sec    ratio:  1.0


     calculation of the Cholesky decomposition of (P|Q)**(-1) ...
     time in invmetri      cpu:  0.47 sec    wall:  0.47 sec    ratio:  1.0

   threshold for RMS(d[D]) in SCF was     :  0.10E-06
   integral neglect threshold             :  0.18E-13
   derivative integral neglect threshold  :  0.10E-06


 setting up bound for integral derivative estimation

 increment for numerical differentiation : 0.00050000
 total memory allocated for calculation of (Q|P)**(-1/2) : 28 MiB
 Dividing biap into                    238  block chunks,
 using                     6 MiB per block
 Reserved                   1489 MiB for BLAS routines
 Estimated total memory usage:                   2997 MiB
 number of passes for ispin    1
 =    1
 
 Number of eigenvalues < 6e-3:                      0
 
 
            -----------------------------
            Complex frequency integration
            -----------------------------
 
 Number of Clenshaw-Curtis nodes:                    100
 Optimized scaling parameter    :    1.00000000000000     
 Sensitivity measure            :  -2.705613511011506E-013
 
 


 RI-RPA correlation energy: -0.4544648373025469E+01
 
 RIRPA correlation energy:   -4.54464837302547       Hartree
 
 HXX Energy calculation skipped due to nohxx option
 

                  -------------------------------------------- 
                 |  HXX+RIRPA total energy     =     -4.54464837303  |
                  --------------------------------------------- 
                 :  RIRPA correlation energy   =     -4.54464837303  :
                 :  HXX total energy           =      0.00000000000  :
                 :  Hartree energy             =      0.00000000000  :
                 :  Exact Exchange energy      =      0.00000000000  :
                  ............................................. 


    ------------------------------------------------------------------------
    Rirpa profiling                cpu                    wall         ratio
    ------------------------------------------------------------------------
    module                         sec     %               sec     %
    ------------------------------------------------------------------------
    RIRPA                       552.9  100.00         1506.9  100.00   0.4
    STARTUP                       0.4    0.08            2.5    0.17   0.2
    riccmos                       0.4    0.07            2.2    0.14   0.2
    riccbound                     1.8    0.32            1.8    0.12   1.0
    ccmkbaoi                     25.4    4.60           26.1    1.73   1.0
    cc3idxnrm                     0.4    0.06           13.9    0.92   0.0
    ecrpa                       523.9   94.76         1459.3   96.85   0.4
    tread                        25.2    4.56          951.3   63.13   0.0
    tqbuild                     476.8   86.24          476.8   31.64   1.0
    trpaln                       14.4    2.60           14.4    0.95   1.0
    ------------------------------------------------------------------------
    sum                        1622.1  293.39         4455.7  295.69   0.4
    ------------------------------------------------------------------------


    ------------------------------------------------------------------------
         total  cpu-time :  9 minutes and 13 seconds
         total wall-time : 25 minutes and  7 seconds
    ------------------------------------------------------------------------

   ****  rirpa : all done  ****


    2018-04-28 10:41:08.318 

