 hostname is c-18-312.gp.local

 rirpa (c-18-312.gp.local) : TURBOMOLE rev. 20309 compiled 9 May 2016 at 12:17:07
 Copyright (C) 2016 TURBOMOLE GmbH, Karlsruhe


    2018-04-29 09:17:40.512 

 
 
    *************************************************************************
    *************************** PROGRAM RIRPA *******************************
    ******                                                             ******
    ******              H. Eshuis, J. E. Bates and F. Furche           ******
    ******                                                             ******
    ****** Nov 2011                                                    ******
    ****** Copyright TURBOMOLE GmbH                                    ******
    *************************************************************************
    
    
                                References:                                  
    
                   RIRPA:                                                    
                     H. Eshuis, J. Yarkony and F. Furche                     
                     Fast computation of molecular random phase              
                     approximation correlation energies using resolution     
                     of the identity imaginary frequency integration         
                     J. Chem. Phys. 132: 234114 (2010)                       
    
                     H. Eshuis, J. E. Bates and F. Furche                    
                     Electron correlation methods based on                   
                     the random phase approximation                          
                     Theor. Chem. Acc.  131: 1084 (2012)                     
    
                   TWO-COMPONENT RIRPA:                                      
                     M. Kuehn                                                
                     Correlation energies from the                           
                     two-component random-phase approximation                
                     J. Chem. Theory Comput. 10: 623 (2014)                  
    
                   RIRPA GRADIENTS:                                          
                     Asbjoern M. Burow, Jefferson E. Bates, Filipp Furche*,  
                     and Henk Eshuis                                         
                     Analytical First-Order Molecular Properties and Forces  
                     within the Adiabatic Connection Random Phase            
                     Approximation                                           
                     J. Chem. Theory Comput. 10: 180 (2014)                  
    
    
    
 number of mkl threads =                     1
 
                FOUND RI-J FLAG
 
  HF exact exchange energy will be computed using RI-J.
 
  The HXX energy will NOT be computed due to nohxx option. 
 


              +--------------------------------------------------+
              | Atomic coordinate, charge and isotop information |
              +--------------------------------------------------+

                    atomic coordinates            atom    charge  isotop
          0.15482408    0.94019681    9.07962122    c      6.000     0
          0.62062144    2.91198665    7.96989980    o      8.000     0
         -0.41974196   -1.24244923    7.84909327    n      7.000     0
         -0.37212027   -1.25570628    5.94682577    h      1.000     0
         -0.71411685   -2.85909542    8.78583375    h      1.000     0
          0.19799430    0.76087724   11.93011714    c      6.000     0
          2.14765083    0.92001539   12.56331484    h      1.000     0
         -0.59928854   -0.99022425   12.65015131    h      1.000     0
         -0.84034344    2.35551566   12.69880200    h      1.000     0
 
       center of nuclear mass  :    0.13386029    0.80881362    9.19054037
       center of nuclear charge:    0.11767093    0.71799056    9.29394404
              +-------------------------------------------------+
              |        Rotational Constants Section             |
              +-------------------------------------------------+
                                   Center of Mass [a.u]:
               0.13386028500577         0.80881362147830         9.19054037289640
                     Principal Moments of Inertia [a.u.]
             167.11730016702708       192.68189040171916       348.67486672573358
                       Rotational constants A,B,C [a.u.]
               0.00299191046947         0.00259495066691         0.00143400069152
                     Rotational constants A,B,C [cm**-1]
               0.36022414457560         0.31243043324384         0.17265278413028
                        Rotational constants A,B,C [MHz]
           10799.24817332671591      9366.42875361761253      5176.00025349593852

   * BASIS SET information:

              +--------------------------------------------------+
              |               basis set information              |
              +--------------------------------------------------+

              we will work with the 1s 3p 5d 7f 9g ... basis set
              ...i.e. with spherical basis functions...

   type   atoms  prim   cont   basis
   ---------------------------------------------------------------------------
    c        2     50     30   cc-pVTZ   [4s3p2d1f|18s5p2d1f]
    o        1     50     30   cc-pVTZ   [4s3p2d1f|18s5p2d1f]
    n        1     50     30   cc-pVTZ   [4s3p2d1f|18s5p2d1f]
    h        5     16     14   cc-pVTZ   [3s2p1d|5s2p1d]
   ---------------------------------------------------------------------------
   total:    9    280    190
   ---------------------------------------------------------------------------

   total number of primitive shells          :   86
   total number of contracted shells         :   70
   total number of cartesian basis functions :  215
   total number of SCF-basis functions       :  190


   * AUXILIARY BASIS SET information:

              +--------------------------------------------------+
              |               basis set information              |
              +--------------------------------------------------+

              we will work with the 1s 3p 5d 7f 9g ... basis set
              ...i.e. with spherical basis functions...

   type   atoms  prim   cont   basis
   ---------------------------------------------------------------------------
    c        2     81     81   cc-pVTZ   [8s6p5d3f1g|8s6p5d3f1g]
    o        1     81     81   cc-pVTZ   [8s6p5d3f1g|8s6p5d3f1g]
    n        1     81     81   cc-pVTZ   [8s6p5d3f1g|8s6p5d3f1g]
    h        5     30     30   cc-pVTZ   [4s3p2d1f|4s3p2d1f]
   ---------------------------------------------------------------------------
   total:    9    474    474
   ---------------------------------------------------------------------------

   total number of primitive shells          :   79
   total number of contracted shells         :  142
   total number of cartesian basis functions :  579
   total number of SCF-basis functions       :  474


   * RIJ AUXILIARY BASIS SET information:

              +--------------------------------------------------+
              |               basis set information              |
              +--------------------------------------------------+

              we will work with the 1s 3p 5d 7f 9g ... basis set
              ...i.e. with spherical basis functions...

   type   atoms  prim   cont   basis
   ---------------------------------------------------------------------------
    c        2     70     49   cc-pVTZ   [6s4p3d1f1g|12s5p4d2f1g]
    o        1     70     49   cc-pVTZ   [6s4p3d1f1g|12s5p4d2f1g]
    n        1     70     49   cc-pVTZ   [6s4p3d1f1g|12s5p4d2f1g]
    h        5     16     11   cc-pVTZ   [3s1p1d|5s2p1d]
   ---------------------------------------------------------------------------
   total:    9    360    251
   ---------------------------------------------------------------------------

   total number of primitive shells          :   80
   total number of contracted shells         :   85
   total number of cartesian basis functions :  304
   total number of SCF-basis functions       :  251


 reading orbital data $scfmo  from file mos
 orbital characterization : scfconv=9

 integral neglect threshold       :  0.30E+02

 scfconv                     9

 MAXIMUM CORE MEMORY WHICH CAN BE ALLOCATED DYNAMICALLY = 5000 MiB
              ( or 655360000 double words )


 there are 1 real representations :   a   

 maximum number of shells which are related by symmetry :  1

 time elapsed for calculating density matrices :   0.001 sec

     total memory allocated for calculation of (Q|P)**(-1/2) : 3 MiB


     calculation of (P|Q) ...
     time in lp2sym        cpu:  0.01 sec    wall:  0.01 sec    ratio:  1.0


     calculation of the Cholesky decomposition of (P|Q)**(-1) ...
     time in invmetri      cpu:  0.04 sec    wall:  0.04 sec    ratio:  1.0

   threshold for RMS(d[D]) in SCF was     :  0.10E-06
   integral neglect threshold             :  0.58E-13
   derivative integral neglect threshold  :  0.10E-06


 setting up bound for integral derivative estimation

 increment for numerical differentiation : 0.00050000
 total memory allocated for calculation of (Q|P)**(-1/2) : 3 MiB
 Dividing biap into                   3971  block chunks,
 using                     0 MiB per block
 Reserved                   2498 MiB for BLAS routines
 Estimated total memory usage:                   4999 MiB
 number of passes for ispin    1
 =    1
 
 Number of eigenvalues < 6e-3:                      0
 
 
            -----------------------------
            Complex frequency integration
            -----------------------------
 
 Number of Clenshaw-Curtis nodes:                    100
 Optimized scaling parameter    :    1.00000000000000     
 Sensitivity measure            :  -1.577626917992347E-013
 
 


 RI-RPA correlation energy: -0.1207308466082448E+01
 
 RIRPA correlation energy:   -1.20730846608245       Hartree
 
 HXX Energy calculation skipped due to nohxx option
 

                  -------------------------------------------- 
                 |  HXX+RIRPA total energy     =     -1.20730846608  |
                  --------------------------------------------- 
                 :  RIRPA correlation energy   =     -1.20730846608  :
                 :  HXX total energy           =      0.00000000000  :
                 :  Hartree energy             =      0.00000000000  :
                 :  Exact Exchange energy      =      0.00000000000  :
                  ............................................. 


    ------------------------------------------------------------------------
    Rirpa profiling                cpu                    wall         ratio
    ------------------------------------------------------------------------
    module                         sec     %               sec     %
    ------------------------------------------------------------------------
    RIRPA                         5.2  100.00            8.6  100.00   0.6
    STARTUP                       0.1    1.55            0.1    0.94   1.0
    riccmos                       0.0    0.85            0.0    0.51   1.0
    riccaux                       0.1    1.01            0.1    0.61   1.0
    riccbound                     0.3    6.17            0.3    3.74   1.0
    ccmkbaoi                      0.5    9.16            0.5    5.55   1.0
    ecrpa                         4.2   81.05            7.6   88.48   0.6
    tread                         0.4    6.94            3.7   43.52   0.1
    tqbuild                       3.3   64.02            3.3   38.85   1.0
    trpaln                        0.4    7.35            0.4    4.42   1.0
    ------------------------------------------------------------------------
    sum                          14.5  278.16           24.6  286.66   0.6
    ------------------------------------------------------------------------


    ------------------------------------------------------------------------
         total  cpu-time :   5.22 seconds
         total wall-time :   8.60 seconds
    ------------------------------------------------------------------------

   ****  rirpa : all done  ****


    2018-04-29 09:17:49.105 

