 hostname is c-6-28.local

   OpenMP run-time library returned nthreads =  8

 rirpa (c-6-28.local) : TURBOMOLE rev. 20309 compiled 9 May 2016 at 12:17:07
 Copyright (C) 2016 TURBOMOLE GmbH, Karlsruhe


    2017-11-10 14:15:10.584 

 
 
    *************************************************************************
    *************************** PROGRAM RIRPA *******************************
    ******                                                             ******
    ******              H. Eshuis, J. E. Bates and F. Furche           ******
    ******                                                             ******
    ****** Nov 2011                                                    ******
    ****** Copyright TURBOMOLE GmbH                                    ******
    *************************************************************************
    
    
                                References:                                  
    
                   RIRPA:                                                    
                     H. Eshuis, J. Yarkony and F. Furche                     
                     Fast computation of molecular random phase              
                     approximation correlation energies using resolution     
                     of the identity imaginary frequency integration         
                     J. Chem. Phys. 132: 234114 (2010)                       
    
                     H. Eshuis, J. E. Bates and F. Furche                    
                     Electron correlation methods based on                   
                     the random phase approximation                          
                     Theor. Chem. Acc.  131: 1084 (2012)                     
    
                   TWO-COMPONENT RIRPA:                                      
                     M. Kuehn                                                
                     Correlation energies from the                           
                     two-component random-phase approximation                
                     J. Chem. Theory Comput. 10: 623 (2014)                  
    
                   RIRPA GRADIENTS:                                          
                     Asbjoern M. Burow, Jefferson E. Bates, Filipp Furche*,  
                     and Henk Eshuis                                         
                     Analytical First-Order Molecular Properties and Forces  
                     within the Adiabatic Connection Random Phase            
                     Approximation                                           
                     J. Chem. Theory Comput. 10: 180 (2014)                  
    
    
    
      ... OpenMP parallelization enabled, threads:    8
 number of mkl threads =                     8
 
                FOUND RI-J FLAG
 
  HF exact exchange energy will be computed using RI-J.
 
  The HXX energy will NOT be computed due to nohxx option. 
 


              +--------------------------------------------------+
              | Atomic coordinate, charge and isotop information |
              +--------------------------------------------------+

                    atomic coordinates            atom    charge  isotop
          1.13302678   -6.29951544   -7.61597768    n      7.000     0
          0.47911634   -4.15743603   -8.88204333    c      6.000     0
         -0.05546639   -4.52310829  -11.30863290    n      7.000     0
          0.25398629   -7.11399025  -11.66110775    c      6.000     0
          0.99015665   -8.25768887   -9.35026171    c      6.000     0
         -0.05419743   -8.58553199  -13.83298433    c      6.000     0
          0.38126374  -11.17788928  -13.62844747    c      6.000     0
          1.10807239  -12.28958363  -11.32405375    c      6.000     0
          1.42749524  -10.84681155   -9.13830189    c      6.000     0
          0.46603635   -1.86234259   -7.63008881    n      7.000     0
         -0.07979776    0.36340685   -8.77787086    c      6.000     0
          0.17107637    2.49133415   -7.37692432    n      7.000     0
         -0.22783447    4.89269799   -8.32597243    c      6.000     0
          0.26116047    6.94476919   -6.85326477    n      7.000     0
         -0.27966825    9.05204588   -8.31208865    c      6.000     0
         -1.08928235    8.09053727  -10.68066508    c      6.000     0
         -1.03813980    5.45816781  -10.63412813    n      7.000     0
         -1.78825763    9.74493619  -12.61760369    c      6.000     0
         -1.65701950   12.33191380  -12.12621460    c      6.000     0
         -0.85124155   13.26131995   -9.76796291    c      6.000     0
         -0.14719866   11.63539201   -7.81334484    c      6.000     0
         -0.75415397    0.45852176  -11.17531939    n      7.000     0
         -4.40722570    0.07726652   -3.47380025    cl    17.000     0
         -1.11779095    2.21734566  -11.91972040    h      1.000     0
         -0.81103622   -1.22698674  -12.14281065    h      1.000     0
          0.78625264   -1.87107438   -5.68642880    h      1.000     0
          0.57562202    2.31722263   -5.45977158    h      1.000     0
          0.96667290    6.84978022   -5.00386826    h      1.000     0
          1.45312774   -6.38297979   -5.65714651    h      1.000     0
         -2.18995219   13.66354319  -13.59466008    h      1.000     0
          0.15496722  -12.37002149  -15.28413727    h      1.000     0
          1.43026157  -14.31496456  -11.24301578    h      1.000     0
         -0.77554289   15.28910935   -9.45993696    h      1.000     0
         -0.61544667   -7.73361555  -15.61361570    h      1.000     0
         -2.41302064    9.03348224  -14.43825341    h      1.000     0
          2.00008237  -11.71272486   -7.36832570    h      1.000     0
          0.47198841   12.36380356   -5.99798722    h      1.000     0
 
       center of nuclear mass  :   -0.52533323    0.39561666   -9.20280074
       center of nuclear charge:   -0.48781361    0.39864792   -9.25598926
              +-------------------------------------------------+
              |        Rotational Constants Section             |
              +-------------------------------------------------+
                                   Center of Mass [a.u]:
              -0.52533323384923         0.39561665893463        -9.20280074070586
                     Principal Moments of Inertia [a.u.]
            3281.72417713657887     20094.32247265252590     22297.38927248141772
                       Rotational constants A,B,C [a.u.]
               0.00015235893482         0.00002488265034         0.00002242414993
                     Rotational constants A,B,C [cm**-1]
               0.01834392022214         0.00299585549990         0.00269985359096
                        Rotational constants A,B,C [MHz]
             549.93689327503466        89.81348841277091        80.93957442754979

   * BASIS SET information:

              +--------------------------------------------------+
              |               basis set information              |
              +--------------------------------------------------+

              we will work with the 1s 3p 5d 7f 9g ... basis set
              ...i.e. with spherical basis functions...

   type   atoms  prim   cont   basis
   ---------------------------------------------------------------------------
    n        7     50     30   cc-pVTZ   [4s3p2d1f|18s5p2d1f]
    c       15     50     30   cc-pVTZ   [4s3p2d1f|18s5p2d1f]
    cl       1    106     34   cc-pVTZ   [5s4p2d1f|41s16p2d1f]
    h       14     16     14   cc-pVTZ   [3s2p1d|5s2p1d]
   ---------------------------------------------------------------------------
   total:   37   1430    890
   ---------------------------------------------------------------------------

   total number of primitive shells          :  120
   total number of contracted shells         :  316
   total number of cartesian basis functions : 1019
   total number of SCF-basis functions       :  890


   * AUXILIARY BASIS SET information:

              +--------------------------------------------------+
              |               basis set information              |
              +--------------------------------------------------+

              we will work with the 1s 3p 5d 7f 9g ... basis set
              ...i.e. with spherical basis functions...

   type   atoms  prim   cont   basis
   ---------------------------------------------------------------------------
    n        7     81     81   cc-pVTZ   [8s6p5d3f1g|8s6p5d3f1g]
    c       15     81     81   cc-pVTZ   [8s6p5d3f1g|8s6p5d3f1g]
    cl       1    122    122   cc-pVTZ   [10s8p7d5f2g|10s8p7d5f2g]
    h       14     30     30   cc-pVTZ   [4s3p2d1f|4s3p2d1f]
   ---------------------------------------------------------------------------
   total:   37   2324   2324
   ---------------------------------------------------------------------------

   total number of primitive shells          :   88
   total number of contracted shells         :  678
   total number of cartesian basis functions : 2868
   total number of SCF-basis functions       : 2324


   * RIJ AUXILIARY BASIS SET information:

              +--------------------------------------------------+
              |               basis set information              |
              +--------------------------------------------------+

              we will work with the 1s 3p 5d 7f 9g ... basis set
              ...i.e. with spherical basis functions...

   type   atoms  prim   cont   basis
   ---------------------------------------------------------------------------
    n        7     70     49   cc-pVTZ   [6s4p3d1f1g|12s5p4d2f1g]
    c       15     70     49   cc-pVTZ   [6s4p3d1f1g|12s5p4d2f1g]
    cl       1     77     51   cc-pVTZ   [8s4p3d1f1g|14s5p5d2f1g]
    h       14     16     11   cc-pVTZ   [3s1p1d|5s2p1d]
   ---------------------------------------------------------------------------
   total:   37   1841   1283
   ---------------------------------------------------------------------------

   total number of primitive shells          :   83
   total number of contracted shells         :  417
   total number of cartesian basis functions : 1573
   total number of SCF-basis functions       : 1283


 reading orbital data $scfmo  from file mos
 orbital characterization : scfconv=9

 integral neglect threshold       :  0.32E+02

 scfconv                     9

 MAXIMUM CORE MEMORY WHICH CAN BE ALLOCATED DYNAMICALLY = 14000 MiB
              ( or 1835008000 double words )


 there are 1 real representations :   a   

 maximum number of shells which are related by symmetry :  1

 time elapsed for calculating density matrices :   0.059 sec

     total memory allocated for calculation of (Q|P)**(-1/2) : 62 MiB


     calculation of (P|Q) ...
     time in lp2sym        cpu:  1.23 sec    wall:  0.15 sec    ratio:  8.0


     calculation of the Cholesky decomposition of (P|Q)**(-1) ...
     time in invmetri      cpu:  5.94 sec    wall:  0.80 sec    ratio:  7.4

   threshold for RMS(d[D]) in SCF was     :  0.10E-06
   integral neglect threshold             :  0.12E-13
   derivative integral neglect threshold  :  0.10E-06


 setting up bound for integral derivative estimation

 increment for numerical differentiation : 0.00050000
 total memory allocated for calculation of (Q|P)**(-1/2) : 62 MiB
 Dividing biap into                    488  block chunks,
 using                    14 MiB per block
 Reserved                   6965 MiB for BLAS routines
 Estimated total memory usage:                  13972 MiB
 number of passes for ispin    1
 =    1
 
 Number of eigenvalues < 6e-3:                      6
 
 NB: Small gap system
 NB: hybrid method not implemented yet
 NB: most likely large grid is needed
 
            -----------------------------
            Complex frequency integration
            -----------------------------
 
 Number of Clenshaw-Curtis nodes:                    100
 Optimized scaling parameter    :   0.745467278898879     
 Sensitivity measure            :  -4.084761973111029E-010
 
 


 RI-RPA correlation energy: -0.6092913750546699E+01
 
 RIRPA correlation energy:   -6.09291375054670       Hartree
 
 HXX Energy calculation skipped due to nohxx option
 

                  -------------------------------------------- 
                 |  HXX+RIRPA total energy     =     -6.09291375055  |
                  --------------------------------------------- 
                 :  RIRPA correlation energy   =     -6.09291375055  :
                 :  HXX total energy           =      0.00000000000  :
                 :  Hartree energy             =      0.00000000000  :
                 :  Exact Exchange energy      =      0.00000000000  :
                  ............................................. 


 <geterg> : there is no data group $energy 


 <skperg> : $end is missing 


    ------------------------------------------------------------------------
    Rirpa profiling                cpu                    wall         ratio
    ------------------------------------------------------------------------
    module                         sec     %               sec     %
    ------------------------------------------------------------------------
    RIRPA                      3312.9  100.00          465.1  100.00   7.1
    STARTUP                       3.3    0.10            0.6    0.12   5.8
    riccmos                       3.0    0.09            0.7    0.15   4.3
    riccaux                       7.4    0.22            1.0    0.21   7.5
    riccbound                     7.6    0.23            5.3    1.13   1.4
    ccmkbaoi                    107.6    3.25           14.5    3.11   7.4
    cc3idxnrm                     3.8    0.12            0.5    0.10   7.9
    ecrpa                      3179.8   95.98          442.5   95.16   7.2
    tread                       241.7    7.30           47.9   10.31   5.0
    tqbuild                    2757.6   83.24          353.3   75.96   7.8
    trpaln                      144.2    4.35           18.0    3.87   8.0
    ------------------------------------------------------------------------
    sum                        9769.0  294.88         1349.3  290.13   7.2
    ------------------------------------------------------------------------


    ------------------------------------------------------------------------
         total  cpu-time : 55 minutes and 15 seconds
         total wall-time :  7 minutes and 46 seconds
    ------------------------------------------------------------------------

   ****  rirpa : all done  ****


    2017-11-10 14:22:56.270 

