 
 
    *************************************************************************
    *************************** PROGRAM RIRPA *******************************
    ******                                                             ******
    ******              H. Eshuis, J. E. Bates and F. Furche           ******
    ******                                                             ******
    ****** Nov 2011                                                    ******
    ****** Copyright TURBOMOLE GmbH                                    ******
    *************************************************************************
    
    
                                References:                                  
    
                   RIRPA:                                                    
                     H. Eshuis, J. Yarkony and F. Furche                     
                     Fast computation of molecular random phase              
                     approximation correlation energies using resolution     
                     of the identity imaginary frequency integration         
                     J. Chem. Phys. 132: 234114 (2010)                       
    
                     H. Eshuis, J. E. Bates and F. Furche                    
                     Electron correlation methods based on                   
                     the random phase approximation                          
                     Theor. Chem. Acc.  131: 1084 (2012)                     
    
                   TWO-COMPONENT RIRPA:                                      
                     M. Kuehn                                                
                     Correlation energies from the                           
                     two-component random-phase approximation                
                     J. Chem. Theory Comput. 10: 623 (2014)                  
    
                   RIRPA GRADIENTS:                                          
                     Asbjoern M. Burow, Jefferson E. Bates, Filipp Furche*,  
                     and Henk Eshuis                                         
                     Analytical First-Order Molecular Properties and Forces  
                     within the Adiabatic Connection Random Phase            
                     Approximation                                           
                     J. Chem. Theory Comput. (2013, ASAP),                   
                     DOI: 10.1021/ct4008553                                  
    
    
    
 hostname is         c-15-42.local

 rirpa (c-15-42.local) : TURBOMOLE V7.0( ) 18 Nov 2015 at 09:57:41
 Copyright (C) 2015 TURBOMOLE GmbH, Karlsruhe


    2016-02-17 17:26:47.785 

 number of mkl threads =           0
 
                FOUND RI-J FLAG
 
  HF exact exchange energy will be computed using RI-J.


              +--------------------------------------------------+
              | Atomic coordinate, charge and isotop information |
              +--------------------------------------------------+

                    atomic coordinates            atom    charge  isotop
         -0.27393470    6.18819168   -1.19322977    c      0.000     0
         -2.46344699    5.77825339   -2.60449615    c      0.000     0
         -4.69406082    5.39705784   -1.25235930    c      0.000     0
         -4.71896741    5.33938339    1.40380196    c      0.000     0
         -2.51326017    5.65638495    2.81229043    c      0.000     0
         -0.29785863    6.12649212    1.46128742    c      0.000     0
         -7.42369463    4.94664161   -2.11437678    c      0.000     0
         -8.01020893    2.21933216   -1.35181559    c      0.000     0
         -8.03725091    2.16388760    1.30729364    c      0.000     0
         -7.46489066    4.85601035    2.19433109    c      0.000     0
         -8.21278757    0.01810358   -2.78447366    c      0.000     0
         -8.41651894   -2.24308602   -1.44717117    c      0.000     0
         -8.44656559   -2.29788808    1.20944362    c      0.000     0
         -8.27108562   -0.09424064    2.64331112    c      0.000     0
         -8.82968866    6.36030794    0.05739098    c      0.000     0
          2.39027679    6.99321501   -1.97848657    c      0.000     0
          2.35234999    6.89052730    2.33048586    c      0.000     0
          4.24147141    4.87579578    1.47132187    c      0.000     0
          4.26509298    4.93957404   -1.18370555    c      0.000     0
          5.91295307    3.35513316    2.83024283    c      0.000     0
          7.66850865    1.97164576    1.43095732    c      0.000     0
          7.69269714    2.03631219   -1.22333311    c      0.000     0
          5.96134896    3.48626126   -2.58482410    c      0.000     0
          2.91214356    8.90127149    0.22748523    c      0.000     0
          9.87956381    0.34202153   -2.07607203    c      0.000     0
          9.16122222   -2.35520347   -1.32190122    c      0.000     0
          9.13548415   -2.42066359    1.33913553    c      0.000     0
          9.83927485    0.23553547    2.23913649    c      0.000     0
          8.55002809   -4.47912337   -2.72959602    c      0.000     0
          7.90073709   -6.70059092   -1.42800935    c      0.000     0
          7.87418644   -6.76523845    1.20657124    c      0.000     0
          8.49702128   -4.61078059    2.62830669    c      0.000     0
         11.77284263    0.92596581    0.11506542    c      0.000     0
         -8.31764847   -5.08264520    1.98096211    c      0.000     0
         -5.66577689   -5.91321763    1.16915466    c      0.000     0
         -5.63425626   -5.85826440   -1.48989788    c      0.000     0
         -8.26696602   -4.99384697   -2.32929533    c      0.000     0
         -3.49926257   -6.47956855    2.52781106    c      0.000     0
         -1.27490374   -7.03089615    1.18478270    c      0.000     0
         -1.24351538   -6.97650983   -1.44679322    c      0.000     0
         -3.43540873   -6.36901957   -2.81856432    c      0.000     0
         -9.87669143   -6.27071602   -0.21820668    c      0.000     0
         -2.45294011    5.84171039   -4.65828830    h      0.000     0
         -2.54030215    5.62747214    4.86674399    h      0.000     0
         -7.86022136    5.46728006   -4.05896166    h      0.000     0
         -7.93792690    5.29540947    4.15038661    h      0.000     0
         -8.11773434    0.05695635   -4.83605484    h      0.000     0
         -8.21892918   -0.14040665    4.69617731    h      0.000     0
         -8.40519948    8.38335425    0.10380266    h      0.000     0
        -10.87140547    6.03249714    0.03110489    h      0.000     0
          2.58575006    7.68646105   -3.90969219    h      0.000     0
          2.51428062    7.49055314    4.29570655    h      0.000     0
          5.92036080    3.32542667    4.88460190    h      0.000     0
          6.00539847    3.55672914   -4.63769029    h      0.000     0
          1.57809140   10.48166835    0.25358235    h      0.000     0
          4.86727311    9.57563916    0.26070662    h      0.000     0
         10.52462183    0.60197226   -4.01470427    h      0.000     0
         10.44833358    0.39867552    4.19987854    h      0.000     0
          8.55318394   -4.43267390   -4.78236772    h      0.000     0
          7.42214505   -8.39155566   -2.48982756    h      0.000     0
          7.37512867   -8.50599747    2.17420550    h      0.000     0
          8.46002044   -4.66543147    4.68064376    h      0.000     0
         12.34503281    2.91199238    0.16958402    h      0.000     0
         13.42257354   -0.32125344    0.09956967    h      0.000     0
         -8.86591471   -5.52843160    3.91606057    h      0.000     0
         -8.76902846   -5.35979244   -4.29349557    h      0.000     0
         -3.50574433   -6.49980752    4.58215124    h      0.000     0
          0.44499271   -7.48906025    2.20842845    h      0.000     0
          0.50075853   -7.39238186   -2.44683629    h      0.000     0
         -3.39254974   -6.30418307   -4.87158169    h      0.000     0
        -11.84561598   -5.64075692   -0.22848679    h      0.000     0
         -9.76051107   -8.33473160   -0.25925153    h      0.000     0
          0.45224926   -0.84580362   -2.67537977    c      6.000     0
          0.39459371   -0.96459181    2.64450165    c      6.000     0
          2.65068105   -1.59445642    1.27424233    c      6.000     0
          2.67838444   -1.53842604   -1.28667673    c      6.000     0
         -1.86313769   -0.39368665    1.25324747    c      6.000     0
         -1.83501856   -0.33633346   -1.30876763    c      6.000     0
          0.39835427   -0.91583687    5.28048063    c      6.000     0
          0.51181343   -0.67722115   -5.30584076    c      6.000     0
          2.77402348   -1.11680925   -6.67834885    c      6.000     0
         -1.67832247   -0.01780122   -6.70601444    c      6.000     0
          2.63210504   -1.41763475    6.67793311    c      6.000     0
         -1.82245188   -0.32546753    6.66298537    c      6.000     0
         -3.49875235    0.52904773   -7.81566162    n      7.000     0
          4.65792925   -1.46516136   -7.76197450    n      7.000     0
          4.49465692   -1.81661263    7.78079617    n      7.000     0
         -3.66775055    0.16586126    7.75745806    n      7.000     0
          4.38153791   -2.03474372   -2.30489896    h      1.000     0
          4.33176252   -2.13518266    2.30622177    h      1.000     0
         -3.59287960    0.00411960    2.26776585    h      1.000     0
         -3.54227274    0.10761990   -2.34208877    h      1.000     0
 
       center of nuclear mass  :   -0.02444991   -0.00205921   -0.00030076
       center of nuclear charge:    0.45423438   -0.79837168   -0.01302403
              +-------------------------------------------------+
              |        Rotational Constants Section             |
              +-------------------------------------------------+
                                   Center of Mass [a.u]:
              -0.02444991459688        -0.00205921483693        -0.00030075799698
                     Principal Moments of Inertia [a.u.]
           22541.33973454828811     35879.78578130459209     41199.22859550063004
                       Rotational constants A,B,C [a.u.]
               0.00002218146773         0.00001393542322         0.00001213614956
                     Rotational constants A,B,C [cm**-1]
               0.00267063480878         0.00167781621938         0.00146118479845
                        Rotational constants A,B,C [MHz]
              80.06361737457840        50.29966484798879        43.80521823203143

   * BASIS SET information:

              +--------------------------------------------------+
              |               basis set information              |
              +--------------------------------------------------+

              we will work with the 1s 3p 5d 7f 9g ... basis set
              ...i.e. with spherical basis functions...

   type   atoms  prim   cont   basis
   ---------------------------------------------------------------------------
    c       54     50     30   cc-pVTZ   [4s3p2d1f|18s5p2d1f]
    h       34     16     14   cc-pVTZ   [3s2p1d|5s2p1d]
    n        4     50     30   cc-pVTZ   [4s3p2d1f|18s5p2d1f]
   ---------------------------------------------------------------------------
   total:   92   3444   2216
   ---------------------------------------------------------------------------

   total number of primitive shells          :   60
   total number of contracted shells         :  784
   total number of cartesian basis functions : 2540
   total number of SCF-basis functions       : 2216


   * AUXILIARY BASIS SET information:

              +--------------------------------------------------+
              |               basis set information              |
              +--------------------------------------------------+

              we will work with the 1s 3p 5d 7f 9g ... basis set
              ...i.e. with spherical basis functions...

   type   atoms  prim   cont   basis
   ---------------------------------------------------------------------------
    c       54     81     81   cc-pVTZ   [8s6p5d3f1g|8s6p5d3f1g]
    h       34     30     30   cc-pVTZ   [4s3p2d1f|4s3p2d1f]
    n        4     81     81   cc-pVTZ   [8s6p5d3f1g|8s6p5d3f1g]
   ---------------------------------------------------------------------------
   total:   92   5718   5718
   ---------------------------------------------------------------------------

   total number of primitive shells          :   56
   total number of contracted shells         : 1674
   total number of cartesian basis functions : 7048
   total number of SCF-basis functions       : 5718


   * RIJ AUXILIARY BASIS SET information:

              +--------------------------------------------------+
              |               basis set information              |
              +--------------------------------------------------+

              we will work with the 1s 3p 5d 7f 9g ... basis set
              ...i.e. with spherical basis functions...

   type   atoms  prim   cont   basis
   ---------------------------------------------------------------------------
    c       54     70     49   cc-pVTZ   [6s4p3d1f1g|12s5p4d2f1g]
    h       34     16     11   cc-pVTZ   [3s1p1d|5s2p1d]
    n        4     70     49   cc-pVTZ   [6s4p3d1f1g|12s5p4d2f1g]
   ---------------------------------------------------------------------------
   total:   92   4604   3216
   ---------------------------------------------------------------------------

   total number of primitive shells          :   56
   total number of contracted shells         : 1040
   total number of cartesian basis functions : 3946
   total number of SCF-basis functions       : 3216


 reading orbital data $scfmo  from file mos . 

 orbital characterization : scfconv=9
 

 integral neglect threshold       :  0.33E+02

 scfconv           9

 MAXIMUM CORE MEMORY WHICH CAN BE ALLOCATED DYNAMICALLY = 10000 MiB
              ( or 1310720000 double words )


 there are 1 real representations :   a   

 maximum number of shells which are related by symmetry :  1


         --------------------------------------------------------------
                   checking mo's by calculating trace(D*S)

              number of electrons : 
                 from trace(D*S)         :  104.000000000026
                 from occupation numbers :  104.000000000000

              molecular charge           :    0.000000000000
         --------------------------------------------------------------

 time elapsed for calculating density matrices :   0.885 sec

     total memory allocated for calculation of (Q|P)**(-1/2) : 375 MiB


     calculation of (P|Q) ...
     time in lp2sym        cpu:  1.49 sec    wall:  1.49 sec    ratio:  1.0


     calculation of the Cholesky decomposition of (P|Q)**(-1) ...
     time in invmetri      cpu: 16.38 sec    wall: 16.40 sec    ratio:  1.0

   threshold for RMS(d[D]) in SCF was     :  0.10E-06
   integral neglect threshold             :  0.47E-14
   derivative integral neglect threshold  :  0.10E-06


 setting up bound for integral derivative estimation

 increment for numerical differentiation : 0.00050000
 total memory allocated for calculation of (Q|P)**(-1/2) : 375 MiB
 Dividing biap into           51  block chunks,
 using                    94 MB per block
 Reserved                   4814 MB for BLAS routines
 Estimated total memory usage:                   9881 MB
 number of passes:            1
 
 Number of eigenvalues < 6e-3:            0
 
 
            -----------------------------
            Complex frequency integration
            -----------------------------
 
 Number of Clenshaw-Curtis nodes:          100
 Optimized scaling parameter    :   0.919935915393556     
 Sensitivity measure            :  -1.481099964895094E-010
 
 Allocatable memory for RI due to $ricore (MB):        5000

 there are 1 real representations :   a   

 maximum number of shells which are related by symmetry :  1

  
           ------------------------
               RI-J - INFORMATION
           ------------------------
 Contributions to RI integral batches: 
  neglected integral batches:      101996
  direct contribution:             151407
  memory contribution:       54317
 
          -----------------
          -S,T+V- integrals
          -----------------

 1e-integrals will be neglected if expon. factor < 0.472947E-14

          ------------------------
          nuclear repulsion energy  :   836.883176677    
          ------------------------


                  -------------------------------------------- 
                 |  HXX+RIRPA total energy     =   -678.41439859805  |
                  --------------------------------------------- 
                 :  RIRPA correlation energy   =     -3.87552535412  :
                 :  HXX total energy           =   -674.53887324393  :
                 :  Hartree energy             =   1152.67446027652  :
                 :  Exact Exchange energy      =    -89.77905188108  :
                  ............................................. 


    ------------------------------------------------------------------------
    Rirpa profiling                cpu                    wall         ratio
    ------------------------------------------------------------------------
    module                         sec     %               sec     %
    ------------------------------------------------------------------------
    RIRPA                     62568.9  100.00        62811.5  100.00   1.0
    RIRPA_energy              62568.9  100.00        62811.5  100.00   1.0
    ccmkbaoi                   1106.6    1.77         1107.5    1.76   1.0
    ecrpa                     45510.6   72.74        45742.0   72.82   1.0
    tread                       466.4    0.75          473.9    0.75   1.0
    tqbuild                   43899.5   70.16        44119.7   70.24   1.0
    trpaln                      768.3    1.23          770.9    1.23   1.0
    ehxx                      15892.2   25.40        15902.1   25.32   1.0
    ------------------------------------------------------------------------
    sum                      232840.7  372.13       233798.3  372.22   1.0
    ------------------------------------------------------------------------


    ------------------------------------------------------------------------
         total  cpu-time : 17 hours 22 minutes and 50 seconds
         total wall-time : 17 hours 26 minutes and 53 seconds
    ------------------------------------------------------------------------


   ****  rirpa : all done  ****


    2016-02-18 10:53:40.349 

                                 ****   rirpa : all done  ****
