
 rirpa (gplogin2.gp.local) : TURBOMOLE rev. svn2git-286-ge2660016d compiled 29 Jan 2019 at 20:14:24
 Copyright (C) 2019 TURBOMOLE GmbH, Karlsruhe


    2019-09-24 14:32:35.491 

 
 
    *************************************************************************
    *************************** PROGRAM RIRPA *******************************
    ******                                                             ******
    ******              H. Eshuis, J. E. Bates and F. Furche           ******
    ******                                                             ******
    ****** Nov 2011                                                    ******
    ****** Copyright TURBOMOLE GmbH                                    ******
    *************************************************************************
    
    
                                References:                                  
    
                   RIRPA:                                                    
                     H. Eshuis, J. Yarkony, and F. Furche                    
                     Fast Computation of Molecular Random Phase              
                     Approximation Correlation Energies Using Resolution     
                     of the Identity and Imaginary Frequency Integration     
                     J. Chem. Phys. 132: 234114 (2010)                       
    
                     H. Eshuis, J. E. Bates, and F. Furche                   
                     Electron Correlation Methods Based on                   
                     the Random Phase Approximation                          
                     Theor. Chem. Acc.  131: 1084 (2012)                     
    
                     G. P. Chen, V. K. Voora, M. M. Agee,                    
                     S. G. Balasubramani, and F. Furche                      
                     Random-Phase Approximation Methods                      
                     Annu. Rev. Phys. Chem. 68: 421 (2017)                   
    
                   TWO-COMPONENT RIRPA:                                      
                     M. Kuehn                                                
                     Correlation Energies from the                           
                     Two-Component Random-Phase Approximation                
                     J. Chem. Theory Comput. 10: 623 (2014)                  
    
                   RIRPA GRADIENTS:                                          
                     A. M. Burow, J. E. Bates, F. Furche*, and H. Eshuis     
                     Analytical First-Order Molecular Properties and Forces  
                     within the Adiabatic Connection Random Phase            
                     Approximation                                           
                     J. Chem. Theory Comput. 10: 180 (2014)                  
    
                   RI-AXK/RI-ACSOSEX/RI-ACSOX:                               
                     G. P. Chen, M. M. Agee, and F. Furche                   
                     Performance and Scope of Perturbative Corrections to    
                     Random-Phase Approximation Energies                     
                     J. Chem. Theory Comput. 14: 5701 (2018)                 
    
                   GKS-RPA:                                                  
                     V. K. Voora, S. G. Balasubramani, and F. Furche         
                     Variational Generalized Kohn-Sham Approach Combining    
                     the Random-Phase-Approximation and Green’s-Function     
                     Methods                                                 
                     Phys. Rev. A (accepted)                                 
    
    
    

   *-----------------------------------------------------------------------*
   |                     program will use  1 thread(s)                     |
   *-----------------------------------------------------------------------*

 MAXIMUM CORE MEMORY WHICH CAN BE ALLOCATED DYNAMICALLY = 3000 MiB
              ( or 393216000 double words per process)

  HF exact exchange energy will be computed using RI-J.
 
  The HXX energy will NOT be computed due to nohxx option. 
 


              +--------------------------------------------------+
              | Atomic coordinate, charge and isotop information |
              +--------------------------------------------------+

                    atomic coordinates            atom    charge  isotop
         -1.18608996    0.16528918    0.00278033    o      8.000     0
          0.64931374    0.23111980   -0.00113468    h      1.000     0
         -1.84802220   -2.41612070    0.00234025    c      6.000     0
         -3.89924596   -2.53609434    0.00946560    h      1.000     0
         -1.16196177   -3.41355562   -1.67313320    h      1.000     0
         -1.15016353   -3.41707238    1.67084432    h      1.000     0
          4.29409396    0.03105255   -0.00307428    n      7.000     0
          5.61003950   -0.01512353   -2.16628083    c      6.000     0
          4.50553502    0.02876259   -3.88777492    h      1.000     0
          8.23607297   -0.10912392   -2.25828262    c      6.000     0
          9.19482996   -0.14180113   -4.06067076    h      1.000     0
          9.57848383   -0.15771373    0.00109856    c      6.000     0
         11.62002300   -0.22907877    0.00270350    h      1.000     0
          8.23253120   -0.11043069    2.25845174    c      6.000     0
          9.18835229   -0.14411379    4.06216829    h      1.000     0
          5.60665537   -0.01641741    2.16216247    c      6.000     0
          4.49926492    0.02643105    3.88203754    h      1.000     0
 
       center of nuclear mass  :    4.50103108   -0.36459726   -0.00000150
       center of nuclear charge:    4.44184083   -0.41675502    0.00003610
              +-------------------------------------------------+
              |        Rotational Constants Section             |
              +-------------------------------------------------+
                                   Center of Mass [a.u]:
               4.50103107750813        -0.36459726159613        -0.00000149516161
                     Principal Moments of Inertia [a.u.]
             368.10185928818260      2008.73277510458865      2249.33249012527631
                       Rotational constants A,B,C [a.u.]
               0.00135831968077         0.00024891314873         0.00022228816869
                     Rotational constants A,B,C [cm**-1]
               0.16354083788890         0.02996898703628         0.02676335613376
                        Rotational constants A,B,C [MHz]
            4902.83097740929679       898.44762873752200       802.34523196681562

   * BASIS SET information:

              +--------------------------------------------------+
              |               basis set information              |
              +--------------------------------------------------+

              we will work with the 1s 3p 5d 7f 9g ... basis set
              ...i.e. with spherical basis functions...

   type   atoms  prim   cont   basis
   ---------------------------------------------------------------------------
    o        1     50     30   cc-pVTZ   [4s3p2d1f|18s5p2d1f]
    h        9     16     14   cc-pVTZ   [3s2p1d|5s2p1d]
    c        6     50     30   cc-pVTZ   [4s3p2d1f|18s5p2d1f]
    n        1     50     30   cc-pVTZ   [4s3p2d1f|18s5p2d1f]
   ---------------------------------------------------------------------------
   total:   17    544    366
   ---------------------------------------------------------------------------

   total number of primitive shells          :   86
   total number of contracted shells         :  134
   total number of cartesian basis functions :  415
   total number of SCF-basis functions       :  366


   * AUXILIARY BASIS SET information:

              +--------------------------------------------------+
              |               basis set information              |
              +--------------------------------------------------+

              we will work with the 1s 3p 5d 7f 9g ... basis set
              ...i.e. with spherical basis functions...

   type   atoms  prim   cont   basis
   ---------------------------------------------------------------------------
    o        1     81     81   cc-pVTZ   [8s6p5d3f1g|8s6p5d3f1g]
    h        9     30     30   cc-pVTZ   [4s3p2d1f|4s3p2d1f]
    c        6     81     81   cc-pVTZ   [8s6p5d3f1g|8s6p5d3f1g]
    n        1     81     81   cc-pVTZ   [8s6p5d3f1g|8s6p5d3f1g]
   ---------------------------------------------------------------------------
   total:   17    918    918
   ---------------------------------------------------------------------------

   total number of primitive shells          :   79
   total number of contracted shells         :  274
   total number of cartesian basis functions : 1123
   total number of SCF-basis functions       :  918


 reading orbital data $scfmo  from file mos
 orbital characterization : scfconv=9

 integral neglect threshold       :  0.31E+02

 scfconv                     9

 there are 1 real representations :   a   

 maximum number of shells which are related by symmetry :  1

 entered riccmos at 2019-09-24 14:32:35.906
  MOs are in ASCII format !


 reading orbital data $scfmo  from file mos
 orbital characterization : scfconv=9
 time elapsed for calculating density matrices :   0.008 sec



              +--------------------------------------------+
              | list of orbitals that will be kept frozen: |
              +--------------------------------------------+
              |   irrep   index      energy     occ/vir    |
              +--------------------------------------------+
              |   a         1      -20.5114     occupied   |
              |   a         2      -15.5831     occupied   |
              |   a         3      -11.2889     occupied   |
              |   a         4      -11.2889     occupied   |
              |   a         5      -11.2721     occupied   |
              |   a         6      -11.2531     occupied   |
              |   a         7      -11.2530     occupied   |
              |   a         8      -11.2436     occupied   |
              +--------------------------------------------+



   Molecular Orbital Statistic:
   ============================

   -----------------------------
   orbitals in total:
   -----------------------------
    frozen occupied :      8
    active occupied :     22
    active virtual  :    336
    frozen virtual  :      0
    all together    :    366
   -----------------------------


     time in riccmoinp     cpu:  0.09 sec    wall:  0.09 sec    ratio:  1.0
     time in scfdens       cpu:  0.01 sec    wall:  0.01 sec    ratio:  0.8
     time in mkiao         cpu:  0.00 sec    wall:  0.00 sec    ratio:  0.0
     time in ricclmos      cpu:  0.00 sec    wall:  0.00 sec    ratio:  0.0
     time in riccmos       cpu:  0.14 sec    wall:  0.22 sec    ratio:  0.7
 leave riccmos at 2019-09-24 14:32:36.124

     total memory allocated for calculation of (Q|P)**(-1/2) : 10 MiB


     calculation of (P|Q) ...
     time in lp2sym        cpu:  0.05 sec    wall:  0.05 sec    ratio:  1.0


     calculation of the Cholesky decomposition of (P|Q)**(-1) ...
     time in invmetri      cpu:  0.10 sec    wall:  0.13 sec    ratio:  0.8

   threshold for RMS(d[D]) in SCF was     :  0.10E-06
   integral neglect threshold             :  0.30E-13
   derivative integral neglect threshold  :  0.10E-06


 setting up bound for integral derivative estimation

 increment for numerical differentiation : 0.00050000
 
 Occupied orbital block size for RIRPA:                    22
 
 Number of passes for spin                     1 is                     1
 
 Number of eigenvalues < 6e-3:                      0
 
 
            -----------------------------
            Complex frequency integration
            -----------------------------
 
 Number of Clenshaw-Curtis nodes:                      1
 Optimized scaling parameter    :    1.13758329644115     
 Sensitivity measure            :  -0.101355135867982     
 
 
 ifreq =                     1
 Largest eigenvalues of the Q matrix:


 918-th eigenvalue:  0.1486728391072670E+01
 Done with rirpa frequency point #                     1
 


   2-th order dMPn correlation energy: -0.1622028664032287E+01


   3-th order dMPn correlation energy:  0.9467687113492890E+00


   4-th order dMPn correlation energy: -0.7945211628303291E+00


   5-th order dMPn correlation energy:  0.7835667951282326E+00


   6-th order dMPn correlation energy: -0.8410493955078354E+00


   7-th order dMPn correlation energy:  0.9510149722260868E+00


   8-th order dMPn correlation energy: -0.1115041102387619E+01


   9-th order dMPn correlation energy:  0.1343731748491365E+01


  10-th order dMPn correlation energy: -0.1655294798126202E+01
 
 sum  -2.00285289568930     
 


 RI-RPA correlation energy: -0.1085576176249600E+01
 
 HXX Energy calculation skipped due to nohxx option
 

                  --------------------------------------------------- 
                 |  HXX+RIRPA total energy     =     -1.08557617625  |
                  ---------------------------------------------------- 
                 :  RIRPA correlation energy   =     -1.08557617625  :
                 :  HXX total energy           =      0.00000000000  :
                 :  Hartree energy             =      0.00000000000  :
                 :  Exact Exchange energy      =      0.00000000000  :
                  .................................................... 


    ------------------------------------------------------------------------
    Rirpa profiling                cpu                    wall         ratio
    ------------------------------------------------------------------------
    module                         sec     %               sec     %
    ------------------------------------------------------------------------
    RIRPA                         4.5  100.00            4.9  100.00   0.9
    STARTUP                       0.2    3.81            0.4    7.35   0.5
    riccsym                       0.0    0.13            0.1    1.04   0.1
    riccmos                       0.1    3.22            0.2    4.44   0.7
    riccaux                       0.2    3.45            0.2    3.72   0.8
    riccbound                     0.5   11.47            0.5   10.46   1.0
    ccmkbaoi                      3.0   66.09            3.0   60.92   1.0
    cc3idxnrm                     0.0    0.56            0.0    0.53   1.0
    ecrpa                         0.5   11.07            0.5   10.79   0.9
    rpa3idxget                    0.0    0.88            0.0    0.81   1.0
    qbuild                        0.2    5.21            0.2    4.76   1.0
    rparenrm                      0.2    4.01            0.2    3.64   1.0
    ------------------------------------------------------------------------
    sum                           9.4  209.89           10.2  208.47   0.9
    ------------------------------------------------------------------------


    ------------------------------------------------------------------------
         total  cpu-time :   4.53 seconds
         total wall-time :   5.07 seconds
    ------------------------------------------------------------------------

   ****  rirpa : all done  ****


    2019-09-24 14:32:40.497 

