
   OpenMP run-time library returned nthreads = 20

 rirpa (c-12-33) : TURBOMOLE rev. svn2git-286-ge2660016d compiled 29 Jan 2019 at 20:14:24
 Copyright (C) 2019 TURBOMOLE GmbH, Karlsruhe


    2019-09-06 19:36:03.161 

 
 
    *************************************************************************
    *************************** PROGRAM RIRPA *******************************
    ******                                                             ******
    ******              H. Eshuis, J. E. Bates and F. Furche           ******
    ******                                                             ******
    ****** Nov 2011                                                    ******
    ****** Copyright TURBOMOLE GmbH                                    ******
    *************************************************************************
    
    
                                References:                                  
    
                   RIRPA:                                                    
                     H. Eshuis, J. Yarkony, and F. Furche                    
                     Fast Computation of Molecular Random Phase              
                     Approximation Correlation Energies Using Resolution     
                     of the Identity and Imaginary Frequency Integration     
                     J. Chem. Phys. 132: 234114 (2010)                       
    
                     H. Eshuis, J. E. Bates, and F. Furche                   
                     Electron Correlation Methods Based on                   
                     the Random Phase Approximation                          
                     Theor. Chem. Acc.  131: 1084 (2012)                     
    
                     G. P. Chen, V. K. Voora, M. M. Agee,                    
                     S. G. Balasubramani, and F. Furche                      
                     Random-Phase Approximation Methods                      
                     Annu. Rev. Phys. Chem. 68: 421 (2017)                   
    
                   TWO-COMPONENT RIRPA:                                      
                     M. Kuehn                                                
                     Correlation Energies from the                           
                     Two-Component Random-Phase Approximation                
                     J. Chem. Theory Comput. 10: 623 (2014)                  
    
                   RIRPA GRADIENTS:                                          
                     A. M. Burow, J. E. Bates, F. Furche*, and H. Eshuis     
                     Analytical First-Order Molecular Properties and Forces  
                     within the Adiabatic Connection Random Phase            
                     Approximation                                           
                     J. Chem. Theory Comput. 10: 180 (2014)                  
    
                   RI-AXK/RI-ACSOSEX/RI-ACSOX:                               
                     G. P. Chen, M. M. Agee, and F. Furche                   
                     Performance and Scope of Perturbative Corrections to    
                     Random-Phase Approximation Energies                     
                     J. Chem. Theory Comput. 14: 5701 (2018)                 
    
                   GKS-RPA:                                                  
                     V. K. Voora, S. G. Balasubramani, and F. Furche         
                     Variational Generalized Kohn-Sham Approach Combining    
                     the Random-Phase-Approximation and Green’s-Function     
                     Methods                                                 
                     Phys. Rev. A (accepted)                                 
    
    
    
      ... OpenMP parallelization enabled, threads:   20

   *-----------------------------------------------------------------------*
   |                     program will use 20 thread(s)                     |
   *-----------------------------------------------------------------------*

 MAXIMUM CORE MEMORY WHICH CAN BE ALLOCATED DYNAMICALLY = 114440 MiB
              ( or 15000000000 double words per process)

 
                FOUND RI-J FLAG
 
  HF exact exchange energy will be computed using RI-J.
 
  The HXX energy will NOT be computed due to nohxx option. 
 


              +--------------------------------------------------+
              | Atomic coordinate, charge and isotop information |
              +--------------------------------------------------+

                    atomic coordinates            atom    charge  isotop
         -0.20018604   -7.87471963   -2.09254772    c      6.000     0
          0.14048088   -7.78855065    2.40059653    c      6.000     0
          1.20752687   -2.47808280    6.62432958    c      6.000     0
          0.38048851   -6.37138420    4.80489514    c      6.000     0
         -0.43160402   -6.54951225   -4.54962049    c      6.000     0
         -1.22658032   -2.72228674   -6.51743765    c      6.000     0
         -0.03156601  -11.49360139    0.22424241    c      6.000     0
          1.95946924    0.20465048    6.21240842    c      6.000     0
          4.31732221    0.74017558    5.08327056    c      6.000     0
          0.29504563    2.18507429    6.88434032    c      6.000     0
         -1.95586029   -0.01922565   -6.21154766    c      6.000     0
         -0.27677211    1.91863032   -6.96582757    c      6.000     0
         -4.30915690    0.58110258   -5.10539054    c      6.000     0
          5.05336242    3.34022784    4.68510069    c      6.000     0
         -5.02577334    3.20106925   -4.81811512    c      6.000     0
          1.05924493    4.77693321    6.48480601    c      6.000     0
         -1.02176169    4.53059988   -6.67688095    c      6.000     0
         -0.03204465   -6.47630691    0.12819203    c      6.000     0
         -3.37852768    5.09837874   -5.63582048    c      6.000     0
          3.41979449    5.28253776    5.42038007    c      6.000     0
         -0.90650469   -3.81776637   -8.90981543    c      6.000     0
          0.87956774   -3.47807057    9.05696306    c      6.000     0
         -6.03177816   -1.30074758   -4.22509558    c      6.000     0
          6.02647310   -1.19023914    4.28514102    c      6.000     0
          2.20139976    1.40987732   -7.89054036    c      6.000     0
         -2.18657799    1.73429082    7.82943670    c      6.000     0
          0.06252407   -7.52664554    7.15917791    c      6.000     0
         -0.12262301   -7.79697437   -6.85758807    c      6.000     0
         -7.37731692    3.80103816   -3.65444222    c      6.000     0
          7.40953243    3.87269520    3.49808695    c      6.000     0
          0.71116379    6.47359495   -7.36886379    c      6.000     0
         -0.65946218    6.76025040    7.09305437    c      6.000     0
          0.30013978   -6.03371594    9.31290024    c      6.000     0
         -0.34821139   -6.38598709   -9.06716633    c      6.000     0
         -8.27391543   -0.64638514   -3.09874551    c      6.000     0
          8.27388125   -0.60099858    3.13375965    c      6.000     0
          3.82390490    3.33956272   -8.51760555    c      6.000     0
         -8.95648947    1.93031696   -2.79979377    c      6.000     0
         -3.79490143    3.70072318    8.37336760    c      6.000     0
          8.97558501    1.95564500    2.72601583    c      6.000     0
         -3.02420885    6.24525058    8.01874392    c      6.000     0
          3.07161725    5.90234954   -8.27221529    c      6.000     0
         -0.96623821   -4.06816982   -4.38705349    n      7.000     0
          0.93463579   -3.90248213    4.54701095    n      7.000     0
          0.10554206  -10.33600376    2.46911960    n      7.000     0
         -0.16571397  -10.42291322   -2.06350296    n      7.000     0
         -5.52888817   -3.27555082   -4.41711073    h      1.000     0
         -0.03511093   -4.43927831    0.08728609    h      1.000     0
          2.83236466   -0.53545467   -8.03468801    h      1.000     0
          5.50935321   -3.15139416    4.56123835    h      1.000     0
         -2.83184000   -0.19847335    8.05601913    h      1.000     0
         -9.52895647   -2.10940058   -2.39820891    h      1.000     0
         -3.92715037    7.06644070   -5.40605537    h      1.000     0
          3.98257509    7.23493035    5.10669474    h      1.000     0
         -0.35721702   -9.53005090    7.25230480    h      1.000     0
          0.28148120   -9.80567179   -6.87338031    h      1.000     0
         -1.12559083   -2.67141720  -10.59669494    h      1.000     0
        -10.72589693    2.41303543   -1.87962821    h      1.000     0
          1.10912985   -2.26969258   10.69853495    h      1.000     0
          7.92573692    5.83551597    3.18331781    h      1.000     0
         -7.87967444    5.77922830   -3.42525112    h      1.000     0
         -0.05921975    8.69924848    6.77637008    h      1.000     0
          0.12561351    8.42869880   -7.13412106    h      1.000     0
         -0.03362509  -13.54968985    0.26382633    h      1.000     0
          9.51807018   -2.10170030    2.49641206    h      1.000     0
         -5.69172448    3.30384552    9.04846421    h      1.000     0
          5.71802144    2.90061961   -9.17403300    h      1.000     0
         10.75009737    2.38566125    1.78965968    h      1.000     0
         -4.33369591    7.76892151    8.42994064    h      1.000     0
          4.39168670    7.39749361   -8.74903426    h      1.000     0
         -0.10685690   -7.27991648  -10.89910092    h      1.000     0
          0.05173235   -6.85454176   11.17779719    h      1.000     0
          2.44708640    1.91961895   -1.11989624    c      6.000     0
         -2.43984093    1.98960179    1.05034308    c      6.000     0
         -1.16926833   -0.35056112    0.56103313    c      6.000     0
          1.16264323   -0.38495217   -0.51252382    c      6.000     0
         -1.17079523    4.30208170    0.41170836    c      6.000     0
          1.19557964    4.26912272   -0.59197886    c      6.000     0
         -4.85912328    2.00530366    2.12114805    c      6.000     0
          4.86350260    1.86690873   -2.19625118    c      6.000     0
          6.07016858   -0.44533712   -2.81739403    c      6.000     0
         -6.08756385   -0.26716773    2.83899207    c      6.000     0
         -6.18254576    4.29560535    2.54802137    c      6.000     0
          6.20609564    4.12426322   -2.72505056    c      6.000     0
          7.03568300   -2.35386544   -3.33760336    n      7.000     0
         -7.24292873    6.19716894    2.87564012    n      7.000     0
          7.28384225    5.99998349   -3.13476183    n      7.000     0
         -7.07120857   -2.14339154    3.43688136    n      7.000     0
         -2.11281301   -2.10434673    1.04105016    h      1.000     0
         -2.12183961    6.08049497    0.78457728    h      1.000     0
          2.15902028    6.02050259   -1.05111198    h      1.000     0
          2.09896318   -2.16664634   -0.89310536    h      1.000     0
 
       center of nuclear mass  :   -0.00096570   -0.18204794    0.00350054
       center of nuclear charge:   -0.00086614   -0.16435788    0.00316069
              +-------------------------------------------------+
              |        Rotational Constants Section             |
              +-------------------------------------------------+
                                   Center of Mass [a.u]:
              -0.00096569782051        -0.18204794346984         0.00350053994061
                     Principal Moments of Inertia [a.u.]
           32619.79918762802481     36351.59025794138870     40683.08315741674596
                       Rotational constants A,B,C [a.u.]
               0.00001532811398         0.00001375455644         0.00001229012064
                     Rotational constants A,B,C [cm**-1]
               0.00184549531253         0.00165603997155         0.00147972281903
                        Rotational constants A,B,C [MHz]
              55.32655759709761        49.64682936163418        44.36097410751539

   * BASIS SET information:

              +--------------------------------------------------+
              |               basis set information              |
              +--------------------------------------------------+

              we will work with the 1s 3p 5d 7f 9g ... basis set
              ...i.e. with spherical basis functions...

   type   atoms  prim   cont   basis
   ---------------------------------------------------------------------------
    c       54     50     30   cc-pVTZ   [4s3p2d1f|18s5p2d1f]
    n        8     50     30   cc-pVTZ   [4s3p2d1f|18s5p2d1f]
    h       30     16     14   cc-pVTZ   [3s2p1d|5s2p1d]
   ---------------------------------------------------------------------------
   total:   92   3580   2280
   ---------------------------------------------------------------------------

   total number of primitive shells          :   60
   total number of contracted shells         :  800
   total number of cartesian basis functions : 2620
   total number of SCF-basis functions       : 2280


   * AUXILIARY BASIS SET information:

              +--------------------------------------------------+
              |               basis set information              |
              +--------------------------------------------------+

              we will work with the 1s 3p 5d 7f 9g ... basis set
              ...i.e. with spherical basis functions...

   type   atoms  prim   cont   basis
   ---------------------------------------------------------------------------
    c       54     81     81   cc-pVTZ   [8s6p5d3f1g|8s6p5d3f1g]
    n        8     81     81   cc-pVTZ   [8s6p5d3f1g|8s6p5d3f1g]
    h       30     30     30   cc-pVTZ   [4s3p2d1f|4s3p2d1f]
   ---------------------------------------------------------------------------
   total:   92   5922   5922
   ---------------------------------------------------------------------------

   total number of primitive shells          :   56
   total number of contracted shells         : 1726
   total number of cartesian basis functions : 7312
   total number of SCF-basis functions       : 5922


   * RIJ AUXILIARY BASIS SET information:

              +--------------------------------------------------+
              |               basis set information              |
              +--------------------------------------------------+

              we will work with the 1s 3p 5d 7f 9g ... basis set
              ...i.e. with spherical basis functions...

   type   atoms  prim   cont   basis
   ---------------------------------------------------------------------------
    c       54     70     49   cc-pVTZ   [6s4p3d1f1g|12s5p4d2f1g]
    n        8     70     49   cc-pVTZ   [6s4p3d1f1g|12s5p4d2f1g]
    h       30     16     11   cc-pVTZ   [3s1p1d|5s2p1d]
   ---------------------------------------------------------------------------
   total:   92   4820   3368
   ---------------------------------------------------------------------------

   total number of primitive shells          :   56
   total number of contracted shells         : 1080
   total number of cartesian basis functions : 4142
   total number of SCF-basis functions       : 3368


 reading orbital data $scfmo  from file mos
 orbital characterization : scfconv=9

 integral neglect threshold       :  0.33E+02

 scfconv                     9

 there are 1 real representations :   a   

 maximum number of shells which are related by symmetry :  1

 entered riccmos at 2019-09-06 19:36:09.570
  MOs are in ASCII format !


 reading orbital data $scfmo  from file mos
 orbital characterization : scfconv=9
 time elapsed for calculating density matrices :  14.171 sec



              +--------------------------------------------+
              | list of orbitals that will be kept frozen: |
              +--------------------------------------------+
              |   irrep   index      energy     occ/vir    |
              +--------------------------------------------+
              |   a         1      -14.0016     occupied   |
              |   a         2      -14.0015     occupied   |
              |   a         3      -14.0003     occupied   |
              |   a         4      -14.0003     occupied   |
              |   a         5      -13.9977     occupied   |
              |   a         6      -13.9977     occupied   |
              |   a         7      -13.9964     occupied   |
              |   a         8      -13.9963     occupied   |
              |   a         9       -9.9727     occupied   |
              |   a        10       -9.9727     occupied   |
              |   a        11       -9.9571     occupied   |
              |   a       ...        ...        occupied   |
              |   a        62       -9.8999     occupied   |
              +--------------------------------------------+



   Molecular Orbital Statistic:
   ============================

   -----------------------------
   orbitals in total:
   -----------------------------
    frozen occupied :     62
    active occupied :    143
    active virtual  :   2075
    frozen virtual  :      0
    all together    :   2280
   -----------------------------


     time in riccmoinp     cpu: 13.43 sec    wall:  6.40 sec    ratio:  2.1
     time in scfdens       cpu: 14.17 sec    wall:  1.77 sec    ratio:  8.0
     time in mkiao         cpu:  0.00 sec    wall:  0.00 sec    ratio:  0.0
     time in ricclmos      cpu:  0.00 sec    wall:  0.00 sec    ratio:  0.0
     time in riccmos       cpu: 41.18 sec    wall:  9.11 sec    ratio:  4.5
 leave riccmos at 2019-09-06 19:36:18.682

     total memory allocated for calculation of (Q|P)**(-1/2) : 402 MiB


     calculation of (P|Q) ...
     time in lp2sym        cpu: 34.88 sec    wall:  1.78 sec    ratio: 19.6


     calculation of the Cholesky decomposition of (P|Q)**(-1) ...
     time in invmetri      cpu:  5 min  0 s  wall:  0 min 17 s  ratio: 17.3

   threshold for RMS(d[D]) in SCF was     :  0.10E-06
   integral neglect threshold             :  0.46E-14
   derivative integral neglect threshold  :  0.10E-06


 setting up bound for integral derivative estimation

 increment for numerical differentiation : 0.00050000
 
 Occupied orbital block size for RIRPA:                   143
 
 Number of passes for spin                     1 is                     1
 
 Number of eigenvalues < 6e-3:                      5
 
 NB: Small gap system
 NB: hybrid method not implemented yet
 NB: most likely large grid is needed
 
            -----------------------------
            Complex frequency integration
            -----------------------------
 
 Number of Clenshaw-Curtis nodes:                      1
 Optimized scaling parameter    :   0.220577936316811     
 Sensitivity measure            :   -1.37401703733209     
 
 
 ifreq =                     1
 Largest eigenvalues of the Q matrix:


 ***-th eigenvalue:  0.6675366799893387E+01
 Done with rirpa frequency point #                     1
 


   2-th order dMPn correlation energy: -0.9418103233406915E+01
 
 sum  -9.41810323340692     
 


 RI-RPA correlation energy: -0.4117950241227857E+01
 
 HXX Energy calculation skipped due to nohxx option
 

                  --------------------------------------------------- 
                 |  HXX+RIRPA total energy     =     -4.11795024123  |
                  ---------------------------------------------------- 
                 :  RIRPA correlation energy   =     -4.11795024123  :
                 :  HXX total energy           =      0.00000000000  :
                 :  Hartree energy             =      0.00000000000  :
                 :  Exact Exchange energy      =      0.00000000000  :
                  .................................................... 


    ------------------------------------------------------------------------
    Rirpa profiling                cpu                    wall         ratio
    ------------------------------------------------------------------------
    module                         sec     %               sec     %
    ------------------------------------------------------------------------
    RIRPA                      8577.9  100.00          946.8  100.00   9.1
    STARTUP                      13.4    0.16            6.4    0.67   2.1
    riccmos                      41.2    0.48            9.1    0.96   4.5
    riccaux                     335.3    3.91           19.2    2.03  17.5
    riccbound                    29.5    0.34           23.7    2.50   1.2
    ccmkbaoi                   5435.9   63.37          643.9   68.02   8.4
    cc3idxnrm                   434.5    5.07           21.9    2.31  19.9
    ecrpa                      2283.3   26.62          202.5   21.38  11.3
    rpa3idxget                   16.3    0.19           16.3    1.72   1.0
    qbuild                     1687.7   19.67          115.8   12.23  14.6
    rparenrm                    522.7    6.09           26.5    2.80  19.7
    ------------------------------------------------------------------------
    sum                       19378.0  225.91         2032.0  214.63   9.5
    ------------------------------------------------------------------------


    ------------------------------------------------------------------------
         total  cpu-time :  2 hours 22 minutes and 58 seconds
         total wall-time : 15 minutes and 48 seconds
    ------------------------------------------------------------------------

   ****  rirpa : all done  ****


    2019-09-06 19:51:51.320 

