 hostname is c-18-313.gp.local

 rirpa (c-18-313.gp.local) : TURBOMOLE rev. 20309 compiled 9 May 2016 at 12:17:07
 Copyright (C) 2016 TURBOMOLE GmbH, Karlsruhe


    2018-04-29 09:28:04.534 

 
 
    *************************************************************************
    *************************** PROGRAM RIRPA *******************************
    ******                                                             ******
    ******              H. Eshuis, J. E. Bates and F. Furche           ******
    ******                                                             ******
    ****** Nov 2011                                                    ******
    ****** Copyright TURBOMOLE GmbH                                    ******
    *************************************************************************
    
    
                                References:                                  
    
                   RIRPA:                                                    
                     H. Eshuis, J. Yarkony and F. Furche                     
                     Fast computation of molecular random phase              
                     approximation correlation energies using resolution     
                     of the identity imaginary frequency integration         
                     J. Chem. Phys. 132: 234114 (2010)                       
    
                     H. Eshuis, J. E. Bates and F. Furche                    
                     Electron correlation methods based on                   
                     the random phase approximation                          
                     Theor. Chem. Acc.  131: 1084 (2012)                     
    
                   TWO-COMPONENT RIRPA:                                      
                     M. Kuehn                                                
                     Correlation energies from the                           
                     two-component random-phase approximation                
                     J. Chem. Theory Comput. 10: 623 (2014)                  
    
                   RIRPA GRADIENTS:                                          
                     Asbjoern M. Burow, Jefferson E. Bates, Filipp Furche*,  
                     and Henk Eshuis                                         
                     Analytical First-Order Molecular Properties and Forces  
                     within the Adiabatic Connection Random Phase            
                     Approximation                                           
                     J. Chem. Theory Comput. 10: 180 (2014)                  
    
    
    
 number of mkl threads =                     1
 
                FOUND RI-J FLAG
 
  HF exact exchange energy will be computed using RI-J.
 
  The HXX energy will NOT be computed due to nohxx option. 
 


              +--------------------------------------------------+
              | Atomic coordinate, charge and isotop information |
              +--------------------------------------------------+

                    atomic coordinates            atom    charge  isotop
          0.07967505    0.38029242    7.77907310    c      6.000     0
          0.13053186    2.61975675    7.22757319    o      8.000     0
          2.21994159   -1.04055042    7.97337464    n      7.000     0
          3.86578014   -0.24198897    7.46567656    h      1.000     0
          2.14635950   -2.91494457    8.22172798    h      1.000     0
         -2.35848925   -1.01609706    8.27881842    c      6.000     0
         -2.08022707   -2.83159732    9.19935006    h      1.000     0
         -3.31512064   -1.31525758    6.48204159    h      1.000     0
         -3.56402860    0.16920801    9.44151372    h      1.000     0
 
       center of nuclear mass  :    0.04808983    0.21181719    7.81006400
       center of nuclear charge:   -0.00113362    0.08514978    7.83724584
              +-------------------------------------------------+
              |        Rotational Constants Section             |
              +-------------------------------------------------+
                                   Center of Mass [a.u]:
               0.04808982696604         0.21181718895441         7.81006400029942
                     Principal Moments of Inertia [a.u.]
             166.88518209359302       192.82725958783124       348.46266980905989
                       Rotational constants A,B,C [a.u.]
               0.00299607187245         0.00259299437781         0.00143487392860
                     Rotational constants A,B,C [cm**-1]
               0.36072517488515         0.31219489726260         0.17275792132752
                        Rotational constants A,B,C [MHz]
           10814.26868412990552      9359.36756254120155      5179.15218737481337

   * BASIS SET information:

              +--------------------------------------------------+
              |               basis set information              |
              +--------------------------------------------------+

              we will work with the 1s 3p 5d 7f 9g ... basis set
              ...i.e. with spherical basis functions...

   type   atoms  prim   cont   basis
   ---------------------------------------------------------------------------
    c        2     77     55   cc-pVQZ   [5s4p3d2f1g|21s6p3d2f1g]
    o        1     77     55   cc-pVQZ   [5s4p3d2f1g|21s6p3d2f1g]
    n        1     77     55   cc-pVQZ   [5s4p3d2f1g|21s6p3d2f1g]
    h        5     32     30   cc-pVQZ   [4s3p2d1f|6s3p2d1f]
   ---------------------------------------------------------------------------
   total:    9    468    370
   ---------------------------------------------------------------------------

   total number of primitive shells          :  111
   total number of contracted shells         :  110
   total number of cartesian basis functions :  455
   total number of SCF-basis functions       :  370


   * AUXILIARY BASIS SET information:

              +--------------------------------------------------+
              |               basis set information              |
              +--------------------------------------------------+

              we will work with the 1s 3p 5d 7f 9g ... basis set
              ...i.e. with spherical basis functions...

   type   atoms  prim   cont   basis
   ---------------------------------------------------------------------------
    c        2    132    132   cc-pVQZ   [8s7p6d5f3g1h|8s7p6d5f3g1h]
    o        1    132    132   cc-pVQZ   [8s7p6d5f3g1h|8s7p6d5f3g1h]
    n        1    132    132   cc-pVQZ   [8s7p6d5f3g1h|8s7p6d5f3g1h]
    h        5     55     55   cc-pVQZ   [5s4p3d2f1g|5s4p3d2f1g]
   ---------------------------------------------------------------------------
   total:    9    803    803
   ---------------------------------------------------------------------------

   total number of primitive shells          :  105
   total number of contracted shells         :  195
   total number of cartesian basis functions : 1074
   total number of SCF-basis functions       :  803


   * RIJ AUXILIARY BASIS SET information:

              +--------------------------------------------------+
              |               basis set information              |
              +--------------------------------------------------+

              we will work with the 1s 3p 5d 7f 9g ... basis set
              ...i.e. with spherical basis functions...

   type   atoms  prim   cont   basis
   ---------------------------------------------------------------------------
    c        2     70     49   cc-pVQZ   [6s4p3d1f1g|12s5p4d2f1g]
    o        1     70     49   cc-pVQZ   [6s4p3d1f1g|12s5p4d2f1g]
    n        1     70     49   cc-pVQZ   [6s4p3d1f1g|12s5p4d2f1g]
    h        5     16     11   cc-pVQZ   [3s1p1d|5s2p1d]
   ---------------------------------------------------------------------------
   total:    9    360    251
   ---------------------------------------------------------------------------

   total number of primitive shells          :   80
   total number of contracted shells         :   85
   total number of cartesian basis functions :  304
   total number of SCF-basis functions       :  251


 reading orbital data $scfmo  from file mos
 orbital characterization : scfconv=9

 integral neglect threshold       :  0.31E+02

 scfconv                     9

 MAXIMUM CORE MEMORY WHICH CAN BE ALLOCATED DYNAMICALLY = 5000 MiB
              ( or 655360000 double words )


 there are 1 real representations :   a   

 maximum number of shells which are related by symmetry :  1

 time elapsed for calculating density matrices :   0.005 sec

     total memory allocated for calculation of (Q|P)**(-1/2) : 8 MiB


     calculation of (P|Q) ...
     time in lp2sym        cpu:  0.02 sec    wall:  0.02 sec    ratio:  1.0


     calculation of the Cholesky decomposition of (P|Q)**(-1) ...
     time in invmetri      cpu:  0.06 sec    wall:  0.06 sec    ratio:  1.0

   threshold for RMS(d[D]) in SCF was     :  0.10E-06
   integral neglect threshold             :  0.31E-13
   derivative integral neglect threshold  :  0.10E-06


 setting up bound for integral derivative estimation

 increment for numerical differentiation : 0.00050000
 total memory allocated for calculation of (Q|P)**(-1/2) : 8 MiB
 Dividing biap into                   1151  block chunks,
 using                     2 MiB per block
 Reserved                   2496 MiB for BLAS routines
 Estimated total memory usage:                   4997 MiB
 number of passes for ispin    1
 =    1
 
 Number of eigenvalues < 6e-3:                      0
 
 
            -----------------------------
            Complex frequency integration
            -----------------------------
 
 Number of Clenshaw-Curtis nodes:                    100
 Optimized scaling parameter    :    2.37951580211701     
 Sensitivity measure            :  -3.716311980372922E-012
 
 


 RI-RPA correlation energy: -0.1304539012729701E+01
 
 RIRPA correlation energy:   -1.30453901272970       Hartree
 
 HXX Energy calculation skipped due to nohxx option
 

                  -------------------------------------------- 
                 |  HXX+RIRPA total energy     =     -1.30453901273  |
                  --------------------------------------------- 
                 :  RIRPA correlation energy   =     -1.30453901273  :
                 :  HXX total energy           =      0.00000000000  :
                 :  Hartree energy             =      0.00000000000  :
                 :  Exact Exchange energy      =      0.00000000000  :
                  ............................................. 


    ------------------------------------------------------------------------
    Rirpa profiling                cpu                    wall         ratio
    ------------------------------------------------------------------------
    module                         sec     %               sec     %
    ------------------------------------------------------------------------
    RIRPA                        21.4  100.00           58.5  100.00   0.4
    STARTUP                       0.1    0.55            0.1    0.20   1.0
    riccmos                       0.1    0.47            0.1    0.17   1.0
    riccaux                       0.1    0.39            0.1    0.14   1.0
    riccbound                     2.3   10.73            2.3    3.92   1.0
    ccmkbaoi                      2.4   11.11            2.6    4.52   0.9
    ecrpa                        16.4   76.69           53.2   90.92   0.3
    tread                         1.3    6.05           38.1   65.12   0.0
    tqbuild                      13.1   61.15           13.1   22.34   1.0
    trpaln                        1.4    6.40            1.4    2.33   1.0
    ------------------------------------------------------------------------
    sum                          58.5  273.57          169.6  289.67   0.3
    ------------------------------------------------------------------------


    ------------------------------------------------------------------------
         total  cpu-time :  21.39 seconds
         total wall-time :  58.55 seconds
    ------------------------------------------------------------------------

   ****  rirpa : all done  ****


    2018-04-29 09:29:03.082 

