 hostname is c-8-27.local

   OpenMP run-time library returned nthreads =  8

 rirpa (c-8-27.local) : TURBOMOLE rev. 20309 compiled 9 May 2016 at 12:17:07
 Copyright (C) 2016 TURBOMOLE GmbH, Karlsruhe


    2018-02-04 15:13:42.433 

 
 
    *************************************************************************
    *************************** PROGRAM RIRPA *******************************
    ******                                                             ******
    ******              H. Eshuis, J. E. Bates and F. Furche           ******
    ******                                                             ******
    ****** Nov 2011                                                    ******
    ****** Copyright TURBOMOLE GmbH                                    ******
    *************************************************************************
    
    
                                References:                                  
    
                   RIRPA:                                                    
                     H. Eshuis, J. Yarkony and F. Furche                     
                     Fast computation of molecular random phase              
                     approximation correlation energies using resolution     
                     of the identity imaginary frequency integration         
                     J. Chem. Phys. 132: 234114 (2010)                       
    
                     H. Eshuis, J. E. Bates and F. Furche                    
                     Electron correlation methods based on                   
                     the random phase approximation                          
                     Theor. Chem. Acc.  131: 1084 (2012)                     
    
                   TWO-COMPONENT RIRPA:                                      
                     M. Kuehn                                                
                     Correlation energies from the                           
                     two-component random-phase approximation                
                     J. Chem. Theory Comput. 10: 623 (2014)                  
    
                   RIRPA GRADIENTS:                                          
                     Asbjoern M. Burow, Jefferson E. Bates, Filipp Furche*,  
                     and Henk Eshuis                                         
                     Analytical First-Order Molecular Properties and Forces  
                     within the Adiabatic Connection Random Phase            
                     Approximation                                           
                     J. Chem. Theory Comput. 10: 180 (2014)                  
    
    
    
      ... OpenMP parallelization enabled, threads:    8
 number of mkl threads =                     8
 
                FOUND RI-J FLAG
 
  HF exact exchange energy will be computed using RI-J.
 
  The HXX energy will NOT be computed due to nohxx option. 
 


              +--------------------------------------------------+
              | Atomic coordinate, charge and isotop information |
              +--------------------------------------------------+

                    atomic coordinates            atom    charge  isotop
         -2.81102809   -2.32727899   -3.26733648    c      6.000     0
         -0.12371659   -2.32727899   -3.26733648    c      6.000     0
          1.21993916    0.00000000   -3.26733648    c      6.000     0
         -0.12371659    2.32727899   -3.26733648    c      6.000     0
         -2.81102809    2.32727899   -3.26733648    c      6.000     0
         -4.15468385    0.00000000   -3.26733648    c      6.000     0
          1.21375598   -4.64385079   -3.26733648    c      6.000     0
         -0.17645885   -6.93685015   -3.26733648    c      6.000     0
         -2.75828584   -6.93685015   -3.26733648    c      6.000     0
         -4.14850066   -4.64385079   -3.26733648    c      6.000     0
         -6.82962898    0.00000000   -3.26733648    c      6.000     0
         -8.12031760   -2.35046026   -3.26733648    c      6.000     0
         -6.82940410   -4.58638989   -3.26733648    c      6.000     0
         -8.12031760    2.35046026   -3.26733648    c      6.000     0
         -6.82940410    4.58638989   -3.26733648    c      6.000     0
         -4.14850066    4.64385079   -3.26733648    c      6.000     0
         -2.75828584    6.93685015   -3.26733648    c      6.000     0
         -0.17645885    6.93685015   -3.26733648    c      6.000     0
          1.21375598    4.64385079   -3.26733648    c      6.000     0
          3.89465942    4.58638989   -3.26733648    c      6.000     0
          5.18557291    2.35046026   -3.26733648    c      6.000     0
          3.89488430    0.00000000   -3.26733648    c      6.000     0
          5.18557291   -2.35046026   -3.26733648    c      6.000     0
          3.89465942   -4.58638989   -3.26733648    c      6.000     0
          0.84958307   -8.70675631   -3.26733648    h      1.000     0
         -3.78432965   -8.70675631   -3.26733648    h      1.000     0
         -7.84916647   -6.35992054   -3.26733648    h      1.000     0
        -10.16612188   -2.34683577   -3.26733648    h      1.000     0
        -10.16612188    2.34683577   -3.26733648    h      1.000     0
         -7.84916647    6.35992054   -3.26733648    h      1.000     0
         -3.78432965    8.70675631   -3.26733648    h      1.000     0
          0.84958307    8.70675631   -3.26733648    h      1.000     0
          4.91442178    6.35992054   -3.26733648    h      1.000     0
          7.23137720    2.34683577   -3.26733648    h      1.000     0
          7.23137720   -2.34683577   -3.26733648    h      1.000     0
          4.91442178   -6.35992054   -3.26733648    h      1.000     0
          0.12371659   -2.32727899    3.26733648    c      6.000     0
          2.81102809   -2.32727899    3.26733648    c      6.000     0
          4.15468385    0.00000000    3.26733648    c      6.000     0
          2.81102809    2.32727899    3.26733648    c      6.000     0
          0.12371659    2.32727899    3.26733648    c      6.000     0
         -1.21993916    0.00000000    3.26733648    c      6.000     0
          4.14850066   -4.64385079    3.26733648    c      6.000     0
          2.75828584   -6.93685015    3.26733648    c      6.000     0
          0.17645885   -6.93685015    3.26733648    c      6.000     0
         -1.21375598   -4.64385079    3.26733648    c      6.000     0
         -3.89488430    0.00000000    3.26733648    c      6.000     0
         -5.18557291   -2.35046026    3.26733648    c      6.000     0
         -3.89465942   -4.58638989    3.26733648    c      6.000     0
         -5.18557291    2.35046026    3.26733648    c      6.000     0
         -3.89465942    4.58638989    3.26733648    c      6.000     0
         -1.21375598    4.64385079    3.26733648    c      6.000     0
          0.17645885    6.93685015    3.26733648    c      6.000     0
          2.75828584    6.93685015    3.26733648    c      6.000     0
          4.14850066    4.64385079    3.26733648    c      6.000     0
          6.82940410    4.58638989    3.26733648    c      6.000     0
          8.12031760    2.35046026    3.26733648    c      6.000     0
          6.82962898    0.00000000    3.26733648    c      6.000     0
          8.12031760   -2.35046026    3.26733648    c      6.000     0
          6.82940410   -4.58638989    3.26733648    c      6.000     0
          3.78432965   -8.70675631    3.26733648    h      1.000     0
         -0.84958307   -8.70675631    3.26733648    h      1.000     0
         -4.91442178   -6.35992054    3.26733648    h      1.000     0
         -7.23137720   -2.34683577    3.26733648    h      1.000     0
         -7.23137720    2.34683577    3.26733648    h      1.000     0
         -4.91442178    6.35992054    3.26733648    h      1.000     0
         -0.84958307    8.70675631    3.26733648    h      1.000     0
          3.78432965    8.70675631    3.26733648    h      1.000     0
          7.84916647    6.35992054    3.26733648    h      1.000     0
         10.16612188    2.34683577    3.26733648    h      1.000     0
         10.16612188   -2.34683577    3.26733648    h      1.000     0
          7.84916647   -6.35992054    3.26733648    h      1.000     0
 
       center of nuclear mass  :   -0.00000000   -0.00000000    0.00000000
       center of nuclear charge:    0.00000000    0.00000000    0.00000000
              +-------------------------------------------------+
              |        Rotational Constants Section             |
              +-------------------------------------------------+
                                   Center of Mass [a.u]:
              -0.00000000000000        -0.00000000000000         0.00000000000000
                     Principal Moments of Inertia [a.u.]
           15951.25892603192915     18456.92964152895365     24006.48755928116589
                       Rotational constants A,B,C [a.u.]
               0.00003134548830         0.00002709009622         0.00002082770329
                     Rotational constants A,B,C [cm**-1]
               0.00377397713720         0.00326163059976         0.00250764241740
                        Rotational constants A,B,C [MHz]
             113.14098823979226        97.78122545904428        75.17722840975657

   * BASIS SET information:

              +--------------------------------------------------+
              |               basis set information              |
              +--------------------------------------------------+

              we will work with the 1s 3p 5d 7f 9g ... basis set
              ...i.e. with spherical basis functions...

   type   atoms  prim   cont   basis
   ---------------------------------------------------------------------------
    c       48     77     55   cc-pVQZ   [5s4p3d2f1g|21s6p3d2f1g]
    h       24     32     30   cc-pVQZ   [4s3p2d1f|6s3p2d1f]
   ---------------------------------------------------------------------------
   total:   72   4464   3360
   ---------------------------------------------------------------------------

   total number of primitive shells          :   45
   total number of contracted shells         :  960
   total number of cartesian basis functions : 4200
   total number of SCF-basis functions       : 3360


   * AUXILIARY BASIS SET information:

              +--------------------------------------------------+
              |               basis set information              |
              +--------------------------------------------------+

              we will work with the 1s 3p 5d 7f 9g ... basis set
              ...i.e. with spherical basis functions...

   type   atoms  prim   cont   basis
   ---------------------------------------------------------------------------
    c       48    132    132   cc-pVQZ   [8s7p6d5f3g1h|8s7p6d5f3g1h]
    h       24     55     55   cc-pVQZ   [5s4p3d2f1g|5s4p3d2f1g]
   ---------------------------------------------------------------------------
   total:   72   7656   7656
   ---------------------------------------------------------------------------

   total number of primitive shells          :   45
   total number of contracted shells         : 1800
   total number of cartesian basis functions :10368
   total number of SCF-basis functions       : 7656


   * RIJ AUXILIARY BASIS SET information:

              +--------------------------------------------------+
              |               basis set information              |
              +--------------------------------------------------+

              we will work with the 1s 3p 5d 7f 9g ... basis set
              ...i.e. with spherical basis functions...

   type   atoms  prim   cont   basis
   ---------------------------------------------------------------------------
    c       48     70     49   cc-pVQZ   [6s4p3d1f1g|12s5p4d2f1g]
    h       24     16     11   cc-pVQZ   [3s1p1d|5s2p1d]
   ---------------------------------------------------------------------------
   total:   72   3744   2616
   ---------------------------------------------------------------------------

   total number of primitive shells          :   32
   total number of contracted shells         :  840
   total number of cartesian basis functions : 3216
   total number of SCF-basis functions       : 2616


 reading orbital data $scfmo  from file mos
 orbital characterization : scfconv=9

 integral neglect threshold       :  0.33E+02

 scfconv                     9

 MAXIMUM CORE MEMORY WHICH CAN BE ALLOCATED DYNAMICALLY = 15000 MiB
              ( or 1966080000 double words )


 there are 1 real representations :   a   

 maximum number of shells which are related by symmetry :  1

 time elapsed for calculating density matrices :   1.762 sec

     total memory allocated for calculation of (Q|P)**(-1/2) : 671 MiB


     calculation of (P|Q) ...
     time in lp2sym        cpu:  1.94 sec    wall:  1.94 sec    ratio:  1.0


     calculation of the Cholesky decomposition of (P|Q)**(-1) ...
     time in invmetri      cpu:  1 min 27 s  wall:  0 min 14 s  ratio:  6.3

   threshold for RMS(d[D]) in SCF was     :  0.10E-06
   integral neglect threshold             :  0.32E-14
   derivative integral neglect threshold  :  0.10E-06


 setting up bound for integral derivative estimation

 increment for numerical differentiation : 0.00050000
 total memory allocated for calculation of (Q|P)**(-1/2) : 671 MiB
 Dividing biap into                     38  block chunks,
 using                   187 MiB per block
 Reserved                   7111 MiB for BLAS routines
 Estimated total memory usage:                  14678 MiB
 number of passes for ispin    1
 =    3
 
 Number of eigenvalues < 6e-3:                      0
 
 
            -----------------------------
            Complex frequency integration
            -----------------------------
 
 Number of Clenshaw-Curtis nodes:                    100
 Optimized scaling parameter    :    1.20172126815476     
 Sensitivity measure            :  -1.529054105553485E-010
 
 


 RI-RPA correlation energy: -0.1203317815046577E+02
 
 RIRPA correlation energy:   -12.0331781504658       Hartree
 
 HXX Energy calculation skipped due to nohxx option
 

                  -------------------------------------------- 
                 |  HXX+RIRPA total energy     =    -12.03317815047  |
                  --------------------------------------------- 
                 :  RIRPA correlation energy   =    -12.03317815047  :
                 :  HXX total energy           =      0.00000000000  :
                 :  Hartree energy             =      0.00000000000  :
                 :  Exact Exchange energy      =      0.00000000000  :
                  ............................................. 


    ------------------------------------------------------------------------
    Rirpa profiling                cpu                    wall         ratio
    ------------------------------------------------------------------------
    module                         sec     %               sec     %
    ------------------------------------------------------------------------
    RIRPA                    213659.9  100.00        43997.2  100.00   4.9
    riccbound                    90.9    0.04           88.8    0.20   1.0
    ccmkbaoi                  13945.9    6.53         2502.0    5.69   5.6
    cc3idxnrm                   294.0    0.14          172.7    0.39   1.7
    ecrpa                    199207.7   93.24        41196.7   93.63   4.8
    tread                      2060.1    0.96        15193.8   34.53   0.1
    tqbuild                  191846.1   89.79        24550.5   55.80   7.8
    trpaln                     4379.5    2.05          554.4    1.26   7.9
    ------------------------------------------------------------------------
    sum                      625602.2  292.80       128291.3  291.59   4.9
    ------------------------------------------------------------------------


    ------------------------------------------------------------------------
         total  cpu-time :   2 days 11 hours 21 minutes and  2 seconds
         total wall-time : 12 hours 13 minutes and 18 seconds
    ------------------------------------------------------------------------

   ****  rirpa : all done  ****


    2018-02-05 03:27:00.062 

