 hostname is c-12-251.gp.local

 rirpa (c-12-251.gp.local) : TURBOMOLE rev. 20309 compiled 9 May 2016 at 12:17:07
 Copyright (C) 2016 TURBOMOLE GmbH, Karlsruhe


    2018-04-29 08:32:31.618 

 
 
    *************************************************************************
    *************************** PROGRAM RIRPA *******************************
    ******                                                             ******
    ******              H. Eshuis, J. E. Bates and F. Furche           ******
    ******                                                             ******
    ****** Nov 2011                                                    ******
    ****** Copyright TURBOMOLE GmbH                                    ******
    *************************************************************************
    
    
                                References:                                  
    
                   RIRPA:                                                    
                     H. Eshuis, J. Yarkony and F. Furche                     
                     Fast computation of molecular random phase              
                     approximation correlation energies using resolution     
                     of the identity imaginary frequency integration         
                     J. Chem. Phys. 132: 234114 (2010)                       
    
                     H. Eshuis, J. E. Bates and F. Furche                    
                     Electron correlation methods based on                   
                     the random phase approximation                          
                     Theor. Chem. Acc.  131: 1084 (2012)                     
    
                   TWO-COMPONENT RIRPA:                                      
                     M. Kuehn                                                
                     Correlation energies from the                           
                     two-component random-phase approximation                
                     J. Chem. Theory Comput. 10: 623 (2014)                  
    
                   RIRPA GRADIENTS:                                          
                     Asbjoern M. Burow, Jefferson E. Bates, Filipp Furche*,  
                     and Henk Eshuis                                         
                     Analytical First-Order Molecular Properties and Forces  
                     within the Adiabatic Connection Random Phase            
                     Approximation                                           
                     J. Chem. Theory Comput. 10: 180 (2014)                  
    
    
    
 number of mkl threads =                     1
 
                FOUND RI-J FLAG
 
  HF exact exchange energy will be computed using RI-J.
 
  The HXX energy will NOT be computed due to nohxx option. 
 


              +--------------------------------------------------+
              | Atomic coordinate, charge and isotop information |
              +--------------------------------------------------+

                    atomic coordinates            atom    charge  isotop
         -1.20212080   -0.04399738    0.53025587    o      8.000     0
          0.58221966   -0.08896594    0.14449544    h      1.000     0
         -2.17708811   -2.47797479    0.02883637    c      6.000     0
         -4.17619086   -2.44958659    0.49880429    h      1.000     0
         -1.99670398   -3.00971174   -1.95811647    h      1.000     0
         -1.27525474   -3.94248416    1.17259670    h      1.000     0
          4.17708707   -0.23077670   -0.02287079    o      0.000     0
          5.06297048    0.93024179   -1.09938343    h      0.000     0
          5.13864384    0.06594609    2.47481298    c      0.000     0
          4.09254988   -1.23455668    3.66558777    h      0.000     0
          7.13985645   -0.40731484    2.58200418    h      0.000     0
          4.85057467    1.97588105    3.18892640    h      0.000     0
 
       center of nuclear mass  :    1.52240637   -0.65006807    0.72481695
       center of nuclear charge:   -1.64141250   -1.37280979    0.23738029
              +-------------------------------------------------+
              |        Rotational Constants Section             |
              +-------------------------------------------------+
                                   Center of Mass [a.u]:
               1.52240636691335        -0.65006807089087         0.72481695400767
                     Principal Moments of Inertia [a.u.]
             110.89407947909967       774.36564539989752       786.49828883503233
                       Rotational constants A,B,C [a.u.]
               0.00450880698364         0.00064568980167         0.00063572929159
                     Rotational constants A,B,C [cm**-1]
               0.54285753377661         0.07774064726924         0.07654140810099
                        Rotational constants A,B,C [MHz]
           16274.45943947080741      2330.60597313567041      2294.65368733765126

   * BASIS SET information:

              +--------------------------------------------------+
              |               basis set information              |
              +--------------------------------------------------+

              we will work with the 1s 3p 5d 7f 9g ... basis set
              ...i.e. with spherical basis functions...

   type   atoms  prim   cont   basis
   ---------------------------------------------------------------------------
    o        2     77     55   cc-pVQZ   [5s4p3d2f1g|21s6p3d2f1g]
    h        8     32     30   cc-pVQZ   [4s3p2d1f|6s3p2d1f]
    c        2     77     55   cc-pVQZ   [5s4p3d2f1g|21s6p3d2f1g]
   ---------------------------------------------------------------------------
   total:   12    564    460
   ---------------------------------------------------------------------------

   total number of primitive shells          :   78
   total number of contracted shells         :  140
   total number of cartesian basis functions :  560
   total number of SCF-basis functions       :  460


   * AUXILIARY BASIS SET information:

              +--------------------------------------------------+
              |               basis set information              |
              +--------------------------------------------------+

              we will work with the 1s 3p 5d 7f 9g ... basis set
              ...i.e. with spherical basis functions...

   type   atoms  prim   cont   basis
   ---------------------------------------------------------------------------
    o        2    132    132   cc-pVQZ   [8s7p6d5f3g1h|8s7p6d5f3g1h]
    h        8     55     55   cc-pVQZ   [5s4p3d2f1g|5s4p3d2f1g]
    c        2    132    132   cc-pVQZ   [8s7p6d5f3g1h|8s7p6d5f3g1h]
   ---------------------------------------------------------------------------
   total:   12    968    968
   ---------------------------------------------------------------------------

   total number of primitive shells          :   75
   total number of contracted shells         :  240
   total number of cartesian basis functions : 1284
   total number of SCF-basis functions       :  968


   * RIJ AUXILIARY BASIS SET information:

              +--------------------------------------------------+
              |               basis set information              |
              +--------------------------------------------------+

              we will work with the 1s 3p 5d 7f 9g ... basis set
              ...i.e. with spherical basis functions...

   type   atoms  prim   cont   basis
   ---------------------------------------------------------------------------
    o        2     70     49   cc-pVQZ   [6s4p3d1f1g|12s5p4d2f1g]
    h        8     16     11   cc-pVQZ   [3s1p1d|5s2p1d]
    c        2     70     49   cc-pVQZ   [6s4p3d1f1g|12s5p4d2f1g]
   ---------------------------------------------------------------------------
   total:   12    408    284
   ---------------------------------------------------------------------------

   total number of primitive shells          :   56
   total number of contracted shells         :  100
   total number of cartesian basis functions :  340
   total number of SCF-basis functions       :  284


 reading orbital data $scfmo  from file mos
 orbital characterization : scfconv=9

 integral neglect threshold       :  0.31E+02

 scfconv                     9

 MAXIMUM CORE MEMORY WHICH CAN BE ALLOCATED DYNAMICALLY = 5000 MiB
              ( or 655360000 double words )


 there are 1 real representations :   a   

 maximum number of shells which are related by symmetry :  1

 time elapsed for calculating density matrices :   0.009 sec

     total memory allocated for calculation of (Q|P)**(-1/2) : 11 MiB


     calculation of (P|Q) ...
     time in lp2sym        cpu:  0.03 sec    wall:  0.03 sec    ratio:  1.0


     calculation of the Cholesky decomposition of (P|Q)**(-1) ...
     time in invmetri      cpu:  0.16 sec    wall:  0.16 sec    ratio:  1.0

   threshold for RMS(d[D]) in SCF was     :  0.10E-06
   integral neglect threshold             :  0.26E-13
   derivative integral neglect threshold  :  0.10E-06


 setting up bound for integral derivative estimation

 increment for numerical differentiation : 0.00050000
 total memory allocated for calculation of (Q|P)**(-1/2) : 11 MiB
 Dividing biap into                    749  block chunks,
 using                     3 MiB per block
 Reserved                   2494 MiB for BLAS routines
 Estimated total memory usage:                   4996 MiB
 number of passes for ispin    1
 =    1
 
 Number of eigenvalues < 6e-3:                      0
 
 
            -----------------------------
            Complex frequency integration
            -----------------------------
 
 Number of Clenshaw-Curtis nodes:                    100
 Optimized scaling parameter    :    2.40625976710764     
 Sensitivity measure            :  -6.767041788036110E-012
 
 


 RI-RPA correlation energy: -0.7346453539346441E+00
 
 RIRPA correlation energy:  -0.734645353934644       Hartree
 
 HXX Energy calculation skipped due to nohxx option
 

                  -------------------------------------------- 
                 |  HXX+RIRPA total energy     =     -0.73464535393  |
                  --------------------------------------------- 
                 :  RIRPA correlation energy   =     -0.73464535393  :
                 :  HXX total energy           =      0.00000000000  :
                 :  Hartree energy             =      0.00000000000  :
                 :  Exact Exchange energy      =      0.00000000000  :
                  ............................................. 


    ------------------------------------------------------------------------
    Rirpa profiling                cpu                    wall         ratio
    ------------------------------------------------------------------------
    module                         sec     %               sec     %
    ------------------------------------------------------------------------
    RIRPA                        46.0  100.00           60.8  100.00   0.8
    STARTUP                       0.2    0.42            0.2    0.32   1.0
    riccmos                       0.3    0.56            0.7    1.22   0.3
    riccaux                       0.2    0.43            0.2    0.33   1.0
    riccbound                     1.7    3.67            1.7    2.78   1.0
    ccmkbaoi                      6.1   13.18            6.2   10.18   1.0
    ecrpa                        37.6   81.70           51.6   85.00   0.7
    tread                         2.0    4.35           16.0   26.40   0.1
    tqbuild                      30.7   66.73           30.7   50.55   1.0
    trpaln                        4.1    8.89            4.1    6.72   1.0
    ------------------------------------------------------------------------
    sum                         128.8  279.93          172.3  283.51   0.7
    ------------------------------------------------------------------------


    ------------------------------------------------------------------------
         total  cpu-time :  46.01 seconds
         total wall-time :  1 minutes and  1 seconds
    ------------------------------------------------------------------------

   ****  rirpa : all done  ****


    2018-04-29 08:33:32.387 

