 hostname is c-18-314.gp.local

 rirpa (c-18-314.gp.local) : TURBOMOLE rev. 20309 compiled 9 May 2016 at 12:17:07
 Copyright (C) 2016 TURBOMOLE GmbH, Karlsruhe


    2018-04-29 08:32:38.495 

 
 
    *************************************************************************
    *************************** PROGRAM RIRPA *******************************
    ******                                                             ******
    ******              H. Eshuis, J. E. Bates and F. Furche           ******
    ******                                                             ******
    ****** Nov 2011                                                    ******
    ****** Copyright TURBOMOLE GmbH                                    ******
    *************************************************************************
    
    
                                References:                                  
    
                   RIRPA:                                                    
                     H. Eshuis, J. Yarkony and F. Furche                     
                     Fast computation of molecular random phase              
                     approximation correlation energies using resolution     
                     of the identity imaginary frequency integration         
                     J. Chem. Phys. 132: 234114 (2010)                       
    
                     H. Eshuis, J. E. Bates and F. Furche                    
                     Electron correlation methods based on                   
                     the random phase approximation                          
                     Theor. Chem. Acc.  131: 1084 (2012)                     
    
                   TWO-COMPONENT RIRPA:                                      
                     M. Kuehn                                                
                     Correlation energies from the                           
                     two-component random-phase approximation                
                     J. Chem. Theory Comput. 10: 623 (2014)                  
    
                   RIRPA GRADIENTS:                                          
                     Asbjoern M. Burow, Jefferson E. Bates, Filipp Furche*,  
                     and Henk Eshuis                                         
                     Analytical First-Order Molecular Properties and Forces  
                     within the Adiabatic Connection Random Phase            
                     Approximation                                           
                     J. Chem. Theory Comput. 10: 180 (2014)                  
    
    
    
 number of mkl threads =                     1
 
                FOUND RI-J FLAG
 
  HF exact exchange energy will be computed using RI-J.
 
  The HXX energy will NOT be computed due to nohxx option. 
 


              +--------------------------------------------------+
              | Atomic coordinate, charge and isotop information |
              +--------------------------------------------------+

                    atomic coordinates            atom    charge  isotop
         -1.68837811   -0.08285376   -0.08125341    n      7.000     0
          0.18320566   -0.48388223   -0.13430270    h      1.000     0
         -2.58597454   -1.76385271    0.06394404    h      1.000     0
         -2.22190687    1.43223798    2.16418465    c      6.000     0
         -4.23606037    1.83722200    2.25826930    h      1.000     0
         -1.66445103    0.57494301    3.96315083    h      1.000     0
         -1.25289924    3.23961306    2.00463880    h      1.000     0
 
       center of nuclear mass  :   -1.93087720    0.62701007    1.06501626
       center of nuclear charge:   -1.92812597    0.63430526    1.14289079
              +-------------------------------------------------+
              |        Rotational Constants Section             |
              +-------------------------------------------------+
                                   Center of Mass [a.u]:
              -1.93087719530838         0.62701007381625         1.06501625871221
                     Principal Moments of Inertia [a.u.]
              17.37053840548563        78.82805389491000        81.89553875788199
                       Rotational constants A,B,C [a.u.]
               0.02878436973733         0.00634291949750         0.00610533867392
                     Rotational constants A,B,C [cm**-1]
               3.46562006837050         0.76368353044345         0.73507894824927
                        Rotational constants A,B,C [MHz]
          103896.67587909197027     22894.65627257599408     22037.11247197043849

   * BASIS SET information:

              +--------------------------------------------------+
              |               basis set information              |
              +--------------------------------------------------+

              we will work with the 1s 3p 5d 7f 9g ... basis set
              ...i.e. with spherical basis functions...

   type   atoms  prim   cont   basis
   ---------------------------------------------------------------------------
    n        1     50     30   cc-pVTZ   [4s3p2d1f|18s5p2d1f]
    h        5     16     14   cc-pVTZ   [3s2p1d|5s2p1d]
    c        1     50     30   cc-pVTZ   [4s3p2d1f|18s5p2d1f]
   ---------------------------------------------------------------------------
   total:    7    180    130
   ---------------------------------------------------------------------------

   total number of primitive shells          :   60
   total number of contracted shells         :   50
   total number of cartesian basis functions :  145
   total number of SCF-basis functions       :  130


   * AUXILIARY BASIS SET information:

              +--------------------------------------------------+
              |               basis set information              |
              +--------------------------------------------------+

              we will work with the 1s 3p 5d 7f 9g ... basis set
              ...i.e. with spherical basis functions...

   type   atoms  prim   cont   basis
   ---------------------------------------------------------------------------
    n        1     81     81   cc-pVTZ   [8s6p5d3f1g|8s6p5d3f1g]
    h        5     30     30   cc-pVTZ   [4s3p2d1f|4s3p2d1f]
    c        1     81     81   cc-pVTZ   [8s6p5d3f1g|8s6p5d3f1g]
   ---------------------------------------------------------------------------
   total:    7    312    312
   ---------------------------------------------------------------------------

   total number of primitive shells          :   56
   total number of contracted shells         :   96
   total number of cartesian basis functions :  377
   total number of SCF-basis functions       :  312


   * RIJ AUXILIARY BASIS SET information:

              +--------------------------------------------------+
              |               basis set information              |
              +--------------------------------------------------+

              we will work with the 1s 3p 5d 7f 9g ... basis set
              ...i.e. with spherical basis functions...

   type   atoms  prim   cont   basis
   ---------------------------------------------------------------------------
    n        1     70     49   cc-pVTZ   [6s4p3d1f1g|12s5p4d2f1g]
    h        5     16     11   cc-pVTZ   [3s1p1d|5s2p1d]
    c        1     70     49   cc-pVTZ   [6s4p3d1f1g|12s5p4d2f1g]
   ---------------------------------------------------------------------------
   total:    7    220    153
   ---------------------------------------------------------------------------

   total number of primitive shells          :   56
   total number of contracted shells         :   55
   total number of cartesian basis functions :  182
   total number of SCF-basis functions       :  153


 reading orbital data $scfmo  from file mos
 orbital characterization : scfconv=9

 integral neglect threshold       :  0.30E+02

 scfconv                     9

 MAXIMUM CORE MEMORY WHICH CAN BE ALLOCATED DYNAMICALLY = 5000 MiB
              ( or 655360000 double words )


 there are 1 real representations :   a   

 maximum number of shells which are related by symmetry :  1

 time elapsed for calculating density matrices :   0.001 sec

     total memory allocated for calculation of (Q|P)**(-1/2) : 2 MiB


     calculation of (P|Q) ...
     time in lp2sym        cpu:  0.00 sec    wall:  0.00 sec    ratio:  1.9


     calculation of the Cholesky decomposition of (P|Q)**(-1) ...
     time in invmetri      cpu:  0.01 sec    wall:  0.01 sec    ratio:  0.9

   threshold for RMS(d[D]) in SCF was     :  0.10E-06
   integral neglect threshold             :  0.88E-13
   derivative integral neglect threshold  :  0.10E-06


 setting up bound for integral derivative estimation

 increment for numerical differentiation : 0.00050000
 total memory allocated for calculation of (Q|P)**(-1/2) : 2 MiB
 Dividing biap into                   8678  block chunks,
 using                     0 MiB per block
 Reserved                   2499 MiB for BLAS routines
 Estimated total memory usage:                   4999 MiB
 number of passes for ispin    1
 =    1
 
 Number of eigenvalues < 6e-3:                      0
 
 
            -----------------------------
            Complex frequency integration
            -----------------------------
 
 Number of Clenshaw-Curtis nodes:                    100
 Optimized scaling parameter    :    1.00000000000000     
 Sensitivity measure            :  -7.882583474838611E-015
 
 


 RI-RPA correlation energy: -0.6596742305589797E+00
 
 RIRPA correlation energy:  -0.659674230558980       Hartree
 
 HXX Energy calculation skipped due to nohxx option
 

                  -------------------------------------------- 
                 |  HXX+RIRPA total energy     =     -0.65967423056  |
                  --------------------------------------------- 
                 :  RIRPA correlation energy   =     -0.65967423056  :
                 :  HXX total energy           =      0.00000000000  :
                 :  Hartree energy             =      0.00000000000  :
                 :  Exact Exchange energy      =      0.00000000000  :
                  ............................................. 


    ------------------------------------------------------------------------
    Rirpa profiling                cpu                    wall         ratio
    ------------------------------------------------------------------------
    module                         sec     %               sec     %
    ------------------------------------------------------------------------
    RIRPA                         0.9  100.00            0.9  100.00   1.0
    STARTUP                       0.0    3.98            0.0    4.02   1.0
    riccsym                       0.0    0.18            0.0    0.22   0.8
    riccmos                       0.0    1.76            0.0    1.79   1.0
    riccaux                       0.0    1.12            0.0    1.12   1.0
    riccbound                     0.1   11.42            0.1   11.38   1.0
    ccmkbaoi                      0.1   14.24            0.1   14.29   1.0
    ecrpa                         0.6   66.80            0.6   66.85   1.0
    tread                         0.0    2.29            0.0    2.23   1.0
    tqbuild                       0.4   47.10            0.4   46.87   1.0
    trpaln                        0.1   14.40            0.1   14.17   1.0
    ------------------------------------------------------------------------
    sum                           2.4  263.33            2.4  262.95   1.0
    ------------------------------------------------------------------------


    ------------------------------------------------------------------------
         total  cpu-time :   0.90 seconds
         total wall-time :   0.90 seconds
    ------------------------------------------------------------------------

   ****  rirpa : all done  ****


    2018-04-29 08:32:39.395 

