 hostname is c-18-313.gp.local

 rirpa (c-18-313.gp.local) : TURBOMOLE rev. 20309 compiled 9 May 2016 at 12:17:07
 Copyright (C) 2016 TURBOMOLE GmbH, Karlsruhe


    2018-04-29 08:38:44.383 

 
 
    *************************************************************************
    *************************** PROGRAM RIRPA *******************************
    ******                                                             ******
    ******              H. Eshuis, J. E. Bates and F. Furche           ******
    ******                                                             ******
    ****** Nov 2011                                                    ******
    ****** Copyright TURBOMOLE GmbH                                    ******
    *************************************************************************
    
    
                                References:                                  
    
                   RIRPA:                                                    
                     H. Eshuis, J. Yarkony and F. Furche                     
                     Fast computation of molecular random phase              
                     approximation correlation energies using resolution     
                     of the identity imaginary frequency integration         
                     J. Chem. Phys. 132: 234114 (2010)                       
    
                     H. Eshuis, J. E. Bates and F. Furche                    
                     Electron correlation methods based on                   
                     the random phase approximation                          
                     Theor. Chem. Acc.  131: 1084 (2012)                     
    
                   TWO-COMPONENT RIRPA:                                      
                     M. Kuehn                                                
                     Correlation energies from the                           
                     two-component random-phase approximation                
                     J. Chem. Theory Comput. 10: 623 (2014)                  
    
                   RIRPA GRADIENTS:                                          
                     Asbjoern M. Burow, Jefferson E. Bates, Filipp Furche*,  
                     and Henk Eshuis                                         
                     Analytical First-Order Molecular Properties and Forces  
                     within the Adiabatic Connection Random Phase            
                     Approximation                                           
                     J. Chem. Theory Comput. 10: 180 (2014)                  
    
    
    
 number of mkl threads =                     1
 
                FOUND RI-J FLAG
 
  HF exact exchange energy will be computed using RI-J.
 
  The HXX energy will NOT be computed due to nohxx option. 
 


              +--------------------------------------------------+
              | Atomic coordinate, charge and isotop information |
              +--------------------------------------------------+

                    atomic coordinates            atom    charge  isotop
          3.75632288    2.09713718    7.01148787    c      6.000     0
          4.97490356    3.73398724    7.13195927    h      1.000     0
          4.78802477   -0.32388753    7.12774332    c      6.000     0
          6.80664323   -0.56605036    7.34079902    h      1.000     0
          3.21643501   -2.43206619    6.97911555    c      6.000     0
          4.01594357   -4.31111997    7.07294737    h      1.000     0
          0.61541301   -2.11906135    6.70564053    c      6.000     0
         -0.60365422   -3.75444970    6.57783338    h      1.000     0
         -0.41554573    0.30022793    6.58476263    c      6.000     0
         -2.43118060    0.54179013    6.35198851    h      1.000     0
          1.15534004    2.40780313    6.73985424    c      6.000     0
          0.35499401    4.28601145    6.64089130    h      1.000     0
 
       center of nuclear mass  :    2.18601974   -0.01164094    6.85768538
       center of nuclear charge:    2.18603784   -0.01164077    6.85733437
              +-------------------------------------------------+
              |        Rotational Constants Section             |
              +-------------------------------------------------+
                                   Center of Mass [a.u]:
               2.18601974436736        -0.01164093735663         6.85768538108713
                     Principal Moments of Inertia [a.u.]
             315.91139499121880       316.23147836172706       632.14138955560327
                       Rotational constants A,B,C [a.u.]
               0.00158272226937         0.00158112026858         0.00079096228828
                     Rotational constants A,B,C [cm**-1]
               0.19055876885392         0.19036588896312         0.09523136357006
                        Rotational constants A,B,C [MHz]
            5712.80817081708938      5707.02577716084943      2854.96445633594203

   * BASIS SET information:

              +--------------------------------------------------+
              |               basis set information              |
              +--------------------------------------------------+

              we will work with the 1s 3p 5d 7f 9g ... basis set
              ...i.e. with spherical basis functions...

   type   atoms  prim   cont   basis
   ---------------------------------------------------------------------------
    c        6     50     30   cc-pVTZ   [4s3p2d1f|18s5p2d1f]
    h        6     16     14   cc-pVTZ   [3s2p1d|5s2p1d]
   ---------------------------------------------------------------------------
   total:   12    396    264
   ---------------------------------------------------------------------------

   total number of primitive shells          :   34
   total number of contracted shells         :   96
   total number of cartesian basis functions :  300
   total number of SCF-basis functions       :  264


   * AUXILIARY BASIS SET information:

              +--------------------------------------------------+
              |               basis set information              |
              +--------------------------------------------------+

              we will work with the 1s 3p 5d 7f 9g ... basis set
              ...i.e. with spherical basis functions...

   type   atoms  prim   cont   basis
   ---------------------------------------------------------------------------
    c        6     81     81   cc-pVTZ   [8s6p5d3f1g|8s6p5d3f1g]
    h        6     30     30   cc-pVTZ   [4s3p2d1f|4s3p2d1f]
   ---------------------------------------------------------------------------
   total:   12    666    666
   ---------------------------------------------------------------------------

   total number of primitive shells          :   33
   total number of contracted shells         :  198
   total number of cartesian basis functions :  816
   total number of SCF-basis functions       :  666


   * RIJ AUXILIARY BASIS SET information:

              +--------------------------------------------------+
              |               basis set information              |
              +--------------------------------------------------+

              we will work with the 1s 3p 5d 7f 9g ... basis set
              ...i.e. with spherical basis functions...

   type   atoms  prim   cont   basis
   ---------------------------------------------------------------------------
    c        6     70     49   cc-pVTZ   [6s4p3d1f1g|12s5p4d2f1g]
    h        6     16     11   cc-pVTZ   [3s1p1d|5s2p1d]
   ---------------------------------------------------------------------------
   total:   12    516    360
   ---------------------------------------------------------------------------

   total number of primitive shells          :   32
   total number of contracted shells         :  120
   total number of cartesian basis functions :  438
   total number of SCF-basis functions       :  360


 reading orbital data $scfmo  from file mos
 orbital characterization : scfconv=9

 integral neglect threshold       :  0.31E+02

 scfconv                     9

 MAXIMUM CORE MEMORY WHICH CAN BE ALLOCATED DYNAMICALLY = 5000 MiB
              ( or 655360000 double words )


 there are 1 real representations :   a   

 maximum number of shells which are related by symmetry :  1

 time elapsed for calculating density matrices :   0.002 sec

     total memory allocated for calculation of (Q|P)**(-1/2) : 6 MiB


     calculation of (P|Q) ...
     time in lp2sym        cpu:  0.01 sec    wall:  0.01 sec    ratio:  1.1


     calculation of the Cholesky decomposition of (P|Q)**(-1) ...
     time in invmetri      cpu:  0.04 sec    wall:  0.04 sec    ratio:  1.0

   threshold for RMS(d[D]) in SCF was     :  0.10E-06
   integral neglect threshold             :  0.41E-13
   derivative integral neglect threshold  :  0.10E-06


 setting up bound for integral derivative estimation

 increment for numerical differentiation : 0.00050000
 total memory allocated for calculation of (Q|P)**(-1/2) : 6 MiB
 Dividing biap into                   2023  block chunks,
 using                     1 MiB per block
 Reserved                   2497 MiB for BLAS routines
 Estimated total memory usage:                   4999 MiB
 number of passes for ispin    1
 =    1
 
 Number of eigenvalues < 6e-3:                      0
 
 
            -----------------------------
            Complex frequency integration
            -----------------------------
 
 Number of Clenshaw-Curtis nodes:                    100
 Optimized scaling parameter    :    1.00000000000000     
 Sensitivity measure            :  -2.140232435721146E-013
 
 


 RI-RPA correlation energy: -0.1482940743318487E+01
 
 RIRPA correlation energy:   -1.48294074331849       Hartree
 
 HXX Energy calculation skipped due to nohxx option
 

                  -------------------------------------------- 
                 |  HXX+RIRPA total energy     =     -1.48294074332  |
                  --------------------------------------------- 
                 :  RIRPA correlation energy   =     -1.48294074332  :
                 :  HXX total energy           =      0.00000000000  :
                 :  Hartree energy             =      0.00000000000  :
                 :  Exact Exchange energy      =      0.00000000000  :
                  ............................................. 


    ------------------------------------------------------------------------
    Rirpa profiling                cpu                    wall         ratio
    ------------------------------------------------------------------------
    module                         sec     %               sec     %
    ------------------------------------------------------------------------
    RIRPA                        11.1  100.00           47.2  100.00   0.2
    STARTUP                       0.1    0.50            0.1    0.12   1.0
    riccmos                       0.1    0.47            0.1    0.11   1.0
    riccaux                       0.0    0.42            0.0    0.10   1.0
    riccbound                     0.5    4.11            0.5    0.97   1.0
    ccmkbaoi                      1.1    9.94            1.1    2.34   1.0
    ecrpa                         9.4   84.47           45.5   96.32   0.2
    tread                         0.9    8.07           37.0   78.37   0.0
    tqbuild                       7.5   67.12            7.4   15.77   1.0
    trpaln                        0.7    6.23            0.7    1.45   1.0
    ------------------------------------------------------------------------
    sum                          31.2  281.37          139.6  295.56   0.2
    ------------------------------------------------------------------------


    ------------------------------------------------------------------------
         total  cpu-time :  11.11 seconds
         total wall-time :  47.24 seconds
    ------------------------------------------------------------------------

   ****  rirpa : all done  ****


    2018-04-29 08:39:31.623 

