 hostname is c-18-312.gp.local

 rirpa (c-18-312.gp.local) : TURBOMOLE rev. 20309 compiled 9 May 2016 at 12:17:07
 Copyright (C) 2016 TURBOMOLE GmbH, Karlsruhe


    2018-04-29 10:15:31.257 

 
 
    *************************************************************************
    *************************** PROGRAM RIRPA *******************************
    ******                                                             ******
    ******              H. Eshuis, J. E. Bates and F. Furche           ******
    ******                                                             ******
    ****** Nov 2011                                                    ******
    ****** Copyright TURBOMOLE GmbH                                    ******
    *************************************************************************
    
    
                                References:                                  
    
                   RIRPA:                                                    
                     H. Eshuis, J. Yarkony and F. Furche                     
                     Fast computation of molecular random phase              
                     approximation correlation energies using resolution     
                     of the identity imaginary frequency integration         
                     J. Chem. Phys. 132: 234114 (2010)                       
    
                     H. Eshuis, J. E. Bates and F. Furche                    
                     Electron correlation methods based on                   
                     the random phase approximation                          
                     Theor. Chem. Acc.  131: 1084 (2012)                     
    
                   TWO-COMPONENT RIRPA:                                      
                     M. Kuehn                                                
                     Correlation energies from the                           
                     two-component random-phase approximation                
                     J. Chem. Theory Comput. 10: 623 (2014)                  
    
                   RIRPA GRADIENTS:                                          
                     Asbjoern M. Burow, Jefferson E. Bates, Filipp Furche*,  
                     and Henk Eshuis                                         
                     Analytical First-Order Molecular Properties and Forces  
                     within the Adiabatic Connection Random Phase            
                     Approximation                                           
                     J. Chem. Theory Comput. 10: 180 (2014)                  
    
    
    
 number of mkl threads =                     1
 
                FOUND RI-J FLAG
 
  HF exact exchange energy will be computed using RI-J.
 
  The HXX energy will NOT be computed due to nohxx option. 
 


              +--------------------------------------------------+
              | Atomic coordinate, charge and isotop information |
              +--------------------------------------------------+

                    atomic coordinates            atom    charge  isotop
          1.37796688    2.10345646    0.61742692    c      6.000     0
          2.46272114    3.80632859    0.30076932    h      1.000     0
          2.59853854   -0.22556971    0.78003538    c      6.000     0
          4.63080174   -0.32999153    0.59206481    h      1.000     0
          1.20005132   -2.41989520    1.18936606    c      6.000     0
          2.14736096   -4.22546064    1.32321866    h      1.000     0
         -1.41915717   -2.28591533    1.43220518    c      6.000     0
         -2.50299120   -3.98999200    1.74648284    h      1.000     0
         -2.64001247    0.04284163    1.27195507    c      6.000     0
         -4.67220683    0.14832132    1.46264423    h      1.000     0
         -1.24135602    2.23799551    0.86613440    c      6.000     0
         -2.18797867    4.04512344    0.74662339    h      1.000     0
          0.29877741    0.28892083    7.72119959    c      0.000     0
          0.52956287    0.71502281    5.73618131    h      0.000     0
         -1.76306795   -1.13763080    8.52874811    c      0.000     0
         -3.12462418   -1.81134511    7.16116385    h      0.000     0
         -2.06674690   -1.69344711   11.08545321    c      0.000     0
         -3.66754824   -2.80076722   11.70953062    h      0.000     0
         -0.30574407   -0.82218249   12.84005273    c      0.000     0
         -0.53986885   -1.25297610   14.82427934    h      0.000     0
          1.75705282    0.60475360   12.03646505    c      0.000     0
          3.12354985    1.28096031   13.39779098    h      0.000     0
          2.05714869    1.15935991    9.47873714    c      0.000     0
          3.65823411    2.26688076    8.85503809    h      0.000     0
 
       center of nuclear mass  :   -0.01218943   -0.17894649    5.65403324
       center of nuclear charge:   -0.02062158   -0.09114740    1.02653670
              +-------------------------------------------------+
              |        Rotational Constants Section             |
              +-------------------------------------------------+
                                   Center of Mass [a.u]:
              -0.01218943212225        -0.17894648523681         5.65403324004859
                     Principal Moments of Inertia [a.u.]
             940.83984500764882      3988.20780397803082      4294.38081835134653
                       Rotational constants A,B,C [a.u.]
               0.00053144007734         0.00012536959571         0.00011643122051
                     Rotational constants A,B,C [cm**-1]
               0.06398505209562         0.01509442071609         0.01401824594577
                        Rotational constants A,B,C [MHz]
            1918.22360430046137       452.51934885637701       420.25644089312908

   * BASIS SET information:

              +--------------------------------------------------+
              |               basis set information              |
              +--------------------------------------------------+

              we will work with the 1s 3p 5d 7f 9g ... basis set
              ...i.e. with spherical basis functions...

   type   atoms  prim   cont   basis
   ---------------------------------------------------------------------------
    c       12     50     30   cc-pVTZ   [4s3p2d1f|18s5p2d1f]
    h       12     16     14   cc-pVTZ   [3s2p1d|5s2p1d]
   ---------------------------------------------------------------------------
   total:   24    792    528
   ---------------------------------------------------------------------------

   total number of primitive shells          :   34
   total number of contracted shells         :  192
   total number of cartesian basis functions :  600
   total number of SCF-basis functions       :  528


   * AUXILIARY BASIS SET information:

              +--------------------------------------------------+
              |               basis set information              |
              +--------------------------------------------------+

              we will work with the 1s 3p 5d 7f 9g ... basis set
              ...i.e. with spherical basis functions...

   type   atoms  prim   cont   basis
   ---------------------------------------------------------------------------
    c       12     81     81   cc-pVTZ   [8s6p5d3f1g|8s6p5d3f1g]
    h       12     30     30   cc-pVTZ   [4s3p2d1f|4s3p2d1f]
   ---------------------------------------------------------------------------
   total:   24   1332   1332
   ---------------------------------------------------------------------------

   total number of primitive shells          :   33
   total number of contracted shells         :  396
   total number of cartesian basis functions : 1632
   total number of SCF-basis functions       : 1332


   * RIJ AUXILIARY BASIS SET information:

              +--------------------------------------------------+
              |               basis set information              |
              +--------------------------------------------------+

              we will work with the 1s 3p 5d 7f 9g ... basis set
              ...i.e. with spherical basis functions...

   type   atoms  prim   cont   basis
   ---------------------------------------------------------------------------
    c       12     70     49   cc-pVTZ   [6s4p3d1f1g|12s5p4d2f1g]
    h       12     16     11   cc-pVTZ   [3s1p1d|5s2p1d]
   ---------------------------------------------------------------------------
   total:   24   1032    720
   ---------------------------------------------------------------------------

   total number of primitive shells          :   32
   total number of contracted shells         :  240
   total number of cartesian basis functions :  876
   total number of SCF-basis functions       :  720


 reading orbital data $scfmo  from file mos
 orbital characterization : scfconv=9

 integral neglect threshold       :  0.32E+02

 scfconv                     9

 MAXIMUM CORE MEMORY WHICH CAN BE ALLOCATED DYNAMICALLY = 5000 MiB
              ( or 655360000 double words )


 there are 1 real representations :   a   

 maximum number of shells which are related by symmetry :  1

 time elapsed for calculating density matrices :   0.011 sec

     total memory allocated for calculation of (Q|P)**(-1/2) : 21 MiB


     calculation of (P|Q) ...
     time in lp2sym        cpu:  0.04 sec    wall:  0.04 sec    ratio:  1.0


     calculation of the Cholesky decomposition of (P|Q)**(-1) ...
     time in invmetri      cpu:  0.24 sec    wall:  0.24 sec    ratio:  1.0

   threshold for RMS(d[D]) in SCF was     :  0.10E-06
   integral neglect threshold             :  0.20E-13
   derivative integral neglect threshold  :  0.10E-06


 setting up bound for integral derivative estimation

 increment for numerical differentiation : 0.00050000
 total memory allocated for calculation of (Q|P)**(-1/2) : 21 MiB
 Dividing biap into                    483  block chunks,
 using                     5 MiB per block
 Reserved                   2488 MiB for BLAS routines
 Estimated total memory usage:                   4990 MiB
 number of passes for ispin    1
 =    1
 
 Number of eigenvalues < 6e-3:                      0
 
 
            -----------------------------
            Complex frequency integration
            -----------------------------
 
 Number of Clenshaw-Curtis nodes:                    100
 Optimized scaling parameter    :    1.00000000000000     
 Sensitivity measure            :  -6.561695631290831E-013
 
 


 RI-RPA correlation energy: -0.1518115371728874E+01
 
 RIRPA correlation energy:   -1.51811537172887       Hartree
 
 HXX Energy calculation skipped due to nohxx option
 

                  -------------------------------------------- 
                 |  HXX+RIRPA total energy     =     -1.51811537173  |
                  --------------------------------------------- 
                 :  RIRPA correlation energy   =     -1.51811537173  :
                 :  HXX total energy           =      0.00000000000  :
                 :  Hartree energy             =      0.00000000000  :
                 :  Exact Exchange energy      =      0.00000000000  :
                  ............................................. 


    ------------------------------------------------------------------------
    Rirpa profiling                cpu                    wall         ratio
    ------------------------------------------------------------------------
    module                         sec     %               sec     %
    ------------------------------------------------------------------------
    RIRPA                        99.2  100.00          168.7  100.00   0.6
    STARTUP                       0.2    0.22            0.2    0.13   1.0
    riccmos                       0.3    0.29            0.3    0.17   1.0
    riccaux                       0.3    0.29            0.3    0.17   1.0
    riccbound                     0.9    0.88            0.9    0.52   1.0
    ccmkbaoi                      6.8    6.85            6.9    4.09   1.0
    cc3idxnrm                     0.1    0.06            0.5    0.32   0.1
    ecrpa                        90.7   91.38          159.5   94.52   0.6
    tread                         9.1    9.21           77.5   45.92   0.1
    tqbuild                      73.6   74.16           73.6   43.61   1.0
    trpaln                        5.1    5.15            5.1    3.03   1.0
    ------------------------------------------------------------------------
    sum                         286.2  288.50          493.5  292.51   0.6
    ------------------------------------------------------------------------


    ------------------------------------------------------------------------
         total  cpu-time :  1 minutes and 39 seconds
         total wall-time :  2 minutes and 49 seconds
    ------------------------------------------------------------------------

   ****  rirpa : all done  ****


    2018-04-29 10:18:19.989 

