#############################################################
#                                                           #
#                      N u m F o r c e                      #
#                Numerical Second Derivatives               #
#                                                           #
#############################################################

 running on c-14-37.local
 date: Fri Dec 4 03:38:45 PST 2015


No executable sdg in /export/home/magee/myRPAbranch/bin/em64t-unknown-linux-gnu/
Use executable sdg in /modfac/apps/TURBOMOLE/7.0_intel/bin/em64t-unknown-linux-gnu

NumForce has been started with the -mfile option, hence it can be
    run in parallel. This is most efficient if the serial binaries
    are used and started independently at a time. 

    -> Starting several serial single-point jobs for optimal speed up...
execute parallel run using NODEFILE: machines.turbomole
There are 32 free nodes:  c-14-37.local:1 c-14-37.local:2 c-14-37.local:3 c-14-37.local:4 c-14-37.local:5 c-14-37.local:6 c-14-37.local:7 c-14-37.local:8 c-14-42.local:1 c-14-42.local:2 c-14-42.local:3 c-14-42.local:4 c-14-42.local:5 c-14-42.local:6 c-14-42.local:7 c-14-38.local:1 c-14-42.local:8 c-14-38.local:2 c-14-38.local:3 c-14-38.local:4 c-14-38.local:5 c-14-38.local:6 c-14-38.local:7 c-14-38.local:8 c-15-42.local:1 c-15-42.local:2 c-15-42.local:3 c-15-42.local:4 c-15-42.local:5 c-15-42.local:6 c-15-42.local:7 c-15-42.local:8 
all nodes will be used for calculation
login test on c-14-37.local:1
login test on c-14-37.local:2
login test on c-14-37.local:3
login test on c-14-37.local:4
login test on c-14-37.local:5
login test on c-14-37.local:6
login test on c-14-37.local:7
login test on c-14-37.local:8
login test on c-14-42.local:1
login test on c-14-42.local:2
login test on c-14-42.local:3
login test on c-14-42.local:4
login test on c-14-42.local:5
login test on c-14-42.local:6
login test on c-14-42.local:7
login test on c-14-38.local:1
login test on c-14-42.local:8
login test on c-14-38.local:2
login test on c-14-38.local:3
login test on c-14-38.local:4
login test on c-14-38.local:5
login test on c-14-38.local:6
login test on c-14-38.local:7
login test on c-14-38.local:8
login test on c-15-42.local:1
login test on c-15-42.local:2
login test on c-15-42.local:3
login test on c-15-42.local:4
login test on c-15-42.local:5
login test on c-15-42.local:6
login test on c-15-42.local:7
login test on c-15-42.local:8

No executable /export/home/magee/myRPAbranch/bin/em64t-unknown-linux-gnu//ruecker
Use executable /modfac/apps/TURBOMOLE/7.0_intel/bin/em64t-unknown-linux-gnu/ruecker instead


No executable /export/home/magee/myRPAbranch/bin/em64t-unknown-linux-gnu//sammler
Use executable /modfac/apps/TURBOMOLE/7.0_intel/bin/em64t-unknown-linux-gnu/sammler instead


No executable /export/home/magee/myRPAbranch/bin/em64t-unknown-linux-gnu//aoforce
Use executable /modfac/apps/TURBOMOLE/7.0_intel/bin/em64t-unknown-linux-gnu/aoforce instead

#############################################################
                    
 NumForce Settings:
    differentiation increment = 0.02
    type                      = 'central'
    dimension of calculation  = 'norm'
    number of atoms           = 22
    #CPUs                     = 32
    machine file              = machines.turbomole
    restart                   = 
    gradient check            = off
    stop after preparation    = 
    scripts directory         = /modfac/apps/TURBOMOLE/7.0_intel/scripts
    scratch path              = /work/bdnguye2
                    
 TURBOMOLE Settings:
    load directory            = /export/home/magee/myRPAbranch/bin/em64t-unknown-linux-gnu/
    SCF-convergence $scfconv  = 7
                    $denconv  = 07
    level of calculation      = ri rirpa
    program to generate MOs     /export/home/magee/myRPAbranch/bin/em64t-unknown-linux-gnu//ridft
    program for gradients       /export/home/magee/myRPAbranch/bin/em64t-unknown-linux-gnu//rirpa
                    
#############################################################


TYPE central IS USED.
number of single point calculations: 132

#############################################################

CALCULATIONS OF GRADIENTS IN DISPLACED GEOMETRIES WILL BE CARRIED OUT NOW
step xm01 started  (#1 of 132)
step xm02 started  (#2 of 132)
step xm03 started  (#3 of 132)
step xm04 started  (#4 of 132)
step xm05 started  (#5 of 132)
step xm06 started  (#6 of 132)
step xm07 started  (#7 of 132)
step xm08 started  (#8 of 132)
step xm09 started  (#9 of 132)
step xm10 started  (#10 of 132)
step xm11 started  (#11 of 132)
step xm12 started  (#12 of 132)
step xm13 started  (#13 of 132)
step xm14 started  (#14 of 132)
step xm15 started  (#15 of 132)
step xm16 started  (#16 of 132)
step xm17 started  (#17 of 132)
step xm18 started  (#18 of 132)
step xm19 started  (#19 of 132)
step xm20 started  (#20 of 132)
step xm21 started  (#21 of 132)
step xm22 started  (#22 of 132)
step xp01 started  (#23 of 132)
step xp02 started  (#24 of 132)
step xp03 started  (#25 of 132)
step xp04 started  (#26 of 132)
step xp05 started  (#27 of 132)
step xp06 started  (#28 of 132)
step xp07 started  (#29 of 132)
step xp08 started  (#30 of 132)
step xp09 started  (#31 of 132)
step xp10 started  (#32 of 132)
step xp11 started  (#33 of 132)
step xp12 started  (#34 of 132)
step xp13 started  (#35 of 132)
step xp14 started  (#36 of 132)
step xp15 started  (#37 of 132)
step xp16 started  (#38 of 132)
step xp17 started  (#39 of 132)
step xp18 started  (#40 of 132)
step xp19 started  (#41 of 132)
step xp20 started  (#42 of 132)
step xp21 started  (#43 of 132)
step xp22 started  (#44 of 132)
step ym01 started  (#45 of 132)
step ym02 started  (#46 of 132)
step ym03 started  (#47 of 132)
step ym04 started  (#48 of 132)
step ym05 started  (#49 of 132)
step ym06 started  (#50 of 132)
step ym07 started  (#51 of 132)
step ym08 started  (#52 of 132)
step ym09 started  (#53 of 132)
step ym10 started  (#54 of 132)
step ym11 started  (#55 of 132)
step ym12 started  (#56 of 132)
step ym13 started  (#57 of 132)
step ym14 started  (#58 of 132)
step ym15 started  (#59 of 132)
step ym16 started  (#60 of 132)
step ym17 started  (#61 of 132)
step ym18 started  (#62 of 132)
step ym19 started  (#63 of 132)
step ym20 started  (#64 of 132)
step ym21 started  (#65 of 132)
step ym22 started  (#66 of 132)
step yp01 started  (#67 of 132)
step yp02 started  (#68 of 132)
step yp03 started  (#69 of 132)
step yp04 started  (#70 of 132)
step yp05 started  (#71 of 132)
step yp06 started  (#72 of 132)
step yp07 started  (#73 of 132)
step yp08 started  (#74 of 132)
step yp09 started  (#75 of 132)
step yp10 started  (#76 of 132)
step yp11 started  (#77 of 132)
step yp12 started  (#78 of 132)
step yp13 started  (#79 of 132)
step yp14 started  (#80 of 132)
step yp15 started  (#81 of 132)
step yp16 started  (#82 of 132)
step yp17 started  (#83 of 132)
step yp18 started  (#84 of 132)
step yp19 started  (#85 of 132)
step yp20 started  (#86 of 132)
step yp21 started  (#87 of 132)
step yp22 started  (#88 of 132)
step zm01 started  (#89 of 132)
step zm02 started  (#90 of 132)
step zm03 started  (#91 of 132)
step zm04 started  (#92 of 132)
step zm05 started  (#93 of 132)
step zm06 started  (#94 of 132)
step zm07 started  (#95 of 132)
step zm08 started  (#96 of 132)
step zm09 started  (#97 of 132)
step zm10 started  (#98 of 132)
step zm11 started  (#99 of 132)
step zm12 started  (#100 of 132)
step zm13 started  (#101 of 132)
step zm14 started  (#102 of 132)
step zm15 started  (#103 of 132)
step zm16 started  (#104 of 132)
step zm17 started  (#105 of 132)
step zm18 started  (#106 of 132)
step zm19 started  (#107 of 132)
step zm20 started  (#108 of 132)
step zm21 started  (#109 of 132)
step zm22 started  (#110 of 132)
step zp01 started  (#111 of 132)
step zp02 started  (#112 of 132)
step zp03 started  (#113 of 132)
step zp04 started  (#114 of 132)
step zp05 started  (#115 of 132)
step zp06 started  (#116 of 132)
step zp07 started  (#117 of 132)
step zp08 started  (#118 of 132)
step zp09 started  (#119 of 132)
step zp10 started  (#120 of 132)
step zp11 started  (#121 of 132)
step zp12 started  (#122 of 132)
step zp13 started  (#123 of 132)
step zp14 started  (#124 of 132)
step zp15 started  (#125 of 132)
step zp16 started  (#126 of 132)
step zp17 started  (#127 of 132)
step zp18 started  (#128 of 132)
step zp19 started  (#129 of 132)
step zp20 started  (#130 of 132)
step zp21 started  (#131 of 132)
step zp22 started  (#132 of 132)
... all steps done!


#############################################################

CALCULATION OF HESSIAN


 hostname is         c-14-37.local

 sammler (c-14-37.local) : TURBOMOLE V7.0( ) 6 Jul 2015 at 18:30:05
 Copyright (C) 2015 TURBOMOLE GmbH, Karlsruhe


    2015-12-04 06:07:19.490 


 symmetry group of the molecule :   c1 

 the group has the following generators :
   c1(z)

    1 symmetry operations found
  sammler for frozen cart. coord....
 
         atomic coordinates
 
   -0.0000037      0.0001726      1.0487883      c       
    4.4366223     -1.7735542      0.9527746      c       
    3.4002364      2.4831366     -0.9924910      c       
   -2.4497035      0.2216194     -0.4647843      c       
   -3.4000176     -2.4831474     -0.9924785      c       
   -4.4368232      1.7734267      0.9528189      c       
    2.4496540     -0.2215416     -0.4648231      c       
    3.7563232     -3.6981778      1.3294745      h       
    6.1831433     -1.9042089     -0.1626617      h       
    4.8768909     -0.8893995      2.7748513      h       
    5.1283355      2.4307348     -2.1406691      h       
    1.9866864      3.6139862     -2.0108197      h       
    3.8336346      3.4423397      0.7977852      h       
   -2.0056244      1.1288227     -2.2858389      h       
   -3.8333296     -3.4424154      0.7977832      h       
   -5.1281211     -2.4309001     -2.1406544      h       
   -1.9863634     -3.6138515     -2.0108200      h       
   -4.8770221      0.8892133      2.7748840      h       
   -3.7567062      3.6981068      1.3295489      h       
   -6.1833497      1.9039272     -0.1626271      h       
    2.0054880     -1.1286929     -2.2858794      h       
    0.0000500      0.0004033      3.3558383      o       
 number of atoms          22



#############################################################

FREQUENCY ANALYSIS IS STARTED NOW


complete results are in numforce/aoforce.out
                                                 
         *  zero point VIBRATIONAL energy  :      0.1950360  Hartree  *
                                                 
                               Frequency Analysis
       mode               1        2        3        4        5        6
     frequency           0.00     0.00     0.00     0.00     0.00     0.00
     symmetry                                                             
        IR                -        -        -        -        -        - 
intensity (km/mol)       0.00     0.00     0.00     0.00     0.00     0.00
intensity (  %   )       0.00     0.00     0.00     0.00     0.00     0.00
       RAMAN              -        -        -        -        -        - 
       mode               7        8        9       10       11       12
     frequency          28.53    65.99   179.62   182.62   207.68   207.82
     symmetry            a        a        a        a        a        a   
        IR               YES      YES      YES      YES      YES      YES
intensity (km/mol)       1.45     0.03     0.50     1.93     0.26     0.26
intensity (  %   )       1.63     0.03     0.57     2.18     0.29     0.29
       RAMAN             YES      YES      YES      YES      YES      YES
       mode              13       14       15       16       17       18
     frequency         244.21   245.90   274.35   315.58   320.21   372.21
     symmetry            a        a        a        a        a        a   
        IR               YES      YES      YES      YES      YES      YES
intensity (km/mol)       0.69     0.00     0.02     7.72     0.08     2.13
intensity (  %   )       0.78     0.00     0.03     8.73     0.09     2.40
       RAMAN             YES      YES      YES      YES      YES      YES
       mode              19       20       21       22       23       24
     frequency         459.40   611.58   736.38   737.18   859.94   900.82
     symmetry            a        a        a        a        a        a   
        IR               YES      YES      YES      YES      YES      YES
intensity (km/mol)       0.17     3.95     0.14     1.11     1.41     0.34
intensity (  %   )       0.20     4.47     0.16     1.26     1.59     0.39
       RAMAN             YES      YES      YES      YES      YES      YES
       mode              25       26       27       28       29       30
     frequency         919.96   920.97   963.13   964.24  1038.66  1081.45
     symmetry            a        a        a        a        a        a   
        IR               YES      YES      YES      YES      YES      YES
intensity (km/mol)       0.41     1.23     0.00     2.15    64.16     4.95
intensity (  %   )       0.46     1.39     0.00     2.43    72.54     5.60
       RAMAN             YES      YES      YES      YES      YES      YES
       mode              31       32       33       34       35       36
     frequency        1092.48  1123.53  1144.83  1192.26  1197.37  1301.89
     symmetry            a        a        a        a        a        a   
        IR               YES      YES      YES      YES      YES      YES
intensity (km/mol)      15.86     1.76     4.48     0.08    10.27     1.99
intensity (  %   )      17.93     1.99     5.06     0.09    11.61     2.25
       RAMAN             YES      YES      YES      YES      YES      YES
       mode              37       38       39       40       41       42
     frequency        1316.35  1349.93  1381.93  1391.58  1397.10  1410.68
     symmetry            a        a        a        a        a        a   
        IR               YES      YES      YES      YES      YES      YES
intensity (km/mol)       5.66     1.03    14.36     0.66     8.97     6.16
intensity (  %   )       6.40     1.17    16.24     0.75    10.15     6.96
       RAMAN             YES      YES      YES      YES      YES      YES
       mode              43       44       45       46       47       48
     frequency        1411.83  1482.46  1482.46  1484.70  1485.27  1498.08
     symmetry            a        a        a        a        a        a   
        IR               YES      YES      YES      YES      YES      YES
intensity (km/mol)       7.74     0.48     0.01     5.88     0.54     3.27
intensity (  %   )       8.75     0.55     0.01     6.64     0.62     3.70
       RAMAN             YES      YES      YES      YES      YES      YES
       mode              49       50       51       52       53       54
     frequency        1499.22  1503.53  1507.22  1734.36  2976.92  2978.27
     symmetry            a        a        a        a        a        a   
        IR               YES      YES      YES      YES      YES      YES
intensity (km/mol)       8.19    12.70    16.85    88.45    13.19     0.79
intensity (  %   )       9.25    14.36    19.05   100.00    14.91     0.89
       RAMAN             YES      YES      YES      YES      YES      YES
       mode              55       56       57       58       59       60
     frequency        2980.68  2982.79  2986.77  2987.79  3053.29  3053.57
     symmetry            a        a        a        a        a        a   
        IR               YES      YES      YES      YES      YES      YES
intensity (km/mol)      40.83    16.61    35.35     2.94    28.24     9.53
intensity (  %   )      46.16    18.78    39.97     3.32    31.92    10.77
       RAMAN             YES      YES      YES      YES      YES      YES
       mode              61       62       63       64       65       66
     frequency        3056.30  3056.36  3059.60  3059.95  3075.42  3075.74
     symmetry            a        a        a        a        a        a   
        IR               YES      YES      YES      YES      YES      YES
intensity (km/mol)      40.87     0.09    22.07    29.21    15.80    21.63
intensity (  %   )      46.20     0.10    24.95    33.02    17.87    24.45
       RAMAN             YES      YES      YES      YES      YES      YES

#############################################################
#                END OF NumForce                            #
#############################################################
 date: Fri Dec 4 06:07:20 PST 2015
