 hostname is c-18-362.gp.local

 rirpa (c-18-362.gp.local) : TURBOMOLE rev. 20309 compiled 9 May 2016 at 12:17:07
 Copyright (C) 2016 TURBOMOLE GmbH, Karlsruhe


    2018-04-29 10:08:31.563 

 
 
    *************************************************************************
    *************************** PROGRAM RIRPA *******************************
    ******                                                             ******
    ******              H. Eshuis, J. E. Bates and F. Furche           ******
    ******                                                             ******
    ****** Nov 2011                                                    ******
    ****** Copyright TURBOMOLE GmbH                                    ******
    *************************************************************************
    
    
                                References:                                  
    
                   RIRPA:                                                    
                     H. Eshuis, J. Yarkony and F. Furche                     
                     Fast computation of molecular random phase              
                     approximation correlation energies using resolution     
                     of the identity imaginary frequency integration         
                     J. Chem. Phys. 132: 234114 (2010)                       
    
                     H. Eshuis, J. E. Bates and F. Furche                    
                     Electron correlation methods based on                   
                     the random phase approximation                          
                     Theor. Chem. Acc.  131: 1084 (2012)                     
    
                   TWO-COMPONENT RIRPA:                                      
                     M. Kuehn                                                
                     Correlation energies from the                           
                     two-component random-phase approximation                
                     J. Chem. Theory Comput. 10: 623 (2014)                  
    
                   RIRPA GRADIENTS:                                          
                     Asbjoern M. Burow, Jefferson E. Bates, Filipp Furche*,  
                     and Henk Eshuis                                         
                     Analytical First-Order Molecular Properties and Forces  
                     within the Adiabatic Connection Random Phase            
                     Approximation                                           
                     J. Chem. Theory Comput. 10: 180 (2014)                  
    
    
    
 number of mkl threads =                     1
 
                FOUND RI-J FLAG
 
  HF exact exchange energy will be computed using RI-J.
 
  The HXX energy will NOT be computed due to nohxx option. 
 


              +--------------------------------------------------+
              | Atomic coordinate, charge and isotop information |
              +--------------------------------------------------+

                    atomic coordinates            atom    charge  isotop
          1.99691733   -1.63179800    8.31242086    c      6.000     0
          2.85457428   -1.80575909    6.44540440    h      1.000     0
          3.02587794   -2.88653887    9.57702118    h      1.000     0
          2.09955492    1.13844980    9.13055129    c      6.000     0
          3.91046056    2.03209928    8.73234010    h      1.000     0
          1.74406855    1.29272240   11.15864909    h      1.000     0
         -0.10641987    2.29650134    7.67400481    c      6.000     0
          0.41194009    2.46427425    5.68323196    h      1.000     0
         -0.64388524    4.16948662    8.33849680    h      1.000     0
         -2.21713907    0.33577458    7.99720149    c      6.000     0
         -3.58820960    0.38039830    6.46393078    h      1.000     0
         -3.24531190    0.72259615    9.73999880    h      1.000     0
         -0.85079839   -2.24662656    8.19308462    c      6.000     0
         -1.30936793   -3.46390523    6.59936580    h      1.000     0
         -1.44626286   -3.24327269    9.89211172    h      1.000     0
 
       center of nuclear mass  :    0.18254968   -0.02330033    8.26168291
       center of nuclear charge:    0.18116434   -0.02460230    8.26185323
              +-------------------------------------------------+
              |        Rotational Constants Section             |
              +-------------------------------------------------+
                                   Center of Mass [a.u]:
               0.18254968336562        -0.02330032708730         8.26168291404704
                     Principal Moments of Inertia [a.u.]
             275.50399169319707       275.69120446369914       475.26586581459003
                       Rotational constants A,B,C [a.u.]
               0.00181485573740         0.00181362332894         0.00105204273221
                     Rotational constants A,B,C [cm**-1]
               0.21850749285510         0.21835911165014         0.12666528532040
                        Rotational constants A,B,C [MHz]
            6550.68983744464458      6546.24148082930242      3797.32972294737147

   * BASIS SET information:

              +--------------------------------------------------+
              |               basis set information              |
              +--------------------------------------------------+

              we will work with the 1s 3p 5d 7f 9g ... basis set
              ...i.e. with spherical basis functions...

   type   atoms  prim   cont   basis
   ---------------------------------------------------------------------------
    c        5     77     55   cc-pVQZ   [5s4p3d2f1g|21s6p3d2f1g]
    h       10     32     30   cc-pVQZ   [4s3p2d1f|6s3p2d1f]
   ---------------------------------------------------------------------------
   total:   15    705    575
   ---------------------------------------------------------------------------

   total number of primitive shells          :   45
   total number of contracted shells         :  175
   total number of cartesian basis functions :  700
   total number of SCF-basis functions       :  575


   * AUXILIARY BASIS SET information:

              +--------------------------------------------------+
              |               basis set information              |
              +--------------------------------------------------+

              we will work with the 1s 3p 5d 7f 9g ... basis set
              ...i.e. with spherical basis functions...

   type   atoms  prim   cont   basis
   ---------------------------------------------------------------------------
    c        5    132    132   cc-pVQZ   [8s7p6d5f3g1h|8s7p6d5f3g1h]
    h       10     55     55   cc-pVQZ   [5s4p3d2f1g|5s4p3d2f1g]
   ---------------------------------------------------------------------------
   total:   15   1210   1210
   ---------------------------------------------------------------------------

   total number of primitive shells          :   45
   total number of contracted shells         :  300
   total number of cartesian basis functions : 1605
   total number of SCF-basis functions       : 1210


   * RIJ AUXILIARY BASIS SET information:

              +--------------------------------------------------+
              |               basis set information              |
              +--------------------------------------------------+

              we will work with the 1s 3p 5d 7f 9g ... basis set
              ...i.e. with spherical basis functions...

   type   atoms  prim   cont   basis
   ---------------------------------------------------------------------------
    c        5     70     49   cc-pVQZ   [6s4p3d1f1g|12s5p4d2f1g]
    h       10     16     11   cc-pVQZ   [3s1p1d|5s2p1d]
   ---------------------------------------------------------------------------
   total:   15    510    355
   ---------------------------------------------------------------------------

   total number of primitive shells          :   32
   total number of contracted shells         :  125
   total number of cartesian basis functions :  425
   total number of SCF-basis functions       :  355


 reading orbital data $scfmo  from file mos
 orbital characterization : scfconv=9

 integral neglect threshold       :  0.32E+02

 scfconv                     9

 MAXIMUM CORE MEMORY WHICH CAN BE ALLOCATED DYNAMICALLY = 5000 MiB
              ( or 655360000 double words )


 there are 1 real representations :   a   

 maximum number of shells which are related by symmetry :  1

 time elapsed for calculating density matrices :   0.012 sec

     total memory allocated for calculation of (Q|P)**(-1/2) : 17 MiB


     calculation of (P|Q) ...
     time in lp2sym        cpu:  0.03 sec    wall:  0.04 sec    ratio:  1.0


     calculation of the Cholesky decomposition of (P|Q)**(-1) ...
     time in invmetri      cpu:  0.16 sec    wall:  0.16 sec    ratio:  1.0

   threshold for RMS(d[D]) in SCF was     :  0.10E-06
   integral neglect threshold             :  0.21E-13
   derivative integral neglect threshold  :  0.10E-06


 setting up bound for integral derivative estimation

 increment for numerical differentiation : 0.00050000
 total memory allocated for calculation of (Q|P)**(-1/2) : 17 MiB
 Dividing biap into                    486  block chunks,
 using                     5 MiB per block
 Reserved                   2490 MiB for BLAS routines
 Estimated total memory usage:                   4991 MiB
 number of passes for ispin    1
 =    1
 
 Number of eigenvalues < 6e-3:                      0
 
 
            -----------------------------
            Complex frequency integration
            -----------------------------
 
 Number of Clenshaw-Curtis nodes:                    100
 Optimized scaling parameter    :    1.34487523389570     
 Sensitivity measure            :  -2.850948643828843E-011
 
 


 RI-RPA correlation energy: -0.1553404684159985E+01
 
 RIRPA correlation energy:   -1.55340468415999       Hartree
 
 HXX Energy calculation skipped due to nohxx option
 

                  -------------------------------------------- 
                 |  HXX+RIRPA total energy     =     -1.55340468416  |
                  --------------------------------------------- 
                 :  RIRPA correlation energy   =     -1.55340468416  :
                 :  HXX total energy           =      0.00000000000  :
                 :  Hartree energy             =      0.00000000000  :
                 :  Exact Exchange energy      =      0.00000000000  :
                  ............................................. 


    ------------------------------------------------------------------------
    Rirpa profiling                cpu                    wall         ratio
    ------------------------------------------------------------------------
    module                         sec     %               sec     %
    ------------------------------------------------------------------------
    RIRPA                        76.5  100.00          139.9  100.00   0.5
    STARTUP                       0.2    0.28            0.2    0.15   1.0
    riccmos                       0.2    0.31            0.2    0.17   1.0
    riccaux                       0.2    0.27            0.2    0.15   1.0
    riccbound                     1.8    2.40            1.8    1.31   1.0
    ccmkbaoi                      8.6   11.19            8.7    6.23   1.0
    cc3idxnrm                     0.0    0.04            0.4    0.30   0.1
    ecrpa                        65.4   85.49          128.2   91.64   0.5
    tread                         5.0    6.48           67.4   48.20   0.1
    tqbuild                      54.7   71.50           54.7   39.08   1.0
    trpaln                        3.9    5.08            3.9    2.78   1.0
    ------------------------------------------------------------------------
    sum                         216.4  283.04          405.7  290.01   0.5
    ------------------------------------------------------------------------


    ------------------------------------------------------------------------
         total  cpu-time :  1 minutes and 16 seconds
         total wall-time :  2 minutes and 20 seconds
    ------------------------------------------------------------------------

   ****  rirpa : all done  ****


    2018-04-29 10:10:51.461 

