
   OpenMP run-time library returned nthreads =  8

 rirpa (c-5-27.local) : TURBOMOLE rev. 21185 compiled 19 Apr 2018 at 16:41:44
 Copyright (C) 2018 TURBOMOLE GmbH, Karlsruhe


    2018-05-03 03:08:41.525 

 
 
    *************************************************************************
    *************************** PROGRAM RIRPA *******************************
    ******                                                             ******
    ******              H. Eshuis, J. E. Bates and F. Furche           ******
    ******                                                             ******
    ****** Nov 2011                                                    ******
    ****** Copyright TURBOMOLE GmbH                                    ******
    *************************************************************************
    
    
                                References:                                  
    
                   RIRPA:                                                    
                     H. Eshuis, J. Yarkony and F. Furche                     
                     Fast computation of molecular random phase              
                     approximation correlation energies using resolution     
                     of the identity imaginary frequency integration         
                     J. Chem. Phys. 132: 234114 (2010)                       
    
                     H. Eshuis, J. E. Bates and F. Furche                    
                     Electron correlation methods based on                   
                     the random phase approximation                          
                     Theor. Chem. Acc.  131: 1084 (2012)                     
    
                   TWO-COMPONENT RIRPA:                                      
                     M. Kuehn                                                
                     Correlation energies from the                           
                     two-component random-phase approximation                
                     J. Chem. Theory Comput. 10: 623 (2014)                  
    
                   RIRPA GRADIENTS:                                          
                     Asbjoern M. Burow, Jefferson E. Bates, Filipp Furche*,  
                     and Henk Eshuis                                         
                     Analytical First-Order Molecular Properties and Forces  
                     within the Adiabatic Connection Random Phase            
                     Approximation                                           
                     J. Chem. Theory Comput. 10: 180 (2014)                  
    
    
    
      ... OpenMP parallelization enabled, threads:    8

   *-----------------------------------------------------------------------*
   |                     program will use  8 thread(s)                     |
   *-----------------------------------------------------------------------*
 
                FOUND RI-J FLAG
 
  HF exact exchange energy will be computed using RI-J.
 
  The HXX energy will NOT be computed due to nohxx option. 
 


              +--------------------------------------------------+
              | Atomic coordinate, charge and isotop information |
              +--------------------------------------------------+

                    atomic coordinates            atom    charge  isotop
         -3.02021322   -5.57287040    6.14160993    c      6.000     0
         -7.55992498   -5.49254003    6.14160993    c      6.000     0
         -7.57917751   -2.96661681    6.14160993    c      6.000     0
         -5.13872849   -1.73612541    6.14160993    c      6.000     0
         -5.34962382   -6.77813772    6.14160993    n      7.000     0
         -3.01397334   -3.02330859    6.14160993    n      7.000     0
         -5.01381949    0.76047871    6.14160993    n      7.000     0
         -1.13019040   -6.85880446    6.14160993    o      8.000     0
         -5.30378284   -8.65690911    6.14160993    h      1.000     0
         -9.25454067   -6.60873133    6.14160993    h      1.000     0
         -9.30421779   -1.90668642    6.14160993    h      1.000     0
         -6.57529074    1.79538156    6.14160993    h      1.000     0
         -3.32233507    1.63396871    6.14160993    h      1.000     0
          2.02057455    2.09509212    6.14160993    c      6.000     0
          4.31882924   -1.93152310    6.14160993    c      6.000     0
          6.52909072    1.59570364    6.14160993    c      6.000     0
          4.48320895    3.19202901    6.14160993    c      6.000     0
          7.66977287    5.57318976    6.14160993    c      6.000     0
          2.15879290   -0.53650459    6.14160993    n      7.000     0
          6.57508098   -0.94499535    6.14160993    n      7.000     0
          5.26063662    5.68364992    6.14160993    n      7.000     0
          8.57326795    3.13252153    6.14160993    n      7.000     0
          4.03373759   -4.43966966    6.14160993    n      7.000     0
         -0.02458345    3.12065405    6.14160993    o      8.000     0
          0.48192174   -1.43893196    6.14160993    h      1.000     0
          8.92516519    7.16093010    6.14160993    h      1.000     0
         10.36302946    2.57112358    6.14160993    h      1.000     0
          5.59543373   -5.47388087    6.14160993    h      1.000     0
          2.33979087   -5.28069984    6.14160993    h      1.000     0
         -2.86614385    0.50730076    0.00000000    c      6.000     0
         -2.35868435   -4.10118003    0.00000000    c      6.000     0
         -6.22007703   -2.54675178    0.00000000    c      6.000     0
         -5.50322076   -0.05275926    0.00000000    c      6.000     0
         -9.48081459    0.00062550    0.00000000    c      6.000     0
         -1.43115007   -1.70294749    0.00000000    n      7.000     0
         -4.76389754   -4.62925266    0.00000000    n      7.000     0
         -7.59671039    1.50604370    0.00000000    n      7.000     0
         -8.77716940   -2.50497750    0.00000000    n      7.000     0
         -0.65378855   -5.96273979    0.00000000    n      7.000     0
         -1.81438653    2.53911162    0.00000000    o      8.000     0
          0.45590021   -1.44738660    0.00000000    h      1.000     0
        -11.42969860    0.54723256    0.00000000    h      1.000     0
         -9.89513516   -4.01115348    0.00000000    h      1.000     0
         -1.30933455   -7.71737697    0.00000000    h      1.000     0
          1.21098753   -5.64747111    0.00000000    h      1.000     0
          5.71905583   -2.73330933    0.00000000    c      6.000     0
          9.34454077    0.00005480    0.00000000    c      6.000     0
          7.87541665    2.05488631    0.00000000    c      6.000     0
          5.17778724    1.61591426    0.00000000    c      6.000     0
          8.31202654   -2.33919749    0.00000000    n      7.000     0
          4.21541208   -0.67433743    0.00000000    n      7.000     0
          3.60926731    3.56229061    0.00000000    n      7.000     0
          4.94584793   -4.88457923    0.00000000    o      8.000     0
          9.37925504   -3.88610085    0.00000000    h      1.000     0
         11.37159519    0.09310681    0.00000000    h      1.000     0
          8.64799150    3.92634068    0.00000000    h      1.000     0
          4.26422182    5.31735297    0.00000000    h      1.000     0
          1.72740244    3.27472720    0.00000000    h      1.000     0
 
       center of nuclear mass  :    0.31843654   -0.98004659    3.07080497
       center of nuclear charge:    0.32211852   -0.99137858    3.07080497
              +-------------------------------------------------+
              |        Rotational Constants Section             |
              +-------------------------------------------------+
                                   Center of Mass [a.u]:
               0.31843653730035        -0.98004659043569         3.07080496593917
                     Principal Moments of Inertia [a.u.]
            9860.85793673758963     22551.30533228455533     22583.83124911131017
                       Rotational constants A,B,C [a.u.]
               0.00005070552717         0.00002217166557         0.00002213973327
                     Rotational constants A,B,C [cm**-1]
               0.00610491367817         0.00266945463287         0.00266561000356
                        Rotational constants A,B,C [MHz]
             183.02070774555224        80.02823659065020        79.91297750380939

   * BASIS SET information:

              +--------------------------------------------------+
              |               basis set information              |
              +--------------------------------------------------+

              we will work with the 1s 3p 5d 7f 9g ... basis set
              ...i.e. with spherical basis functions...

   type   atoms  prim   cont   basis
   ---------------------------------------------------------------------------
    c       18     50     30   cc-pVTZ   [4s3p2d1f|18s5p2d1f]
    n       16     50     30   cc-pVTZ   [4s3p2d1f|18s5p2d1f]
    o        4     50     30   cc-pVTZ   [4s3p2d1f|18s5p2d1f]
    h       20     16     14   cc-pVTZ   [3s2p1d|5s2p1d]
   ---------------------------------------------------------------------------
   total:   58   2220   1420
   ---------------------------------------------------------------------------

   total number of primitive shells          :   86
   total number of contracted shells         :  500
   total number of cartesian basis functions : 1630
   total number of SCF-basis functions       : 1420


   * AUXILIARY BASIS SET information:

              +--------------------------------------------------+
              |               basis set information              |
              +--------------------------------------------------+

              we will work with the 1s 3p 5d 7f 9g ... basis set
              ...i.e. with spherical basis functions...

   type   atoms  prim   cont   basis
   ---------------------------------------------------------------------------
    c       18     81     81   cc-pVTZ   [8s6p5d3f1g|8s6p5d3f1g]
    n       16     81     81   cc-pVTZ   [8s6p5d3f1g|8s6p5d3f1g]
    o        4     81     81   cc-pVTZ   [8s6p5d3f1g|8s6p5d3f1g]
    h       20     30     30   cc-pVTZ   [4s3p2d1f|4s3p2d1f]
   ---------------------------------------------------------------------------
   total:   58   3678   3678
   ---------------------------------------------------------------------------

   total number of primitive shells          :   79
   total number of contracted shells         : 1074
   total number of cartesian basis functions : 4538
   total number of SCF-basis functions       : 3678


   * RIJ AUXILIARY BASIS SET information:

              +--------------------------------------------------+
              |               basis set information              |
              +--------------------------------------------------+

              we will work with the 1s 3p 5d 7f 9g ... basis set
              ...i.e. with spherical basis functions...

   type   atoms  prim   cont   basis
   ---------------------------------------------------------------------------
    c       18     70     49   cc-pVTZ   [6s4p3d1f1g|12s5p4d2f1g]
    n       16     70     49   cc-pVTZ   [6s4p3d1f1g|12s5p4d2f1g]
    o        4     70     49   cc-pVTZ   [6s4p3d1f1g|12s5p4d2f1g]
    h       20     16     11   cc-pVTZ   [3s1p1d|5s2p1d]
   ---------------------------------------------------------------------------
   total:   58   2980   2082
   ---------------------------------------------------------------------------

   total number of primitive shells          :   80
   total number of contracted shells         :  670
   total number of cartesian basis functions : 2558
   total number of SCF-basis functions       : 2082


 reading orbital data $scfmo  from file mos
 orbital characterization : scfconv=9

 integral neglect threshold       :  0.33E+02

 scfconv                     9

 MAXIMUM CORE MEMORY WHICH CAN BE ALLOCATED DYNAMICALLY = 120000 MiB
              ( or 15728640000 double words per process)


 there are 1 real representations :   a   

 maximum number of shells which are related by symmetry :  1

 time elapsed for calculating density matrices :   0.237 sec

     total memory allocated for calculation of (Q|P)**(-1/2) : 155 MiB


     calculation of (P|Q) ...
     time in lp2sym        cpu:  2.46 sec    wall:  0.31 sec    ratio:  8.0


     calculation of the Cholesky decomposition of (P|Q)**(-1) ...
     time in invmetri      cpu: 12.12 sec    wall:  1.76 sec    ratio:  6.9

   threshold for RMS(d[D]) in SCF was     :  0.10E-06
   integral neglect threshold             :  0.73E-14
   derivative integral neglect threshold  :  0.10E-06


 setting up bound for integral derivative estimation

 increment for numerical differentiation : 0.00050000
 maxlen_occblk                    98
 mxlocci                    98
 number of passes for ispin    1
 =    1
 Total available memory for RIRPA is    119999.3     MiB.
 Allocated    106.2719     MiB for scratch arrays so far
 
 Number of eigenvalues < 6e-3:                      0
 
 
            -----------------------------
            Complex frequency integration
            -----------------------------
 
 Number of Clenshaw-Curtis nodes:                    100
 Optimized scaling parameter    :    1.00000000000000     
 Sensitivity measure            :  -5.758726828730687E-013
 
 Frequency quadrature (j, node, weight):
                     1  6.123233995736766E-017  1.570796326794897E-002
                     2  1.570925532366489E-002  3.142367938032833E-002
                     3  3.142626604335125E-002  3.144695322530642E-002
                     4  4.715880287748049E-002  3.148579407018975E-002
                     5  6.291466725364990E-002  3.154027879536096E-002
                     6  7.870170682461851E-002  3.161051548603603E-002
                     7  9.452783117928222E-002  3.169664388887074E-002
                     8  0.110401027815819       3.179883600468370E-002
                     9  0.126329378446108       3.191729682162526E-002
                    10  0.142321075702943       3.205226519418100E-002
                    11  0.158384440324537       3.220401487451875E-002
                    12  0.174527938894365       3.237285570388262E-002
                    13  0.190760202218567       3.255913497302004E-002
                    14  0.207090044427939       3.276323896201602E-002
                    15  0.223526482897149       3.298559467141794E-002
                    16  0.240078759080116       3.322667175818639E-002
                    17  0.256756360367727       3.348698469182396E-002
                    18  0.273569043082238       3.376709514803833E-002
                    19  0.290526856731917       3.406761465952072E-002
                    20  0.307640169659899       3.438920754589223E-002
                    21  0.324919696232907       3.473259414763297E-002
                    22  0.342376525728684       3.509855439189737E-002
                    23  0.360022153095757       3.548793172158875E-002
                    24  0.377868511775821       3.590163742296824E-002
                    25  0.395928008797722       3.634065539147665E-002
                    26  0.414213562373096       3.680604738042442E-002
                    27  0.432738642247427       3.729895878284553E-002
                    28  0.451517313086984       3.782062500321406E-002
                    29  0.470564281212252       3.837237848300933E-002
                    30  0.489894945022478       3.895565645242346E-002
                    31  0.509525449494430       3.957200948999755E-002
                    32  0.529472745182015       4.022311098284004E-002
                    33  0.549754652192771       4.091076759254952E-002
                    34  0.570389929673296       4.163693084629672E-002
                    35  0.591398351399472       4.240370998903480E-002
                    36  0.612800788139933       4.321338625187097E-002
                    37  0.634619297544149       4.406842871369358E-002
                    38  0.656877222401281       4.497151195872963E-002
                    39  0.679599298224528       4.592553576244259E-002
                    40  0.702811771240359       4.693364707282179E-002
                    41  0.726542528005362       4.799926459457313E-002
                    42  0.750821238038766       4.912610633108559E-002
                    43  0.775679511049615       5.031822049464612E-002
                    44  0.801151070558753       5.158002026080469E-002
                    45  0.827271945972477       5.291632292000308E-002
                    46  0.854080685463468       5.433239407095163E-002
                    47  0.881618592363191       5.583399760867866E-002
                    48  0.909929988177739       5.742745238926314E-002
                    49  0.939062505817495       5.911969660740184E-002
                    50  0.969067417193795       6.091836110761041E-002
                    51   1.00000000000000       6.283185307179602E-002
                    52   1.03191994928050       6.486945179361553E-002
                    53   1.06489184032479       6.704141857404229E-002
                    54   1.09898565053630       6.935912316622007E-002
                    55   1.13427734925541       7.183518967782269E-002
                    56   1.17084956611254       7.448366542712366E-002
                    57   1.20879235040961       7.732021697207736E-002
                    58   1.24820403635305       8.036235842486739E-002
                    59   1.28919223178507       8.362971827265001E-002
                    60   1.33187495150260       8.714435230699759E-002
                    61   1.37638192047118       9.093111199595910E-002
                    62   1.42285607743187       9.501807981353357E-002
                    63   1.47145531581997       9.943708580346439E-002
                    64   1.52235450689614       0.104224323172653     
                    65   1.57574785996866       0.109421085218344     
                    66   1.63185168712879       0.115074651708120     
                    67   1.69090765578502       0.121239360381164     
                    68   1.75318663247224       0.127977909109843     
                    69   1.81899324728107       0.135362947262225     
                    70   1.88867134163107       0.143479032066931     
                    71   1.96261050550516       0.152425048888296     
                    72   2.04125396712171       0.162317225526162     
                    73   2.12510817315721       0.173292913197004     
                    74   2.21475449781337       0.185515365431501     
                    75   2.31086365388242       0.199179827646763     
                    76   2.41421356237310       0.214521364906760     
                    77   2.52571168944732       0.231825018904694     
                    78   2.64642321028664       0.251439121288324     
                    79   2.77760685391499       0.273792936166722     
                    80   2.92076098929883       0.299420318698704     
                    81   3.07768353717527       0.328991853836205     
                    82   3.25055080129985       0.363359135667967     
                    83   3.44202257666924       0.403616726213858     
                    84   3.65538435465228       0.451190346376619     
                    85   3.89474285492988       0.507964804357080     
                    86   4.16529977009044       0.576473523794999     
                    87   4.47374282921158       0.660186058116601     
                    88   4.82881735219279       0.763956071625039     
                    89   5.24218358111322       0.894740940645761     
                    90   5.72974164672436        1.06279888896301     
                    91   6.31375151467510        1.28376340047031     
                    92   7.02636622904144        1.58241463966126     
                    93   7.91581508830591        1.99994192060672     
                    94   9.05788668623903        2.60894539646175     
                    95   10.5788949934058        3.54726711869422     
                    96   12.7062047361749        5.10344308639529     
                    97   15.8945448438657        7.96822740363168     
                    98   21.2049487896893        14.1575826807070     
                    99   31.8205159537754        31.8414626613028     
                   100   63.6567411628767        127.334426965840     
 ifreq =                     1
 omega =  6.123233995736766E-017  weight =  1.570796326794897E-002
 Numerical rank of Q is       140725564429664
 Not Weighted ec  -6.63414122394251     
 Weighted ec -0.104208846660075     
 nrank       140725564429664
 Done with rirpa frequency point #                     1
 ifreq =                     2
 omega =  1.570925532366489E-002  weight =  3.142367938032833E-002
 Numerical rank of Q is       140725564429664
 Not Weighted ec  -6.61870050261804     
 Weighted ec -0.207983922508687     
 nrank       140725564429664
 Done with rirpa frequency point #                     2
 ifreq =                     3
 omega =  3.142626604335125E-002  weight =  3.144695322530642E-002
 Numerical rank of Q is       140725564429664
 Not Weighted ec  -6.57350689685336     
 Weighted ec -0.206716763911577     
 nrank       140725564429664
 Done with rirpa frequency point #                     3
 ifreq =                     4
 omega =  4.715880287748049E-002  weight =  3.148579407018975E-002
 Numerical rank of Q is       140725564429664
 Not Weighted ec  -6.50166378156003     
 Weighted ec -0.204710046939810     
 nrank       140725564429664
 Done with rirpa frequency point #                     4
 ifreq =                     5
 omega =  6.291466725364990E-002  weight =  3.154027879536096E-002
 Numerical rank of Q is       140725564429664
 Not Weighted ec  -6.40754273924954     
 Weighted ec -0.202095684389121     
 nrank       140725564429664
 Done with rirpa frequency point #                     5
 ifreq =                     6
 omega =  7.870170682461851E-002  weight =  3.161051548603603E-002
 Numerical rank of Q is       140725564429664
 Not Weighted ec  -6.29596251094026     
 Weighted ec -0.199018620451579     
 nrank       140725564429664
 Done with rirpa frequency point #                     6
 ifreq =                     7
 omega =  9.452783117928222E-002  weight =  3.169664388887074E-002
 Numerical rank of Q is       140725564429664
 Not Weighted ec  -6.17152348133930     
 Weighted ec -0.195616582039816     
 nrank       140725564429664
 Done with rirpa frequency point #                     7
 ifreq =                     8
 omega =  0.110401027815819       weight =  3.179883600468370E-002
 Numerical rank of Q is       140725564429664
 Not Weighted ec  -6.03821231769462     
 Weighted ec -0.192008123251832     
 nrank       140725564429664
 Done with rirpa frequency point #                     8
 ifreq =                     9
 omega =  0.126329378446108       weight =  3.191729682162526E-002
 Numerical rank of Q is       140725564429664
 Not Weighted ec  -5.89925504404980     
 Weighted ec -0.188288274267407     
 nrank       140725564429664
 Done with rirpa frequency point #                     9
 ifreq =                    10
 omega =  0.142321075702943       weight =  3.205226519418100E-002
 Numerical rank of Q is       140725564429664
 Not Weighted ec  -5.75713594659886     
 Weighted ec -0.184529248119339     
 nrank       140725564429664
 Done with rirpa frequency point #                    10
 ifreq =                    11
 omega =  0.158384440324537       weight =  3.220401487451875E-002
 Numerical rank of Q is       140725564429664
 Not Weighted ec  -5.61369933912407     
 Weighted ec -0.180783657018228     
 nrank       140725564429664
 Done with rirpa frequency point #                    11
 ifreq =                    12
 omega =  0.174527938894365       weight =  3.237285570388262E-002
 Numerical rank of Q is       140725564429664
 Not Weighted ec  -5.47027637012698     
 Weighted ec -0.177088467590479     
 nrank       140725564429664
 Done with rirpa frequency point #                    12
 ifreq =                    13
 omega =  0.190760202218567       weight =  3.255913497302004E-002
 Numerical rank of Q is       140725564429664
 Not Weighted ec  -5.32780547638058     
 Weighted ec -0.173468737615471     
 nrank       140725564429664
 Done with rirpa frequency point #                    13
 ifreq =                    14
 omega =  0.207090044427939       weight =  3.276323896201602E-002
 Numerical rank of Q is       140725564429664
 Not Weighted ec  -5.18693363710277     
 Weighted ec -0.169940746232517     
 nrank       140725564429664
 Done with rirpa frequency point #                    14
 ifreq =                    15
 omega =  0.223526482897149       weight =  3.298559467141794E-002
 Numerical rank of Q is       140725564429664
 Not Weighted ec  -5.04809592639755     
 Weighted ec -0.166514446090586     
 nrank       140725564429664
 Done with rirpa frequency point #                    15
 ifreq =                    16
 omega =  0.240078759080116       weight =  3.322667175818639E-002
 Numerical rank of Q is       140725564429664
 Not Weighted ec  -4.91157553420600     
 Weighted ec -0.163195308090602     
 nrank       140725564429664
 Done with rirpa frequency point #                    16
 ifreq =                    17
 omega =  0.256756360367727       weight =  3.348698469182396E-002
 Numerical rank of Q is       140725564429664
 Not Weighted ec  -4.77754792885984     
 Weighted ec -0.159985674358185     
 nrank       140725564429664
 Done with rirpa frequency point #                    17
 ifreq =                    18
 omega =  0.273569043082238       weight =  3.376709514803833E-002
 Numerical rank of Q is       140725564429664
 Not Weighted ec  -4.64611284426990     
 Weighted ec -0.156885734480985     
 nrank       140725564429664
 Done with rirpa frequency point #                    18
 ifreq =                    19
 omega =  0.290526856731917       weight =  3.406761465952072E-002
 Numerical rank of Q is       140725564429664
 Not Weighted ec  -4.51731722039060     
 Weighted ec -0.153894222359084     
 nrank       140725564429664
 Done with rirpa frequency point #                    19
 ifreq =                    20
 omega =  0.307640169659899       weight =  3.438920754589223E-002
 Numerical rank of Q is       140725564429664
 Not Weighted ec  -4.39117155226684     
 Weighted ec -0.151008909880522     
 nrank       140725564429664
 Done with rirpa frequency point #                    20
 ifreq =                    21
 omega =  0.324919696232907       weight =  3.473259414763297E-002
 Numerical rank of Q is       140725564429664
 Not Weighted ec  -4.26766149247939     
 Weighted ec -0.148226954577768     
 nrank       140725564429664
 Done with rirpa frequency point #                    21
 ifreq =                    22
 omega =  0.342376525728684       weight =  3.509855439189737E-002
 Numerical rank of Q is       140725564429664
 Not Weighted ec  -4.14675605856330     
 Weighted ec -0.145545143071414     
 nrank       140725564429664
 Done with rirpa frequency point #                    22
 ifreq =                    23
 omega =  0.360022153095757       weight =  3.548793172158875E-002
 Numerical rank of Q is       140725564429664
 Not Weighted ec  -4.02841342113818     
 Weighted ec -0.142960060435683     
 nrank       140725564429664
 Done with rirpa frequency point #                    23
 ifreq =                    24
 omega =  0.377868511775821       weight =  3.590163742296824E-002
 Numerical rank of Q is       140725564429664
 Not Weighted ec  -3.91258497134255     
 Weighted ec -0.140468207027695     
 nrank       140725564429664
 Done with rirpa frequency point #                    24
 ifreq =                    25
 omega =  0.395928008797722       weight =  3.634065539147665E-002
 Numerical rank of Q is       140725564429664
 Not Weighted ec  -3.79921816561712     
 Weighted ec -0.138066078113730     
 nrank       140725564429664
 Done with rirpa frequency point #                    25
 ifreq =                    26
 omega =  0.414213562373096       weight =  3.680604738042442E-002
 Numerical rank of Q is       140725564429664
 Not Weighted ec  -3.68825850229546     
 Weighted ec -0.135750217186740     
 nrank       140725564429664
 Done with rirpa frequency point #                    26
 ifreq =                    27
 omega =  0.432738642247427       weight =  3.729895878284553E-002
 Numerical rank of Q is       140725564429664
 Not Weighted ec  -3.57965088221911     
 Weighted ec -0.133517250712867     
 nrank       140725564429664
 Done with rirpa frequency point #                    27
 ifreq =                    28
 omega =  0.451517313086984       weight =  3.782062500321406E-002
 Numerical rank of Q is       140725564429664
 Not Weighted ec  -3.47334053294862     
 Weighted ec -0.131363909805114     
 nrank       140725564429664
 Done with rirpa frequency point #                    28
 ifreq =                    29
 omega =  0.470564281212252       weight =  3.837237848300933E-002
 Numerical rank of Q is       140725564429664
 Not Weighted ec  -3.36927362453888     
 Weighted ec -0.129287042733626     
 nrank       140725564429664
 Done with rirpa frequency point #                    29
 ifreq =                    30
 omega =  0.489894945022478       weight =  3.895565645242346E-002
 Numerical rank of Q is       140725564429664
 Not Weighted ec  -3.26739766813772     
 Weighted ec -0.127283621053423     
 nrank       140725564429664
 Done with rirpa frequency point #                    30
 ifreq =                    31
 omega =  0.509525449494430       weight =  3.957200948999755E-002
 Numerical rank of Q is       140725564429664
 Not Weighted ec  -3.16766176251695     
 Weighted ec -0.125350741327423     
 nrank       140725564429664
 Done with rirpa frequency point #                    31
 ifreq =                    32
 omega =  0.529472745182015       weight =  4.022311098284004E-002
 Numerical rank of Q is       140725564429664
 Not Weighted ec  -3.07001673497187     
 Weighted ec -0.123485623849950     
 nrank       140725564429664
 Done with rirpa frequency point #                    32
 ifreq =                    33
 omega =  0.549754652192771       weight =  4.091076759254952E-002
 Numerical rank of Q is       140725564429664
 Not Weighted ec  -2.97441520966322     
 Weighted ec -0.121685609366276     
 nrank       140725564429664
 Done with rirpa frequency point #                    33
 ifreq =                    34
 omega =  0.570389929673296       weight =  4.163693084629672E-002
 Numerical rank of Q is       140725564429664
 Not Weighted ec  -2.88081162690982     
 Weighted ec -0.119948154490852     
 nrank       140725564429664
 Done with rirpa frequency point #                    34
 ifreq =                    35
 omega =  0.591398351399472       weight =  4.240370998903480E-002
 Numerical rank of Q is       140725564429664
 Not Weighted ec  -2.78916223006750     
 Weighted ec -0.118270826316152     
 nrank       140725564429664
 Done with rirpa frequency point #                    35
 ifreq =                    36
 omega =  0.612800788139933       weight =  4.321338625187097E-002
 Numerical rank of Q is       140725564429664
 Not Weighted ec  -2.69942503170873     
 Weighted ec -0.116651296553198     
 nrank       140725564429664
 Done with rirpa frequency point #                    36
 ifreq =                    37
 omega =  0.634619297544149       weight =  4.406842871369358E-002
 Numerical rank of Q is       140725564429664
 Not Weighted ec  -2.61155976727909     
 Weighted ec -0.115087335435889     
 nrank       140725564429664
 Done with rirpa frequency point #                    37
 ifreq =                    38
 omega =  0.656877222401281       weight =  4.497151195872963E-002
 Numerical rank of Q is       140725564429664
 Not Weighted ec  -2.52552784187897     
 Weighted ec -0.113576805543165     
 nrank       140725564429664
 Done with rirpa frequency point #                    38
 ifreq =                    39
 omega =  0.679599298224528       weight =  4.592553576244259E-002
 Numerical rank of Q is       140725564429664
 Not Weighted ec  -2.44129227401113     
 Weighted ec -0.112117655636673     
 nrank       140725564429664
 Done with rirpa frequency point #                    39
 ifreq =                    40
 omega =  0.702811771240359       weight =  4.693364707282179E-002
 Numerical rank of Q is       140725564429664
 Not Weighted ec  -2.35881763885084     
 Weighted ec -0.110707914570972     
 nrank       140725564429664
 Done with rirpa frequency point #                    40
 ifreq =                    41
 omega =  0.726542528005362       weight =  4.799926459457313E-002
 Numerical rank of Q is       140725564429664
 Not Weighted ec  -2.27807001268516     
 Weighted ec -0.109345685303838     
 nrank       140725564429664
 Done with rirpa frequency point #                    41
 ifreq =                    42
 omega =  0.750821238038766       weight =  4.912610633108559E-002
 Numerical rank of Q is       140725564429664
 Not Weighted ec  -2.19901691953634     
 Weighted ec -0.108029139012999     
 nrank       140725564429664
 Done with rirpa frequency point #                    42
 ifreq =                    43
 omega =  0.775679511049615       weight =  5.031822049464612E-002
 Numerical rank of Q is       140725564429664
 Not Weighted ec  -2.12162728053939     
 Weighted ec -0.106756509309637     
 nrank       140725564429664
 Done with rirpa frequency point #                    43
 ifreq =                    44
 omega =  0.801151070558753       weight =  5.158002026080469E-002
 Numerical rank of Q is       140725564429664
 Not Weighted ec  -2.04587136635016     
 Weighted ec -0.105526086527342     
 nrank       140725564429664
 Done with rirpa frequency point #                    44
 ifreq =                    45
 omega =  0.827271945972477       weight =  5.291632292000308E-002
 Numerical rank of Q is       140725564429664
 Not Weighted ec  -1.97172075265687     
 Weighted ec -0.104336212055663     
 nrank       140725564429664
 Done with rirpa frequency point #                    45
 ifreq =                    46
 omega =  0.854080685463468       weight =  5.433239407095163E-002
 Numerical rank of Q is       140725564429664
 Not Weighted ec  -1.89914827874410     
 Weighted ec -0.103185272679894     
 nrank       140725564429664
 Done with rirpa frequency point #                    46
 ifreq =                    47
 omega =  0.881618592363191       weight =  5.583399760867866E-002
 Numerical rank of Q is       140725564429664
 Not Weighted ec  -1.82812800898151     
 Weighted ec -0.102071694881832     
 nrank       140725564429664
 Done with rirpa frequency point #                    47
 ifreq =                    48
 omega =  0.909929988177739       weight =  5.742745238926314E-002
 Numerical rank of Q is       140725564429664
 Not Weighted ec  -1.75863519706929     
 Weighted ec -0.100993939049779     
 nrank       140725564429664
 Done with rirpa frequency point #                    48
 ifreq =                    49
 omega =  0.939062505817495       weight =  5.911969660740184E-002
 Numerical rank of Q is       140725564429664
 Not Weighted ec  -1.69064625285548     
 Weighted ec -9.995049353925654E-002
 nrank       140725564429664
 Done with rirpa frequency point #                    49
 ifreq =                    50
 omega =  0.969067417193795       weight =  6.091836110761041E-002
 Numerical rank of Q is       140725564429664
 Not Weighted ec  -1.62413871154540     
 Weighted ec -9.893986851877150E-002
 nrank       140725564429664
 Done with rirpa frequency point #                    50
 ifreq =                    51
 omega =   1.00000000000000       weight =  6.283185307179602E-002
 Numerical rank of Q is       140725564429664
 Not Weighted ec  -1.55909120513325     
 Weighted ec -9.796058952646187E-002
 nrank       140725564429664
 Done with rirpa frequency point #                    51
 ifreq =                    52
 omega =   1.03191994928050       weight =  6.486945179361553E-002
 Numerical rank of Q is       140725564429664
 Not Weighted ec  -1.49548343591109     
 Weighted ec -9.701119065398471E-002
 nrank       140725564429664
 Done with rirpa frequency point #                    52
 ifreq =                    53
 omega =   1.06489184032479       weight =  6.704141857404229E-002
 Numerical rank of Q is       140725564429664
 Not Weighted ec  -1.43329615193701     
 Weighted ec -9.609020726257290E-002
 nrank       140725564429664
 Done with rirpa frequency point #                    53
 ifreq =                    54
 omega =   1.09898565053630       weight =  6.935912316622007E-002
 Numerical rank of Q is       140725564429664
 Not Weighted ec  -1.37251112437838     
 Weighted ec -9.519616812276717E-002
 nrank       140725564429664
 Done with rirpa frequency point #                    54
 ifreq =                    55
 omega =   1.13427734925541       weight =  7.183518967782269E-002
 Numerical rank of Q is       140725564429664
 Not Weighted ec  -1.31311112667981     
 Weighted ec -9.432758685310395E-002
 nrank       140725564429664
 Done with rirpa frequency point #                    55
 ifreq =                    56
 omega =   1.17084956611254       weight =  7.448366542712366E-002
 Numerical rank of Q is       140725564429664
 Not Weighted ec  -1.25507991554941     
 Weighted ec -9.348295251408489E-002
 nrank       140725564429664
 Done with rirpa frequency point #                    56
 ifreq =                    57
 omega =   1.20879235040961       weight =  7.732021697207736E-002
 Numerical rank of Q is       140725564429664
 Not Weighted ec  -1.19840221379749     
 Weighted ec -9.266071919063971E-002
 nrank       140725564429664
 Done with rirpa frequency point #                    57
 ifreq =                    58
 omega =   1.24820403635305       weight =  8.036235842486739E-002
 Numerical rank of Q is       140725564429664
 Not Weighted ec  -1.14306369511219     
 Weighted ec -9.185929436905910E-002
 nrank       140725564429664
 Done with rirpa frequency point #                    58
 ifreq =                    59
 omega =   1.28919223178507       weight =  8.362971827265001E-002
 Numerical rank of Q is       140725564429664
 Not Weighted ec  -1.08905097091072     
 Weighted ec -9.107702588181907E-002
 nrank       140725564429664
 Done with rirpa frequency point #                    59
 ifreq =                    60
 omega =   1.33187495150260       weight =  8.714435230699759E-002
 Numerical rank of Q is       140725564429664
 Not Weighted ec  -1.03635157946247     
 Weighted ec -9.031218715459115E-002
 nrank       140725564429664
 Done with rirpa frequency point #                    60
 ifreq =                    61
 omega =   1.37638192047118       weight =  9.093111199595910E-002
 Numerical rank of Q is       140725564429664
 Not Weighted ec -0.984953977553777     
 Weighted ec -8.956296044380792E-002
 nrank       140725564429664
 Done with rirpa frequency point #                    61
 ifreq =                    62
 omega =   1.42285607743187       weight =  9.501807981353357E-002
 Numerical rank of Q is       140725564429664
 Not Weighted ec -0.934847535035886     
 Weighted ec -8.882741769752490E-002
 nrank       140725564429664
 Done with rirpa frequency point #                    62
 ifreq =                    63
 omega =   1.47145531581997       weight =  9.943708580346439E-002
 Numerical rank of Q is       140725564429664
 Not Weighted ec -0.886022532692045     
 Weighted ec -8.810349860710175E-002
 nrank       140725564429664
 Done with rirpa frequency point #                    63
 ifreq =                    64
 omega =   1.52235450689614       weight =  0.104224323172653     
 Numerical rank of Q is       140725564429664
 Not Weighted ec -0.838470163961682     
 Weighted ec -8.738898533936962E-002
 nrank       140725564429664
 Done with rirpa frequency point #                    64
 ifreq =                    65
 omega =   1.57574785996866       weight =  0.109421085218344     
 Numerical rank of Q is       140725564429664
 Not Weighted ec -0.792182541175993     
 Weighted ec -8.668147334650277E-002
 nrank       140725564429664
 Done with rirpa frequency point #                    65
 ifreq =                    66
 omega =   1.63185168712879       weight =  0.115074651708120     
 Numerical rank of Q is       140725564429664
 Not Weighted ec -0.747152707099931     
 Weighted ec -8.597833754230329E-002
 nrank       140725564429664
 Done with rirpa frequency point #                    66
 ifreq =                    67
 omega =   1.69090765578502       weight =  0.121239360381164     
 Numerical rank of Q is       140725564429664
 Not Weighted ec -0.703374652729459     
 Weighted ec -8.527669300524278E-002
 nrank       140725564429664
 Done with rirpa frequency point #                    67
 ifreq =                    68
 omega =   1.75318663247224       weight =  0.127977909109843     
 Numerical rank of Q is       140725564429664
 Not Weighted ec -0.660843342475664     
 Weighted ec -8.457334921919535E-002
 nrank       140725564429664
 Done with rirpa frequency point #                    68
 ifreq =                    69
 omega =   1.81899324728107       weight =  0.135362947262225     
 Numerical rank of Q is       140725564429664
 Not Weighted ec -0.619554748063112     
 Weighted ec -8.386475668812836E-002
 nrank       140725564429664
 Done with rirpa frequency point #                    69
 ifreq =                    70
 omega =   1.88867134163107       weight =  0.143479032066931     
 Numerical rank of Q is       140725564429664
 Not Weighted ec -0.579505892697698     
 Weighted ec -8.314694456134844E-002
 nrank       140725564429664
 Done with rirpa frequency point #                    70
 ifreq =                    71
 omega =   1.96261050550516       weight =  0.152425048888296     
 Numerical rank of Q is       140725564429664
 Not Weighted ec -0.540694907298094     
 Weighted ec -8.241544767856450E-002
 nrank       140725564429664
 Done with rirpa frequency point #                    71
 ifreq =                    72
 omega =   2.04125396712171       weight =  0.162317225526162     
 Numerical rank of Q is       140725564429664
 Not Weighted ec -0.503121100835190     
 Weighted ec -8.166522119123625E-002
 nrank       140725564429664
 Done with rirpa frequency point #                    72
 ifreq =                    73
 omega =   2.12510817315721       weight =  0.173292913197004     
 Numerical rank of Q is       140725564429664
 Not Weighted ec -0.466785047068388     
 Weighted ec -8.089054064328144E-002
 nrank       140725564429664
 Done with rirpa frequency point #                    73
 ifreq =                    74
 omega =   2.21475449781337       weight =  0.185515365431501     
 Numerical rank of Q is       140725564429664
 Not Weighted ec -0.431688690186669     
 Weighted ec -8.008488511262596E-002
 nrank       140725564429664
 Done with rirpa frequency point #                    74
 ifreq =                    75
 omega =   2.31086365388242       weight =  0.199179827646763     
 Numerical rank of Q is       140725564429664
 Not Weighted ec -0.397835472002431     
 Weighted ec -7.924080074521263E-002
 nrank       140725564429664
 Done with rirpa frequency point #                    75
 ifreq =                    76
 omega =   2.41421356237310       weight =  0.214521364906760     
 Numerical rank of Q is       140725564429664
 Not Weighted ec -0.365230483359890     
 Weighted ec -7.834974179591944E-002
 nrank       140725564429664
 Done with rirpa frequency point #                    76
 ifreq =                    77
 omega =   2.52571168944732       weight =  0.231825018904694     
 Numerical rank of Q is       140725564429664
 Not Weighted ec -0.333880642197705     
 Weighted ec -7.740188618939418E-002
 nrank       140725564429664
 Done with rirpa frequency point #                    77
 ifreq =                    78
 omega =   2.64642321028664       weight =  0.251439121288324     
 Numerical rank of Q is       140725564429664
 Not Weighted ec -0.303794900116436     
 Weighted ec -7.638592273715065E-002
 nrank       140725564429664
 Done with rirpa frequency point #                    78
 ifreq =                    79
 omega =   2.77760685391499       weight =  0.273792936166722     
 Numerical rank of Q is       140725564429664
 Not Weighted ec -0.274984478117813     
 Weighted ec -7.528880766414979E-002
 nrank       140725564429664
 Done with rirpa frequency point #                    79
 ifreq =                    80
 omega =   2.92076098929883       weight =  0.299420318698704     
 Numerical rank of Q is       140725564429664
 Not Weighted ec -0.247463130118581     
 Weighted ec -7.409548928628436E-002
 nrank       140725564429664
 Done with rirpa frequency point #                    80
 ifreq =                    81
 omega =   3.07768353717527       weight =  0.328991853836205     
 Numerical rank of Q is       140725564429664
 Not Weighted ec -0.221247429435279     
 Weighted ec -7.278860196640727E-002
 nrank       140725564429664
 Done with rirpa frequency point #                    81
 ifreq =                    82
 omega =   3.25055080129985       weight =  0.363359135667967     
 Numerical rank of Q is       140725564429664
 Not Weighted ec -0.196357068073084     
 Weighted ec -7.134813453733209E-002
 nrank       140725564429664
 Done with rirpa frequency point #                    82
 ifreq =                    83
 omega =   3.44202257666924       weight =  0.403616726213858     
 Numerical rank of Q is       140725564429664
 Not Weighted ec -0.172815150431889     
 Weighted ec -6.975108525747449E-002
 nrank       140725564429664
 Done with rirpa frequency point #                    83
 ifreq =                    84
 omega =   3.65538435465228       weight =  0.451190346376619     
 Numerical rank of Q is       140725564429664
 Not Weighted ec -0.150648450734577     
 Weighted ec -6.797112666803468E-002
 nrank       140725564429664
 Done with rirpa frequency point #                    84
 ifreq =                    85
 omega =   3.89474285492988       weight =  0.507964804357080     
 Numerical rank of Q is       140725564429664
 Not Weighted ec -0.129887585359674     
 Weighted ec -6.597832188564021E-002
 nrank       140725564429664
 Done with rirpa frequency point #                    85
 ifreq =                    86
 omega =   4.16529977009044       weight =  0.576473523794999     
 Numerical rank of Q is       140725564429664
 Not Weighted ec -0.110567025026640     
 Weighted ec -6.373896253263714E-002
 nrank       140725564429664
 Done with rirpa frequency point #                    86
 ifreq =                    87
 omega =   4.47374282921158       weight =  0.660186058116601     
 Numerical rank of Q is       140725564429664
 Not Weighted ec -9.272483443312338E-002
 Weighted ec -6.121564293391820E-002
 nrank       140725564429664
 Done with rirpa frequency point #                    87
 ifreq =                    88
 omega =   4.82881735219279       weight =  0.763956071625039     
 Numerical rank of Q is       140725564429664
 Not Weighted ec -7.640197489661683E-002
 Weighted ec -5.836775260641425E-002
 nrank       140725564429664
 Done with rirpa frequency point #                    88
 ifreq =                    89
 omega =   5.24218358111322       weight =  0.894740940645761     
 Numerical rank of Q is       140725564429664
 Not Weighted ec -6.164093524918597E-002
 Weighted ec -5.515266838714109E-002
 nrank       140725564429664
 Done with rirpa frequency point #                    89
 ifreq =                    90
 omega =   5.72974164672436       weight =   1.06279888896301     
 Numerical rank of Q is       140725564429664
 Not Weighted ec -4.848336603164552E-002
 Weighted ec -5.152806755161989E-002
 nrank       140725564429664
 Done with rirpa frequency point #                    90
 ifreq =                    91
 omega =   6.31375151467510       weight =   1.28376340047031     
 Numerical rank of Q is       140725564429664
 Not Weighted ec -3.696628712883506E-002
 Weighted ec -4.745596646727523E-002
 nrank       140725564429664
 Done with rirpa frequency point #                    91
 ifreq =                    92
 omega =   7.02636622904144       weight =   1.58241463966126     
 Numerical rank of Q is       140725564429664
 Not Weighted ec -2.711634206750150E-002
 Weighted ec -4.290929666167692E-002
 nrank       140725564429664
 Done with rirpa frequency point #                    92
 ifreq =                    93
 omega =   7.91581508830591       weight =   1.99994192060672     
 Numerical rank of Q is       140725564429664
 Not Weighted ec -1.894154477356125E-002
 Weighted ec -3.788198943369422E-002
 nrank       140725564429664
 Done with rirpa frequency point #                    93
 ifreq =                    94
 omega =   9.05788668623903       weight =   2.60894539646175     
 Numerical rank of Q is       140725564429664
 Not Weighted ec -1.242014210319924E-002
 Weighted ec -3.240347256354238E-002
 nrank       140725564429664
 Done with rirpa frequency point #                    94
 ifreq =                    95
 omega =   10.5788949934058       weight =   3.54726711869422     
 Numerical rank of Q is       140725564429664
 Not Weighted ec -7.486848104584607E-003
 Weighted ec -2.655785010405115E-002
 nrank       140725564429664
 Done with rirpa frequency point #                    95
 ifreq =                    96
 omega =   12.7062047361749       weight =   5.10344308639529     
 Numerical rank of Q is       140725564429664
 Not Weighted ec -4.018151345012461E-003
 Weighted ec -2.050640670179376E-002
 nrank       140725564429664
 Done with rirpa frequency point #                    96
 ifreq =                    97
 omega =   15.8945448438657       weight =   7.96822740363168     
 Numerical rank of Q is       140725564429664
 Not Weighted ec -1.820909108914087E-003
 Weighted ec -1.450941786117178E-002
 nrank       140725564429664
 Done with rirpa frequency point #                    97
 ifreq =                    98
 omega =   21.2049487896893       weight =   14.1575826807070     
 Numerical rank of Q is       140725564429664
 Not Weighted ec -6.315318103748670E-004
 Weighted ec -8.940963820878783E-003
 nrank       140725564429664
 Done with rirpa frequency point #                    98
 ifreq =                    99
 omega =   31.8205159537754       weight =   31.8414626613028     
 Numerical rank of Q is       140725564429664
 Not Weighted ec -1.347320032149159E-004
 Weighted ec -4.290064049650276E-003
 nrank       140725564429664
 Done with rirpa frequency point #                    99
 ifreq =                   100
 omega =   63.6567411628767       weight =   127.334426965840     
 Numerical rank of Q is       140725564429664
 Not Weighted ec -8.883375296628157E-006
 Weighted ec -1.131159502918646E-003
 nrank       140725564429664
 Done with rirpa frequency point #                   100
 
 CPU time:   22109.5482706241     
 wall time:   2903.83999991417     
 
 Freq nodes so far:                   100
 ecrpa:  -10.5900553974602     
 ecaxk:  0.000000000000000E+000
 


   2-th order RI-RPA correlation energy: -0.1625405772150007E+02


   3-th order RI-RPA correlation energy:  0.1223054399721832E+02


   4-th order RI-RPA correlation energy: -0.1732588256337379E+02


   5-th order RI-RPA correlation energy:  0.3192209459050921E+02


   6-th order RI-RPA correlation energy: -0.6783734915626809E+02


   7-th order RI-RPA correlation energy:  0.1582043023971827E+03


   8-th order RI-RPA correlation energy: -0.3944147912308749E+03


   9-th order RI-RPA correlation energy:  0.1034183414726875E+04


  10-th order RI-RPA correlation energy: -0.2820441733179868E+04


  11-th order RI-RPA correlation energy:  0.7936686455329896E+04


  12-th order RI-RPA correlation energy: -0.2290869514034442E+05


  13-th order RI-RPA correlation energy:  0.6752670835963548E+05


  14-th order RI-RPA correlation energy: -0.2025817051691317E+06


  15-th order RI-RPA correlation energy:  0.6169444964351514E+06


  16-th order RI-RPA correlation energy: -0.1903414359326902E+07


  17-th order RI-RPA correlation energy:  0.5939731067057546E+07


  18-th order RI-RPA correlation energy: -0.1872360980197737E+08


  19-th order RI-RPA correlation energy:  0.5955926536978788E+08


  20-th order RI-RPA correlation energy: -0.1910174618330484E+09
 
 sum  -145680651.800025     
 


 RI-RPA correlation energy: -0.1059005539746022E+02
 
 total memory allocated for calculation of (Q|P)**(-1/2) : 155 MiB
 
 HXX Energy calculation skipped due to nohxx option
 

                  --------------------------------------------------- 
                 |  HXX+RIRPA total energy     =    -10.59005539746  |
                  ---------------------------------------------------- 
                 :  RIRPA correlation energy   =    -10.59005539746  :
                 :  HXX total energy           =      0.00000000000  :
                 :  Hartree energy             =      0.00000000000  :
                 :  Exact Exchange energy      =      0.00000000000  :
                  .................................................... 


    ------------------------------------------------------------------------
    Rirpa profiling                cpu                    wall         ratio
    ------------------------------------------------------------------------
    module                         sec     %               sec     %
    ------------------------------------------------------------------------
    RIRPA                     22110.2  100.00         2903.9  100.00   7.6
    riccbound                     9.0    0.04            6.9    0.24   1.3
    ccmkbaoi                    565.9    2.56           73.1    2.52   7.7
    ecrpa                     21492.0   97.20         2816.2   96.98   7.6
    rpa3idxget                  307.3    1.39           94.0    3.24   3.3
    qbuild                    17331.3   78.39         2233.0   76.89   7.8
    rparenrm                   3842.3   17.38          480.4   16.54   8.0
    ------------------------------------------------------------------------
    sum                       65700.8  297.15         8615.1  296.67   7.6
    ------------------------------------------------------------------------


    ------------------------------------------------------------------------
         total  cpu-time :  6 hours  8 minutes and 32 seconds
         total wall-time : 48 minutes and 25 seconds
    ------------------------------------------------------------------------

   ****  rirpa : all done  ****


    2018-05-03 03:57:06.095 

