 hostname is c-3-342.local

   OpenMP run-time library returned nthreads =  8

 rirpa (c-3-342.local) : TURBOMOLE rev. 20309 compiled 9 May 2016 at 12:17:07
 Copyright (C) 2016 TURBOMOLE GmbH, Karlsruhe


    2016-06-12 08:27:05.914 

 
 
    *************************************************************************
    *************************** PROGRAM RIRPA *******************************
    ******                                                             ******
    ******              H. Eshuis, J. E. Bates and F. Furche           ******
    ******                                                             ******
    ****** Nov 2011                                                    ******
    ****** Copyright TURBOMOLE GmbH                                    ******
    *************************************************************************
    
    
                                References:                                  
    
                   RIRPA:                                                    
                     H. Eshuis, J. Yarkony and F. Furche                     
                     Fast computation of molecular random phase              
                     approximation correlation energies using resolution     
                     of the identity imaginary frequency integration         
                     J. Chem. Phys. 132: 234114 (2010)                       
    
                     H. Eshuis, J. E. Bates and F. Furche                    
                     Electron correlation methods based on                   
                     the random phase approximation                          
                     Theor. Chem. Acc.  131: 1084 (2012)                     
    
                   TWO-COMPONENT RIRPA:                                      
                     M. Kuehn                                                
                     Correlation energies from the                           
                     two-component random-phase approximation                
                     J. Chem. Theory Comput. 10: 623 (2014)                  
    
                   RIRPA GRADIENTS:                                          
                     Asbjoern M. Burow, Jefferson E. Bates, Filipp Furche*,  
                     and Henk Eshuis                                         
                     Analytical First-Order Molecular Properties and Forces  
                     within the Adiabatic Connection Random Phase            
                     Approximation                                           
                     J. Chem. Theory Comput. 10: 180 (2014)                  
    
    
    
      ... OpenMP parallelization enabled, threads:    8
 number of mkl threads =                     8
 
                FOUND RI-J FLAG
 
  HF exact exchange energy will be computed using RI-JK.


              +--------------------------------------------------+
              | Atomic coordinate, charge and isotop information |
              +--------------------------------------------------+

                    atomic coordinates            atom    charge  isotop
          1.90924649   -2.11128744    0.12182950    c      6.000     0
         -2.55502637   -1.81106957    0.11047764    c      6.000     0
          1.24586748    0.48191169    0.11821849    c      6.000     0
         -1.55874096    0.67119176    0.07541657    c      6.000     0
          3.24079151    2.21416741    0.04743157    c      6.000     0
          6.27686521   -1.15350973   -0.02209137    c      6.000     0
         -6.71671075   -0.20029557   -0.07015437    c      6.000     0
          5.75231120    1.41373382   -0.06162169    c      6.000     0
         -0.45002038   -3.68023646    0.16321140    c      6.000     0
         -5.12475805   -2.29458756    0.05044246    c      6.000     0
          4.37378944   -2.97496641    0.07464427    c      6.000     0
         -5.80549225    2.26765920   -0.13847652    c      6.000     0
         -3.20550173    2.72635931   -0.06035087    c      6.000     0
          2.86291144    4.98576022    0.12097928    n      7.000     0
          8.95667724   -1.97194779   -0.09119355    n      7.000     0
         -9.48902359   -0.61479804   -0.13763066    n      7.000     0
          1.11666232    5.78715784    1.44001787    o      8.000     0
          4.35495374    6.29033958   -1.09129312    o      8.000     0
          9.35708470   -4.26435815   -0.09920102    o      8.000     0
        -10.23550730   -2.81856659   -0.05365832    o      8.000     0
         10.58245642   -0.30712949   -0.13557982    o      8.000     0
        -10.85173587    1.26913253   -0.27405565    o      8.000     0
         -0.58242005   -5.97446484    0.21816329    o      8.000     0
         -2.52298471    4.65165832   -0.08224143    h      1.000     0
          7.27218671    2.78096627   -0.15931020    h      1.000     0
         -7.14518892    3.81300273   -0.24263298    h      1.000     0
          4.81618432   -4.97535776    0.09648817    h      1.000     0
         -5.87487729   -4.20046529    0.08217107    h      1.000     0
 
       center of nuclear mass  :    0.18269387   -0.05729182    0.01003825
       center of nuclear charge:    0.16929345   -0.04991116    0.00892855
              +-------------------------------------------------+
              |        Rotational Constants Section             |
              +-------------------------------------------------+
                                   Center of Mass [a.u]:
               0.18269387449151        -0.05729182129744         0.01003824559254
                     Principal Moments of Inertia [a.u.]
            3419.65838004069701     12581.54547418397124     15887.73450242077161
                       Rotational constants A,B,C [a.u.]
               0.00014621343551         0.00003974074576         0.00003147081794
                     Rotational constants A,B,C [cm**-1]
               0.01760400595797         0.00478476087218         0.00378906674751
                        Rotational constants A,B,C [MHz]
             527.75482167858581       143.44352228136057       113.59336337632507

   * BASIS SET information:

              +--------------------------------------------------+
              |               basis set information              |
              +--------------------------------------------------+

              we will work with the 1s 3p 5d 7f 9g ... basis set
              ...i.e. with spherical basis functions...

   type   atoms  prim   cont   basis
   ---------------------------------------------------------------------------
    c       13     77     57   def2-QZVP   [7s4p3d2f1g|15s8p3d2f1g]
    n        3     77     57   def2-QZVP   [7s4p3d2f1g|15s8p3d2f1g]
    o        7     77     57   def2-QZVP   [7s4p3d2f1g|15s8p3d2f1g]
    h        5     33     30   def2-QZVP   [4s3p2d1f|7s3p2d1f]
   ---------------------------------------------------------------------------
   total:   28   1936   1461
   ---------------------------------------------------------------------------

   total number of primitive shells          :  100
   total number of contracted shells         :  441
   total number of cartesian basis functions : 1831
   total number of SCF-basis functions       : 1461


   * AUXILIARY BASIS SET information:

              +--------------------------------------------------+
              |               basis set information              |
              +--------------------------------------------------+

              we will work with the 1s 3p 5d 7f 9g ... basis set
              ...i.e. with spherical basis functions...

   type   atoms  prim   cont   basis
   ---------------------------------------------------------------------------
    c       13    141    141   def2-QZVP   [9s8p7d5f3g1h|9s8p7d5f3g1h]
    n        3    141    141   def2-QZVP   [9s8p7d5f3g1h|9s8p7d5f3g1h]
    o        7    141    141   def2-QZVP   [9s8p7d5f3g1h|9s8p7d5f3g1h]
    h        5     56     56   def2-QZVP   [6s4p3d2f1g|6s4p3d2f1g]
   ---------------------------------------------------------------------------
   total:   28   3523   3523
   ---------------------------------------------------------------------------

   total number of primitive shells          :  115
   total number of contracted shells         :  839
   total number of cartesian basis functions : 4748
   total number of SCF-basis functions       : 3523


   * RI-JK AUXILIARY BASIS SET information:

              +--------------------------------------------------+
              |               basis set information              |
              +--------------------------------------------------+

              we will work with the 1s 3p 5d 7f 9g ... basis set
              ...i.e. with spherical basis functions...

   type   atoms  prim   cont   basis
   ---------------------------------------------------------------------------
    c       13     97     75   def2-QZVP   [10s8p5d1f1g|14s10p6d2f1g]
    n        3     97     77   def2-QZVP   [10s8p4d2f1g|14s10p6d2f1g]
    o        7     97     77   def2-QZVP   [10s8p4d2f1g|14s10p6d2f1g]
    h        5     20     18   def2-QZVP   [2s2p2d|4s2p2d]
   ---------------------------------------------------------------------------
   total:   28   2331   1835
   ---------------------------------------------------------------------------

   total number of primitive shells          :  107
   total number of contracted shells         :  605
   total number of cartesian basis functions : 2187
   total number of SCF-basis functions       : 1835


 reading orbital data $scfmo  from file mos
 orbital characterization : scfconv=9

 integral neglect threshold       :  0.33E+02

 scfconv                     9

 MAXIMUM CORE MEMORY WHICH CAN BE ALLOCATED DYNAMICALLY = 22000 MiB
              ( or 2883584000 double words )


 there are 1 real representations :   a   

 maximum number of shells which are related by symmetry :  1

 time elapsed for calculating density matrices :   0.186 sec
 all orbitals will be active in the correlation treatment

     total memory allocated for calculation of (Q|P)**(-1/2) : 143 MiB


     calculation of (P|Q) ...
     time in lp2sym        cpu:  0.41 sec    wall:  0.41 sec    ratio:  1.0


     calculation of the Cholesky decomposition of (P|Q)**(-1) ...
     time in invmetri      cpu: 18.61 sec    wall:  2.85 sec    ratio:  6.5

   threshold for RMS(d[D]) in SCF was     :  0.10E-05
   integral neglect threshold             :  0.70E-14
   derivative integral neglect threshold  :  0.10E-06


 setting up bound for integral derivative estimation

 increment for numerical differentiation : 0.00050000
 total memory allocated for calculation of (Q|P)**(-1/2) : 143 MiB
 Dividing biap into                    295  block chunks,
 using                    37 MiB per block
 Reserved                  10950 MiB for BLAS routines
 Estimated total memory usage:                  21997 MiB
 number of passes for ispin    1
 =    1
 
 Number of eigenvalues < 6e-3:                      0
 
 
            -----------------------------
            Complex frequency integration
            -----------------------------
 
 Number of Clenshaw-Curtis nodes:                    100
 Optimized scaling parameter    :    5.30817034675762     
 Sensitivity measure            :  -1.047758769318757E-004
 
 


 RI-RPA correlation energy: -0.7800539299596338E+01
 
 RIRPA correlation energy:   -7.80053929959634       Hartree
 Using RI-JK
 Allocatable memory for RI due to $ricore (MB):                 10000

 there are 1 real representations :   a   

 maximum number of shells which are related by symmetry :  1

  
           ------------------------
               RI-JK - INFORMATION
           ------------------------
 Contributions to RI integral batches: 
  neglected integral batches:                 32821
  direct contribution:                        64640
  memory contribution:                     0
 total memory allocated for calculation of  (Q|P)**(-1/2) :   39 MiB

  forming (P|Q)**(-1/2) 
 eigenvalues of original matrix 
 smallest =0.8301055295506E-08  largest = 57.51982711471    
  The symmetry information takes                      1  MB
 
 BLOCKING OF MOS FOR RI-K
 
 
 occupied MOs partitioned into blocks of maximum length 80
 this requires 2055 MiB core memory.
 
            MULTIPLE PASS Statistics 
 ----------------------------------------------------
  pass       irrep     lambda      batch : MO  to  MO
 ----------------------------------------------------
   1       1  ->  1    1  -> 80             1  ->  80


 
          -----------------
          -S,T+V- integrals
          -----------------

 1e-integrals will be neglected if expon. factor < 0.702050E-14

          ------------------------
          nuclear repulsion energy  :   1796.45749928    
          ------------------------


                  -------------------------------------------- 
                 |  HXX+RIRPA total energy     =  -1190.28069944340  |
                  --------------------------------------------- 
                 :  RIRPA correlation energy   =     -7.80053929960  :
                 :  HXX total energy           =  -1182.48016014380  :
                 :  Hartree energy             =   2357.04778946543  :
                 :  Exact Exchange energy      =   -146.20248527997  :
                  ............................................. 


    ------------------------------------------------------------------------
    Rirpa profiling                cpu                    wall         ratio
    ------------------------------------------------------------------------
    module                         sec     %               sec     %
    ------------------------------------------------------------------------
    RIRPA                     19437.7  100.00         3152.4  100.00   6.2
    riccaux                      20.1    0.10            3.4    0.11   5.9
    riccbound                    21.2    0.11           18.8    0.60   1.1
    ccmkbaoi                    590.7    3.04           82.3    2.61   7.2
    ecrpa                     17589.7   90.49         2816.4   89.34   6.2
    tread                       300.3    1.54          112.8    3.58   2.7
    tqbuild                   16531.0   85.05         2527.9   80.19   6.5
    trpaln                      640.4    3.29           82.7    2.62   7.7
    ehxx                       1195.5    6.15          226.7    7.19   5.3
    ------------------------------------------------------------------------
    sum                       56346.7  289.88         9028.2  286.39   6.2
    ------------------------------------------------------------------------


    ------------------------------------------------------------------------
         total  cpu-time :  5 hours 24 minutes and  1 seconds
         total wall-time : 52 minutes and 33 seconds
    ------------------------------------------------------------------------

   ****  rirpa : all done  ****


    2016-06-12 09:19:39.015 

