 hostname is c-18-214.gp.local

 rirpa (c-18-214.gp.local) : TURBOMOLE rev. 20309 compiled 9 May 2016 at 12:17:07
 Copyright (C) 2016 TURBOMOLE GmbH, Karlsruhe


    2018-04-28 10:37:59.508 

 
 
    *************************************************************************
    *************************** PROGRAM RIRPA *******************************
    ******                                                             ******
    ******              H. Eshuis, J. E. Bates and F. Furche           ******
    ******                                                             ******
    ****** Nov 2011                                                    ******
    ****** Copyright TURBOMOLE GmbH                                    ******
    *************************************************************************
    
    
                                References:                                  
    
                   RIRPA:                                                    
                     H. Eshuis, J. Yarkony and F. Furche                     
                     Fast computation of molecular random phase              
                     approximation correlation energies using resolution     
                     of the identity imaginary frequency integration         
                     J. Chem. Phys. 132: 234114 (2010)                       
    
                     H. Eshuis, J. E. Bates and F. Furche                    
                     Electron correlation methods based on                   
                     the random phase approximation                          
                     Theor. Chem. Acc.  131: 1084 (2012)                     
    
                   TWO-COMPONENT RIRPA:                                      
                     M. Kuehn                                                
                     Correlation energies from the                           
                     two-component random-phase approximation                
                     J. Chem. Theory Comput. 10: 623 (2014)                  
    
                   RIRPA GRADIENTS:                                          
                     Asbjoern M. Burow, Jefferson E. Bates, Filipp Furche*,  
                     and Henk Eshuis                                         
                     Analytical First-Order Molecular Properties and Forces  
                     within the Adiabatic Connection Random Phase            
                     Approximation                                           
                     J. Chem. Theory Comput. 10: 180 (2014)                  
    
    
    
 number of mkl threads =                     1
 
                FOUND RI-J FLAG
 
  HF exact exchange energy will be computed using RI-J.
 
  The HXX energy will NOT be computed due to nohxx option. 
 


              +--------------------------------------------------+
              | Atomic coordinate, charge and isotop information |
              +--------------------------------------------------+

                    atomic coordinates            atom    charge  isotop
         -2.00633963    2.45124044    0.55191342    c      6.000     0
         -0.67682642    4.29054497    1.00498030    o      8.000     0
         -1.11362225    0.17936857    0.00715982    o      8.000     0
          0.76427263    0.24136077    0.03479333    h      1.000     0
         -4.83472787    2.53705149    0.55984520    c      6.000     0
         -5.47264306    4.43606407    0.97947593    h      1.000     0
         -5.54235751    1.93203795   -1.27177728    h      1.000     0
         -5.55052620    1.21870410    1.96447819    h      1.000     0
          5.27110465    2.09460881    0.51246303    c      6.000     0
          3.94145864    0.25531098    0.05933014    o      8.000     0
          4.37834826    4.36688238    1.05628553    o      8.000     0
          2.50036009    4.30471373    1.02907252    h      1.000     0
          8.09948128    2.00786519    0.50875087    c      6.000     0
          8.73741420    0.11564614    0.05989273    h      1.000     0
          8.82040905    3.35023770   -0.86974557    h      1.000     0
          8.80154536    2.57987493    2.35322819    h      1.000     0
 
       center of nuclear mass  :    1.63235355    2.27284584    0.53266127
       center of nuclear charge:    1.63235080    2.27281391    0.53280155
              +-------------------------------------------------+
              |        Rotational Constants Section             |
              +-------------------------------------------------+
                                   Center of Mass [a.u]:
               1.63235354916595         2.27284583984314         0.53266127478645
                     Principal Moments of Inertia [a.u.]
             320.30270095445258      2057.29035626540008      2355.45388253070178
                       Rotational constants A,B,C [a.u.]
               0.00156102336480         0.00024303812949         0.00021227331331
                     Rotational constants A,B,C [cm**-1]
               0.18794623434978         0.02926163840370         0.02555757382597
                        Rotational constants A,B,C [MHz]
            5634.48635675631067       877.24185021515734       766.19678778046989

   * BASIS SET information:

              +--------------------------------------------------+
              |               basis set information              |
              +--------------------------------------------------+

              we will work with the 1s 3p 5d 7f 9g ... basis set
              ...i.e. with spherical basis functions...

   type   atoms  prim   cont   basis
   ---------------------------------------------------------------------------
    c        4     77     55   cc-pVQZ   [5s4p3d2f1g|21s6p3d2f1g]
    o        4     77     55   cc-pVQZ   [5s4p3d2f1g|21s6p3d2f1g]
    h        8     32     30   cc-pVQZ   [4s3p2d1f|6s3p2d1f]
   ---------------------------------------------------------------------------
   total:   16    872    680
   ---------------------------------------------------------------------------

   total number of primitive shells          :   78
   total number of contracted shells         :  200
   total number of cartesian basis functions :  840
   total number of SCF-basis functions       :  680


   * AUXILIARY BASIS SET information:

              +--------------------------------------------------+
              |               basis set information              |
              +--------------------------------------------------+

              we will work with the 1s 3p 5d 7f 9g ... basis set
              ...i.e. with spherical basis functions...

   type   atoms  prim   cont   basis
   ---------------------------------------------------------------------------
    c        4    132    132   cc-pVQZ   [8s7p6d5f3g1h|8s7p6d5f3g1h]
    o        4    132    132   cc-pVQZ   [8s7p6d5f3g1h|8s7p6d5f3g1h]
    h        8     55     55   cc-pVQZ   [5s4p3d2f1g|5s4p3d2f1g]
   ---------------------------------------------------------------------------
   total:   16   1496   1496
   ---------------------------------------------------------------------------

   total number of primitive shells          :   75
   total number of contracted shells         :  360
   total number of cartesian basis functions : 2008
   total number of SCF-basis functions       : 1496


   * RIJ AUXILIARY BASIS SET information:

              +--------------------------------------------------+
              |               basis set information              |
              +--------------------------------------------------+

              we will work with the 1s 3p 5d 7f 9g ... basis set
              ...i.e. with spherical basis functions...

   type   atoms  prim   cont   basis
   ---------------------------------------------------------------------------
    c        4     70     49   cc-pVQZ   [6s4p3d1f1g|12s5p4d2f1g]
    o        4     70     49   cc-pVQZ   [6s4p3d1f1g|12s5p4d2f1g]
    h        8     16     11   cc-pVQZ   [3s1p1d|5s2p1d]
   ---------------------------------------------------------------------------
   total:   16    688    480
   ---------------------------------------------------------------------------

   total number of primitive shells          :   56
   total number of contracted shells         :  160
   total number of cartesian basis functions :  584
   total number of SCF-basis functions       :  480


 reading orbital data $scfmo  from file mos
 orbital characterization : scfconv=9

 integral neglect threshold       :  0.32E+02

 scfconv                     9

 MAXIMUM CORE MEMORY WHICH CAN BE ALLOCATED DYNAMICALLY = 3000 MiB
              ( or 393216000 double words )


 there are 1 real representations :   a   

 maximum number of shells which are related by symmetry :  1

 time elapsed for calculating density matrices :   0.020 sec

     total memory allocated for calculation of (Q|P)**(-1/2) : 26 MiB


     calculation of (P|Q) ...
     time in lp2sym        cpu:  0.05 sec    wall:  0.05 sec    ratio:  1.0


     calculation of the Cholesky decomposition of (P|Q)**(-1) ...
     time in invmetri      cpu:  0.25 sec    wall:  0.26 sec    ratio:  1.0

   threshold for RMS(d[D]) in SCF was     :  0.10E-06
   integral neglect threshold             :  0.17E-13
   derivative integral neglect threshold  :  0.10E-06


 setting up bound for integral derivative estimation

 increment for numerical differentiation : 0.00050000
 total memory allocated for calculation of (Q|P)**(-1/2) : 26 MiB
 Dividing biap into                    201  block chunks,
 using                     7 MiB per block
 Reserved                   1486 MiB for BLAS routines
 Estimated total memory usage:                   2990 MiB
 number of passes for ispin    1
 =    1
 
 Number of eigenvalues < 6e-3:                      0
 
 
            -----------------------------
            Complex frequency integration
            -----------------------------
 
 Number of Clenshaw-Curtis nodes:                    100
 Optimized scaling parameter    :    2.28623931140123     
 Sensitivity measure            :  -1.932183579800295E-011
 
 


 RI-RPA correlation energy: -0.2675097538097047E+01
 
 RIRPA correlation energy:   -2.67509753809705       Hartree
 
 HXX Energy calculation skipped due to nohxx option
 

                  -------------------------------------------- 
                 |  HXX+RIRPA total energy     =     -2.67509753810  |
                  --------------------------------------------- 
                 :  RIRPA correlation energy   =     -2.67509753810  :
                 :  HXX total energy           =      0.00000000000  :
                 :  Hartree energy             =      0.00000000000  :
                 :  Exact Exchange energy      =      0.00000000000  :
                  ............................................. 


    ------------------------------------------------------------------------
    Rirpa profiling                cpu                    wall         ratio
    ------------------------------------------------------------------------
    module                         sec     %               sec     %
    ------------------------------------------------------------------------
    RIRPA                       190.5  100.00          900.3  100.00   0.2
    STARTUP                       0.3    0.14            0.3    0.03   0.9
    riccmos                       0.3    0.16            0.3    0.03   1.0
    riccaux                       0.3    0.17            0.3    0.04   1.0
    riccbound                     2.7    1.43            2.7    0.30   1.0
    ccmkbaoi                     12.4    6.50           13.1    1.46   0.9
    cc3idxnrm                     0.1    0.05            3.3    0.36   0.0
    ecrpa                       174.4   91.55          879.3   97.67   0.2
    tread                        14.2    7.46          710.5   78.92   0.0
    tqbuild                     150.1   78.82          150.2   16.68   1.0
    trpaln                        5.8    3.07            5.8    0.65   1.0
    ------------------------------------------------------------------------
    sum                         551.2  289.34         2666.1  296.15   0.2
    ------------------------------------------------------------------------


    ------------------------------------------------------------------------
         total  cpu-time :  3 minutes and 11 seconds
         total wall-time : 15 minutes and  0 seconds
    ------------------------------------------------------------------------

   ****  rirpa : all done  ****


    2018-04-28 10:52:59.765 

