 hostname is c-18-134.gp.local

 rirpa (c-18-134.gp.local) : TURBOMOLE rev. 20309 compiled 9 May 2016 at 12:17:07
 Copyright (C) 2016 TURBOMOLE GmbH, Karlsruhe


    2018-04-29 08:32:38.364 

 
 
    *************************************************************************
    *************************** PROGRAM RIRPA *******************************
    ******                                                             ******
    ******              H. Eshuis, J. E. Bates and F. Furche           ******
    ******                                                             ******
    ****** Nov 2011                                                    ******
    ****** Copyright TURBOMOLE GmbH                                    ******
    *************************************************************************
    
    
                                References:                                  
    
                   RIRPA:                                                    
                     H. Eshuis, J. Yarkony and F. Furche                     
                     Fast computation of molecular random phase              
                     approximation correlation energies using resolution     
                     of the identity imaginary frequency integration         
                     J. Chem. Phys. 132: 234114 (2010)                       
    
                     H. Eshuis, J. E. Bates and F. Furche                    
                     Electron correlation methods based on                   
                     the random phase approximation                          
                     Theor. Chem. Acc.  131: 1084 (2012)                     
    
                   TWO-COMPONENT RIRPA:                                      
                     M. Kuehn                                                
                     Correlation energies from the                           
                     two-component random-phase approximation                
                     J. Chem. Theory Comput. 10: 623 (2014)                  
    
                   RIRPA GRADIENTS:                                          
                     Asbjoern M. Burow, Jefferson E. Bates, Filipp Furche*,  
                     and Henk Eshuis                                         
                     Analytical First-Order Molecular Properties and Forces  
                     within the Adiabatic Connection Random Phase            
                     Approximation                                           
                     J. Chem. Theory Comput. 10: 180 (2014)                  
    
    
    
 number of mkl threads =                     1
 
                FOUND RI-J FLAG
 
  HF exact exchange energy will be computed using RI-J.
 
  The HXX energy will NOT be computed due to nohxx option. 
 


              +--------------------------------------------------+
              | Atomic coordinate, charge and isotop information |
              +--------------------------------------------------+

                    atomic coordinates            atom    charge  isotop
         -1.48638681    0.08535598   -0.01358547    o      8.000     0
          0.33581713    0.02399177   -0.01291701    h      1.000     0
         -2.35836109   -2.43828252    0.00204775    c      6.000     0
         -4.41114509   -2.37897075    0.00041801    h      1.000     0
         -1.74982167   -3.49555511   -1.66380065    h      1.000     0
         -1.75182872   -3.47419135    1.68200086    h      1.000     0
 
       center of nuclear mass  :   -1.86456810   -1.16470493   -0.00583654
       center of nuclear charge:   -1.86767997   -1.29286515   -0.00503867
              +-------------------------------------------------+
              |        Rotational Constants Section             |
              +-------------------------------------------------+
                                   Center of Mass [a.u]:
              -1.86456809973859        -1.16470492528294        -0.00583653811643
                     Principal Moments of Inertia [a.u.]
              14.00895672945165        72.18362165585665        74.90850723611294
                       Rotational constants A,B,C [a.u.]
               0.03569145152321         0.00692677907440         0.00667480929000
                     Rotational constants A,B,C [cm**-1]
               4.29722838460133         0.83397985741780         0.80364285336378
                        Rotational constants A,B,C [MHz]
          128827.66600070025015     25002.08713777706362     24092.60663640624261

   * BASIS SET information:

              +--------------------------------------------------+
              |               basis set information              |
              +--------------------------------------------------+

              we will work with the 1s 3p 5d 7f 9g ... basis set
              ...i.e. with spherical basis functions...

   type   atoms  prim   cont   basis
   ---------------------------------------------------------------------------
    o        1     77     55   cc-pVQZ   [5s4p3d2f1g|21s6p3d2f1g]
    h        4     32     30   cc-pVQZ   [4s3p2d1f|6s3p2d1f]
    c        1     77     55   cc-pVQZ   [5s4p3d2f1g|21s6p3d2f1g]
   ---------------------------------------------------------------------------
   total:    6    282    230
   ---------------------------------------------------------------------------

   total number of primitive shells          :   78
   total number of contracted shells         :   70
   total number of cartesian basis functions :  280
   total number of SCF-basis functions       :  230


   * AUXILIARY BASIS SET information:

              +--------------------------------------------------+
              |               basis set information              |
              +--------------------------------------------------+

              we will work with the 1s 3p 5d 7f 9g ... basis set
              ...i.e. with spherical basis functions...

   type   atoms  prim   cont   basis
   ---------------------------------------------------------------------------
    o        1    132    132   cc-pVQZ   [8s7p6d5f3g1h|8s7p6d5f3g1h]
    h        4     55     55   cc-pVQZ   [5s4p3d2f1g|5s4p3d2f1g]
    c        1    132    132   cc-pVQZ   [8s7p6d5f3g1h|8s7p6d5f3g1h]
   ---------------------------------------------------------------------------
   total:    6    484    484
   ---------------------------------------------------------------------------

   total number of primitive shells          :   75
   total number of contracted shells         :  120
   total number of cartesian basis functions :  642
   total number of SCF-basis functions       :  484


   * RIJ AUXILIARY BASIS SET information:

              +--------------------------------------------------+
              |               basis set information              |
              +--------------------------------------------------+

              we will work with the 1s 3p 5d 7f 9g ... basis set
              ...i.e. with spherical basis functions...

   type   atoms  prim   cont   basis
   ---------------------------------------------------------------------------
    o        1     70     49   cc-pVQZ   [6s4p3d1f1g|12s5p4d2f1g]
    h        4     16     11   cc-pVQZ   [3s1p1d|5s2p1d]
    c        1     70     49   cc-pVQZ   [6s4p3d1f1g|12s5p4d2f1g]
   ---------------------------------------------------------------------------
   total:    6    204    142
   ---------------------------------------------------------------------------

   total number of primitive shells          :   56
   total number of contracted shells         :   50
   total number of cartesian basis functions :  170
   total number of SCF-basis functions       :  142


 reading orbital data $scfmo  from file mos
 orbital characterization : scfconv=9

 integral neglect threshold       :  0.31E+02

 scfconv                     9

 MAXIMUM CORE MEMORY WHICH CAN BE ALLOCATED DYNAMICALLY = 5000 MiB
              ( or 655360000 double words )


 there are 1 real representations :   a   

 maximum number of shells which are related by symmetry :  1

 time elapsed for calculating density matrices :   0.002 sec

     total memory allocated for calculation of (Q|P)**(-1/2) : 3 MiB


     calculation of (P|Q) ...
     time in lp2sym        cpu:  0.01 sec    wall:  0.00 sec    ratio:  1.1


     calculation of the Cholesky decomposition of (P|Q)**(-1) ...
     time in invmetri      cpu:  0.02 sec    wall:  0.02 sec    ratio:  1.0

   threshold for RMS(d[D]) in SCF was     :  0.10E-06
   integral neglect threshold             :  0.52E-13
   derivative integral neglect threshold  :  0.10E-06


 setting up bound for integral derivative estimation

 increment for numerical differentiation : 0.00050000
 total memory allocated for calculation of (Q|P)**(-1/2) : 3 MiB
 Dividing biap into                   3062  block chunks,
 using                     0 MiB per block
 Reserved                   2498 MiB for BLAS routines
 Estimated total memory usage:                   4999 MiB
 number of passes for ispin    1
 =    1
 
 Number of eigenvalues < 6e-3:                      0
 
 
            -----------------------------
            Complex frequency integration
            -----------------------------
 
 Number of Clenshaw-Curtis nodes:                    100
 Optimized scaling parameter    :    2.41131644737602     
 Sensitivity measure            :  -6.307433741969959E-012
 
 


 RI-RPA correlation energy: -0.7340998301848691E+00
 
 RIRPA correlation energy:  -0.734099830184869       Hartree
 
 HXX Energy calculation skipped due to nohxx option
 

                  -------------------------------------------- 
                 |  HXX+RIRPA total energy     =     -0.73409983018  |
                  --------------------------------------------- 
                 :  RIRPA correlation energy   =     -0.73409983018  :
                 :  HXX total energy           =      0.00000000000  :
                 :  Hartree energy             =      0.00000000000  :
                 :  Exact Exchange energy      =      0.00000000000  :
                  ............................................. 


    ------------------------------------------------------------------------
    Rirpa profiling                cpu                    wall         ratio
    ------------------------------------------------------------------------
    module                         sec     %               sec     %
    ------------------------------------------------------------------------
    RIRPA                         4.1  100.00           14.9  100.00   0.3
    STARTUP                       0.1    1.40            0.1    0.39   1.0
    riccmos                       0.0    0.98            0.0    0.27   1.0
    riccaux                       0.0    0.66            0.0    0.18   1.0
    riccbound                     0.9   21.98            0.9    6.08   1.0
    ccmkbaoi                      0.5   12.32            0.5    3.40   1.0
    ecrpa                         2.6   62.47           13.3   89.62   0.2
    tread                         0.3    6.88           11.0   74.23   0.0
    tqbuild                       1.9   45.91            1.9   12.68   1.0
    trpaln                        0.3    7.28            0.3    2.01   1.0
    ------------------------------------------------------------------------
    sum                          10.7  259.96           42.9  288.88   0.2
    ------------------------------------------------------------------------


    ------------------------------------------------------------------------
         total  cpu-time :   4.11 seconds
         total wall-time :  14.87 seconds
    ------------------------------------------------------------------------

   ****  rirpa : all done  ****


    2018-04-29 08:32:53.231 

