 hostname is c-13-15.gp.local

   OpenMP run-time library returned nthreads =  8

 rirpa (c-13-15.gp.local) : TURBOMOLE rev. 20309 compiled 9 May 2016 at 12:17:07
 Copyright (C) 2016 TURBOMOLE GmbH, Karlsruhe


    2018-01-10 11:02:48.447 

 
 
    *************************************************************************
    *************************** PROGRAM RIRPA *******************************
    ******                                                             ******
    ******              H. Eshuis, J. E. Bates and F. Furche           ******
    ******                                                             ******
    ****** Nov 2011                                                    ******
    ****** Copyright TURBOMOLE GmbH                                    ******
    *************************************************************************
    
    
                                References:                                  
    
                   RIRPA:                                                    
                     H. Eshuis, J. Yarkony and F. Furche                     
                     Fast computation of molecular random phase              
                     approximation correlation energies using resolution     
                     of the identity imaginary frequency integration         
                     J. Chem. Phys. 132: 234114 (2010)                       
    
                     H. Eshuis, J. E. Bates and F. Furche                    
                     Electron correlation methods based on                   
                     the random phase approximation                          
                     Theor. Chem. Acc.  131: 1084 (2012)                     
    
                   TWO-COMPONENT RIRPA:                                      
                     M. Kuehn                                                
                     Correlation energies from the                           
                     two-component random-phase approximation                
                     J. Chem. Theory Comput. 10: 623 (2014)                  
    
                   RIRPA GRADIENTS:                                          
                     Asbjoern M. Burow, Jefferson E. Bates, Filipp Furche*,  
                     and Henk Eshuis                                         
                     Analytical First-Order Molecular Properties and Forces  
                     within the Adiabatic Connection Random Phase            
                     Approximation                                           
                     J. Chem. Theory Comput. 10: 180 (2014)                  
    
    
    
      ... OpenMP parallelization enabled, threads:    8
 number of mkl threads =                     8
 
                FOUND RI-J FLAG
 
  HF exact exchange energy will be computed using RI-J.
 
  The HXX energy will NOT be computed due to nohxx option. 
 


              +--------------------------------------------------+
              | Atomic coordinate, charge and isotop information |
              +--------------------------------------------------+

                    atomic coordinates            atom    charge  isotop
         -1.25632300    5.85944264    0.75884164    n      7.000     0
          0.47580961    3.85683750   -0.24618218    c      6.000     0
         -0.53938226    1.21547997    0.31260265    c      6.000     0
          1.23030677   -0.83033357   -0.71727012    c      6.000     0
          0.49290256   -2.71844436   -0.31321115    h      1.000     0
          0.65545208    4.19508052   -2.27218100    h      1.000     0
         -1.44115825    5.69734080    2.69619945    h      1.000     0
         -0.56008440    7.69630293    0.37484759    h      1.000     0
         -3.02049951    5.71837439   -0.06652762    h      1.000     0
          3.11006781   -0.68524720    0.13447782    h      1.000     0
          1.45079113   -0.65897547   -2.76737032    h      1.000     0
         -0.76924647    0.97327359    2.35913297    h      1.000     0
         -2.42164889    0.99739632   -0.52915488    h      1.000     0
          2.31411554    4.17236677    0.63273795    h      1.000     0
          0.40672065   11.37480602   -0.15064254    cl    17.000     0
 
       center of nuclear mass  :    0.11138654    5.87911069   -0.02383920
       center of nuclear charge:    0.09482858    5.48513793   -0.01740728
              +-------------------------------------------------+
              |        Rotational Constants Section             |
              +-------------------------------------------------+
                                   Center of Mass [a.u]:
               0.11138654044735         5.87911069448060        -0.02383920397626
                     Principal Moments of Inertia [a.u.]
             130.18193051135063      2163.05230681540343      2249.32141281538134
                       Rotational constants A,B,C [a.u.]
               0.00384077880883         0.00023115483543         0.00022228926340
                     Rotational constants A,B,C [cm**-1]
               0.46242736038703         0.02783089724958         0.02676348793617
                        Rotational constants A,B,C [MHz]
           13863.22350168792036       834.34930947977205       802.34918330375058

   * BASIS SET information:

              +--------------------------------------------------+
              |               basis set information              |
              +--------------------------------------------------+

              we will work with the 1s 3p 5d 7f 9g ... basis set
              ...i.e. with spherical basis functions...

   type   atoms  prim   cont   basis
   ---------------------------------------------------------------------------
    n        1     77     55   cc-pVQZ   [5s4p3d2f1g|21s6p3d2f1g]
    c        3     77     55   cc-pVQZ   [5s4p3d2f1g|21s6p3d2f1g]
    h       10     32     30   cc-pVQZ   [4s3p2d1f|6s3p2d1f]
    cl       1    137     59   cc-pVQZ   [6s5p3d2f1g|42s19p3d2f1g]
   ---------------------------------------------------------------------------
   total:   15    765    579
   ---------------------------------------------------------------------------

   total number of primitive shells          :  145
   total number of contracted shells         :  177
   total number of cartesian basis functions :  704
   total number of SCF-basis functions       :  579


   * AUXILIARY BASIS SET information:

              +--------------------------------------------------+
              |               basis set information              |
              +--------------------------------------------------+

              we will work with the 1s 3p 5d 7f 9g ... basis set
              ...i.e. with spherical basis functions...

   type   atoms  prim   cont   basis
   ---------------------------------------------------------------------------
    n        1    132    132   cc-pVQZ   [8s7p6d5f3g1h|8s7p6d5f3g1h]
    c        3    132    132   cc-pVQZ   [8s7p6d5f3g1h|8s7p6d5f3g1h]
    h       10     55     55   cc-pVQZ   [5s4p3d2f1g|5s4p3d2f1g]
    cl       1    158    158   cc-pVQZ   [11s9p8d6f3g1h|11s9p8d6f3g1h]
   ---------------------------------------------------------------------------
   total:   15   1236   1236
   ---------------------------------------------------------------------------

   total number of primitive shells          :  113
   total number of contracted shells         :  308
   total number of cartesian basis functions : 1636
   total number of SCF-basis functions       : 1236


   * RIJ AUXILIARY BASIS SET information:

              +--------------------------------------------------+
              |               basis set information              |
              +--------------------------------------------------+

              we will work with the 1s 3p 5d 7f 9g ... basis set
              ...i.e. with spherical basis functions...

   type   atoms  prim   cont   basis
   ---------------------------------------------------------------------------
    n        1     70     49   cc-pVQZ   [6s4p3d1f1g|12s5p4d2f1g]
    c        3     70     49   cc-pVQZ   [6s4p3d1f1g|12s5p4d2f1g]
    h       10     16     11   cc-pVQZ   [3s1p1d|5s2p1d]
    cl       1     77     51   cc-pVQZ   [8s4p3d1f1g|14s5p5d2f1g]
   ---------------------------------------------------------------------------
   total:   15    517    357
   ---------------------------------------------------------------------------

   total number of primitive shells          :   83
   total number of contracted shells         :  127
   total number of cartesian basis functions :  427
   total number of SCF-basis functions       :  357


 reading orbital data $scfmo  from file mos
 orbital characterization : scfconv=9

 integral neglect threshold       :  0.32E+02

 scfconv                     9

 MAXIMUM CORE MEMORY WHICH CAN BE ALLOCATED DYNAMICALLY = 20000 MiB
              ( or 2621440000 double words )


 there are 1 real representations :   a   

 maximum number of shells which are related by symmetry :  1

 time elapsed for calculating density matrices :   0.140 sec
 all orbitals will be active in the correlation treatment

     total memory allocated for calculation of (Q|P)**(-1/2) : 18 MiB


     calculation of (P|Q) ...
     time in lp2sym        cpu:  0.39 sec    wall:  0.05 sec    ratio:  7.9


     calculation of the Cholesky decomposition of (P|Q)**(-1) ...
     time in invmetri      cpu:  1.53 sec    wall:  0.19 sec    ratio:  8.0

   threshold for RMS(d[D]) in SCF was     :  0.10E-06
   integral neglect threshold             :  0.20E-13
   derivative integral neglect threshold  :  0.10E-06


 setting up bound for integral derivative estimation

 increment for numerical differentiation : 0.00050000
 total memory allocated for calculation of (Q|P)**(-1/2) : 18 MiB
 Dividing biap into                   1916  block chunks,
 using                     5 MiB per block
 Reserved                   9991 MiB for BLAS routines
 Estimated total memory usage:                  19994 MiB
 number of passes for ispin    1
 =    1
 
 Number of eigenvalues < 6e-3:                      0
 
 
            -----------------------------
            Complex frequency integration
            -----------------------------
 
 Number of Clenshaw-Curtis nodes:                    100
 Optimized scaling parameter    :    3.56080933881860     
 Sensitivity measure            :  -4.698792576557365E-008
 
 


 RI-RPA correlation energy: -0.2021440135537276E+01
 
 RIRPA correlation energy:   -2.02144013553728       Hartree
 
 HXX Energy calculation skipped due to nohxx option
 

                  -------------------------------------------- 
                 |  HXX+RIRPA total energy     =     -2.02144013554  |
                  --------------------------------------------- 
                 :  RIRPA correlation energy   =     -2.02144013554  :
                 :  HXX total energy           =      0.00000000000  :
                 :  Hartree energy             =      0.00000000000  :
                 :  Exact Exchange energy      =      0.00000000000  :
                  ............................................. 


    ------------------------------------------------------------------------
    Rirpa profiling                cpu                    wall         ratio
    ------------------------------------------------------------------------
    module                         sec     %               sec     %
    ------------------------------------------------------------------------
    RIRPA                       614.9  100.00          426.0  100.00   1.4
    STARTUP                       2.5    0.40            0.3    0.07   7.9
    riccmos                       2.4    0.40            0.3    0.07   8.0
    riccaux                       2.0    0.33            0.3    0.06   8.0
    riccbound                     4.9    0.80            2.6    0.62   1.9
    ccmkbaoi                     22.8    3.70            3.0    0.71   7.5
    cc3idxnrm                    27.1    4.40            5.1    1.21   5.3
    ecrpa                       550.6   89.55          413.7   97.12   1.3
    tread                       222.6   36.20          364.2   85.50   0.6
    tqbuild                     295.1   47.99           38.4    9.01   7.7
    trpaln                       25.9    4.22            3.2    0.76   8.0
    ------------------------------------------------------------------------
    sum                        1770.7  287.99         1257.2  295.13   1.4
    ------------------------------------------------------------------------


    ------------------------------------------------------------------------
         total  cpu-time : 10 minutes and 15 seconds
         total wall-time :  7 minutes and  6 seconds
    ------------------------------------------------------------------------

   ****  rirpa : all done  ****


    2018-01-10 11:09:54.429 

