
   OpenMP run-time library returned nthreads = 20

 data group $actual step is not empty 
 due to the abend of rirpa


 rirpa (c-9-332) : TURBOMOLE rev. svn2git-286-ge2660016d compiled 29 Jan 2019 at 20:14:24
 Copyright (C) 2019 TURBOMOLE GmbH, Karlsruhe


    2019-02-06 20:59:26.406 

 
 
    *************************************************************************
    *************************** PROGRAM RIRPA *******************************
    ******                                                             ******
    ******              H. Eshuis, J. E. Bates and F. Furche           ******
    ******                                                             ******
    ****** Nov 2011                                                    ******
    ****** Copyright TURBOMOLE GmbH                                    ******
    *************************************************************************
    
    
                                References:                                  
    
                   RIRPA:                                                    
                     H. Eshuis, J. Yarkony, and F. Furche                    
                     Fast Computation of Molecular Random Phase              
                     Approximation Correlation Energies Using Resolution     
                     of the Identity and Imaginary Frequency Integration     
                     J. Chem. Phys. 132: 234114 (2010)                       
    
                     H. Eshuis, J. E. Bates, and F. Furche                   
                     Electron Correlation Methods Based on                   
                     the Random Phase Approximation                          
                     Theor. Chem. Acc.  131: 1084 (2012)                     
    
                     G. P. Chen, V. K. Voora, M. M. Agee,                    
                     S. G. Balasubramani, and F. Furche                      
                     Random-Phase Approximation Methods                      
                     Annu. Rev. Phys. Chem. 68: 421 (2017)                   
    
                   TWO-COMPONENT RIRPA:                                      
                     M. Kuehn                                                
                     Correlation Energies from the                           
                     Two-Component Random-Phase Approximation                
                     J. Chem. Theory Comput. 10: 623 (2014)                  
    
                   RIRPA GRADIENTS:                                          
                     A. M. Burow, J. E. Bates, F. Furche*, and H. Eshuis     
                     Analytical First-Order Molecular Properties and Forces  
                     within the Adiabatic Connection Random Phase            
                     Approximation                                           
                     J. Chem. Theory Comput. 10: 180 (2014)                  
    
                   RI-AXK/RI-ACSOSEX/RI-ACSOX:                               
                     G. P. Chen, M. M. Agee, and F. Furche                   
                     Performance and Scope of Perturbative Corrections to    
                     Random-Phase Approximation Energies                     
                     J. Chem. Theory Comput. 14: 5701 (2018)                 
    
                   GKS-RPA:                                                  
                     V. K. Voora, S. G. Balasubramani, and F. Furche         
                     Variational Generalized Kohn-Sham Approach Combining    
                     the Random-Phase-Approximation and Green’s-Function     
                     Methods                                                 
                     Phys. Rev. A (accepted)                                 
    
    
    
      ... OpenMP parallelization enabled, threads:   20

   *-----------------------------------------------------------------------*
   |                     program will use 20 thread(s)                     |
   *-----------------------------------------------------------------------*

 MAXIMUM CORE MEMORY WHICH CAN BE ALLOCATED DYNAMICALLY = 95367 MiB
              ( or 12500000000 double words per process)

 
                FOUND RI-J FLAG
 
  HF exact exchange energy will be computed using RI-J.
 
  The HXX energy will NOT be computed due to nohxx option. 
 


              +--------------------------------------------------+
              | Atomic coordinate, charge and isotop information |
              +--------------------------------------------------+

                    atomic coordinates            atom    charge  isotop
          4.43447124   -4.75586619   -6.29164637    c      6.000     0
          7.00194567   -5.03917058   -2.60788986    c      6.000     0
          6.16291965   -2.30038691    3.63738772    c      6.000     0
          7.58664886   -4.31129364    0.03188123    c      6.000     0
          2.22134772   -3.71535362   -7.65452807    c      6.000     0
         -1.51221397   -1.47454553   -7.30870014    c      6.000     0
          7.87685627   -7.32744330   -6.14279865    c      6.000     0
          4.04133166   -0.99267910    4.96856027    c      6.000     0
          4.01712438    1.66743662    5.14225613    c      6.000     0
          2.11050238   -2.44607113    6.08769397    c      6.000     0
         -3.40200777   -0.24178057   -5.61008615    c      6.000     0
         -3.42550429    2.41120288   -5.34381635    c      6.000     0
         -5.16149597   -1.75485674   -4.30181595    c      6.000     0
          2.02010760    2.90376840    6.53734104    c      6.000     0
         -7.03953249   -0.56453767   -2.71816461    c      6.000     0
          0.11997473   -1.19405182    7.47528860    c      6.000     0
         -5.31380528    3.58327486   -3.75597932    c      6.000     0
          4.95128306   -3.94530879   -3.84149648    c      6.000     0
         -7.06952338    2.06730125   -2.49009496    c      6.000     0
          0.12948541    1.44175434    7.66541329    c      6.000     0
         -1.87348568   -1.53780479   -9.93174225    c      6.000     0
          8.47284847   -2.71564457    4.86493304    c      6.000     0
         -5.15228966   -4.44737496   -4.46695719    c      6.000     0
          5.89314300    3.20613788    3.96210842    c      6.000     0
         -1.61241426    4.00039580   -6.55620576    c      6.000     0
          2.04075508   -5.13661204    5.89961484    c      6.000     0
          9.92784765   -4.85033346    1.13285113    c      6.000     0
          1.97879378   -3.91655323  -10.27831233    c      6.000     0
         -8.80084760   -2.11524890   -1.39633324    c      6.000     0
          2.03380215    5.59326457    6.72718372    c      6.000     0
         -5.32303902    6.26776589   -3.50521529    c      6.000     0
         -1.81626295   -2.68861301    8.60261294    c      6.000     0
         10.36924276   -4.02346229    3.58999282    c      6.000     0
         -0.10547394   -2.79443651  -11.42497173    c      6.000     0
         -6.87931806   -5.87297900   -3.15829367    c      6.000     0
          5.82796131    5.78864728    4.17511408    c      6.000     0
         -1.67506369    6.57339985   -6.24964607    c      6.000     0
         -8.72669179   -4.69842070   -1.60620726    c      6.000     0
          0.13869410   -6.50573659    7.00959381    c      6.000     0
          3.88847166    6.99744946    5.58911724    c      6.000     0
         -1.81216122   -5.27162160    8.37839337    c      6.000     0
         -3.56103040    7.72589185   -4.71973916    c      6.000     0
          0.49538116   -2.54055638   -6.19706663    n      7.000     0
          5.73150656   -3.08017087    1.26919686    n      7.000     0
          8.50479357   -6.74304039   -3.76450206    n      7.000     0
          5.91662184   -6.45461461   -7.48078405    n      7.000     0
         -3.72948226   -5.36542827   -5.62196921    h      1.000     0
          3.84724839   -2.46807414   -2.96161964    h      1.000     0
         -0.15038170    3.13384540   -7.70379565    h      1.000     0
          7.36473427    2.29789997    2.85992123    h      1.000     0
          3.50519198   -6.09331107    4.83083608    h      1.000     0
         -6.81766489   -7.92012045   -3.28061067    h      1.000     0
         -8.46967394    2.95451768   -1.27628905    h      1.000     0
         -1.36673421    2.37942536    8.72022708    h      1.000     0
         11.33127906   -5.88043176    0.05195247    h      1.000     0
          3.41087115   -4.92102678  -11.34580140    h      1.000     0
         -3.52057937   -0.63682769  -10.75845800    h      1.000     0
        -10.06607550   -5.86072166   -0.57392629    h      1.000     0
          8.74619835   -2.03971280    6.78240421    h      1.000     0
          0.53173501    6.50490696    7.79163450    h      1.000     0
        -10.19852438   -1.19899458   -0.20164976    h      1.000     0
         -3.30911837   -1.72987750    9.63883941    h      1.000     0
         -6.76246872    7.12853759   -2.31885791    h      1.000     0
          9.09476167   -8.68312600   -7.09613874    h      1.000     0
          7.25958387    6.93019105    3.24807297    h      1.000     0
          0.09983864   -8.54775175    6.81596442    h      1.000     0
         -0.26602911    7.74926600   -7.16854926    h      1.000     0
          3.87673097    9.04442144    5.74526535    h      1.000     0
         -3.30831054   -6.38682444    9.23211727    h      1.000     0
         -3.58419253    9.76784625   -4.50953886    h      1.000     0
         -0.35256866   -2.89430347  -13.46047889    h      1.000     0
         12.16994788   -4.39082227    4.50472675    h      1.000     0
         -0.03535146    4.29107920    0.24982253    c      6.000     0
         -0.75738963   -0.11048164    0.42116808    c      6.000     0
         -2.19939078    3.86477743    1.76242829    c      6.000     0
         -2.65217891    1.10656338    1.87986452    c      6.000     0
         -3.30209698    5.99522864    2.86863730    c      6.000     0
         -0.23569882    8.70662256    0.92669905    c      6.000     0
         -2.50182640   -4.09486110    1.45392160    c      6.000     0
         -2.31383298    8.41050675    2.49430196    c      6.000     0
          0.96296462    1.81300021   -0.67826082    c      6.000     0
         -0.65587480   -2.71402037    0.18598611    c      6.000     0
          0.95771161    6.65315783   -0.21994540    c      6.000     0
         -4.38208902   -2.95815994    2.91139948    c      6.000     0
         -4.46480965   -0.33478538    3.13359756    c      6.000     0
         -5.54853087    5.85575495    4.50943713    n      7.000     0
          0.75818111   11.27147990    0.50662751    n      7.000     0
         -2.46689288   -6.87084789    1.25422892    n      7.000     0
         -7.27881521    4.43174722    3.85754329    o      8.000     0
         -5.56674865    7.21105183    6.40383546    o      8.000     0
          2.62925103   11.47775583   -0.87168545    o      8.000     0
         -0.76880662   -7.84789201   -0.00946968    o      8.000     0
         -0.33539161   13.04547697    1.55802431    o      8.000     0
         -4.14386807   -8.05678335    2.37070255    o      8.000     0
          2.80988501    1.53021009   -2.02642837    o      8.000     0
         -5.94167942    0.53371505    4.24582014    h      1.000     0
         -3.16269627   10.03483304    3.40371934    h      1.000     0
         -5.75831993   -4.14366486    3.84880881    h      1.000     0
          2.60460665    6.90346163   -1.40880503    h      1.000     0
          0.78167161   -3.64955053   -0.91979858    h      1.000     0
 
       center of nuclear mass  :   -0.00022047    0.16828055    0.01438965
       center of nuclear charge:   -0.00261250    0.15506363    0.01521903
              +-------------------------------------------------+
              |        Rotational Constants Section             |
              +-------------------------------------------------+
                                   Center of Mass [a.u]:
              -0.00022047448539         0.16828055172469         0.01438964600333
                     Principal Moments of Inertia [a.u.]
           38587.79541116745531     45596.28894845550531     51686.42109092612372
                       Rotational constants A,B,C [a.u.]
               0.00001295746478         0.00001096580471         0.00000967372067
                     Rotational constants A,B,C [cm**-1]
               0.00156007063516         0.00132027601116         0.00116470990302
                        Rotational constants A,B,C [MHz]
              46.76974103676731        39.58087906233413        34.91712446843981

   * BASIS SET information:

              +--------------------------------------------------+
              |               basis set information              |
              +--------------------------------------------------+

              we will work with the 1s 3p 5d 7f 9g ... basis set
              ...i.e. with spherical basis functions...

   type   atoms  prim   cont   basis
   ---------------------------------------------------------------------------
    c       55     50     30   cc-pVTZ   [4s3p2d1f|18s5p2d1f]
    n        7     50     30   cc-pVTZ   [4s3p2d1f|18s5p2d1f]
    h       31     16     14   cc-pVTZ   [3s2p1d|5s2p1d]
    o        7     50     30   cc-pVTZ   [4s3p2d1f|18s5p2d1f]
   ---------------------------------------------------------------------------
   total:  100   3946   2504
   ---------------------------------------------------------------------------

   total number of primitive shells          :   86
   total number of contracted shells         :  876
   total number of cartesian basis functions : 2880
   total number of SCF-basis functions       : 2504


   * AUXILIARY BASIS SET information:

              +--------------------------------------------------+
              |               basis set information              |
              +--------------------------------------------------+

              we will work with the 1s 3p 5d 7f 9g ... basis set
              ...i.e. with spherical basis functions...

   type   atoms  prim   cont   basis
   ---------------------------------------------------------------------------
    c       55     81     81   cc-pVTZ   [8s6p5d3f1g|8s6p5d3f1g]
    n        7     81     81   cc-pVTZ   [8s6p5d3f1g|8s6p5d3f1g]
    h       31     30     30   cc-pVTZ   [4s3p2d1f|4s3p2d1f]
    o        7     81     81   cc-pVTZ   [8s6p5d3f1g|8s6p5d3f1g]
   ---------------------------------------------------------------------------
   total:  100   6519   6519
   ---------------------------------------------------------------------------

   total number of primitive shells          :   79
   total number of contracted shells         : 1897
   total number of cartesian basis functions : 8054
   total number of SCF-basis functions       : 6519


   * RIJ AUXILIARY BASIS SET information:

              +--------------------------------------------------+
              |               basis set information              |
              +--------------------------------------------------+

              we will work with the 1s 3p 5d 7f 9g ... basis set
              ...i.e. with spherical basis functions...

   type   atoms  prim   cont   basis
   ---------------------------------------------------------------------------
    c       55     70     49   cc-pVTZ   [6s4p3d1f1g|12s5p4d2f1g]
    n        7     70     49   cc-pVTZ   [6s4p3d1f1g|12s5p4d2f1g]
    h       31     16     11   cc-pVTZ   [3s1p1d|5s2p1d]
    o        7     70     49   cc-pVTZ   [6s4p3d1f1g|12s5p4d2f1g]
   ---------------------------------------------------------------------------
   total:  100   5326   3722
   ---------------------------------------------------------------------------

   total number of primitive shells          :   80
   total number of contracted shells         : 1190
   total number of cartesian basis functions : 4581
   total number of SCF-basis functions       : 3722


 reading orbital data $scfmo  from file mos
 orbital characterization : scfconv=9

 integral neglect threshold       :  0.33E+02

 scfconv                     9

 there are 1 real representations :   a   

 maximum number of shells which are related by symmetry :  1

 entered riccmos at 2019-02-06 20:59:55.472
  MOs are in ASCII format !


 reading orbital data $scfmo  from file mos
 orbital characterization : scfconv=9
 time elapsed for calculating density matrices :  11.573 sec



              +--------------------------------------------+
              | list of orbitals that will be kept frozen: |
              +--------------------------------------------+
              |   irrep   index      energy     occ/vir    |
              +--------------------------------------------+
              |   a         1      -18.8103     occupied   |
              |   a         2      -18.8102     occupied   |
              |   a         3      -18.7954     occupied   |
              |   a         4      -18.7950     occupied   |
              |   a         5      -18.7828     occupied   |
              |   a         6      -18.7826     occupied   |
              |   a         7      -18.7626     occupied   |
              |   a         8      -14.2350     occupied   |
              |   a         9      -14.2230     occupied   |
              |   a        10      -14.2091     occupied   |
              |   a        11      -13.9983     occupied   |
              |   a       ...        ...        occupied   |
              |   a        69       -9.8947     occupied   |
              +--------------------------------------------+



   Molecular Orbital Statistic:
   ============================

   -----------------------------
   orbitals in total:
   -----------------------------
    frozen occupied :     69
    active occupied :    164
    active virtual  :   2271
    frozen virtual  :      0
    all together    :   2504
   -----------------------------


     time in riccmoinp     cpu: 11.36 sec    wall: 27.30 sec    ratio:  0.4
     time in scfdens       cpu: 11.63 sec    wall:  1.07 sec    ratio: 10.9
     time in mkiao         cpu:  0.00 sec    wall:  0.00 sec    ratio:  0.0
     time in ricclmos      cpu:  0.00 sec    wall:  0.00 sec    ratio:  0.0
     time in riccmos       cpu: 34.97 sec    wall: 29.02 sec    ratio:  1.2
 leave riccmos at 2019-02-06 21:00:24.491

     total memory allocated for calculation of (Q|P)**(-1/2) : 487 MiB


     calculation of (P|Q) ...
     time in lp2sym        cpu: 18.97 sec    wall:  0.95 sec    ratio: 20.0


     calculation of the Cholesky decomposition of (P|Q)**(-1) ...
     time in invmetri      cpu: 46.42 sec    wall:  4.02 sec    ratio: 11.5

   threshold for RMS(d[D]) in SCF was     :  0.10E-06
   integral neglect threshold             :  0.41E-14
   derivative integral neglect threshold  :  0.10E-06


 setting up bound for integral derivative estimation

 increment for numerical differentiation : 0.00050000
 
 Occupied orbital block size for RIRPA:                   164
 
 Number of passes for spin                     1 is                     1
 
 Number of eigenvalues < 6e-3:                     10
 
 NB: Small gap system
 NB: hybrid method not implemented yet
 NB: most likely large grid is needed
 
            -----------------------------
            Complex frequency integration
            -----------------------------
 
 Number of Clenshaw-Curtis nodes:                    100
 Optimized scaling parameter    :   0.835452446941735     
 Sensitivity measure            :  -3.855254449014467E-010
 
 
 ifreq =                     1
 Largest eigenvalues of the Q matrix:


 ***-th eigenvalue:  0.3484203388971423E+01


 ***-th eigenvalue:  0.3617708518013474E+01


 ***-th eigenvalue:  0.3703349189266532E+01


 ***-th eigenvalue:  0.3948797038634555E+01


 ***-th eigenvalue:  0.4138745339595365E+01


 ***-th eigenvalue:  0.4187633453972147E+01


 ***-th eigenvalue:  0.4565169032493284E+01


 ***-th eigenvalue:  0.5221712701857458E+01


 ***-th eigenvalue:  0.5330667029729845E+01


 ***-th eigenvalue:  0.5358098836885280E+01
 Done with rirpa frequency point #                     1
 
 ifreq =                     2
 Largest eigenvalues of the Q matrix:


 ***-th eigenvalue:  0.3472871639121029E+01


 ***-th eigenvalue:  0.3605778209430685E+01


 ***-th eigenvalue:  0.3686371666101166E+01


 ***-th eigenvalue:  0.3921124020312337E+01


 ***-th eigenvalue:  0.4121070622654313E+01


 ***-th eigenvalue:  0.4144693885075616E+01


 ***-th eigenvalue:  0.4524761952661440E+01


 ***-th eigenvalue:  0.5198134672930383E+01


 ***-th eigenvalue:  0.5306185241947568E+01


 ***-th eigenvalue:  0.5331099950344464E+01
 Done with rirpa frequency point #                     2
 
 ifreq =                     3
 Largest eigenvalues of the Q matrix:


 ***-th eigenvalue:  0.3439976075646727E+01


 ***-th eigenvalue:  0.3570549748678428E+01


 ***-th eigenvalue:  0.3637992544543321E+01


 ***-th eigenvalue:  0.3843209031335247E+01


 ***-th eigenvalue:  0.4024283037931013E+01


 ***-th eigenvalue:  0.4075536943812247E+01


 ***-th eigenvalue:  0.4413379755591548E+01


 ***-th eigenvalue:  0.5129408911816384E+01


 ***-th eigenvalue:  0.5234154432404987E+01


 ***-th eigenvalue:  0.5254726040653486E+01
 Done with rirpa frequency point #                     3
 
 ifreq =                     4
 Largest eigenvalues of the Q matrix:


 ***-th eigenvalue:  0.3388198946262523E+01


 ***-th eigenvalue:  0.3513414084221293E+01


 ***-th eigenvalue:  0.3564239854317724E+01


 ***-th eigenvalue:  0.3728189189912197E+01


 ***-th eigenvalue:  0.3861168668254747E+01


 ***-th eigenvalue:  0.4002785652503051E+01


 ***-th eigenvalue:  0.4255071867991367E+01


 ***-th eigenvalue:  0.5021048823393653E+01


 ***-th eigenvalue:  0.5118683001579510E+01


 ***-th eigenvalue:  0.5139786392036234E+01
 Done with rirpa frequency point #                     4
 
 ifreq =                     5
 Largest eigenvalues of the Q matrix:


 ***-th eigenvalue:  0.3320903769859681E+01


 ***-th eigenvalue:  0.3435860868405575E+01


 ***-th eigenvalue:  0.3471985149457993E+01


 ***-th eigenvalue:  0.3592530965012507E+01


 ***-th eigenvalue:  0.3683531336395035E+01


 ***-th eigenvalue:  0.3909739340542452E+01


 ***-th eigenvalue:  0.4077546842597213E+01


 ***-th eigenvalue:  0.4880877024941175E+01


 ***-th eigenvalue:  0.4968621465112386E+01


 ***-th eigenvalue:  0.4995809782302438E+01
 Done with rirpa frequency point #                     5
 
 ifreq =                     6
 Largest eigenvalues of the Q matrix:


 ***-th eigenvalue:  0.3241675820447404E+01


 ***-th eigenvalue:  0.3338819792042242E+01


 ***-th eigenvalue:  0.3367277227762634E+01


 ***-th eigenvalue:  0.3451948098996962E+01


 ***-th eigenvalue:  0.3515238996498005E+01


 ***-th eigenvalue:  0.3794510402575759E+01


 ***-th eigenvalue:  0.3906977007462499E+01


 ***-th eigenvalue:  0.4717677949941255E+01


 ***-th eigenvalue:  0.4795423339089813E+01


 ***-th eigenvalue:  0.4829900246031660E+01
 Done with rirpa frequency point #                     6
 
 ifreq =                     7
 Largest eigenvalues of the Q matrix:


 ***-th eigenvalue:  0.3154289407739277E+01


 ***-th eigenvalue:  0.3224366129920677E+01


 ***-th eigenvalue:  0.3255101409568999E+01


 ***-th eigenvalue:  0.3319103099984744E+01


 ***-th eigenvalue:  0.3368594459771148E+01


 ***-th eigenvalue:  0.3651593069191327E+01


 ***-th eigenvalue:  0.3764121089723720E+01


 ***-th eigenvalue:  0.4540022651428827E+01


 ***-th eigenvalue:  0.4608816338177466E+01


 ***-th eigenvalue:  0.4649478311373339E+01
 Done with rirpa frequency point #                     7
 
 ifreq =                     8
 Largest eigenvalues of the Q matrix:


 ***-th eigenvalue:  0.3063040217217377E+01


 ***-th eigenvalue:  0.3100280625647158E+01


 ***-th eigenvalue:  0.3142663945448709E+01


 ***-th eigenvalue:  0.3200565939972294E+01


 ***-th eigenvalue:  0.3241685164540853E+01


 ***-th eigenvalue:  0.3495362107782621E+01


 ***-th eigenvalue:  0.3642641949032321E+01


 ***-th eigenvalue:  0.4355442405772911E+01


 ***-th eigenvalue:  0.4416521328020353E+01


 ***-th eigenvalue:  0.4461604387011867E+01
 Done with rirpa frequency point #                     8
 
 ifreq =                     9
 Largest eigenvalues of the Q matrix:


 ***-th eigenvalue:  0.2974141655013335E+01


 ***-th eigenvalue:  0.2976496802815503E+01


 ***-th eigenvalue:  0.3040776232816093E+01


 ***-th eigenvalue:  0.3096320877777949E+01


 ***-th eigenvalue:  0.3125809392473260E+01


 ***-th eigenvalue:  0.3342864198669297E+01


 ***-th eigenvalue:  0.3529158902679249E+01


 ***-th eigenvalue:  0.4170003845467380E+01


 ***-th eigenvalue:  0.4224502644354252E+01


 ***-th eigenvalue:  0.4272203324044273E+01
 Done with rirpa frequency point #                     9
 
 ifreq =                    10
 Largest eigenvalues of the Q matrix:


 ***-th eigenvalue:  0.2857863713523510E+01


 ***-th eigenvalue:  0.2903291193213168E+01


 ***-th eigenvalue:  0.2956974864764387E+01


 ***-th eigenvalue:  0.3005135350253612E+01


 ***-th eigenvalue:  0.3015859665320320E+01


 ***-th eigenvalue:  0.3199417486551598E+01


 ***-th eigenvalue:  0.3419853010204500E+01


 ***-th eigenvalue:  0.3988223298702007E+01


 ***-th eigenvalue:  0.4037113166918870E+01


 ***-th eigenvalue:  0.4085829353491659E+01
 Done with rirpa frequency point #                    10
 
 ifreq =                    11
 Largest eigenvalues of the Q matrix:


 ***-th eigenvalue:  0.2762855020196279E+01


 ***-th eigenvalue:  0.2849707280170855E+01


 ***-th eigenvalue:  0.2889306097709355E+01


 ***-th eigenvalue:  0.2910380239591206E+01


 ***-th eigenvalue:  0.2926122190375927E+01


 ***-th eigenvalue:  0.3066274256278350E+01


 ***-th eigenvalue:  0.3314186079850615E+01


 ***-th eigenvalue:  0.3813201872870772E+01


 ***-th eigenvalue:  0.3857293800266971E+01


 ***-th eigenvalue:  0.3905715867831325E+01
 Done with rirpa frequency point #                    11
 
 ifreq =                    12
 Largest eigenvalues of the Q matrix:


 ***-th eigenvalue:  0.2672598509052800E+01


 ***-th eigenvalue:  0.2799941686158288E+01


 ***-th eigenvalue:  0.2809650530736376E+01


 ***-th eigenvalue:  0.2831261471733548E+01


 ***-th eigenvalue:  0.2856478861364384E+01


 ***-th eigenvalue:  0.2944400066889362E+01


 ***-th eigenvalue:  0.3212225389290217E+01


 ***-th eigenvalue:  0.3646867050367941E+01


 ***-th eigenvalue:  0.3686830170125643E+01


 ***-th eigenvalue:  0.3733958058639066E+01
 Done with rirpa frequency point #                    12
 
 ifreq =                    13
 Largest eigenvalues of the Q matrix:


 ***-th eigenvalue:  0.2584598948870472E+01


 ***-th eigenvalue:  0.2714327924432314E+01


 ***-th eigenvalue:  0.2749016253979135E+01


 ***-th eigenvalue:  0.2776418113724395E+01


 ***-th eigenvalue:  0.2792155935431881E+01


 ***-th eigenvalue:  0.2837743917457719E+01


 ***-th eigenvalue:  0.3114069702625012E+01


 ***-th eigenvalue:  0.3490239524475339E+01


 ***-th eigenvalue:  0.3526621762371161E+01


 ***-th eigenvalue:  0.3571742019991623E+01
 Done with rirpa frequency point #                    13
 
 ifreq =                    14
 Largest eigenvalues of the Q matrix:


 ***-th eigenvalue:  0.2498834740997672E+01


 ***-th eigenvalue:  0.2624789856719867E+01


 ***-th eigenvalue:  0.2684903031787285E+01


 ***-th eigenvalue:  0.2718471273582599E+01


 ***-th eigenvalue:  0.2734060584032956E+01


 ***-th eigenvalue:  0.2757430412086417E+01


 ***-th eigenvalue:  0.3019748664745046E+01


 ***-th eigenvalue:  0.3343679166794519E+01


 ***-th eigenvalue:  0.3376927239906512E+01


 ***-th eigenvalue:  0.3419570632792454E+01
 Done with rirpa frequency point #                    14
 
 ifreq =                    15
 Largest eigenvalues of the Q matrix:


 ***-th eigenvalue:  0.2415542291890906E+01


 ***-th eigenvalue:  0.2541300749291343E+01


 ***-th eigenvalue:  0.2599421251676106E+01


 ***-th eigenvalue:  0.2666519014214538E+01


 ***-th eigenvalue:  0.2683375164530485E+01


 ***-th eigenvalue:  0.2697610250215150E+01


 ***-th eigenvalue:  0.2929224149017116E+01


 ***-th eigenvalue:  0.3207090142629119E+01


 ***-th eigenvalue:  0.3237568000417794E+01


 ***-th eigenvalue:  0.3277461090317857E+01
 Done with rirpa frequency point #                    15
 
 ifreq =                    16
 Largest eigenvalues of the Q matrix:


 ***-th eigenvalue:  0.2341798914064585E+01


 ***-th eigenvalue:  0.2463761680296552E+01


 ***-th eigenvalue:  0.2512153698565258E+01


 ***-th eigenvalue:  0.2618382416111552E+01


 ***-th eigenvalue:  0.2634617770043558E+01


 ***-th eigenvalue:  0.2644125248344979E+01


 ***-th eigenvalue:  0.2842409059834155E+01


 ***-th eigenvalue:  0.3080081020953545E+01


 ***-th eigenvalue:  0.3108086155330633E+01


 ***-th eigenvalue:  0.3145104898455886E+01
 Done with rirpa frequency point #                    16
 
 ifreq =                    17
 Largest eigenvalues of the Q matrix:


 ***-th eigenvalue:  0.2276375503989760E+01


 ***-th eigenvalue:  0.2391733658993531E+01


 ***-th eigenvalue:  0.2429632635034965E+01


 ***-th eigenvalue:  0.2571236469237350E+01


 ***-th eigenvalue:  0.2586544751432500E+01


 ***-th eigenvalue:  0.2593047983119948E+01


 ***-th eigenvalue:  0.2759184768687235E+01


 ***-th eigenvalue:  0.2962083753426667E+01


 ***-th eigenvalue:  0.2987861014534310E+01


 ***-th eigenvalue:  0.3021990454200921E+01
 Done with rirpa frequency point #                    17
 
 ifreq =                    18
 Largest eigenvalues of the Q matrix:


 ***-th eigenvalue:  0.2214147466392116E+01


 ***-th eigenvalue:  0.2324556174579302E+01


 ***-th eigenvalue:  0.2352699747005622E+01


 ***-th eigenvalue:  0.2524525639059622E+01


 ***-th eigenvalue:  0.2538870748183685E+01


 ***-th eigenvalue:  0.2543296584049994E+01


 ***-th eigenvalue:  0.2679414499416203E+01


 ***-th eigenvalue:  0.2852438542724376E+01


 ***-th eigenvalue:  0.2876191368330381E+01


 ***-th eigenvalue:  0.2907492828185807E+01
 Done with rirpa frequency point #                    18
 
 ifreq =                    19
 Largest eigenvalues of the Q matrix:


 ***-th eigenvalue:  0.2155462625348519E+01


 ***-th eigenvalue:  0.2261509431526246E+01


 ***-th eigenvalue:  0.2281100711687660E+01


 ***-th eigenvalue:  0.2478125194903938E+01


 ***-th eigenvalue:  0.2491520683780270E+01


 ***-th eigenvalue:  0.2494443778073417E+01


 ***-th eigenvalue:  0.2602953894081423E+01


 ***-th eigenvalue:  0.2750452112768267E+01


 ***-th eigenvalue:  0.2772351305660888E+01


 ***-th eigenvalue:  0.2800936935444768E+01
 Done with rirpa frequency point #                    19
 
 ifreq =                    20
 Largest eigenvalues of the Q matrix:


 ***-th eigenvalue:  0.2100318003964453E+01


 ***-th eigenvalue:  0.2201936163202997E+01


 ***-th eigenvalue:  0.2214303709624339E+01


 ***-th eigenvalue:  0.2432022164472248E+01


 ***-th eigenvalue:  0.2444486760921100E+01


 ***-th eigenvalue:  0.2446284306329310E+01


 ***-th eigenvalue:  0.2529661419663010E+01


 ***-th eigenvalue:  0.2655436156706401E+01


 ***-th eigenvalue:  0.2675626446063401E+01


 ***-th eigenvalue:  0.2701640222271233E+01
 Done with rirpa frequency point #                    20
 
 ifreq =                    21
 Largest eigenvalues of the Q matrix:


 ***-th eigenvalue:  0.2048387689409298E+01


 ***-th eigenvalue:  0.2145292977418898E+01


 ***-th eigenvalue:  0.2151722373463604E+01


 ***-th eigenvalue:  0.2386238782507371E+01


 ***-th eigenvalue:  0.2397761599524372E+01


 ***-th eigenvalue:  0.2398719235169457E+01


 ***-th eigenvalue:  0.2459414611118804E+01


 ***-th eigenvalue:  0.2566731595602528E+01


 ***-th eigenvalue:  0.2585336163327010E+01


 ***-th eigenvalue:  0.2608940210226341E+01
 Done with rirpa frequency point #                    21
 
 ifreq =                    22
 Largest eigenvalues of the Q matrix:


 ***-th eigenvalue:  0.1999194645039775E+01


 ***-th eigenvalue:  0.2091151272019742E+01


 ***-th eigenvalue:  0.2092800070400334E+01


 ***-th eigenvalue:  0.2340805847561406E+01


 ***-th eigenvalue:  0.2351121403130959E+01


 ***-th eigenvalue:  0.2351864054390442E+01


 ***-th eigenvalue:  0.2392153940820130E+01


 ***-th eigenvalue:  0.2483723198671177E+01


 ***-th eigenvalue:  0.2500846085162335E+01


 ***-th eigenvalue:  0.2522211239058232E+01
 Done with rirpa frequency point #                    22
 
 ifreq =                    23
 Largest eigenvalues of the Q matrix:


 ***-th eigenvalue:  0.1952265859094517E+01


 ***-th eigenvalue:  0.2037039512521914E+01


 ***-th eigenvalue:  0.2039181094579096E+01


 ***-th eigenvalue:  0.2295744578452418E+01


 ***-th eigenvalue:  0.2304076102520231E+01


 ***-th eigenvalue:  0.2305882126691710E+01


 ***-th eigenvalue:  0.2328074563121266E+01


 ***-th eigenvalue:  0.2405848470842525E+01


 ***-th eigenvalue:  0.2421574054061760E+01


 ***-th eigenvalue:  0.2440873821789974E+01
 Done with rirpa frequency point #                    23
 
 ifreq =                    24
 Largest eigenvalues of the Q matrix:


 ***-th eigenvalue:  0.1907206845526585E+01


 ***-th eigenvalue:  0.1984021199795211E+01


 ***-th eigenvalue:  0.1989118859659155E+01


 ***-th eigenvalue:  0.2250954640943600E+01


 ***-th eigenvalue:  0.2255299914774207E+01


 ***-th eigenvalue:  0.2260465647886415E+01


 ***-th eigenvalue:  0.2268800583133718E+01


 ***-th eigenvalue:  0.2332605352266264E+01


 ***-th eigenvalue:  0.2346991901455700E+01


 ***-th eigenvalue:  0.2364399355414433E+01
 Done with rirpa frequency point #                    24
 
 ifreq =                    25
 Largest eigenvalues of the Q matrix:


 ***-th eigenvalue:  0.1863714435998208E+01


 ***-th eigenvalue:  0.1933388001046286E+01


 ***-th eigenvalue:  0.1940760637820652E+01


 ***-th eigenvalue:  0.2200151578875989E+01


 ***-th eigenvalue:  0.2207295011332798E+01


 ***-th eigenvalue:  0.2215532742668726E+01


 ***-th eigenvalue:  0.2218056464502041E+01


 ***-th eigenvalue:  0.2263569204251830E+01


 ***-th eigenvalue:  0.2276624920473989E+01


 ***-th eigenvalue:  0.2292312850654719E+01
 Done with rirpa frequency point #                    25
 
 ifreq =                    26
 Largest eigenvalues of the Q matrix:


 ***-th eigenvalue:  0.1821562935396657E+01


 ***-th eigenvalue:  0.1884845448945912E+01


 ***-th eigenvalue:  0.1893939398471595E+01


 ***-th eigenvalue:  0.2143733144427407E+01


 ***-th eigenvalue:  0.2163460552123635E+01


 ***-th eigenvalue:  0.2170927055712154E+01


 ***-th eigenvalue:  0.2171938671260457E+01


 ***-th eigenvalue:  0.2198469608282144E+01


 ***-th eigenvalue:  0.2210051484725703E+01


 ***-th eigenvalue:  0.2224198302008421E+01
 Done with rirpa frequency point #                    26
 
 ifreq =                    27
 Largest eigenvalues of the Q matrix:


 ***-th eigenvalue:  0.1780584783305491E+01


 ***-th eigenvalue:  0.1838149659931980E+01


 ***-th eigenvalue:  0.1848517272678603E+01


 ***-th eigenvalue:  0.2088439944028469E+01


 ***-th eigenvalue:  0.2120110989638930E+01


 ***-th eigenvalue:  0.2125424053808128E+01


 ***-th eigenvalue:  0.2127573554621924E+01


 ***-th eigenvalue:  0.2137797913985715E+01


 ***-th eigenvalue:  0.2146914009171978E+01


 ***-th eigenvalue:  0.2159725116840368E+01
 Done with rirpa frequency point #                    27
 
 ifreq =                    28
 Largest eigenvalues of the Q matrix:


 ***-th eigenvalue:  0.1740653776252509E+01


 ***-th eigenvalue:  0.1793098370712119E+01


 ***-th eigenvalue:  0.1804378122562930E+01


 ***-th eigenvalue:  0.2034846181857315E+01


 ***-th eigenvalue:  0.2073209883804027E+01


 ***-th eigenvalue:  0.2078146418332663E+01


 ***-th eigenvalue:  0.2083609562963935E+01


 ***-th eigenvalue:  0.2086040194725745E+01


 ***-th eigenvalue:  0.2087332238050050E+01


 ***-th eigenvalue:  0.2098857859703155E+01
 Done with rirpa frequency point #                    28
 
 ifreq =                    29
 Largest eigenvalues of the Q matrix:


 ***-th eigenvalue:  0.1701672533886165E+01


 ***-th eigenvalue:  0.1749522949724633E+01


 ***-th eigenvalue:  0.1761422422105958E+01


 ***-th eigenvalue:  0.1982992739482854E+01


 ***-th eigenvalue:  0.2018356896290768E+01


 ***-th eigenvalue:  0.2029160553361713E+01


 ***-th eigenvalue:  0.2035378056631404E+01


 ***-th eigenvalue:  0.2037250396286282E+01


 ***-th eigenvalue:  0.2041888469279085E+01


 ***-th eigenvalue:  0.2044909056018291E+01
 Done with rirpa frequency point #                    29
 
 ifreq =                    30
 Largest eigenvalues of the Q matrix:


 ***-th eigenvalue:  0.1663563705411578E+01


 ***-th eigenvalue:  0.1707281743801695E+01


 ***-th eigenvalue:  0.1719563625546971E+01


 ***-th eigenvalue:  0.1932822062505435E+01


 ***-th eigenvalue:  0.1964709497325631E+01


 ***-th eigenvalue:  0.1974379088109787E+01


 ***-th eigenvalue:  0.1982470483402127E+01


 ***-th eigenvalue:  0.1994070135610216E+01


 ***-th eigenvalue:  0.1999615027113222E+01


 ***-th eigenvalue:  0.2000684897428450E+01
 Done with rirpa frequency point #                    30
 
 ifreq =                    31
 Largest eigenvalues of the Q matrix:


 ***-th eigenvalue:  0.1626263966404169E+01


 ***-th eigenvalue:  0.1666254705599132E+01


 ***-th eigenvalue:  0.1678725549077938E+01


 ***-th eigenvalue:  0.1884251962708227E+01


 ***-th eigenvalue:  0.1913025288254119E+01


 ***-th eigenvalue:  0.1921797524473090E+01


 ***-th eigenvalue:  0.1929200928920320E+01


 ***-th eigenvalue:  0.1952908826557658E+01


 ***-th eigenvalue:  0.1957985850570323E+01


 ***-th eigenvalue:  0.1958488272915328E+01
 Done with rirpa frequency point #                    31
 
 ifreq =                    32
 Largest eigenvalues of the Q matrix:


 ***-th eigenvalue:  0.1589719962914148E+01


 ***-th eigenvalue:  0.1626339131047573E+01


 ***-th eigenvalue:  0.1638840450071623E+01


 ***-th eigenvalue:  0.1837194662126661E+01


 ***-th eigenvalue:  0.1863250162804794E+01


 ***-th eigenvalue:  0.1871251467140834E+01


 ***-th eigenvalue:  0.1877881125914733E+01


 ***-th eigenvalue:  0.1912287420602130E+01


 ***-th eigenvalue:  0.1916925974362750E+01


 ***-th eigenvalue:  0.1917117053449270E+01
 Done with rirpa frequency point #                    32
 
 ifreq =                    33
 Largest eigenvalues of the Q matrix:


 ***-th eigenvalue:  0.1553885575674130E+01


 ***-th eigenvalue:  0.1587446309933717E+01


 ***-th eigenvalue:  0.1599847592008543E+01


 ***-th eigenvalue:  0.1791563054386082E+01


 ***-th eigenvalue:  0.1815245353986223E+01


 ***-th eigenvalue:  0.1822562249037248E+01


 ***-th eigenvalue:  0.1828454033865785E+01


 ***-th eigenvalue:  0.1872179230945979E+01


 ***-th eigenvalue:  0.1876390934494466E+01


 ***-th eigenvalue:  0.1876423187543787E+01
 Done with rirpa frequency point #                    33
 
 ifreq =                    34
 Largest eigenvalues of the Q matrix:


 ***-th eigenvalue:  0.1518720068747690E+01


 ***-th eigenvalue:  0.1549498905249276E+01


 ***-th eigenvalue:  0.1561692152180293E+01


 ***-th eigenvalue:  0.1747273070425451E+01


 ***-th eigenvalue:  0.1768865829363658E+01


 ***-th eigenvalue:  0.1775566543313416E+01


 ***-th eigenvalue:  0.1780780408760740E+01


 ***-th eigenvalue:  0.1832570518283132E+01


 ***-th eigenvalue:  0.1836272885465235E+01


 ***-th eigenvalue:  0.1836441748684837E+01
 Done with rirpa frequency point #                    34
 
 ifreq =                    35
 Largest eigenvalues of the Q matrix:


 ***-th eigenvalue:  0.1484186828765912E+01


 ***-th eigenvalue:  0.1512428903721487E+01


 ***-th eigenvalue:  0.1524324374888377E+01


 ***-th eigenvalue:  0.1704244614066464E+01


 ***-th eigenvalue:  0.1723975506193642E+01


 ***-th eigenvalue:  0.1730117907983547E+01


 ***-th eigenvalue:  0.1734718168716677E+01


 ***-th eigenvalue:  0.1793448897363509E+01


 ***-th eigenvalue:  0.1796712593444540E+01


 ***-th eigenvalue:  0.1796986966806434E+01
 Done with rirpa frequency point #                    35
 
 ifreq =                    36
 Largest eigenvalues of the Q matrix:


 ***-th eigenvalue:  0.1450252498893850E+01


 ***-th eigenvalue:  0.1476176009302314E+01


 ***-th eigenvalue:  0.1487698903195343E+01


 ***-th eigenvalue:  0.1662401892313107E+01


 ***-th eigenvalue:  0.1680450456375592E+01


 ***-th eigenvalue:  0.1686085539878768E+01


 ***-th eigenvalue:  0.1690135013623594E+01


 ***-th eigenvalue:  0.1754801791348618E+01


 ***-th eigenvalue:  0.1757692347548361E+01


 ***-th eigenvalue:  0.1758040178168043E+01
 Done with rirpa frequency point #                    36
 
 ifreq =                    37
 Largest eigenvalues of the Q matrix:


 ***-th eigenvalue:  0.1416886377429361E+01


 ***-th eigenvalue:  0.1440686378288613E+01


 ***-th eigenvalue:  0.1451774242602988E+01


 ***-th eigenvalue:  0.1621673458822564E+01


 ***-th eigenvalue:  0.1638179016114158E+01


 ***-th eigenvalue:  0.1643352647939728E+01


 ***-th eigenvalue:  0.1646910598666736E+01


 ***-th eigenvalue:  0.1716616287709511E+01


 ***-th eigenvalue:  0.1719192974784489E+01


 ***-th eigenvalue:  0.1719587140312441E+01
 Done with rirpa frequency point #                    37
 
 ifreq =                    38
 Largest eigenvalues of the Q matrix:


 ***-th eigenvalue:  0.1384059994556119E+01


 ***-th eigenvalue:  0.1405911617429578E+01


 ***-th eigenvalue:  0.1416512323776130E+01


 ***-th eigenvalue:  0.1581992109413021E+01


 ***-th eigenvalue:  0.1597060999223861E+01


 ***-th eigenvalue:  0.1601814878697098E+01


 ***-th eigenvalue:  0.1604936285757585E+01


 ***-th eigenvalue:  0.1678879342787907E+01


 ***-th eigenvalue:  0.1681196461260793E+01


 ***-th eigenvalue:  0.1681613397733351E+01
 Done with rirpa frequency point #                    38
 
 ifreq =                    39
 Largest eigenvalues of the Q matrix:


 ***-th eigenvalue:  0.1351746809619125E+01


 ***-th eigenvalue:  0.1371807984663531E+01


 ***-th eigenvalue:  0.1381878140831596E+01


 ***-th eigenvalue:  0.1543294696884928E+01


 ***-th eigenvalue:  0.1557006680740909E+01


 ***-th eigenvalue:  0.1561378890534780E+01


 ***-th eigenvalue:  0.1564114251487478E+01


 ***-th eigenvalue:  0.1641578083279204E+01


 ***-th eigenvalue:  0.1643685146797889E+01


 ***-th eigenvalue:  0.1644104307371666E+01
 Done with rirpa frequency point #                    39
 
 ifreq =                    40
 Largest eigenvalues of the Q matrix:


 ***-th eigenvalue:  0.1319921990392193E+01


 ***-th eigenvalue:  0.1338335746472931E+01


 ***-th eigenvalue:  0.1347839448218870E+01


 ***-th eigenvalue:  0.1505521899755907E+01


 ***-th eigenvalue:  0.1517935778033171E+01


 ***-th eigenvalue:  0.1521961093941885E+01


 ***-th eigenvalue:  0.1524356453502659E+01


 ***-th eigenvalue:  0.1604700089994172E+01


 ***-th eigenvalue:  0.1606641313294124E+01


 ***-th eigenvalue:  0.1607045176195434E+01
 Done with rirpa frequency point #                    40
 
 ifreq =                    41
 Largest eigenvalues of the Q matrix:


 ***-th eigenvalue:  0.1288562248495158E+01


 ***-th eigenvalue:  0.1305458656915643E+01


 ***-th eigenvalue:  0.1314366503775874E+01


 ***-th eigenvalue:  0.1468617961091716E+01


 ***-th eigenvalue:  0.1479776510892841E+01


 ***-th eigenvalue:  0.1483486552755324E+01


 ***-th eigenvalue:  0.1485583616746636E+01


 ***-th eigenvalue:  0.1568233575950279E+01


 ***-th eigenvalue:  0.1570047051057815E+01


 ***-th eigenvalue:  0.1570421405191264E+01
 Done with rirpa frequency point #                    41
 
 ifreq =                    42
 Largest eigenvalues of the Q matrix:


 ***-th eigenvalue:  0.1257645713578137E+01


 ***-th eigenvalue:  0.1273143531842921E+01


 ***-th eigenvalue:  0.1281431848773345E+01


 ***-th eigenvalue:  0.1432530399044539E+01


 ***-th eigenvalue:  0.1442464772016806E+01


 ***-th eigenvalue:  0.1445888035151624E+01


 ***-th eigenvalue:  0.1447724293510521E+01


 ***-th eigenvalue:  0.1532167403633069E+01


 ***-th eigenvalue:  0.1533884346996274E+01


 ***-th eigenvalue:  0.1534218625998200E+01
 Done with rirpa frequency point #                    42
 
 ifreq =                    43
 Largest eigenvalues of the Q matrix:


 ***-th eigenvalue:  0.1227151834548299E+01


 ***-th eigenvalue:  0.1241359898228645E+01


 ***-th eigenvalue:  0.1249010118078767E+01


 ***-th eigenvalue:  0.1397209673018314E+01


 ***-th eigenvalue:  0.1405943428461551E+01


 ***-th eigenvalue:  0.1409105202400942E+01


 ***-th eigenvalue:  0.1410714013908720E+01


 ***-th eigenvalue:  0.1496490951729843E+01


 ***-th eigenvalue:  0.1498135327937375E+01


 ***-th eigenvalue:  0.1498422833889989E+01
 Done with rirpa frequency point #                    43
 
 ifreq =                    44
 Largest eigenvalues of the Q matrix:


 ***-th eigenvalue:  0.1197061299904875E+01


 ***-th eigenvalue:  0.1210079703387406E+01


 ***-th eigenvalue:  0.1217077875256443E+01


 ***-th eigenvalue:  0.1362608758301844E+01


 ***-th eigenvalue:  0.1370161790427501E+01


 ***-th eigenvalue:  0.1373083926062606E+01


 ***-th eigenvalue:  0.1374494530337163E+01


 ***-th eigenvalue:  0.1461193908404695E+01


 ***-th eigenvalue:  0.1462782544147779E+01


 ***-th eigenvalue:  0.1463020533296833E+01
 Done with rirpa frequency point #                    44
 
 ifreq =                    45
 Largest eigenvalues of the Q matrix:


 ***-th eigenvalue:  0.1167355971782162E+01


 ***-th eigenvalue:  0.1179277072529213E+01


 ***-th eigenvalue:  0.1185613468667097E+01


 ***-th eigenvalue:  0.1328682512760195E+01


 ***-th eigenvalue:  0.1335075339063779E+01


 ***-th eigenvalue:  0.1337775732999587E+01


 ***-th eigenvalue:  0.1339013155367531E+01


 ***-th eigenvalue:  0.1426266088194940E+01


 ***-th eigenvalue:  0.1427809151474615E+01


 ***-th eigenvalue:  0.1427998932835716E+01
 Done with rirpa frequency point #                    45
 
 ifreq =                    46
 Largest eigenvalues of the Q matrix:


 ***-th eigenvalue:  0.1138018829977994E+01


 ***-th eigenvalue:  0.1148928105881974E+01


 ***-th eigenvalue:  0.1154596905576841E+01


 ***-th eigenvalue:  0.1295386539793734E+01


 ***-th eigenvalue:  0.1300645958142641E+01


 ***-th eigenvalue:  0.1303137402807661E+01


 ***-th eigenvalue:  0.1304222191183770E+01


 ***-th eigenvalue:  0.1391697334855627E+01


 ***-th eigenvalue:  0.1393198862891100E+01


 ***-th eigenvalue:  0.1393346255871322E+01
 Done with rirpa frequency point #                    46
 
 ifreq =                    47
 Largest eigenvalues of the Q matrix:


 ***-th eigenvalue:  0.1109033923323254E+01


 ***-th eigenvalue:  0.1119010708738668E+01


 ***-th eigenvalue:  0.1124009742035852E+01


 ***-th eigenvalue:  0.1262674731190633E+01


 ***-th eigenvalue:  0.1266843361371063E+01


 ***-th eigenvalue:  0.1269130818222743E+01


 ***-th eigenvalue:  0.1270078447039068E+01


 ***-th eigenvalue:  0.1357477519301836E+01


 ***-th eigenvalue:  0.1358935686808246E+01


 ***-th eigenvalue:  0.1359052142329092E+01
 Done with rirpa frequency point #                    47
 
 ifreq =                    48
 Largest eigenvalues of the Q matrix:


 ***-th eigenvalue:  0.1080386326381603E+01


 ***-th eigenvalue:  0.1089504449434249E+01


 ***-th eigenvalue:  0.1093834986933107E+01


 ***-th eigenvalue:  0.1230493043505045E+01


 ***-th eigenvalue:  0.1233649786157569E+01


 ***-th eigenvalue:  0.1235723424842155E+01


 ***-th eigenvalue:  0.1236542838324384E+01


 ***-th eigenvalue:  0.1323596606670516E+01


 ***-th eigenvalue:  0.1325004379721743E+01


 ***-th eigenvalue:  0.1325107243747392E+01
 Done with rirpa frequency point #                    48
 
 ifreq =                    49
 Largest eigenvalues of the Q matrix:


 ***-th eigenvalue:  0.1052062099727705E+01


 ***-th eigenvalue:  0.1060390441572078E+01


 ***-th eigenvalue:  0.1064057019273344E+01


 ***-th eigenvalue:  0.1198762508449495E+01


 ***-th eigenvalue:  0.1201073541373544E+01


 ***-th eigenvalue:  0.1202890696730676E+01


 ***-th eigenvalue:  0.1203580059416653E+01


 ***-th eigenvalue:  0.1290044758063341E+01


 ***-th eigenvalue:  0.1291393316072359E+01


 ***-th eigenvalue:  0.1291500347151780E+01
 Done with rirpa frequency point #                    49
 
 ifreq =                    50
 Largest eigenvalues of the Q matrix:


 ***-th eigenvalue:  0.1024048251916118E+01


 ***-th eigenvalue:  0.1031651247922712E+01


 ***-th eigenvalue:  0.1034661518497818E+01


 ***-th eigenvalue:  0.1167347124897480E+01


 ***-th eigenvalue:  0.1169168906730088E+01


 ***-th eigenvalue:  0.1170627427967945E+01


 ***-th eigenvalue:  0.1171158344247722E+01


 ***-th eigenvalue:  0.1256812440114462E+01


 ***-th eigenvalue:  0.1258095645548262E+01


 ***-th eigenvalue:  0.1258217188383090E+01
 Done with rirpa frequency point #                    50
 
 ifreq =                    51
 Largest eigenvalues of the Q matrix:


 ***-th eigenvalue:  0.9963327005592355E+00


 ***-th eigenvalue:  0.1003270804411390E+01


 ***-th eigenvalue:  0.1005635408843501E+01


 ***-th eigenvalue:  0.1136107623505731E+01


 ***-th eigenvalue:  0.1137923332692957E+01


 ***-th eigenvalue:  0.1139005328748087E+01


 ***-th eigenvalue:  0.1139249877586761E+01


 ***-th eigenvalue:  0.1223890526985011E+01


 ***-th eigenvalue:  0.1225105516229779E+01


 ***-th eigenvalue:  0.1225244195626181E+01
 Done with rirpa frequency point #                    51
 
 ifreq =                    52
 Largest eigenvalues of the Q matrix:


 ***-th eigenvalue:  0.9689042282374407E+00


 ***-th eigenvalue:  0.9752343635350145E+00


 ***-th eigenvalue:  0.9769668209044540E+00


 ***-th eigenvalue:  0.1105090885340704E+01


 ***-th eigenvalue:  0.1106978622210760E+01


 ***-th eigenvalue:  0.1107824036674873E+01


 ***-th eigenvalue:  0.1108268267382649E+01


 ***-th eigenvalue:  0.1191270388486884E+01


 ***-th eigenvalue:  0.1192416191276283E+01


 ***-th eigenvalue:  0.1192570345118992E+01
 Done with rirpa frequency point #                    52
 
 ifreq =                    53
 Largest eigenvalues of the Q matrix:


 ***-th eigenvalue:  0.9417524251588651E+00


 ***-th eigenvalue:  0.9475284569164111E+00


 ***-th eigenvalue:  0.9486450785400282E+00


 ***-th eigenvalue:  0.1074411337889766E+01


 ***-th eigenvalue:  0.1076232303995554E+01


 ***-th eigenvalue:  0.1076865800956965E+01


 ***-th eigenvalue:  0.1078330272868302E+01


 ***-th eigenvalue:  0.1158943963484741E+01


 ***-th eigenvalue:  0.1160020561962301E+01


 ***-th eigenvalue:  0.1160186630053759E+01
 Done with rirpa frequency point #                    53
 
 ifreq =                    54
 Largest eigenvalues of the Q matrix:


 ***-th eigenvalue:  0.9148676017194128E+00


 ***-th eigenvalue:  0.9201408679627741E+00


 ***-th eigenvalue:  0.9206607387539885E+00


 ***-th eigenvalue:  0.1044117140246572E+01


 ***-th eigenvalue:  0.1045843271406216E+01


 ***-th eigenvalue:  0.1046350419582090E+01


 ***-th eigenvalue:  0.1048928309671505E+01


 ***-th eigenvalue:  0.1126903820319137E+01


 ***-th eigenvalue:  0.1127911742367401E+01


 ***-th eigenvalue:  0.1128085458165488E+01
 Done with rirpa frequency point #                    54
 
 ifreq =                    55
 Largest eigenvalues of the Q matrix:


 ***-th eigenvalue:  0.8882406325147172E+00


 ***-th eigenvalue:  0.8930047835148933E+00


 ***-th eigenvalue:  0.8930615586438622E+00


 ***-th eigenvalue:  0.1014217612145629E+01


 ***-th eigenvalue:  0.1015852849124582E+01


 ***-th eigenvalue:  0.1016260441548482E+01


 ***-th eigenvalue:  0.1019956091559580E+01


 ***-th eigenvalue:  0.1095143206871365E+01


 ***-th eigenvalue:  0.1096083370226872E+01


 ***-th eigenvalue:  0.1096260353002840E+01
 Done with rirpa frequency point #                    55
 
 ifreq =                    56
 Largest eigenvalues of the Q matrix:


 ***-th eigenvalue:  0.8618626350298630E+00


 ***-th eigenvalue:  0.8656729528470275E+00


 ***-th eigenvalue:  0.8662786665057070E+00


 ***-th eigenvalue:  0.9847088016294112E+00


 ***-th eigenvalue:  0.9862611922455331E+00


 ***-th eigenvalue:  0.9865800470044412E+00


 ***-th eigenvalue:  0.9913671863268143E+00


 ***-th eigenvalue:  0.1063656092902048E+01


 ***-th eigenvalue:  0.1064529748297562E+01


 ***-th eigenvalue:  0.1064705823609525E+01
 Done with rirpa frequency point #                    56
 
 ifreq =                    57
 Largest eigenvalues of the Q matrix:


 ***-th eigenvalue:  0.8357242101016336E+00


 ***-th eigenvalue:  0.8386589251734649E+00


 ***-th eigenvalue:  0.8397861534150148E+00


 ***-th eigenvalue:  0.9555825908988529E+00


 ***-th eigenvalue:  0.9570598662885257E+00


 ***-th eigenvalue:  0.9572952828318635E+00


 ***-th eigenvalue:  0.9631325509926352E+00


 ***-th eigenvalue:  0.1032437206944567E+01


 ***-th eigenvalue:  0.1033245917100847E+01


 ***-th eigenvalue:  0.1033417310789984E+01
 Done with rirpa frequency point #                    57
 
 ifreq =                    58
 Largest eigenvalues of the Q matrix:


 ***-th eigenvalue:  0.8098133690938556E+00


 ***-th eigenvalue:  0.8119634162984208E+00


 ***-th eigenvalue:  0.8135769313165440E+00


 ***-th eigenvalue:  0.9268298233685197E+00


 ***-th eigenvalue:  0.9282387890710195E+00


 ***-th eigenvalue:  0.9283939179191076E+00


 ***-th eigenvalue:  0.9352301096853819E+00


 ***-th eigenvalue:  0.1001482069579080E+01


 ***-th eigenvalue:  0.1002227697834438E+01


 ***-th eigenvalue:  0.1002391170265591E+01
 Done with rirpa frequency point #                    58
 
 ifreq =                    59
 Largest eigenvalues of the Q matrix:


 ***-th eigenvalue:  0.7841090340838079E+00


 ***-th eigenvalue:  0.7855973876358928E+00


 ***-th eigenvalue:  0.7876464138408525E+00


 ***-th eigenvalue:  0.8984414618544407E+00


 ***-th eigenvalue:  0.8997879979600651E+00


 ***-th eigenvalue:  0.8998653145099189E+00


 ***-th eigenvalue:  0.9076414966213553E+00


 ***-th eigenvalue:  0.9707870244715169E+00


 ***-th eigenvalue:  0.9714717209366748E+00


 ***-th eigenvalue:  0.9716246763792105E+00
 Done with rirpa frequency point #                    59
 
 ifreq =                    60
 Largest eigenvalues of the Q matrix:


 ***-th eigenvalue:  0.7586858257550215E+00


 ***-th eigenvalue:  0.7596024216330077E+00


 ***-th eigenvalue:  0.7619923019986261E+00


 ***-th eigenvalue:  0.8704090393435460E+00


 ***-th eigenvalue:  0.8716949325428114E+00


 ***-th eigenvalue:  0.8717035246326099E+00


 ***-th eigenvalue:  0.8803507964392585E+00


 ***-th eigenvalue:  0.9403492681868337E+00


 ***-th eigenvalue:  0.9409754462576885E+00


 ***-th eigenvalue:  0.9411160394938858E+00
 Done with rirpa frequency point #                    60
 
 ifreq =                    61
 Largest eigenvalues of the Q matrix:


 ***-th eigenvalue:  0.7338581903567283E+00


 ***-th eigenvalue:  0.7340590209690636E+00


 ***-th eigenvalue:  0.7366148594734319E+00


 ***-th eigenvalue:  0.8427248275950883E+00


 ***-th eigenvalue:  0.8438894177292289E+00


 ***-th eigenvalue:  0.8439623061416985E+00


 ***-th eigenvalue:  0.8533439702304555E+00


 ***-th eigenvalue:  0.9101668795113758E+00


 ***-th eigenvalue:  0.9107371771864539E+00


 ***-th eigenvalue:  0.9108644336594269E+00
 Done with rirpa frequency point #                    61
 
 ifreq =                    62
 Largest eigenvalues of the Q matrix:


 ***-th eigenvalue:  0.7089413098110129E+00


 ***-th eigenvalue:  0.7091801690374402E+00


 ***-th eigenvalue:  0.7115165317206789E+00


 ***-th eigenvalue:  0.8153818818519332E+00


 ***-th eigenvalue:  0.8164277802545838E+00


 ***-th eigenvalue:  0.8165708716707927E+00


 ***-th eigenvalue:  0.8266085561217922E+00


 ***-th eigenvalue:  0.8802388488980408E+00


 ***-th eigenvalue:  0.8807560717107472E+00


 ***-th eigenvalue:  0.8808700301047603E+00
 Done with rirpa frequency point #                    62
 
 ifreq =                    63
 Largest eigenvalues of the Q matrix:


 ***-th eigenvalue:  0.6841406071617462E+00


 ***-th eigenvalue:  0.6846414215473293E+00


 ***-th eigenvalue:  0.6866997070804435E+00


 ***-th eigenvalue:  0.7883740259609677E+00


 ***-th eigenvalue:  0.7893083103830341E+00


 ***-th eigenvalue:  0.7895182391280258E+00


 ***-th eigenvalue:  0.8001334932405855E+00


 ***-th eigenvalue:  0.8505651087845667E+00


 ***-th eigenvalue:  0.8510321610959806E+00


 ***-th eigenvalue:  0.8511340236739635E+00
 Done with rirpa frequency point #                    63
 
 ifreq =                    64
 Largest eigenvalues of the Q matrix:


 ***-th eigenvalue:  0.6595967050026432E+00


 ***-th eigenvalue:  0.6602464951521507E+00


 ***-th eigenvalue:  0.6621620841216105E+00


 ***-th eigenvalue:  0.7616958057681493E+00


 ***-th eigenvalue:  0.7625258301154021E+00


 ***-th eigenvalue:  0.7627984511117667E+00


 ***-th eigenvalue:  0.7739090061468066E+00


 ***-th eigenvalue:  0.8211465661170649E+00


 ***-th eigenvalue:  0.8215664066083830E+00


 ***-th eigenvalue:  0.8216586182880385E+00
 Done with rirpa frequency point #                    64
 
 ifreq =                    65
 Largest eigenvalues of the Q matrix:


 ***-th eigenvalue:  0.6352911574134239E+00


 ***-th eigenvalue:  0.6360069413961711E+00


 ***-th eigenvalue:  0.6378929842849781E+00


 ***-th eigenvalue:  0.7353424231833896E+00


 ***-th eigenvalue:  0.7360757829636100E+00


 ***-th eigenvalue:  0.7364062584741291E+00


 ***-th eigenvalue:  0.7479265206730537E+00


 ***-th eigenvalue:  0.7919851396783886E+00


 ***-th eigenvalue:  0.7923608439022221E+00


 ***-th eigenvalue:  0.7924469161722416E+00
 Done with rirpa frequency point #                    65
 
 ifreq =                    66
 Largest eigenvalues of the Q matrix:


 ***-th eigenvalue:  0.6112180810968264E+00


 ***-th eigenvalue:  0.6119423488873834E+00


 ***-th eigenvalue:  0.6138758112937230E+00


 ***-th eigenvalue:  0.7093096560463976E+00


 ***-th eigenvalue:  0.7099541379605852E+00


 ***-th eigenvalue:  0.7103369786042586E+00


 ***-th eigenvalue:  0.7221785963641429E+00


 ***-th eigenvalue:  0.7630838067964809E+00


 ***-th eigenvalue:  0.7634188117109832E+00


 ***-th eigenvalue:  0.7635027054888197E+00
 Done with rirpa frequency point #                    66
 
 ifreq =                    67
 Largest eigenvalues of the Q matrix:


 ***-th eigenvalue:  0.5873764357688998E+00


 ***-th eigenvalue:  0.5880733799485343E+00


 ***-th eigenvalue:  0.5900947683969959E+00


 ***-th eigenvalue:  0.6835937649768027E+00


 ***-th eigenvalue:  0.6841572562264020E+00


 ***-th eigenvalue:  0.6845863807802310E+00


 ***-th eigenvalue:  0.6966588671320142E+00


 ***-th eigenvalue:  0.7344466655797524E+00


 ***-th eigenvalue:  0.7347450912766027E+00


 ***-th eigenvalue:  0.7348303082467742E+00
 Done with rirpa frequency point #                    67
 
 ifreq =                    68
 Largest eigenvalues of the Q matrix:


 ***-th eigenvalue:  0.5637676103333136E+00


 ***-th eigenvalue:  0.5644172925196145E+00


 ***-th eigenvalue:  0.5665393085332764E+00


 ***-th eigenvalue:  0.6581913857168655E+00


 ***-th eigenvalue:  0.6586817512550693E+00


 ***-th eigenvalue:  0.6591505676503784E+00


 ***-th eigenvalue:  0.6713619847657166E+00


 ***-th eigenvalue:  0.7060790160111141E+00


 ***-th eigenvalue:  0.7063457512396765E+00


 ***-th eigenvalue:  0.7064346830936858E+00
 Done with rirpa frequency point #                    68
 
 ifreq =                    69
 Largest eigenvalues of the Q matrix:


 ***-th eigenvalue:  0.5403945619570214E+00


 ***-th eigenvalue:  0.5409873664395268E+00


 ***-th eigenvalue:  0.5432046922322711E+00


 ***-th eigenvalue:  0.6330994032127275E+00


 ***-th eigenvalue:  0.6335243479047348E+00


 ***-th eigenvalue:  0.6340258488598676E+00


 ***-th eigenvalue:  0.6462835613745046E+00


 ***-th eigenvalue:  0.6779874488334365E+00


 ***-th eigenvalue:  0.6782277921301583E+00


 ***-th eigenvalue:  0.6783216902776599E+00
 Done with rirpa frequency point #                    69
 
 ifreq =                    70
 Largest eigenvalues of the Q matrix:


 ***-th eigenvalue:  0.5172614594553255E+00


 ***-th eigenvalue:  0.5177940696545911E+00


 ***-th eigenvalue:  0.5200908008321656E+00


 ***-th eigenvalue:  0.6083148016415210E+00


 ***-th eigenvalue:  0.6086817440904699E+00


 ***-th eigenvalue:  0.6092086052647778E+00


 ***-th eigenvalue:  0.6214201074967791E+00


 ***-th eigenvalue:  0.6501799029042459E+00


 ***-th eigenvalue:  0.6503988616209349E+00


 ***-th eigenvalue:  0.6504982743580985E+00
 Done with rirpa frequency point #                    70
 
 ifreq =                    71
 Largest eigenvalues of the Q matrix:


 ***-th eigenvalue:  0.4943735111152894E+00


 ***-th eigenvalue:  0.4948463285108162E+00


 ***-th eigenvalue:  0.4972008356471787E+00


 ***-th eigenvalue:  0.5838344831578606E+00


 ***-th eigenvalue:  0.5841504802017081E+00


 ***-th eigenvalue:  0.5846951425943110E+00


 ***-th eigenvalue:  0.5967689628610733E+00


 ***-th eigenvalue:  0.6226656298207038E+00


 ***-th eigenvalue:  0.6228671628412270E+00


 ***-th eigenvalue:  0.6229724872521822E+00
 Done with rirpa frequency point #                    71
 
 ifreq =                    72
 Largest eigenvalues of the Q matrix:


 ***-th eigenvalue:  0.4717368647684175E+00


 ***-th eigenvalue:  0.4721524313576158E+00


 ***-th eigenvalue:  0.4745403700479045E+00


 ***-th eigenvalue:  0.5596550483051117E+00


 ***-th eigenvalue:  0.5599268213923132E+00


 ***-th eigenvalue:  0.5604815336672624E+00


 ***-th eigenvalue:  0.5723282168408683E+00


 ***-th eigenvalue:  0.5954550261685163E+00


 ***-th eigenvalue:  0.5956415222565643E+00


 ***-th eigenvalue:  0.5957534037697665E+00
 Done with rirpa frequency point #                    72
 
 ifreq =                    73
 Largest eigenvalues of the Q matrix:


 ***-th eigenvalue:  0.4493585351383793E+00


 ***-th eigenvalue:  0.4497205823591310E+00


 ***-th eigenvalue:  0.4521167337195091E+00


 ***-th eigenvalue:  0.5357725348982429E+00


 ***-th eigenvalue:  0.5360066548076563E+00


 ***-th eigenvalue:  0.5365634486390793E+00


 ***-th eigenvalue:  0.5480966156298277E+00


 ***-th eigenvalue:  0.5685593552217887E+00


 ***-th eigenvalue:  0.5687315207589898E+00


 ***-th eigenvalue:  0.5688509774750476E+00
 Done with rirpa frequency point #                    73
 
 ifreq =                    74
 Largest eigenvalues of the Q matrix:


 ***-th eigenvalue:  0.4272463379040470E+00


 ***-th eigenvalue:  0.4275592128789107E+00


 ***-th eigenvalue:  0.4299386176313007E+00


 ***-th eigenvalue:  0.5121821251418324E+00


 ***-th eigenvalue:  0.5123853921849393E+00


 ***-th eigenvalue:  0.5129359733630232E+00


 ***-th eigenvalue:  0.5240734531836444E+00


 ***-th eigenvalue:  0.5419904147051475E+00


 ***-th eigenvalue:  0.5421475818997039E+00


 ***-th eigenvalue:  0.5422758529467540E+00
 Done with rirpa frequency point #                    74
 
 ifreq =                    75
 Largest eigenvalues of the Q matrix:


 ***-th eigenvalue:  0.4054088197529342E+00


 ***-th eigenvalue:  0.4056771372301271E+00


 ***-th eigenvalue:  0.4080158086693990E+00


 ***-th eigenvalue:  0.4888778660792203E+00


 ***-th eigenvalue:  0.4890578350066079E+00


 ***-th eigenvalue:  0.4895934169015195E+00


 ***-th eigenvalue:  0.5002584431418127E+00


 ***-th eigenvalue:  0.5157601729198971E+00


 ***-th eigenvalue:  0.5159009564405570E+00


 ***-th eigenvalue:  0.5160391322274773E+00
 Done with rirpa frequency point #                    75
 
 ifreq =                    76
 Largest eigenvalues of the Q matrix:


 ***-th eigenvalue:  0.3838551781914628E+00


 ***-th eigenvalue:  0.3840836077734322E+00


 ***-th eigenvalue:  0.3863589949089770E+00


 ***-th eigenvalue:  0.4658525170049919E+00


 ***-th eigenvalue:  0.4660178939872675E+00


 ***-th eigenvalue:  0.4665291106703524E+00


 ***-th eigenvalue:  0.4766515694046249E+00


 ***-th eigenvalue:  0.4898803256882749E+00


 ***-th eigenvalue:  0.4900036165107291E+00


 ***-th eigenvalue:  0.4901520818875713E+00
 Done with rirpa frequency point #                    76
 
 ifreq =                    77
 Largest eigenvalues of the Q matrix:


 ***-th eigenvalue:  0.3625951674767904E+00


 ***-th eigenvalue:  0.3627883019593121E+00


 ***-th eigenvalue:  0.3649796058267516E+00


 ***-th eigenvalue:  0.4430976627749996E+00


 ***-th eigenvalue:  0.4432580340264498E+00


 ***-th eigenvalue:  0.4437352038526279E+00


 ***-th eigenvalue:  0.4532529140034649E+00


 ***-th eigenvalue:  0.4643616714486201E+00


 ***-th eigenvalue:  0.4644681306848841E+00


 ***-th eigenvalue:  0.4646257592186214E+00
 Done with rirpa frequency point #                    77
 
 ifreq =                    78
 Largest eigenvalues of the Q matrix:


 ***-th eigenvalue:  0.3416389892884595E+00


 ***-th eigenvalue:  0.3418012611555836E+00


 ***-th eigenvalue:  0.3438896667026206E+00


 ***-th eigenvalue:  0.4206039878113059E+00


 ***-th eigenvalue:  0.4207685667146279E+00


 ***-th eigenvalue:  0.4212024628875020E+00


 ***-th eigenvalue:  0.4300624626638421E+00


 ***-th eigenvalue:  0.4392132752860922E+00


 ***-th eigenvalue:  0.4393075194139242E+00


 ***-th eigenvalue:  0.4394705349883543E+00
 Done with rirpa frequency point #                    78
 
 ifreq =                    79
 Largest eigenvalues of the Q matrix:


 ***-th eigenvalue:  0.3209971695902409E+00


 ***-th eigenvalue:  0.3211327952752332E+00


 ***-th eigenvalue:  0.3231016565090001E+00


 ***-th eigenvalue:  0.3983612429225094E+00


 ***-th eigenvalue:  0.3985372850360165E+00


 ***-th eigenvalue:  0.3989200874518684E+00


 ***-th eigenvalue:  0.4070798914507712E+00


 ***-th eigenvalue:  0.4144420806602533E+00


 ***-th eigenvalue:  0.4145344068107706E+00


 ***-th eigenvalue:  0.4146954971730810E+00
 Done with rirpa frequency point #                    79
 
 ifreq =                    80
 Largest eigenvalues of the Q matrix:


 ***-th eigenvalue:  0.3006804273061046E+00


 ***-th eigenvalue:  0.3007933664291975E+00


 ***-th eigenvalue:  0.3026283667347693E+00


 ***-th eigenvalue:  0.3763577412745125E+00


 ***-th eigenvalue:  0.3765496448492749E+00


 ***-th eigenvalue:  0.3768755620037698E+00


 ***-th eigenvalue:  0.3843043427206625E+00


 ***-th eigenvalue:  0.3900543368938099E+00


 ***-th eigenvalue:  0.3901580923326862E+00


 ***-th eigenvalue:  0.3903077340881795E+00
 Done with rirpa frequency point #                    80
 
 ifreq =                    81
 Largest eigenvalues of the Q matrix:


 ***-th eigenvalue:  0.2806995467190396E+00


 ***-th eigenvalue:  0.2807934682825439E+00


 ***-th eigenvalue:  0.2824827671031149E+00


 ***-th eigenvalue:  0.3545798381804708E+00


 ***-th eigenvalue:  0.3547890994013576E+00


 ***-th eigenvalue:  0.3550545714336006E+00


 ***-th eigenvalue:  0.3617342061485795E+00


 ***-th eigenvalue:  0.3660564716248151E+00


 ***-th eigenvalue:  0.3661819437772542E+00


 ***-th eigenvalue:  0.3663115173283249E+00
 Done with rirpa frequency point #                    81
 
 ifreq =                    82
 Largest eigenvalues of the Q matrix:


 ***-th eigenvalue:  0.2610652747004913E+00


 ***-th eigenvalue:  0.2611435255113044E+00


 ***-th eigenvalue:  0.2626778948212092E+00


 ***-th eigenvalue:  0.3330117514040423E+00


 ***-th eigenvalue:  0.3332373189330269E+00


 ***-th eigenvalue:  0.3334410226813220E+00


 ***-th eigenvalue:  0.3393669320268249E+00


 ***-th eigenvalue:  0.3424523672836408E+00


 ***-th eigenvalue:  0.3426042526136206E+00


 ***-th eigenvalue:  0.3427074384473960E+00
 Done with rirpa frequency point #                    82
 
 ifreq =                    83
 Largest eigenvalues of the Q matrix:


 ***-th eigenvalue:  0.2417882767676500E+00


 ***-th eigenvalue:  0.2418538502151786E+00


 ***-th eigenvalue:  0.2432267983317091E+00


 ***-th eigenvalue:  0.3116357297333476E+00


 ***-th eigenvalue:  0.3118744142573833E+00


 ***-th eigenvalue:  0.3120172325503872E+00


 ***-th eigenvalue:  0.3171989207826795E+00


 ***-th eigenvalue:  0.3192408051144924E+00


 ***-th eigenvalue:  0.3194189932061038E+00


 ***-th eigenvalue:  0.3194916020693195E+00
 Done with rirpa frequency point #                    83
 
 ifreq =                    84
 Largest eigenvalues of the Q matrix:


 ***-th eigenvalue:  0.2228792032075311E+00


 ***-th eigenvalue:  0.2229347097925256E+00


 ***-th eigenvalue:  0.2241425855859123E+00


 ***-th eigenvalue:  0.2904325331644984E+00


 ***-th eigenvalue:  0.2906793775648273E+00


 ***-th eigenvalue:  0.2907643669168496E+00


 ***-th eigenvalue:  0.2952255556839414E+00


 ***-th eigenvalue:  0.2964146339282896E+00


 ***-th eigenvalue:  0.2966152690215484E+00


 ***-th eigenvalue:  0.2966550470735030E+00
 Done with rirpa frequency point #                    84
 
 ifreq =                    85
 Largest eigenvalues of the Q matrix:


 ***-th eigenvalue:  0.2043489385582136E+00


 ***-th eigenvalue:  0.2043965833314254E+00


 ***-th eigenvalue:  0.2054386508700556E+00


 ***-th eigenvalue:  0.2693822887176023E+00


 ***-th eigenvalue:  0.2696309120019436E+00


 ***-th eigenvalue:  0.2696632538040729E+00


 ***-th eigenvalue:  0.2734414656383790E+00


 ***-th eigenvalue:  0.2739607287442272E+00


 ***-th eigenvalue:  0.2741766329936688E+00


 ***-th eigenvalue:  0.2741839019514574E+00
 Done with rirpa frequency point #                    85
 
 ifreq =                    86
 Largest eigenvalues of the Q matrix:


 ***-th eigenvalue:  0.1862091344701846E+00


 ***-th eigenvalue:  0.1862507091691898E+00


 ***-th eigenvalue:  0.1871291819404668E+00


 ***-th eigenvalue:  0.2484658715628698E+00


 ***-th eigenvalue:  0.2486955814121663E+00


 ***-th eigenvalue:  0.2487089647851009E+00


 ***-th eigenvalue:  0.2518392291688971E+00


 ***-th eigenvalue:  0.2518624987705604E+00


 ***-th eigenvalue:  0.2520581720774400E+00


 ***-th eigenvalue:  0.2520835242784576E+00
 Done with rirpa frequency point #                    86
 
 ifreq =                    87
 Largest eigenvalues of the Q matrix:


 ***-th eigenvalue:  0.1684731552618071E+00


 ***-th eigenvalue:  0.1685100513896776E+00


 ***-th eigenvalue:  0.1692300770738935E+00


 ***-th eigenvalue:  0.2276670199316353E+00


 ***-th eigenvalue:  0.2278464219916718E+00


 ***-th eigenvalue:  0.2278964225489459E+00


 ***-th eigenvalue:  0.2300915114737179E+00


 ***-th eigenvalue:  0.2302572547741062E+00


 ***-th eigenvalue:  0.2303099747562682E+00


 ***-th eigenvalue:  0.2304220185381882E+00
 Done with rirpa frequency point #                    87
 
 ifreq =                    88
 Largest eigenvalues of the Q matrix:


 ***-th eigenvalue:  0.1511575910789766E+00


 ***-th eigenvalue:  0.1511908330294887E+00


 ***-th eigenvalue:  0.1517604229173550E+00


 ***-th eigenvalue:  0.2069754371108132E+00


 ***-th eigenvalue:  0.2071065074376373E+00


 ***-th eigenvalue:  0.2071830277264477E+00


 ***-th eigenvalue:  0.2086315623374868E+00


 ***-th eigenvalue:  0.2087600470828948E+00


 ***-th eigenvalue:  0.2088342092322397E+00


 ***-th eigenvalue:  0.2091807620810719E+00
 Done with rirpa frequency point #                    88
 
 ifreq =                    89
 Largest eigenvalues of the Q matrix:


 ***-th eigenvalue:  0.1345423699696762E+00


 ***-th eigenvalue:  0.1346062602516076E+00


 ***-th eigenvalue:  0.1347446885460371E+00


 ***-th eigenvalue:  0.1863911611884881E+00


 ***-th eigenvalue:  0.1864771159460963E+00


 ***-th eigenvalue:  0.1865692039138245E+00


 ***-th eigenvalue:  0.1874620718868527E+00


 ***-th eigenvalue:  0.1875500001144697E+00


 ***-th eigenvalue:  0.1876376261215102E+00


 ***-th eigenvalue:  0.1881254127729171E+00
 Done with rirpa frequency point #                    89
 
 ifreq =                    90
 Largest eigenvalues of the Q matrix:


 ***-th eigenvalue:  0.1182981253993087E+00


 ***-th eigenvalue:  0.1184493593947791E+00


 ***-th eigenvalue:  0.1185201925451997E+00


 ***-th eigenvalue:  0.1659304710242633E+00


 ***-th eigenvalue:  0.1659756447201666E+00


 ***-th eigenvalue:  0.1660722561543604E+00


 ***-th eigenvalue:  0.1665763886115790E+00


 ***-th eigenvalue:  0.1666234342184771E+00


 ***-th eigenvalue:  0.1667153714643206E+00


 ***-th eigenvalue:  0.1672742507688003E+00
 Done with rirpa frequency point #                    90
 
 ifreq =                    91
 Largest eigenvalues of the Q matrix:


 ***-th eigenvalue:  0.1027072654756207E+00


 ***-th eigenvalue:  0.1028123344575300E+00


 ***-th eigenvalue:  0.1028834839144246E+00


 ***-th eigenvalue:  0.1456334944559616E+00


 ***-th eigenvalue:  0.1456431966164777E+00


 ***-th eigenvalue:  0.1457340127804396E+00


 ***-th eigenvalue:  0.1459886018743206E+00


 ***-th eigenvalue:  0.1459978760658747E+00


 ***-th eigenvalue:  0.1460846075011308E+00


 ***-th eigenvalue:  0.1466653019192592E+00
 Done with rirpa frequency point #                    91
 
 ifreq =                    92
 Largest eigenvalues of the Q matrix:


 ***-th eigenvalue:  0.8780328974129104E-01


 ***-th eigenvalue:  0.8784887916638051E-01


 ***-th eigenvalue:  0.8790547573397300E-01


 ***-th eigenvalue:  0.1255538925526425E+00


 ***-th eigenvalue:  0.1255733364400020E+00


 ***-th eigenvalue:  0.1256301948149288E+00


 ***-th eigenvalue:  0.1257230070063504E+00


 ***-th eigenvalue:  0.1257448996224759E+00


 ***-th eigenvalue:  0.1257956623413066E+00


 ***-th eigenvalue:  0.1263659476590013E+00
 Done with rirpa frequency point #                    92
 
 ifreq =                    93
 Largest eigenvalues of the Q matrix:


 ***-th eigenvalue:  0.7395427139622046E-01


 ***-th eigenvalue:  0.7396680054624172E-01


 ***-th eigenvalue:  0.7396767581357677E-01


 ***-th eigenvalue:  0.1058255751382600E+00


 ***-th eigenvalue:  0.1058650120884612E+00


 ***-th eigenvalue:  0.1058810675338080E+00


 ***-th eigenvalue:  0.1058931461410380E+00


 ***-th eigenvalue:  0.1059376699913954E+00


 ***-th eigenvalue:  0.1059443905326185E+00


 ***-th eigenvalue:  0.1064850929647330E+00
 Done with rirpa frequency point #                    93
 
 ifreq =                    94
 Largest eigenvalues of the Q matrix:


 ***-th eigenvalue:  0.6112377871871888E-01


 ***-th eigenvalue:  0.6114713831794871E-01


 ***-th eigenvalue:  0.6116982674431837E-01


 ***-th eigenvalue:  0.8663167651289960E-01


 ***-th eigenvalue:  0.8665937653231515E-01


 ***-th eigenvalue:  0.8666228929733411E-01


 ***-th eigenvalue:  0.8667174691919777E-01


 ***-th eigenvalue:  0.8668497298130595E-01


 ***-th eigenvalue:  0.8672377034003698E-01


 ***-th eigenvalue:  0.8718680441755233E-01
 Done with rirpa frequency point #                    94
 
 ifreq =                    95
 Largest eigenvalues of the Q matrix:


 ***-th eigenvalue:  0.4885187343268216E-01


 ***-th eigenvalue:  0.4886767907808909E-01


 ***-th eigenvalue:  0.4910827322050504E-01


 ***-th eigenvalue:  0.6821656139129462E-01


 ***-th eigenvalue:  0.6821906772234754E-01


 ***-th eigenvalue:  0.6823688780466308E-01


 ***-th eigenvalue:  0.6823834241407134E-01


 ***-th eigenvalue:  0.6824057029908048E-01


 ***-th eigenvalue:  0.6831171814577153E-01


 ***-th eigenvalue:  0.6870322340801627E-01
 Done with rirpa frequency point #                    95
 
 ifreq =                    96
 Largest eigenvalues of the Q matrix:


 ***-th eigenvalue:  0.3693320907621156E-01


 ***-th eigenvalue:  0.3694377141348260E-01


 ***-th eigenvalue:  0.3730581056288229E-01


 ***-th eigenvalue:  0.5087361866505113E-01


 ***-th eigenvalue:  0.5089524052847261E-01


 ***-th eigenvalue:  0.5089817607709679E-01


 ***-th eigenvalue:  0.5090351215428313E-01


 ***-th eigenvalue:  0.5092447853684012E-01


 ***-th eigenvalue:  0.5098762694624481E-01


 ***-th eigenvalue:  0.5134339364105589E-01
 Done with rirpa frequency point #                    96
 
 ifreq =                    97
 Largest eigenvalues of the Q matrix:


 ***-th eigenvalue:  0.2564756619209141E-01


 ***-th eigenvalue:  0.2565566883398152E-01


 ***-th eigenvalue:  0.2601352753743669E-01


 ***-th eigenvalue:  0.3503011080470775E-01


 ***-th eigenvalue:  0.3504754515270614E-01


 ***-th eigenvalue:  0.3506704465955024E-01


 ***-th eigenvalue:  0.3507402565917572E-01


 ***-th eigenvalue:  0.3511167401362769E-01


 ***-th eigenvalue:  0.3514418459005464E-01


 ***-th eigenvalue:  0.3549637767932712E-01
 Done with rirpa frequency point #                    97
 
 ifreq =                    98
 Largest eigenvalues of the Q matrix:


 ***-th eigenvalue:  0.1552417648707904E-01


 ***-th eigenvalue:  0.1553037474079866E-01


 ***-th eigenvalue:  0.1580091182095988E-01


 ***-th eigenvalue:  0.2120659768643596E-01


 ***-th eigenvalue:  0.2120946244430111E-01


 ***-th eigenvalue:  0.2124655383338947E-01


 ***-th eigenvalue:  0.2125456632880396E-01


 ***-th eigenvalue:  0.2129497523606205E-01


 ***-th eigenvalue:  0.2129672328503029E-01


 ***-th eigenvalue:  0.2164080899256371E-01
 Done with rirpa frequency point #                    98
 
 ifreq =                    99
 Largest eigenvalues of the Q matrix:


 ***-th eigenvalue:  0.7321271506921301E-02


 ***-th eigenvalue:  0.7324437700466202E-02


 ***-th eigenvalue:  0.7470333649735705E-02


 ***-th eigenvalue:  0.1008858060430873E-01


 ***-th eigenvalue:  0.1009630992058463E-01


 ***-th eigenvalue:  0.1012495373523015E-01


 ***-th eigenvalue:  0.1013146131373421E-01


 ***-th eigenvalue:  0.1014339946620635E-01


 ***-th eigenvalue:  0.1016261976688204E-01


 ***-th eigenvalue:  0.1041186824114604E-01
 Done with rirpa frequency point #                    99
 
 ifreq =                   100
 Largest eigenvalues of the Q matrix:


 ***-th eigenvalue:  0.1903610861520910E-02


 ***-th eigenvalue:  0.1904394466657022E-02


 ***-th eigenvalue:  0.1944714801946468E-02


 ***-th eigenvalue:  0.2655490729728038E-02


 ***-th eigenvalue:  0.2660648176292746E-02


 ***-th eigenvalue:  0.2670373188701447E-02


 ***-th eigenvalue:  0.2672844573651689E-02


 ***-th eigenvalue:  0.2673064552110693E-02


 ***-th eigenvalue:  0.2683717659130114E-02


 ***-th eigenvalue:  0.2774960068644194E-02
 Done with rirpa frequency point #                   100
 


   2-th order dMPn correlation energy: -0.2805290165621183E+02


   3-th order dMPn correlation energy:  0.2373585287693413E+02


   4-th order dMPn correlation energy: -0.4046813731019098E+02


   5-th order dMPn correlation energy:  0.9628215370448706E+02


   6-th order dMPn correlation energy: -0.2816547093069165E+03


   7-th order dMPn correlation energy:  0.9503421774584639E+03


   8-th order dMPn correlation energy: -0.3545249143915614E+04


   9-th order dMPn correlation energy:  0.1419271817475890E+05


  10-th order dMPn correlation energy: -0.5972917851206810E+05
 
 sum  -48361.5250454583     
 


 RI-RPA correlation energy: -0.1781848537275872E+02
 
 HXX Energy calculation skipped due to nohxx option
 

                  --------------------------------------------------- 
                 |  HXX+RIRPA total energy     =    -17.81848537276  |
                  ---------------------------------------------------- 
                 :  RIRPA correlation energy   =    -17.81848537276  :
                 :  HXX total energy           =      0.00000000000  :
                 :  Hartree energy             =      0.00000000000  :
                 :  Exact Exchange energy      =      0.00000000000  :
                  .................................................... 


    ------------------------------------------------------------------------
    Rirpa profiling                cpu                    wall         ratio
    ------------------------------------------------------------------------
    module                         sec     %               sec     %
    ------------------------------------------------------------------------
    RIRPA                    146334.1  100.00        44963.7  100.00   3.3
    ccmkbaoi                  39303.0   26.86         2789.8    6.20  14.1
    cc3idxnrm                  1884.6    1.29          404.2    0.90   4.7
    ecrpa                    105010.9   71.76        41691.8   92.72   2.5
    rpa3idxget                   30.1    0.02          370.0    0.82   0.1
    qbuild                    88425.3   60.43        40445.9   89.95   2.2
    rparenrm                  16406.7   11.21          822.2    1.83  20.0
    ------------------------------------------------------------------------
    sum                      397529.4  271.66       131565.4  292.60   3.0
    ------------------------------------------------------------------------


    ------------------------------------------------------------------------
         total  cpu-time :   1 days 16 hours 39 minutes and  0 seconds
         total wall-time : 12 hours 29 minutes and 24 seconds
    ------------------------------------------------------------------------

   ****  rirpa : all done  ****


    2019-02-07 09:28:50.735 

