 hostname is c-18-363.gp.local

 rirpa (c-18-363.gp.local) : TURBOMOLE rev. 20309 compiled 9 May 2016 at 12:17:07
 Copyright (C) 2016 TURBOMOLE GmbH, Karlsruhe


    2018-04-29 10:20:11.147 

 
 
    *************************************************************************
    *************************** PROGRAM RIRPA *******************************
    ******                                                             ******
    ******              H. Eshuis, J. E. Bates and F. Furche           ******
    ******                                                             ******
    ****** Nov 2011                                                    ******
    ****** Copyright TURBOMOLE GmbH                                    ******
    *************************************************************************
    
    
                                References:                                  
    
                   RIRPA:                                                    
                     H. Eshuis, J. Yarkony and F. Furche                     
                     Fast computation of molecular random phase              
                     approximation correlation energies using resolution     
                     of the identity imaginary frequency integration         
                     J. Chem. Phys. 132: 234114 (2010)                       
    
                     H. Eshuis, J. E. Bates and F. Furche                    
                     Electron correlation methods based on                   
                     the random phase approximation                          
                     Theor. Chem. Acc.  131: 1084 (2012)                     
    
                   TWO-COMPONENT RIRPA:                                      
                     M. Kuehn                                                
                     Correlation energies from the                           
                     two-component random-phase approximation                
                     J. Chem. Theory Comput. 10: 623 (2014)                  
    
                   RIRPA GRADIENTS:                                          
                     Asbjoern M. Burow, Jefferson E. Bates, Filipp Furche*,  
                     and Henk Eshuis                                         
                     Analytical First-Order Molecular Properties and Forces  
                     within the Adiabatic Connection Random Phase            
                     Approximation                                           
                     J. Chem. Theory Comput. 10: 180 (2014)                  
    
    
    
 number of mkl threads =                     1
 
                FOUND RI-J FLAG
 
  HF exact exchange energy will be computed using RI-J.
 
  The HXX energy will NOT be computed due to nohxx option. 
 


              +--------------------------------------------------+
              | Atomic coordinate, charge and isotop information |
              +--------------------------------------------------+

                    atomic coordinates            atom    charge  isotop
          1.58096746    2.10677253    0.43654166    c      6.000     0
          2.80709840    3.74105396    0.40573347    h      1.000     0
          2.61573587   -0.31551874    0.49143629    c      6.000     0
          4.64435004   -0.55990229    0.50278010    h      1.000     0
          1.03458602   -2.42233886    0.54222008    c      6.000     0
          1.83665854   -4.30097733    0.59314100    h      1.000     0
         -1.58107167   -2.10705154    0.53774575    c      6.000     0
         -2.80728932   -3.74084235    0.58524410    h      1.000     0
         -2.61568850    0.31530109    0.48302420    c      6.000     0
         -4.64427540    0.56022683    0.48857084    h      1.000     0
         -1.03462190    2.42215319    0.43270464    c      6.000     0
         -1.83708070    4.30101926    0.39903632    h      1.000     0
 
       center of nuclear mass  :   -0.00002121   -0.00009746    0.48793471
       center of nuclear charge:   -0.00002607   -0.00008371    0.48848908
              +-------------------------------------------------+
              |        Rotational Constants Section             |
              +-------------------------------------------------+
                                   Center of Mass [a.u]:
              -0.00002120601507        -0.00009745931772         0.48793470749857
                     Principal Moments of Inertia [a.u.]
             316.27417752076769       316.29594215389966       632.56931428642883
                       Rotational constants A,B,C [a.u.]
               0.00158090680662         0.00158079802287         0.00079042721281
                     Rotational constants A,B,C [cm**-1]
               0.19034018827698         0.19032709078247         0.09516694081875
                        Rotational constants A,B,C [MHz]
            5706.25528997401034      5705.86263696651986      2853.03311083924791

   * BASIS SET information:

              +--------------------------------------------------+
              |               basis set information              |
              +--------------------------------------------------+

              we will work with the 1s 3p 5d 7f 9g ... basis set
              ...i.e. with spherical basis functions...

   type   atoms  prim   cont   basis
   ---------------------------------------------------------------------------
    c        6     77     55   cc-pVQZ   [5s4p3d2f1g|21s6p3d2f1g]
    h        6     32     30   cc-pVQZ   [4s3p2d1f|6s3p2d1f]
   ---------------------------------------------------------------------------
   total:   12    654    510
   ---------------------------------------------------------------------------

   total number of primitive shells          :   45
   total number of contracted shells         :  150
   total number of cartesian basis functions :  630
   total number of SCF-basis functions       :  510


   * AUXILIARY BASIS SET information:

              +--------------------------------------------------+
              |               basis set information              |
              +--------------------------------------------------+

              we will work with the 1s 3p 5d 7f 9g ... basis set
              ...i.e. with spherical basis functions...

   type   atoms  prim   cont   basis
   ---------------------------------------------------------------------------
    c        6    132    132   cc-pVQZ   [8s7p6d5f3g1h|8s7p6d5f3g1h]
    h        6     55     55   cc-pVQZ   [5s4p3d2f1g|5s4p3d2f1g]
   ---------------------------------------------------------------------------
   total:   12   1122   1122
   ---------------------------------------------------------------------------

   total number of primitive shells          :   45
   total number of contracted shells         :  270
   total number of cartesian basis functions : 1506
   total number of SCF-basis functions       : 1122


   * RIJ AUXILIARY BASIS SET information:

              +--------------------------------------------------+
              |               basis set information              |
              +--------------------------------------------------+

              we will work with the 1s 3p 5d 7f 9g ... basis set
              ...i.e. with spherical basis functions...

   type   atoms  prim   cont   basis
   ---------------------------------------------------------------------------
    c        6     70     49   cc-pVQZ   [6s4p3d1f1g|12s5p4d2f1g]
    h        6     16     11   cc-pVQZ   [3s1p1d|5s2p1d]
   ---------------------------------------------------------------------------
   total:   12    516    360
   ---------------------------------------------------------------------------

   total number of primitive shells          :   32
   total number of contracted shells         :  120
   total number of cartesian basis functions :  438
   total number of SCF-basis functions       :  360


 reading orbital data $scfmo  from file mos
 orbital characterization : scfconv=9

 integral neglect threshold       :  0.31E+02

 scfconv                     9

 MAXIMUM CORE MEMORY WHICH CAN BE ALLOCATED DYNAMICALLY = 5000 MiB
              ( or 655360000 double words )


 there are 1 real representations :   a   

 maximum number of shells which are related by symmetry :  1

 time elapsed for calculating density matrices :   0.012 sec

     total memory allocated for calculation of (Q|P)**(-1/2) : 15 MiB


     calculation of (P|Q) ...
     time in lp2sym        cpu:  0.04 sec    wall:  0.04 sec    ratio:  1.0


     calculation of the Cholesky decomposition of (P|Q)**(-1) ...
     time in invmetri      cpu:  0.16 sec    wall:  0.16 sec    ratio:  1.0

   threshold for RMS(d[D]) in SCF was     :  0.10E-06
   integral neglect threshold             :  0.22E-13
   derivative integral neglect threshold  :  0.10E-06


 setting up bound for integral derivative estimation

 increment for numerical differentiation : 0.00050000
 total memory allocated for calculation of (Q|P)**(-1/2) : 15 MiB
 Dividing biap into                    596  block chunks,
 using                     4 MiB per block
 Reserved                   2494 MiB for BLAS routines
 Estimated total memory usage:                   4999 MiB
 number of passes for ispin    1
 =    1
 
 Number of eigenvalues < 6e-3:                      0
 
 
            -----------------------------
            Complex frequency integration
            -----------------------------
 
 Number of Clenshaw-Curtis nodes:                    100
 Optimized scaling parameter    :    1.32391500353374     
 Sensitivity measure            :  -1.659052062397137E-011
 
 


 RI-RPA correlation energy: -0.1625586025215758E+01
 
 RIRPA correlation energy:   -1.62558602521576       Hartree
 
 HXX Energy calculation skipped due to nohxx option
 

                  -------------------------------------------- 
                 |  HXX+RIRPA total energy     =     -1.62558602522  |
                  --------------------------------------------- 
                 :  RIRPA correlation energy   =     -1.62558602522  :
                 :  HXX total energy           =      0.00000000000  :
                 :  Hartree energy             =      0.00000000000  :
                 :  Exact Exchange energy      =      0.00000000000  :
                  ............................................. 


    ------------------------------------------------------------------------
    Rirpa profiling                cpu                    wall         ratio
    ------------------------------------------------------------------------
    module                         sec     %               sec     %
    ------------------------------------------------------------------------
    RIRPA                        67.2  100.00          549.3  100.00   0.1
    STARTUP                       0.2    0.30            0.2    0.04   1.0
    riccmos                       0.2    0.34            0.2    0.04   1.0
    riccaux                       0.2    0.30            0.2    0.04   1.0
    riccbound                     1.8    2.72            1.8    0.33   1.0
    ccmkbaoi                      6.3    9.30            6.9    1.25   0.9
    cc3idxnrm                     0.0    0.05            0.9    0.17   0.0
    ecrpa                        58.5   86.96          538.2   97.99   0.1
    tread                         6.6    9.85          484.7   88.24   0.0
    tqbuild                      47.1   70.04           47.1    8.58   1.0
    trpaln                        3.1    4.64            3.1    0.57   1.0
    ------------------------------------------------------------------------
    sum                         191.3  284.51         1632.7  297.26   0.1
    ------------------------------------------------------------------------


    ------------------------------------------------------------------------
         total  cpu-time :  1 minutes and  7 seconds
         total wall-time :  9 minutes and  9 seconds
    ------------------------------------------------------------------------

   ****  rirpa : all done  ****


    2018-04-29 10:29:20.408 

