
 rirpa (gplogin2.gp.local) : TURBOMOLE rev. svn2git-286-ge2660016d compiled 29 Jan 2019 at 20:14:24
 Copyright (C) 2019 TURBOMOLE GmbH, Karlsruhe


    2019-09-24 14:31:48.252 

 
 
    *************************************************************************
    *************************** PROGRAM RIRPA *******************************
    ******                                                             ******
    ******              H. Eshuis, J. E. Bates and F. Furche           ******
    ******                                                             ******
    ****** Nov 2011                                                    ******
    ****** Copyright TURBOMOLE GmbH                                    ******
    *************************************************************************
    
    
                                References:                                  
    
                   RIRPA:                                                    
                     H. Eshuis, J. Yarkony, and F. Furche                    
                     Fast Computation of Molecular Random Phase              
                     Approximation Correlation Energies Using Resolution     
                     of the Identity and Imaginary Frequency Integration     
                     J. Chem. Phys. 132: 234114 (2010)                       
    
                     H. Eshuis, J. E. Bates, and F. Furche                   
                     Electron Correlation Methods Based on                   
                     the Random Phase Approximation                          
                     Theor. Chem. Acc.  131: 1084 (2012)                     
    
                     G. P. Chen, V. K. Voora, M. M. Agee,                    
                     S. G. Balasubramani, and F. Furche                      
                     Random-Phase Approximation Methods                      
                     Annu. Rev. Phys. Chem. 68: 421 (2017)                   
    
                   TWO-COMPONENT RIRPA:                                      
                     M. Kuehn                                                
                     Correlation Energies from the                           
                     Two-Component Random-Phase Approximation                
                     J. Chem. Theory Comput. 10: 623 (2014)                  
    
                   RIRPA GRADIENTS:                                          
                     A. M. Burow, J. E. Bates, F. Furche*, and H. Eshuis     
                     Analytical First-Order Molecular Properties and Forces  
                     within the Adiabatic Connection Random Phase            
                     Approximation                                           
                     J. Chem. Theory Comput. 10: 180 (2014)                  
    
                   RI-AXK/RI-ACSOSEX/RI-ACSOX:                               
                     G. P. Chen, M. M. Agee, and F. Furche                   
                     Performance and Scope of Perturbative Corrections to    
                     Random-Phase Approximation Energies                     
                     J. Chem. Theory Comput. 14: 5701 (2018)                 
    
                   GKS-RPA:                                                  
                     V. K. Voora, S. G. Balasubramani, and F. Furche         
                     Variational Generalized Kohn-Sham Approach Combining    
                     the Random-Phase-Approximation and Green’s-Function     
                     Methods                                                 
                     Phys. Rev. A (accepted)                                 
    
    
    

   *-----------------------------------------------------------------------*
   |                     program will use  1 thread(s)                     |
   *-----------------------------------------------------------------------*

 MAXIMUM CORE MEMORY WHICH CAN BE ALLOCATED DYNAMICALLY = 3000 MiB
              ( or 393216000 double words per process)

  HF exact exchange energy will be computed using RI-J.
 
  The HXX energy will NOT be computed due to nohxx option. 
 


              +--------------------------------------------------+
              | Atomic coordinate, charge and isotop information |
              +--------------------------------------------------+

                    atomic coordinates            atom    charge  isotop
         -1.32564843   -0.54920676    4.54835234    c      6.000     0
         -2.23610529    0.74766593    5.85602360    h      1.000     0
          0.66057564   -0.05729947    4.36117240    h      1.000     0
         -1.50054999   -2.44078057    5.33666085    h      1.000     0
         -2.73735570   -0.46274978    2.06323190    c      6.000     0
         -5.02752190   -0.80970813    1.95463023    o      8.000     0
         -1.26622340    0.01118067    0.01847569    n      7.000     0
          0.61732689    0.23161231    0.26757169    h      1.000     0
         -2.31879709    0.16968557   -2.49437716    c      6.000     0
         -4.33129813   -0.20125807   -2.34491876    h      1.000     0
         -2.03675002    2.04079141   -3.30426842    h      1.000     0
         -1.46761515   -1.22454100   -3.74803129    h      1.000     0
          3.85839541   -4.44406511    1.29710351    c      6.000     0
          4.91328741   -6.16372200    0.90799378    h      1.000     0
          2.10342214   -4.45640398    0.23068302    h      1.000     0
          3.36854263   -4.39975727    3.29443254    h      1.000     0
          5.30901711   -2.07356990    0.66170816    c      6.000     0
          4.27876367    0.00784402    0.55404594    o      8.000     0
          7.81622678   -2.39258168    0.25778303    n      7.000     0
          8.52737097   -4.14482211    0.40283336    h      1.000     0
          9.49286396   -0.30166402   -0.28825056    c      6.000     0
          8.33220857    1.38172250   -0.43909552    h      1.000     0
         10.86747825   -0.03811198    1.21862330    h      1.000     0
         10.48495184   -0.60398567   -2.06297238    h      1.000     0
 
       center of nuclear mass  :    1.81852207   -1.07867425    0.84533953
       center of nuclear charge:    1.89792069   -1.10478787    0.83383172
              +-------------------------------------------------+
              |        Rotational Constants Section             |
              +-------------------------------------------------+
                                   Center of Mass [a.u]:
               1.81852206677341        -1.07867424733903         0.84533953172957
                     Principal Moments of Inertia [a.u.]
             750.95278250581623      3627.39387887174098      3892.85123495135576
                       Rotational constants A,B,C [a.u.]
               0.00066582082342         0.00013784000765         0.00012844056190
                     Rotational constants A,B,C [cm**-1]
               0.08016440966578         0.01659585049396         0.01546416311930
                        Rotational constants A,B,C [MHz]
            2403.26854178222811       497.53108121839904       463.60394724475293

   * BASIS SET information:

              +--------------------------------------------------+
              |               basis set information              |
              +--------------------------------------------------+

              we will work with the 1s 3p 5d 7f 9g ... basis set
              ...i.e. with spherical basis functions...

   type   atoms  prim   cont   basis
   ---------------------------------------------------------------------------
    c        6     50     30   cc-pVTZ   [4s3p2d1f|18s5p2d1f]
    h       14     16     14   cc-pVTZ   [3s2p1d|5s2p1d]
    o        2     50     30   cc-pVTZ   [4s3p2d1f|18s5p2d1f]
    n        2     50     30   cc-pVTZ   [4s3p2d1f|18s5p2d1f]
   ---------------------------------------------------------------------------
   total:   24    724    496
   ---------------------------------------------------------------------------

   total number of primitive shells          :   86
   total number of contracted shells         :  184
   total number of cartesian basis functions :  560
   total number of SCF-basis functions       :  496


   * AUXILIARY BASIS SET information:

              +--------------------------------------------------+
              |               basis set information              |
              +--------------------------------------------------+

              we will work with the 1s 3p 5d 7f 9g ... basis set
              ...i.e. with spherical basis functions...

   type   atoms  prim   cont   basis
   ---------------------------------------------------------------------------
    c        6     81     81   cc-pVTZ   [8s6p5d3f1g|8s6p5d3f1g]
    h       14     30     30   cc-pVTZ   [4s3p2d1f|4s3p2d1f]
    o        2     81     81   cc-pVTZ   [8s6p5d3f1g|8s6p5d3f1g]
    n        2     81     81   cc-pVTZ   [8s6p5d3f1g|8s6p5d3f1g]
   ---------------------------------------------------------------------------
   total:   24   1230   1230
   ---------------------------------------------------------------------------

   total number of primitive shells          :   79
   total number of contracted shells         :  370
   total number of cartesian basis functions : 1500
   total number of SCF-basis functions       : 1230


 reading orbital data $scfmo  from file mos
 orbital characterization : scfconv=9

 integral neglect threshold       :  0.31E+02

 scfconv                     9

 there are 1 real representations :   a   

 maximum number of shells which are related by symmetry :  1

 entered riccmos at 2019-09-24 14:31:48.861
  MOs are in ASCII format !


 reading orbital data $scfmo  from file mos
 orbital characterization : scfconv=9
 time elapsed for calculating density matrices :   0.014 sec



              +--------------------------------------------+
              | list of orbitals that will be kept frozen: |
              +--------------------------------------------+
              |   irrep   index      energy     occ/vir    |
              +--------------------------------------------+
              |   a         1      -20.5333     occupied   |
              |   a         2      -20.4848     occupied   |
              |   a         3      -15.6048     occupied   |
              |   a         4      -15.5524     occupied   |
              |   a         5      -11.3703     occupied   |
              |   a         6      -11.3226     occupied   |
              |   a         7      -11.2706     occupied   |
              |   a         8      -11.2506     occupied   |
              |   a         9      -11.2350     occupied   |
              |   a        10      -11.2143     occupied   |
              +--------------------------------------------+



   Molecular Orbital Statistic:
   ============================

   -----------------------------
   orbitals in total:
   -----------------------------
    frozen occupied :     10
    active occupied :     30
    active virtual  :    456
    frozen virtual  :      0
    all together    :    496
   -----------------------------


     time in riccmoinp     cpu:  0.19 sec    wall:  0.19 sec    ratio:  1.0
     time in scfdens       cpu:  0.01 sec    wall:  0.02 sec    ratio:  0.9
     time in mkiao         cpu:  0.00 sec    wall:  0.00 sec    ratio:  0.0
     time in ricclmos      cpu:  0.00 sec    wall:  0.00 sec    ratio:  0.0
     time in riccmos       cpu:  0.25 sec    wall:  0.27 sec    ratio:  0.9
 leave riccmos at 2019-09-24 14:31:49.131

     total memory allocated for calculation of (Q|P)**(-1/2) : 18 MiB


     calculation of (P|Q) ...
     time in lp2sym        cpu:  0.07 sec    wall:  0.07 sec    ratio:  1.0


     calculation of the Cholesky decomposition of (P|Q)**(-1) ...
     time in invmetri      cpu:  3.02 sec    wall:  3.05 sec    ratio:  1.0

   threshold for RMS(d[D]) in SCF was     :  0.10E-06
   integral neglect threshold             :  0.22E-13
   derivative integral neglect threshold  :  0.10E-06


 setting up bound for integral derivative estimation

 increment for numerical differentiation : 0.00050000
 
 Occupied orbital block size for RIRPA:                    30
 
 Number of passes for spin                     1 is                     1
 
 Number of eigenvalues < 6e-3:                      0
 
 
            -----------------------------
            Complex frequency integration
            -----------------------------
 
 Number of Clenshaw-Curtis nodes:                      1
 Optimized scaling parameter    :    1.61240199769687     
 Sensitivity measure            :  -5.257738070719161E-002
 
 
 ifreq =                     1
 Largest eigenvalues of the Q matrix:


 ***-th eigenvalue:  0.1547578045002975E+01
 Done with rirpa frequency point #                     1
 


   2-th order dMPn correlation energy: -0.2832747540073569E+01


   3-th order dMPn correlation energy:  0.1576062206947586E+01


   4-th order dMPn correlation energy: -0.1299647161690840E+01


   5-th order dMPn correlation energy:  0.1295466751477161E+01


   6-th order dMPn correlation energy: -0.1435656220975293E+01


   7-th order dMPn correlation energy:  0.1701984946490633E+01


   8-th order dMPn correlation energy: -0.2114688251265141E+01


   9-th order dMPn correlation energy:  0.2719861100271050E+01


  10-th order dMPn correlation energy: -0.3591592377491093E+01
 
 sum  -3.98095654630951     
 


 RI-RPA correlation energy: -0.1928305606504882E+01
 
 HXX Energy calculation skipped due to nohxx option
 

                  --------------------------------------------------- 
                 |  HXX+RIRPA total energy     =     -1.92830560650  |
                  ---------------------------------------------------- 
                 :  RIRPA correlation energy   =     -1.92830560650  :
                 :  HXX total energy           =      0.00000000000  :
                 :  Hartree energy             =      0.00000000000  :
                 :  Exact Exchange energy      =      0.00000000000  :
                  .................................................... 


    ------------------------------------------------------------------------
    Rirpa profiling                cpu                    wall         ratio
    ------------------------------------------------------------------------
    module                         sec     %               sec     %
    ------------------------------------------------------------------------
    RIRPA                        12.9  100.00           13.3  100.00   1.0
    STARTUP                       0.3    2.26            0.6    4.30   0.5
    riccsym                       0.0    0.06            0.0    0.24   0.2
    riccmos                       0.3    1.98            0.3    2.02   0.9
    riccaux                       3.1   24.05            3.1   23.40   1.0
    riccbound                     0.8    6.21            0.8    6.00   1.0
    ccmkbaoi                      7.0   54.72            7.1   52.89   1.0
    cc3idxnrm                     0.1    0.46            0.1    0.46   1.0
    ecrpa                         1.3   10.14            1.3    9.89   1.0
    rpa3idxget                    0.1    0.87            0.1    0.85   1.0
    qbuild                        0.7    5.23            0.7    5.05   1.0
    rparenrm                      0.4    3.06            0.4    2.95   1.0
    ------------------------------------------------------------------------
    sum                          26.9  209.04           27.7  208.06   1.0
    ------------------------------------------------------------------------


    ------------------------------------------------------------------------
         total  cpu-time :  12.99 seconds
         total wall-time :  13.54 seconds
    ------------------------------------------------------------------------

   ****  rirpa : all done  ****


    2019-09-24 14:32:01.731 

