 hostname is c-13-13.gp.local

 rirpa (c-13-13.gp.local) : TURBOMOLE rev. 20309 compiled 9 May 2016 at 12:17:07
 Copyright (C) 2016 TURBOMOLE GmbH, Karlsruhe


    2018-04-29 09:24:10.955 

 
 
    *************************************************************************
    *************************** PROGRAM RIRPA *******************************
    ******                                                             ******
    ******              H. Eshuis, J. E. Bates and F. Furche           ******
    ******                                                             ******
    ****** Nov 2011                                                    ******
    ****** Copyright TURBOMOLE GmbH                                    ******
    *************************************************************************
    
    
                                References:                                  
    
                   RIRPA:                                                    
                     H. Eshuis, J. Yarkony and F. Furche                     
                     Fast computation of molecular random phase              
                     approximation correlation energies using resolution     
                     of the identity imaginary frequency integration         
                     J. Chem. Phys. 132: 234114 (2010)                       
    
                     H. Eshuis, J. E. Bates and F. Furche                    
                     Electron correlation methods based on                   
                     the random phase approximation                          
                     Theor. Chem. Acc.  131: 1084 (2012)                     
    
                   TWO-COMPONENT RIRPA:                                      
                     M. Kuehn                                                
                     Correlation energies from the                           
                     two-component random-phase approximation                
                     J. Chem. Theory Comput. 10: 623 (2014)                  
    
                   RIRPA GRADIENTS:                                          
                     Asbjoern M. Burow, Jefferson E. Bates, Filipp Furche*,  
                     and Henk Eshuis                                         
                     Analytical First-Order Molecular Properties and Forces  
                     within the Adiabatic Connection Random Phase            
                     Approximation                                           
                     J. Chem. Theory Comput. 10: 180 (2014)                  
    
    
    
 number of mkl threads =                     1
 
                FOUND RI-J FLAG
 
  HF exact exchange energy will be computed using RI-J.
 
  The HXX energy will NOT be computed due to nohxx option. 
 


              +--------------------------------------------------+
              | Atomic coordinate, charge and isotop information |
              +--------------------------------------------------+

                    atomic coordinates            atom    charge  isotop
          4.78707557   -1.79529520    0.08034717    n      7.000     0
          7.05810840   -2.91623583    0.08427750    c      6.000     0
          7.04823675   -4.96273828    0.12564203    h      1.000     0
          9.33699762   -1.60295448    0.03892146    c      6.000     0
         11.10660960   -2.62252821    0.04476829    h      1.000     0
          9.27592619    1.02434018   -0.01351222    c      6.000     0
         11.00573413    2.11140713   -0.04976002    h      1.000     0
          6.93326988    2.21540835   -0.01819327    c      6.000     0
          6.78252126    4.25169896   -0.05804488    h      1.000     0
          4.75268925    0.74140379    0.02941586    c      6.000     0
          2.90092695    1.61759909    0.02627354    h      1.000     0
 
       center of nuclear mass  :    7.01503210   -0.39455270    0.03371894
       center of nuclear charge:    7.05941680   -0.36666323    0.03278012
              +-------------------------------------------------+
              |        Rotational Constants Section             |
              +-------------------------------------------------+
                                   Center of Mass [a.u]:
               7.01503209642215        -0.39455269815757         0.03371894499067
                     Principal Moments of Inertia [a.u.]
             298.28189786147823       310.27300370496596       608.55490014275688
                       Rotational constants A,B,C [a.u.]
               0.00167626665776         0.00161148406091         0.00082161855879
                     Rotational constants A,B,C [cm**-1]
               0.20182145456379         0.19402167052115         0.09892235931767
                        Rotational constants A,B,C [MHz]
            6050.45499408140222      5816.62335108007574      2965.61772510039373

   * BASIS SET information:

              +--------------------------------------------------+
              |               basis set information              |
              +--------------------------------------------------+

              we will work with the 1s 3p 5d 7f 9g ... basis set
              ...i.e. with spherical basis functions...

   type   atoms  prim   cont   basis
   ---------------------------------------------------------------------------
    n        1     50     30   cc-pVTZ   [4s3p2d1f|18s5p2d1f]
    c        5     50     30   cc-pVTZ   [4s3p2d1f|18s5p2d1f]
    h        5     16     14   cc-pVTZ   [3s2p1d|5s2p1d]
   ---------------------------------------------------------------------------
   total:   11    380    250
   ---------------------------------------------------------------------------

   total number of primitive shells          :   60
   total number of contracted shells         :   90
   total number of cartesian basis functions :  285
   total number of SCF-basis functions       :  250


   * AUXILIARY BASIS SET information:

              +--------------------------------------------------+
              |               basis set information              |
              +--------------------------------------------------+

              we will work with the 1s 3p 5d 7f 9g ... basis set
              ...i.e. with spherical basis functions...

   type   atoms  prim   cont   basis
   ---------------------------------------------------------------------------
    n        1     81     81   cc-pVTZ   [8s6p5d3f1g|8s6p5d3f1g]
    c        5     81     81   cc-pVTZ   [8s6p5d3f1g|8s6p5d3f1g]
    h        5     30     30   cc-pVTZ   [4s3p2d1f|4s3p2d1f]
   ---------------------------------------------------------------------------
   total:   11    636    636
   ---------------------------------------------------------------------------

   total number of primitive shells          :   56
   total number of contracted shells         :  188
   total number of cartesian basis functions :  781
   total number of SCF-basis functions       :  636


   * RIJ AUXILIARY BASIS SET information:

              +--------------------------------------------------+
              |               basis set information              |
              +--------------------------------------------------+

              we will work with the 1s 3p 5d 7f 9g ... basis set
              ...i.e. with spherical basis functions...

   type   atoms  prim   cont   basis
   ---------------------------------------------------------------------------
    n        1     70     49   cc-pVTZ   [6s4p3d1f1g|12s5p4d2f1g]
    c        5     70     49   cc-pVTZ   [6s4p3d1f1g|12s5p4d2f1g]
    h        5     16     11   cc-pVTZ   [3s1p1d|5s2p1d]
   ---------------------------------------------------------------------------
   total:   11    500    349
   ---------------------------------------------------------------------------

   total number of primitive shells          :   56
   total number of contracted shells         :  115
   total number of cartesian basis functions :  426
   total number of SCF-basis functions       :  349


 reading orbital data $scfmo  from file mos
 orbital characterization : scfconv=9

 integral neglect threshold       :  0.31E+02

 scfconv                     9

 MAXIMUM CORE MEMORY WHICH CAN BE ALLOCATED DYNAMICALLY = 5000 MiB
              ( or 655360000 double words )


 there are 1 real representations :   a   

 maximum number of shells which are related by symmetry :  1

 time elapsed for calculating density matrices :   0.003 sec

     total memory allocated for calculation of (Q|P)**(-1/2) : 5 MiB


     calculation of (P|Q) ...
     time in lp2sym        cpu:  0.01 sec    wall:  0.01 sec    ratio:  0.9


     calculation of the Cholesky decomposition of (P|Q)**(-1) ...
     time in invmetri      cpu:  0.05 sec    wall:  0.05 sec    ratio:  1.0

   threshold for RMS(d[D]) in SCF was     :  0.10E-06
   integral neglect threshold             :  0.43E-13
   derivative integral neglect threshold  :  0.10E-06


 setting up bound for integral derivative estimation

 increment for numerical differentiation : 0.00050000
 total memory allocated for calculation of (Q|P)**(-1/2) : 5 MiB
 Dividing biap into                   2248  block chunks,
 using                     1 MiB per block
 Reserved                   2497 MiB for BLAS routines
 Estimated total memory usage:                   4999 MiB
 number of passes for ispin    1
 =    1
 
 Number of eigenvalues < 6e-3:                      0
 
 
            -----------------------------
            Complex frequency integration
            -----------------------------
 
 Number of Clenshaw-Curtis nodes:                    100
 Optimized scaling parameter    :    1.00000000000000     
 Sensitivity measure            :  -1.155464612878632E-013
 
 


 RI-RPA correlation energy: -0.1516867522296816E+01
 
 RIRPA correlation energy:   -1.51686752229682       Hartree
 
 HXX Energy calculation skipped due to nohxx option
 

                  -------------------------------------------- 
                 |  HXX+RIRPA total energy     =     -1.51686752230  |
                  --------------------------------------------- 
                 :  RIRPA correlation energy   =     -1.51686752230  :
                 :  HXX total energy           =      0.00000000000  :
                 :  Hartree energy             =      0.00000000000  :
                 :  Exact Exchange energy      =      0.00000000000  :
                  ............................................. 


    ------------------------------------------------------------------------
    Rirpa profiling                cpu                    wall         ratio
    ------------------------------------------------------------------------
    module                         sec     %               sec     %
    ------------------------------------------------------------------------
    RIRPA                        19.5  100.00           63.6  100.00   0.3
    STARTUP                       0.1    0.34            0.1    0.11   1.0
    riccmos                       0.1    0.29            0.1    0.09   1.0
    riccaux                       0.1    0.34            0.1    0.10   1.0
    riccbound                     0.7    3.36            0.7    1.03   1.0
    ccmkbaoi                      1.5    7.91            1.6    2.56   0.9
    ecrpa                        17.1   87.69           61.0   96.00   0.3
    tread                         1.3    6.85           45.3   71.24   0.0
    tqbuild                      13.8   70.98           13.8   21.72   1.0
    trpaln                        1.3    6.67            1.3    2.05   1.0
    ------------------------------------------------------------------------
    sum                          55.4  284.46          187.5  294.91   0.3
    ------------------------------------------------------------------------


    ------------------------------------------------------------------------
         total  cpu-time :  19.47 seconds
         total wall-time :  1 minutes and  4 seconds
    ------------------------------------------------------------------------

   ****  rirpa : all done  ****


    2018-04-29 09:25:14.547 

