 hostname is c-5-16.local

 rirpa (c-5-16.local) : TURBOMOLE rev. 20269 compiled 9 Feb 2016 at 17:19:13
 Copyright (C) 2016 TURBOMOLE GmbH, Karlsruhe


    2016-02-17 16:57:59.063 

 
 
    *************************************************************************
    *************************** PROGRAM RIRPA *******************************
    ******                                                             ******
    ******              H. Eshuis, J. E. Bates and F. Furche           ******
    ******                                                             ******
    ****** Nov 2011                                                    ******
    ****** Copyright TURBOMOLE GmbH                                    ******
    *************************************************************************
    
    
                                References:                                  
    
                   RIRPA:                                                    
                     H. Eshuis, J. Yarkony and F. Furche                     
                     Fast computation of molecular random phase              
                     approximation correlation energies using resolution     
                     of the identity imaginary frequency integration         
                     J. Chem. Phys. 132: 234114 (2010)                       
    
                     H. Eshuis, J. E. Bates and F. Furche                    
                     Electron correlation methods based on                   
                     the random phase approximation                          
                     Theor. Chem. Acc.  131: 1084 (2012)                     
    
                   TWO-COMPONENT RIRPA:                                      
                     M. Kuehn                                                
                     Correlation energies from the                           
                     two-component random-phase approximation                
                     J. Chem. Theory Comput. 10: 623 (2014)                  
    
                   RIRPA GRADIENTS:                                          
                     Asbjoern M. Burow, Jefferson E. Bates, Filipp Furche*,  
                     and Henk Eshuis                                         
                     Analytical First-Order Molecular Properties and Forces  
                     within the Adiabatic Connection Random Phase            
                     Approximation                                           
                     J. Chem. Theory Comput. 10: 180 (2014)                  
    
    
    
 number of mkl threads =           1
 
                FOUND RI-J FLAG
 
  HF exact exchange energy will be computed using RI-J.


              +--------------------------------------------------+
              | Atomic coordinate, charge and isotop information |
              +--------------------------------------------------+

                    atomic coordinates            atom    charge  isotop
         -4.56740353    0.00000000    6.08402416    c      6.000     0
         -2.33360055    0.00000000    7.49350698    c      6.000     0
         -0.72112223   -2.21938601    7.49350698    c      6.000     0
          1.88792250   -1.37165599    7.49350698    c      6.000     0
         -5.26492406   -2.20015438    4.61292699    c      6.000     0
         -1.41140531   -4.34385889    6.08402416    c      6.000     0
         -5.26492406    2.20015438    4.61292699    c      6.000     0
         -0.72112223    2.21938601    7.49350698    c      6.000     0
          1.88792250    1.37165599    7.49350698    c      6.000     0
         -1.41140531    4.34385889    6.08402416    c      6.000     0
          3.69510707   -2.68465243    6.08402416    c      6.000     0
         -3.71942217   -4.32735524    4.61292699    c      6.000     0
          0.46552016   -5.68712543    4.61292699    c      6.000     0
          3.69510707    2.68465243    6.08402416    c      6.000     0
          2.96619474   -4.87460700    4.61292699    c      6.000     0
          5.55263134   -1.31468243    4.61292699    c      6.000     0
         -6.41310566   -1.35890351    2.27969114    c      6.000     0
         -3.71942217    4.32735524    4.61292699    c      6.000     0
         -6.41310566    1.35890351    2.27969114    c      6.000     0
         -3.27415267   -5.67930165    2.27969114    c      6.000     0
         -0.68936460   -6.51915021    2.27969114    c      6.000     0
          4.38956803   -4.86890496    2.27969114    c      6.000     0
          5.98705491   -2.67015290    2.27969114    c      6.000     0
          5.55263134    1.31468243    4.61292699    c      6.000     0
         -6.14450752   -2.74987098    0.00000000    c      6.000     0
         -4.51403997   -4.99401705    0.00000000    c      6.000     0
          0.71652547   -6.69353079    0.00000000    c      6.000     0
          3.35467740   -5.83634326    0.00000000    c      6.000     0
          6.58734462   -1.38695855    0.00000000    c      6.000     0
          5.98705491    2.67015290    2.27969114    c      6.000     0
         -6.41310566   -1.35890351   -2.27969114    c      6.000     0
         -6.14450752    2.74987098    0.00000000    c      6.000     0
         -3.27415267   -5.67930165   -2.27969114    c      6.000     0
         -0.68936460   -6.51915021   -2.27969114    c      6.000     0
          4.38956803   -4.86890496   -2.27969114    c      6.000     0
          5.98705491   -2.67015290   -2.27969114    c      6.000     0
          6.58734462    1.38695855    0.00000000    c      6.000     0
         -5.26492406   -2.20015438   -4.61292699    c      6.000     0
         -6.41310566    1.35890351   -2.27969114    c      6.000     0
         -3.71942217   -4.32735524   -4.61292699    c      6.000     0
          0.46552016   -5.68712543   -4.61292699    c      6.000     0
          2.96619474   -4.87460700   -4.61292699    c      6.000     0
          5.55263134   -1.31468243   -4.61292699    c      6.000     0
          5.98705491    2.67015290   -2.27969114    c      6.000     0
          0.46552016    5.68712543    4.61292699    c      6.000     0
          2.96619474    4.87460700    4.61292699    c      6.000     0
         -3.27415267    5.67930165    2.27969114    c      6.000     0
          4.38956803    4.86890496    2.27969114    c      6.000     0
         -4.51403997    4.99401705    0.00000000    c      6.000     0
         -4.56740353    0.00000000   -6.08402416    c      6.000     0
         -5.26492406    2.20015438   -4.61292699    c      6.000     0
         -1.41140531   -4.34385889   -6.08402416    c      6.000     0
          3.69510707   -2.68465243   -6.08402416    c      6.000     0
          5.55263134    1.31468243   -4.61292699    c      6.000     0
          4.38956803    4.86890496   -2.27969114    c      6.000     0
         -0.68936460    6.51915021    2.27969114    c      6.000     0
          3.35467740    5.83634326    0.00000000    c      6.000     0
         -3.27415267    5.67930165   -2.27969114    c      6.000     0
         -2.33360055    0.00000000   -7.49350698    c      6.000     0
         -3.71942217    4.32735524   -4.61292699    c      6.000     0
         -0.72112223   -2.21938601   -7.49350698    c      6.000     0
          1.88792250   -1.37165599   -7.49350698    c      6.000     0
          3.69510707    2.68465243   -6.08402416    c      6.000     0
          2.96619474    4.87460700   -4.61292699    c      6.000     0
          0.71652547    6.69353079    0.00000000    c      6.000     0
         -0.68936460    6.51915021   -2.27969114    c      6.000     0
         -0.72112223    2.21938601   -7.49350698    c      6.000     0
         -1.41140531    4.34385889   -6.08402416    c      6.000     0
          1.88792250    1.37165599   -7.49350698    c      6.000     0
          0.46552016    5.68712543   -4.61292699    c      6.000     0
 
       center of nuclear mass  :    0.00000000   -0.00000000   -0.00000000
       center of nuclear charge:    0.00000000   -0.00000000   -0.00000000
              +-------------------------------------------------+
              |        Rotational Constants Section             |
              +-------------------------------------------------+
                                   Center of Mass [a.u]:
               0.00000000000000        -0.00000000000000        -0.00000000000000
                     Principal Moments of Inertia [a.u.]
           26747.98124382395690     30924.70353116814294     30924.70353116815022
                       Rotational constants A,B,C [a.u.]
               0.00001869299950         0.00001616830375         0.00001616830375
                     Rotational constants A,B,C [cm**-1]
               0.00225062541908         0.00194665363358         0.00194665363358
                        Rotational constants A,B,C [MHz]
              67.47205264235670        58.35920776867308        58.35920776867307

   * BASIS SET information:

              +--------------------------------------------------+
              |               basis set information              |
              +--------------------------------------------------+

              we will work with the 1s 3p 5d 7f 9g ... basis set
              ...i.e. with spherical basis functions...

   type   atoms  prim   cont   basis
   ---------------------------------------------------------------------------
    c       70     50     30   cc-pVTZ   [4s3p2d1f|18s5p2d1f]
   ---------------------------------------------------------------------------
   total:   70   3500   2100
   ---------------------------------------------------------------------------

   total number of primitive shells          :   26
   total number of contracted shells         :  700
   total number of cartesian basis functions : 2450
   total number of SCF-basis functions       : 2100


   * AUXILIARY BASIS SET information:

              +--------------------------------------------------+
              |               basis set information              |
              +--------------------------------------------------+

              we will work with the 1s 3p 5d 7f 9g ... basis set
              ...i.e. with spherical basis functions...

   type   atoms  prim   cont   basis
   ---------------------------------------------------------------------------
    c       70     81     81   cc-pVTZ   [8s6p5d3f1g|8s6p5d3f1g]
   ---------------------------------------------------------------------------
   total:   70   5670   5670
   ---------------------------------------------------------------------------

   total number of primitive shells          :   23
   total number of contracted shells         : 1610
   total number of cartesian basis functions : 7070
   total number of SCF-basis functions       : 5670


   * RIJ AUXILIARY BASIS SET information:

              +--------------------------------------------------+
              |               basis set information              |
              +--------------------------------------------------+

              we will work with the 1s 3p 5d 7f 9g ... basis set
              ...i.e. with spherical basis functions...

   type   atoms  prim   cont   basis
   ---------------------------------------------------------------------------
    c       70     70     49   cc-pVTZ   [6s4p3d1f1g|12s5p4d2f1g]
   ---------------------------------------------------------------------------
   total:   70   4900   3430
   ---------------------------------------------------------------------------

   total number of primitive shells          :   24
   total number of contracted shells         : 1050
   total number of cartesian basis functions : 4270
   total number of SCF-basis functions       : 3430


 reading orbital data $scfmo  from file mos
 orbital characterization : scfconv=9

 integral neglect threshold       :  0.33E+02

 scfconv           9

 MAXIMUM CORE MEMORY WHICH CAN BE ALLOCATED DYNAMICALLY = 5000 MiB
              ( or 655360000 double words )


 there are 1 real representations :   a   

 maximum number of shells which are related by symmetry :  1

 time elapsed for calculating density matrices :   0.960 sec

     total memory allocated for calculation of (Q|P)**(-1/2) : 369 MiB


     calculation of (P|Q) ...
     time in lp2sym        cpu:  1.00 sec    wall:  1.00 sec    ratio:  1.0


     calculation of the Cholesky decomposition of (P|Q)**(-1) ...
     time in invmetri      cpu: 15.95 sec    wall: 15.93 sec    ratio:  1.0

   threshold for RMS(d[D]) in SCF was     :  0.10E-06
   integral neglect threshold             :  0.47E-14
   derivative integral neglect threshold  :  0.10E-06


 setting up bound for integral derivative estimation

 increment for numerical differentiation : 0.00050000
 total memory allocated for calculation of (Q|P)**(-1/2) : 369 MiB
 Dividing biap into           29  block chunks,
 using                    81 MB per block
 Reserved                   2371 MB for BLAS routines
 Estimated total memory usage:                   4995 MB
 number of passes for ispin    1
 =    5
 
 Number of eigenvalues < 6e-3:            0
 
 
            -----------------------------
            Complex frequency integration
            -----------------------------
 
 Number of Clenshaw-Curtis nodes:          100
 Optimized scaling parameter    :    1.00000000000000     
 Sensitivity measure            :  -1.245059610965882E-011
 
 Allocatable memory for RI due to $ricore (MB):        2000

 there are 1 real representations :   a   

 maximum number of shells which are related by symmetry :  1

  
           ------------------------
               RI-J - INFORMATION
           ------------------------
 Contributions to RI integral batches: 
  neglected integral batches:       50738
  direct contribution:             165232
  memory contribution:       29380
 
          -----------------
          -S,T+V- integrals
          -----------------

 1e-integrals will be neglected if expon. factor < 0.471476E-14

          ------------------------
          nuclear repulsion energy  :   10621.3046106    
          ------------------------


                  -------------------------------------------- 
                 |  HXX+RIRPA total energy     =  -2666.23434060981  |
                  --------------------------------------------- 
                 :  RIRPA correlation energy   =    -15.46596538014  :
                 :  HXX total energy           =  -2650.76837522967  :
                 :  Hartree energy             =  11864.05733389991  :
                 :  Exact Exchange energy      =   -363.65245339433  :
                  ............................................. 


    ------------------------------------------------------------------------
    Rirpa profiling                cpu                    wall         ratio
    ------------------------------------------------------------------------
    module                         sec     %               sec     %
    ------------------------------------------------------------------------
    RIRPA                     99029.2  100.00       100338.7  100.00   1.0
    ccmkbaoi                   3289.3    3.32         3286.9    3.28   1.0
    ecrpa                     76045.1   76.79        77363.6   77.10   1.0
    tread                       466.6    0.47         1686.7    1.68   0.3
    tqbuild                   74524.2   75.25        74583.5   74.33   1.0
    trpaln                      643.4    0.65          660.7    0.66   1.0
    ehxx                      19643.3   19.84        19629.7   19.56   1.0
    ------------------------------------------------------------------------
    sum                      273692.4  276.38       277607.5  276.67   1.0
    ------------------------------------------------------------------------


    ------------------------------------------------------------------------
         total  cpu-time :   1 days  3 hours 30 minutes and 30 seconds
         total wall-time :   1 days  3 hours 52 minutes and 20 seconds
    ------------------------------------------------------------------------

   ****  rirpa : all done  ****


    2016-02-18 20:50:19.264 

