
 rirpa (gplogin2.gp.local) : TURBOMOLE rev. svn2git-286-ge2660016d compiled 29 Jan 2019 at 20:14:24
 Copyright (C) 2019 TURBOMOLE GmbH, Karlsruhe


    2019-09-24 14:43:21.437 

 
 
    *************************************************************************
    *************************** PROGRAM RIRPA *******************************
    ******                                                             ******
    ******              H. Eshuis, J. E. Bates and F. Furche           ******
    ******                                                             ******
    ****** Nov 2011                                                    ******
    ****** Copyright TURBOMOLE GmbH                                    ******
    *************************************************************************
    
    
                                References:                                  
    
                   RIRPA:                                                    
                     H. Eshuis, J. Yarkony, and F. Furche                    
                     Fast Computation of Molecular Random Phase              
                     Approximation Correlation Energies Using Resolution     
                     of the Identity and Imaginary Frequency Integration     
                     J. Chem. Phys. 132: 234114 (2010)                       
    
                     H. Eshuis, J. E. Bates, and F. Furche                   
                     Electron Correlation Methods Based on                   
                     the Random Phase Approximation                          
                     Theor. Chem. Acc.  131: 1084 (2012)                     
    
                     G. P. Chen, V. K. Voora, M. M. Agee,                    
                     S. G. Balasubramani, and F. Furche                      
                     Random-Phase Approximation Methods                      
                     Annu. Rev. Phys. Chem. 68: 421 (2017)                   
    
                   TWO-COMPONENT RIRPA:                                      
                     M. Kuehn                                                
                     Correlation Energies from the                           
                     Two-Component Random-Phase Approximation                
                     J. Chem. Theory Comput. 10: 623 (2014)                  
    
                   RIRPA GRADIENTS:                                          
                     A. M. Burow, J. E. Bates, F. Furche*, and H. Eshuis     
                     Analytical First-Order Molecular Properties and Forces  
                     within the Adiabatic Connection Random Phase            
                     Approximation                                           
                     J. Chem. Theory Comput. 10: 180 (2014)                  
    
                   RI-AXK/RI-ACSOSEX/RI-ACSOX:                               
                     G. P. Chen, M. M. Agee, and F. Furche                   
                     Performance and Scope of Perturbative Corrections to    
                     Random-Phase Approximation Energies                     
                     J. Chem. Theory Comput. 14: 5701 (2018)                 
    
                   GKS-RPA:                                                  
                     V. K. Voora, S. G. Balasubramani, and F. Furche         
                     Variational Generalized Kohn-Sham Approach Combining    
                     the Random-Phase-Approximation and Green’s-Function     
                     Methods                                                 
                     Phys. Rev. A (accepted)                                 
    
    
    

   *-----------------------------------------------------------------------*
   |                     program will use  1 thread(s)                     |
   *-----------------------------------------------------------------------*

 MAXIMUM CORE MEMORY WHICH CAN BE ALLOCATED DYNAMICALLY = 3000 MiB
              ( or 393216000 double words per process)

  HF exact exchange energy will be computed using RI-J.
 
  The HXX energy will NOT be computed due to nohxx option. 
 


              +--------------------------------------------------+
              | Atomic coordinate, charge and isotop information |
              +--------------------------------------------------+

                    atomic coordinates            atom    charge  isotop
         -1.15379604    0.42991855   -0.32239119    c      6.000     0
          0.20292835    1.62787817   -1.19848177    h      1.000     0
         -2.61968147   -0.99272133    0.71804590    c      6.000     0
         -3.93195928   -2.21866583    1.61454302    h      1.000     0
          5.35633348   -1.21212963    0.88049149    c      6.000     0
          4.87600467    0.59464177   -0.44012046    o      8.000     0
          3.56505335   -2.67542059    1.95326370    o      8.000     0
          1.93800031   -1.98132610    1.44724958    h      1.000     0
          7.95590718   -2.12193796    1.54218081    c      6.000     0
          9.35125414   -0.91714289    0.65240265    h      1.000     0
          8.19441049   -2.09953577    3.58315179    h      1.000     0
          8.18697749   -4.06428265    0.91245919    h      1.000     0
 
       center of nuclear mass  :    3.17983419   -1.04339464    0.75649918
       center of nuclear charge:    3.23266640   -1.08001148    0.78318332
              +-------------------------------------------------+
              |        Rotational Constants Section             |
              +-------------------------------------------------+
                                   Center of Mass [a.u]:
               3.17983419032876        -1.04339463797598         0.75649917938289
                     Principal Moments of Inertia [a.u.]
             199.35447550703611      1191.86838583959661      1380.14182953095042
                       Rotational constants A,B,C [a.u.]
               0.00250809518436         0.00041950940720         0.00036228160708
                     Rotational constants A,B,C [cm**-1]
               0.30197308760358         0.05050866959110         0.04361847833922
                        Rotational constants A,B,C [MHz]
            9052.92541825258559      1514.21182070261261      1307.64908355354464

   * BASIS SET information:

              +--------------------------------------------------+
              |               basis set information              |
              +--------------------------------------------------+

              we will work with the 1s 3p 5d 7f 9g ... basis set
              ...i.e. with spherical basis functions...

   type   atoms  prim   cont   basis
   ---------------------------------------------------------------------------
    c        4     50     30   cc-pVTZ   [4s3p2d1f|18s5p2d1f]
    h        6     16     14   cc-pVTZ   [3s2p1d|5s2p1d]
    o        2     50     30   cc-pVTZ   [4s3p2d1f|18s5p2d1f]
   ---------------------------------------------------------------------------
   total:   12    396    264
   ---------------------------------------------------------------------------

   total number of primitive shells          :   60
   total number of contracted shells         :   96
   total number of cartesian basis functions :  300
   total number of SCF-basis functions       :  264


   * AUXILIARY BASIS SET information:

              +--------------------------------------------------+
              |               basis set information              |
              +--------------------------------------------------+

              we will work with the 1s 3p 5d 7f 9g ... basis set
              ...i.e. with spherical basis functions...

   type   atoms  prim   cont   basis
   ---------------------------------------------------------------------------
    c        4     81     81   cc-pVTZ   [8s6p5d3f1g|8s6p5d3f1g]
    h        6     30     30   cc-pVTZ   [4s3p2d1f|4s3p2d1f]
    o        2     81     81   cc-pVTZ   [8s6p5d3f1g|8s6p5d3f1g]
   ---------------------------------------------------------------------------
   total:   12    666    666
   ---------------------------------------------------------------------------

   total number of primitive shells          :   56
   total number of contracted shells         :  198
   total number of cartesian basis functions :  816
   total number of SCF-basis functions       :  666


 reading orbital data $scfmo  from file mos
 orbital characterization : scfconv=9

 integral neglect threshold       :  0.31E+02

 scfconv                     9

 there are 1 real representations :   a   

 maximum number of shells which are related by symmetry :  1

 entered riccmos at 2019-09-24 14:43:21.899
  MOs are in ASCII format !


 reading orbital data $scfmo  from file mos
 orbital characterization : scfconv=9
 time elapsed for calculating density matrices :   0.004 sec



              +--------------------------------------------+
              | list of orbitals that will be kept frozen: |
              +--------------------------------------------+
              |   irrep   index      energy     occ/vir    |
              +--------------------------------------------+
              |   a         1      -20.6006     occupied   |
              |   a         2      -20.5443     occupied   |
              |   a         3      -11.3847     occupied   |
              |   a         4      -11.2542     occupied   |
              |   a         5      -11.2505     occupied   |
              |   a         6      -11.2405     occupied   |
              +--------------------------------------------+



   Molecular Orbital Statistic:
   ============================

   -----------------------------
   orbitals in total:
   -----------------------------
    frozen occupied :      6
    active occupied :     17
    active virtual  :    241
    frozen virtual  :      0
    all together    :    264
   -----------------------------


     time in riccmoinp     cpu:  0.04 sec    wall:  0.05 sec    ratio:  0.9
     time in scfdens       cpu:  0.00 sec    wall:  0.01 sec    ratio:  0.8
     time in mkiao         cpu:  0.00 sec    wall:  0.00 sec    ratio:  0.0
     time in ricclmos      cpu:  0.00 sec    wall:  0.00 sec    ratio:  0.0
     time in riccmos       cpu:  0.07 sec    wall:  0.08 sec    ratio:  0.8
 leave riccmos at 2019-09-24 14:43:21.980

     total memory allocated for calculation of (Q|P)**(-1/2) : 6 MiB


     calculation of (P|Q) ...
     time in lp2sym        cpu:  0.02 sec    wall:  0.02 sec    ratio:  1.0


     calculation of the Cholesky decomposition of (P|Q)**(-1) ...
     time in invmetri      cpu:  0.04 sec    wall:  0.04 sec    ratio:  0.9

   threshold for RMS(d[D]) in SCF was     :  0.10E-06
   integral neglect threshold             :  0.41E-13
   derivative integral neglect threshold  :  0.10E-06


 setting up bound for integral derivative estimation

 increment for numerical differentiation : 0.00050000
 
 Occupied orbital block size for RIRPA:                    17
 
 Number of passes for spin                     1 is                     1
 
 Number of eigenvalues < 6e-3:                      0
 
 
            -----------------------------
            Complex frequency integration
            -----------------------------
 
 Number of Clenshaw-Curtis nodes:                      1
 Optimized scaling parameter    :    1.39094896215372     
 Sensitivity measure            :  -8.304500249483684E-002
 
 
 ifreq =                     1
 Largest eigenvalues of the Q matrix:


 666-th eigenvalue:  0.1698716928683727E+01
 Done with rirpa frequency point #                     1
 


   2-th order dMPn correlation energy: -0.1492167030734249E+01


   3-th order dMPn correlation energy:  0.9520583686446270E+00


   4-th order dMPn correlation energy: -0.9108102053970255E+00


   5-th order dMPn correlation energy:  0.1046713617361352E+01


   6-th order dMPn correlation energy: -0.1324039414698426E+01


   7-th order dMPn correlation energy:  0.1774121668595586E+01


   8-th order dMPn correlation energy: -0.2470130551817772E+01


   9-th order dMPn correlation energy:  0.3535069752840561E+01


  10-th order dMPn correlation energy: -0.5165394389365711E+01
 
 sum  -4.05457818457106     
 


 RI-RPA correlation energy: -0.9785705592133597E+00
 
 HXX Energy calculation skipped due to nohxx option
 

                  --------------------------------------------------- 
                 |  HXX+RIRPA total energy     =     -0.97857055921  |
                  ---------------------------------------------------- 
                 :  RIRPA correlation energy   =     -0.97857055921  :
                 :  HXX total energy           =      0.00000000000  :
                 :  Hartree energy             =      0.00000000000  :
                 :  Exact Exchange energy      =      0.00000000000  :
                  .................................................... 


    ------------------------------------------------------------------------
    Rirpa profiling                cpu                    wall         ratio
    ------------------------------------------------------------------------
    module                         sec     %               sec     %
    ------------------------------------------------------------------------
    RIRPA                         1.8  100.00            2.2  100.00   0.8
    STARTUP                       0.1    7.16            0.4   18.27   0.3
    riccsym                       0.0    0.30            0.0    2.13   0.1
    riccmos                       0.1    3.77            0.1    3.56   0.8
    riccaux                       0.1    3.11            0.1    2.71   0.9
    riccbound                     0.3   14.90            0.3   11.78   1.0
    ccmkbaoi                      1.1   59.76            1.1   47.53   1.0
    cc3idxnrm                     0.0    0.56            0.0    0.49   0.9
    ecrpa                         0.2    9.75            0.2   10.40   0.7
    rpa3idxget                    0.0    0.84            0.0    0.67   1.0
    qbuild                        0.1    3.81            0.1    3.07   1.0
    rparenrm                      0.1    4.04            0.1    3.16   1.0
    ------------------------------------------------------------------------
    sum                           3.7  208.00            4.6  203.78   0.8
    ------------------------------------------------------------------------


    ------------------------------------------------------------------------
         total  cpu-time :   1.83 seconds
         total wall-time :   2.48 seconds
    ------------------------------------------------------------------------

   ****  rirpa : all done  ****


    2019-09-24 14:43:23.843 

