 hostname is c-18-364.gp.local

 rirpa (c-18-364.gp.local) : TURBOMOLE rev. 20309 compiled 9 May 2016 at 12:17:07
 Copyright (C) 2016 TURBOMOLE GmbH, Karlsruhe


    2018-04-29 09:41:25.476 

 
 
    *************************************************************************
    *************************** PROGRAM RIRPA *******************************
    ******                                                             ******
    ******              H. Eshuis, J. E. Bates and F. Furche           ******
    ******                                                             ******
    ****** Nov 2011                                                    ******
    ****** Copyright TURBOMOLE GmbH                                    ******
    *************************************************************************
    
    
                                References:                                  
    
                   RIRPA:                                                    
                     H. Eshuis, J. Yarkony and F. Furche                     
                     Fast computation of molecular random phase              
                     approximation correlation energies using resolution     
                     of the identity imaginary frequency integration         
                     J. Chem. Phys. 132: 234114 (2010)                       
    
                     H. Eshuis, J. E. Bates and F. Furche                    
                     Electron correlation methods based on                   
                     the random phase approximation                          
                     Theor. Chem. Acc.  131: 1084 (2012)                     
    
                   TWO-COMPONENT RIRPA:                                      
                     M. Kuehn                                                
                     Correlation energies from the                           
                     two-component random-phase approximation                
                     J. Chem. Theory Comput. 10: 623 (2014)                  
    
                   RIRPA GRADIENTS:                                          
                     Asbjoern M. Burow, Jefferson E. Bates, Filipp Furche*,  
                     and Henk Eshuis                                         
                     Analytical First-Order Molecular Properties and Forces  
                     within the Adiabatic Connection Random Phase            
                     Approximation                                           
                     J. Chem. Theory Comput. 10: 180 (2014)                  
    
    
    
 number of mkl threads =                     1
 
                FOUND RI-J FLAG
 
  HF exact exchange energy will be computed using RI-J.
 
  The HXX energy will NOT be computed due to nohxx option. 
 


              +--------------------------------------------------+
              | Atomic coordinate, charge and isotop information |
              +--------------------------------------------------+

                    atomic coordinates            atom    charge  isotop
         -2.00633963    2.45124044    0.55191342    c      6.000     0
         -0.67682642    4.29054497    1.00498030    o      8.000     0
         -1.11362225    0.17936857    0.00715982    o      8.000     0
          0.76427263    0.24136077    0.03479333    h      1.000     0
         -4.83472787    2.53705149    0.55984520    c      6.000     0
         -5.47264306    4.43606407    0.97947593    h      1.000     0
         -5.54235751    1.93203795   -1.27177728    h      1.000     0
         -5.55052620    1.21870410    1.96447819    h      1.000     0
 
       center of nuclear mass  :   -2.11050946    2.31997837    0.52066873
       center of nuclear charge:   -2.22410152    2.29741334    0.51483259
              +-------------------------------------------------+
              |        Rotational Constants Section             |
              +-------------------------------------------------+
                                   Center of Mass [a.u]:
              -2.11050946240808         2.31997836973676         0.52066873006160
                     Principal Moments of Inertia [a.u.]
             159.70993059572072       187.65175554696015       336.29200786380386
                       Rotational constants A,B,C [a.u.]
               0.00313067570773         0.00266451011099         0.00148680310060
                     Rotational constants A,B,C [cm**-1]
               0.37693139225536         0.32080534669651         0.17901016107654
                        Rotational constants A,B,C [MHz]
           11300.11885815957066      9617.50234256892145      5366.58961961108616

   * BASIS SET information:

              +--------------------------------------------------+
              |               basis set information              |
              +--------------------------------------------------+

              we will work with the 1s 3p 5d 7f 9g ... basis set
              ...i.e. with spherical basis functions...

   type   atoms  prim   cont   basis
   ---------------------------------------------------------------------------
    c        2     77     55   cc-pVQZ   [5s4p3d2f1g|21s6p3d2f1g]
    o        2     77     55   cc-pVQZ   [5s4p3d2f1g|21s6p3d2f1g]
    h        4     32     30   cc-pVQZ   [4s3p2d1f|6s3p2d1f]
   ---------------------------------------------------------------------------
   total:    8    436    340
   ---------------------------------------------------------------------------

   total number of primitive shells          :   78
   total number of contracted shells         :  100
   total number of cartesian basis functions :  420
   total number of SCF-basis functions       :  340


   * AUXILIARY BASIS SET information:

              +--------------------------------------------------+
              |               basis set information              |
              +--------------------------------------------------+

              we will work with the 1s 3p 5d 7f 9g ... basis set
              ...i.e. with spherical basis functions...

   type   atoms  prim   cont   basis
   ---------------------------------------------------------------------------
    c        2    132    132   cc-pVQZ   [8s7p6d5f3g1h|8s7p6d5f3g1h]
    o        2    132    132   cc-pVQZ   [8s7p6d5f3g1h|8s7p6d5f3g1h]
    h        4     55     55   cc-pVQZ   [5s4p3d2f1g|5s4p3d2f1g]
   ---------------------------------------------------------------------------
   total:    8    748    748
   ---------------------------------------------------------------------------

   total number of primitive shells          :   75
   total number of contracted shells         :  180
   total number of cartesian basis functions : 1004
   total number of SCF-basis functions       :  748


   * RIJ AUXILIARY BASIS SET information:

              +--------------------------------------------------+
              |               basis set information              |
              +--------------------------------------------------+

              we will work with the 1s 3p 5d 7f 9g ... basis set
              ...i.e. with spherical basis functions...

   type   atoms  prim   cont   basis
   ---------------------------------------------------------------------------
    c        2     70     49   cc-pVQZ   [6s4p3d1f1g|12s5p4d2f1g]
    o        2     70     49   cc-pVQZ   [6s4p3d1f1g|12s5p4d2f1g]
    h        4     16     11   cc-pVQZ   [3s1p1d|5s2p1d]
   ---------------------------------------------------------------------------
   total:    8    344    240
   ---------------------------------------------------------------------------

   total number of primitive shells          :   56
   total number of contracted shells         :   80
   total number of cartesian basis functions :  292
   total number of SCF-basis functions       :  240


 reading orbital data $scfmo  from file mos
 orbital characterization : scfconv=9

 integral neglect threshold       :  0.31E+02

 scfconv                     9

 MAXIMUM CORE MEMORY WHICH CAN BE ALLOCATED DYNAMICALLY = 5000 MiB
              ( or 655360000 double words )


 there are 1 real representations :   a   

 maximum number of shells which are related by symmetry :  1

 time elapsed for calculating density matrices :   0.004 sec

     total memory allocated for calculation of (Q|P)**(-1/2) : 7 MiB


     calculation of (P|Q) ...
     time in lp2sym        cpu:  0.01 sec    wall:  0.01 sec    ratio:  1.0


     calculation of the Cholesky decomposition of (P|Q)**(-1) ...
     time in invmetri      cpu:  0.05 sec    wall:  0.05 sec    ratio:  1.0

   threshold for RMS(d[D]) in SCF was     :  0.10E-06
   integral neglect threshold             :  0.33E-13
   derivative integral neglect threshold  :  0.10E-06


 setting up bound for integral derivative estimation

 increment for numerical differentiation : 0.00050000
 total memory allocated for calculation of (Q|P)**(-1/2) : 7 MiB
 Dividing biap into                   1350  block chunks,
 using                     1 MiB per block
 Reserved                   2496 MiB for BLAS routines
 Estimated total memory usage:                   4996 MiB
 number of passes for ispin    1
 =    1
 
 Number of eigenvalues < 6e-3:                      0
 
 
            -----------------------------
            Complex frequency integration
            -----------------------------
 
 Number of Clenshaw-Curtis nodes:                    100
 Optimized scaling parameter    :    2.38050164556671     
 Sensitivity measure            :  -7.723488515409827E-012
 
 


 RI-RPA correlation energy: -0.1359727979468044E+01
 
 RIRPA correlation energy:   -1.35972797946804       Hartree
 
 HXX Energy calculation skipped due to nohxx option
 

                  -------------------------------------------- 
                 |  HXX+RIRPA total energy     =     -1.35972797947  |
                  --------------------------------------------- 
                 :  RIRPA correlation energy   =     -1.35972797947  :
                 :  HXX total energy           =      0.00000000000  :
                 :  Hartree energy             =      0.00000000000  :
                 :  Exact Exchange energy      =      0.00000000000  :
                  ............................................. 


    ------------------------------------------------------------------------
    Rirpa profiling                cpu                    wall         ratio
    ------------------------------------------------------------------------
    module                         sec     %               sec     %
    ------------------------------------------------------------------------
    RIRPA                        15.9  100.00           69.2  100.00   0.2
    STARTUP                       0.1    0.58            0.1    0.13   1.0
    riccmos                       0.1    0.52            0.1    0.12   1.0
    riccaux                       0.1    0.41            0.1    0.09   1.0
    riccbound                     1.1    7.08            1.1    1.63   1.0
    ccmkbaoi                      1.9   12.02            2.1    3.07   0.9
    ecrpa                        12.6   79.29           65.6   94.78   0.2
    tread                         1.0    6.45           54.0   78.02   0.0
    tqbuild                      10.1   63.28           10.1   14.56   1.0
    trpaln                        1.0    6.25            1.0    1.44   1.0
    ------------------------------------------------------------------------
    sum                          43.9  275.93          203.3  293.85   0.2
    ------------------------------------------------------------------------


    ------------------------------------------------------------------------
         total  cpu-time :  15.91 seconds
         total wall-time :  1 minutes and  9 seconds
    ------------------------------------------------------------------------

   ****  rirpa : all done  ****


    2018-04-29 09:42:34.665 

