 hostname is c-18-362.gp.local

 rirpa (c-18-362.gp.local) : TURBOMOLE rev. 20309 compiled 9 May 2016 at 12:17:07
 Copyright (C) 2016 TURBOMOLE GmbH, Karlsruhe


    2018-04-29 09:34:51.796 

 
 
    *************************************************************************
    *************************** PROGRAM RIRPA *******************************
    ******                                                             ******
    ******              H. Eshuis, J. E. Bates and F. Furche           ******
    ******                                                             ******
    ****** Nov 2011                                                    ******
    ****** Copyright TURBOMOLE GmbH                                    ******
    *************************************************************************
    
    
                                References:                                  
    
                   RIRPA:                                                    
                     H. Eshuis, J. Yarkony and F. Furche                     
                     Fast computation of molecular random phase              
                     approximation correlation energies using resolution     
                     of the identity imaginary frequency integration         
                     J. Chem. Phys. 132: 234114 (2010)                       
    
                     H. Eshuis, J. E. Bates and F. Furche                    
                     Electron correlation methods based on                   
                     the random phase approximation                          
                     Theor. Chem. Acc.  131: 1084 (2012)                     
    
                   TWO-COMPONENT RIRPA:                                      
                     M. Kuehn                                                
                     Correlation energies from the                           
                     two-component random-phase approximation                
                     J. Chem. Theory Comput. 10: 623 (2014)                  
    
                   RIRPA GRADIENTS:                                          
                     Asbjoern M. Burow, Jefferson E. Bates, Filipp Furche*,  
                     and Henk Eshuis                                         
                     Analytical First-Order Molecular Properties and Forces  
                     within the Adiabatic Connection Random Phase            
                     Approximation                                           
                     J. Chem. Theory Comput. 10: 180 (2014)                  
    
    
    
 number of mkl threads =                     1
 
                FOUND RI-J FLAG
 
  HF exact exchange energy will be computed using RI-J.
 
  The HXX energy will NOT be computed due to nohxx option. 
 


              +--------------------------------------------------+
              | Atomic coordinate, charge and isotop information |
              +--------------------------------------------------+

                    atomic coordinates            atom    charge  isotop
         -1.20685731    0.88990297    0.08422222    n      7.000     0
          0.35896172   -0.21531003   -0.01091053    h      1.000     0
         -2.45753015    0.15355310   -1.15966536    h      1.000     0
         -2.26513690    0.73963612    2.63039786    c      6.000     0
         -3.95470126    1.90719611    2.74608859    h      1.000     0
         -2.76418842   -1.16377587    3.26819100    h      1.000     0
         -0.90758924    1.50927685    3.97047959    h      1.000     0
 
       center of nuclear mass  :   -1.73591551    0.75848779    1.34131668
       center of nuclear charge:   -1.76465944    0.71433765    1.39922922
              +-------------------------------------------------+
              |        Rotational Constants Section             |
              +-------------------------------------------------+
                                   Center of Mass [a.u]:
              -1.73591551297009         0.75848779283449         1.34131667611114
                     Principal Moments of Inertia [a.u.]
              17.38924672519269        78.84057434275218        81.94425011716760
                       Rotational constants A,B,C [a.u.]
               0.02875340190991         0.00634191219646         0.00610170938516
                     Rotational constants A,B,C [cm**-1]
               3.46189156136574         0.76356225202951         0.73464198415844
                        Rotational constants A,B,C [MHz]
          103784.89805112942122     22891.02043719408539     22024.01261808557683

   * BASIS SET information:

              +--------------------------------------------------+
              |               basis set information              |
              +--------------------------------------------------+

              we will work with the 1s 3p 5d 7f 9g ... basis set
              ...i.e. with spherical basis functions...

   type   atoms  prim   cont   basis
   ---------------------------------------------------------------------------
    n        1     77     55   cc-pVQZ   [5s4p3d2f1g|21s6p3d2f1g]
    h        5     32     30   cc-pVQZ   [4s3p2d1f|6s3p2d1f]
    c        1     77     55   cc-pVQZ   [5s4p3d2f1g|21s6p3d2f1g]
   ---------------------------------------------------------------------------
   total:    7    314    260
   ---------------------------------------------------------------------------

   total number of primitive shells          :   78
   total number of contracted shells         :   80
   total number of cartesian basis functions :  315
   total number of SCF-basis functions       :  260


   * AUXILIARY BASIS SET information:

              +--------------------------------------------------+
              |               basis set information              |
              +--------------------------------------------------+

              we will work with the 1s 3p 5d 7f 9g ... basis set
              ...i.e. with spherical basis functions...

   type   atoms  prim   cont   basis
   ---------------------------------------------------------------------------
    n        1    132    132   cc-pVQZ   [8s7p6d5f3g1h|8s7p6d5f3g1h]
    h        5     55     55   cc-pVQZ   [5s4p3d2f1g|5s4p3d2f1g]
    c        1    132    132   cc-pVQZ   [8s7p6d5f3g1h|8s7p6d5f3g1h]
   ---------------------------------------------------------------------------
   total:    7    539    539
   ---------------------------------------------------------------------------

   total number of primitive shells          :   75
   total number of contracted shells         :  135
   total number of cartesian basis functions :  712
   total number of SCF-basis functions       :  539


   * RIJ AUXILIARY BASIS SET information:

              +--------------------------------------------------+
              |               basis set information              |
              +--------------------------------------------------+

              we will work with the 1s 3p 5d 7f 9g ... basis set
              ...i.e. with spherical basis functions...

   type   atoms  prim   cont   basis
   ---------------------------------------------------------------------------
    n        1     70     49   cc-pVQZ   [6s4p3d1f1g|12s5p4d2f1g]
    h        5     16     11   cc-pVQZ   [3s1p1d|5s2p1d]
    c        1     70     49   cc-pVQZ   [6s4p3d1f1g|12s5p4d2f1g]
   ---------------------------------------------------------------------------
   total:    7    220    153
   ---------------------------------------------------------------------------

   total number of primitive shells          :   56
   total number of contracted shells         :   55
   total number of cartesian basis functions :  182
   total number of SCF-basis functions       :  153


 reading orbital data $scfmo  from file mos
 orbital characterization : scfconv=9

 integral neglect threshold       :  0.31E+02

 scfconv                     9

 MAXIMUM CORE MEMORY WHICH CAN BE ALLOCATED DYNAMICALLY = 5000 MiB
              ( or 655360000 double words )


 there are 1 real representations :   a   

 maximum number of shells which are related by symmetry :  1

 time elapsed for calculating density matrices :   0.002 sec

     total memory allocated for calculation of (Q|P)**(-1/2) : 4 MiB


     calculation of (P|Q) ...
     time in lp2sym        cpu:  0.01 sec    wall:  0.01 sec    ratio:  1.0


     calculation of the Cholesky decomposition of (P|Q)**(-1) ...
     time in invmetri      cpu:  0.03 sec    wall:  0.03 sec    ratio:  1.0

   threshold for RMS(d[D]) in SCF was     :  0.10E-06
   integral neglect threshold             :  0.47E-13
   derivative integral neglect threshold  :  0.10E-06


 setting up bound for integral derivative estimation

 increment for numerical differentiation : 0.00050000
 total memory allocated for calculation of (Q|P)**(-1/2) : 4 MiB
 Dividing biap into                   2420  block chunks,
 using                     1 MiB per block
 Reserved                   2497 MiB for BLAS routines
 Estimated total memory usage:                   4997 MiB
 number of passes for ispin    1
 =    1
 
 Number of eigenvalues < 6e-3:                      0
 
 
            -----------------------------
            Complex frequency integration
            -----------------------------
 
 Number of Clenshaw-Curtis nodes:                    100
 Optimized scaling parameter    :    1.81459003183834     
 Sensitivity measure            :  -1.003661737053463E-011
 
 


 RI-RPA correlation energy: -0.7257248845899059E+00
 
 RIRPA correlation energy:  -0.725724884589906       Hartree
 
 HXX Energy calculation skipped due to nohxx option
 

                  -------------------------------------------- 
                 |  HXX+RIRPA total energy     =     -0.72572488459  |
                  --------------------------------------------- 
                 :  RIRPA correlation energy   =     -0.72572488459  :
                 :  HXX total energy           =      0.00000000000  :
                 :  Hartree energy             =      0.00000000000  :
                 :  Exact Exchange energy      =      0.00000000000  :
                  ............................................. 


    ------------------------------------------------------------------------
    Rirpa profiling                cpu                    wall         ratio
    ------------------------------------------------------------------------
    module                         sec     %               sec     %
    ------------------------------------------------------------------------
    RIRPA                         4.6  100.00            7.2  100.00   0.6
    STARTUP                       0.1    1.41            0.1    0.91   1.0
    riccmos                       0.1    1.10            0.1    0.70   1.0
    riccaux                       0.0    0.75            0.0    0.48   1.0
    riccbound                     0.5   11.59            0.5    7.42   1.0
    ccmkbaoi                      0.7   15.52            0.7    9.95   1.0
    ecrpa                         3.2   69.47            5.8   80.40   0.6
    tread                         0.2    4.25            2.8   38.62   0.1
    tqbuild                       2.5   53.33            2.5   34.10   1.0
    trpaln                        0.4    9.55            0.4    6.11   1.0
    ------------------------------------------------------------------------
    sum                          12.4  267.03           20.2  278.76   0.6
    ------------------------------------------------------------------------


    ------------------------------------------------------------------------
         total  cpu-time :   4.64 seconds
         total wall-time :   7.24 seconds
    ------------------------------------------------------------------------

   ****  rirpa : all done  ****


    2018-04-29 09:34:59.036 

